2025-08-23 00:39:25,423 - INFO - Loaded 50000 examples in difficulty order
2025-08-23 00:39:26,141 - INFO - Loaded TIMM pretrained weights for efficientvit_b0.r224_in1k
2025-08-23 00:39:26,141 - INFO - pretrained_cfg.url= hf_hub_id=timm/efficientvit_b0.r224_in1k
2025-08-23 00:39:26,906 - INFO - Stored original model weights for reset
2025-08-23 00:39:26,914 - INFO - Resolved model_csv_name='efficientvit_base_0_224_classification_imagenet_1k' to mask_row_index=984
2025-08-23 00:39:26,971 - INFO - Selected first 10 examples for training
2025-08-23 00:39:26,976 - INFO - 
=== Training Example 1/10: /home/projects/bagon/shared/imagenet512/val/n03404251/ILSVRC2012_val_00044196.JPEG ===
2025-08-23 00:39:26,981 - INFO - Reset model to original weights
2025-08-23 00:39:28,660 - INFO - Example /home/projects/bagon/shared/imagenet512/val/n03404251/ILSVRC2012_val_00044196.JPEG got correct at step 9
2025-08-23 00:39:28,664 - INFO - Example 1 completed: 9 steps
2025-08-23 00:39:28,664 - INFO - 
=== Training Example 2/10: /home/projects/bagon/shared/imagenet512/val/n02437312/ILSVRC2012_val_00016386.JPEG ===
2025-08-23 00:39:28,669 - INFO - Reset model to original weights
2025-08-23 00:39:28,953 - INFO - Example /home/projects/bagon/shared/imagenet512/val/n02437312/ILSVRC2012_val_00016386.JPEG got correct at step 10
2025-08-23 00:39:28,955 - INFO - Example 2 completed: 10 steps
2025-08-23 00:39:28,955 - INFO - 
=== Training Example 3/10: /home/projects/bagon/shared/imagenet512/val/n04487394/ILSVRC2012_val_00033048.JPEG ===
2025-08-23 00:39:28,961 - INFO - Reset model to original weights
2025-08-23 00:39:29,218 - INFO - Example /home/projects/bagon/shared/imagenet512/val/n04487394/ILSVRC2012_val_00033048.JPEG got correct at step 9
2025-08-23 00:39:29,220 - INFO - Example 3 completed: 9 steps
2025-08-23 00:39:29,220 - INFO - 
=== Training Example 4/10: /home/projects/bagon/shared/imagenet512/val/n03131574/ILSVRC2012_val_00034761.JPEG ===
2025-08-23 00:39:29,225 - INFO - Reset model to original weights
2025-08-23 00:39:29,615 - INFO - Example /home/projects/bagon/shared/imagenet512/val/n03131574/ILSVRC2012_val_00034761.JPEG got correct at step 8
2025-08-23 00:39:29,617 - INFO - Example 4 completed: 8 steps
2025-08-23 00:39:29,618 - INFO - 
=== Training Example 5/10: /home/projects/bagon/shared/imagenet512/val/n04273569/ILSVRC2012_val_00026763.JPEG ===
2025-08-23 00:39:29,623 - INFO - Reset model to original weights
2025-08-23 00:39:29,878 - INFO - Example /home/projects/bagon/shared/imagenet512/val/n04273569/ILSVRC2012_val_00026763.JPEG got correct at step 9
2025-08-23 00:39:29,880 - INFO - Example 5 completed: 9 steps
2025-08-23 00:39:29,880 - INFO - 
=== Training Example 6/10: /home/projects/bagon/shared/imagenet512/val/n03929855/ILSVRC2012_val_00032786.JPEG ===
2025-08-23 00:39:29,885 - INFO - Reset model to original weights
2025-08-23 00:39:30,145 - INFO - Example /home/projects/bagon/shared/imagenet512/val/n03929855/ILSVRC2012_val_00032786.JPEG got correct at step 9
2025-08-23 00:39:30,147 - INFO - Example 6 completed: 9 steps
2025-08-23 00:39:30,148 - INFO - 
=== Training Example 7/10: /home/projects/bagon/shared/imagenet512/val/n04141076/ILSVRC2012_val_00034657.JPEG ===
2025-08-23 00:39:30,153 - INFO - Reset model to original weights
2025-08-23 00:39:30,435 - INFO - Example /home/projects/bagon/shared/imagenet512/val/n04141076/ILSVRC2012_val_00034657.JPEG got correct at step 10
2025-08-23 00:39:30,438 - INFO - Example 7 completed: 10 steps
2025-08-23 00:39:30,438 - INFO - 
=== Training Example 8/10: /home/projects/bagon/shared/imagenet512/val/n11879895/ILSVRC2012_val_00042711.JPEG ===
2025-08-23 00:39:30,443 - INFO - Reset model to original weights
2025-08-23 00:39:30,724 - INFO - Example /home/projects/bagon/shared/imagenet512/val/n11879895/ILSVRC2012_val_00042711.JPEG got correct at step 10
2025-08-23 00:39:30,726 - INFO - Example 8 completed: 10 steps
2025-08-23 00:39:30,726 - INFO - 
=== Training Example 9/10: /home/projects/bagon/shared/imagenet512/val/n02346627/ILSVRC2012_val_00024325.JPEG ===
2025-08-23 00:39:30,732 - INFO - Reset model to original weights
2025-08-23 00:39:31,000 - INFO - Example /home/projects/bagon/shared/imagenet512/val/n02346627/ILSVRC2012_val_00024325.JPEG got correct at step 9
2025-08-23 00:39:31,001 - INFO - Example 9 completed: 9 steps
2025-08-23 00:39:31,001 - INFO - 
=== Training Example 10/10: /home/projects/bagon/shared/imagenet512/val/n03325584/ILSVRC2012_val_00015998.JPEG ===
2025-08-23 00:39:31,007 - INFO - Reset model to original weights
2025-08-23 00:39:31,262 - INFO - Example /home/projects/bagon/shared/imagenet512/val/n03325584/ILSVRC2012_val_00015998.JPEG got correct at step 9
2025-08-23 00:39:31,264 - INFO - Example 10 completed: 9 steps
2025-08-23 00:39:31,264 - INFO - Creating final plot...
2025-08-23 00:39:31,802 - INFO - Saved plot to training_gradient_evaluator_single/outputs/efficientvit_b0.r224_in1k/steps_vs_difficulty.png
2025-08-23 00:39:31,807 - INFO - Training complete. Summary saved to training_gradient_evaluator_single/outputs/efficientvit_b0.r224_in1k/training_summary.json
2025-08-23 00:39:31,807 - INFO - Results CSV: training_gradient_evaluator_single/outputs/efficientvit_b0.r224_in1k/single_example_results.csv
