2025-08-23 12:49:08,581 - INFO - Loaded 50000 examples in difficulty order
2025-08-23 12:49:09,826 - INFO - Loaded TIMM pretrained weights for efficientvit_m3.r224_in1k
2025-08-23 12:49:09,827 - INFO - pretrained_cfg.url= hf_hub_id=timm/efficientvit_m3.r224_in1k
2025-08-23 12:49:10,689 - INFO - Stored original model weights for reset
2025-08-23 12:49:10,697 - INFO - Resolved model_csv_name='efficientvit_medium_3_224_classification_imagenet_1k' to mask_row_index=959
2025-08-23 12:49:18,419 - INFO - Found 13307 wrong examples that exist and have difficulty rankings
2025-08-23 12:49:18,420 - INFO - Selected 200 random wrong examples for training (sorted by difficulty)
2025-08-23 12:49:18,427 - INFO - 
=== Training Example 1/200: /home/projects/bagon/shared/imagenet512/val/n03720891/ILSVRC2012_val_00030357.JPEG ===
2025-08-23 12:49:18,453 - INFO - Reset model to original weights
2025-08-23 12:49:26,626 - INFO - Step 100/10000, current loss: 0.00225449, loss sum: 67.8318
2025-08-23 12:49:29,097 - INFO - Example /home/projects/bagon/shared/imagenet512/val/n03720891/ILSVRC2012_val_00030357.JPEG reached epsilon at step 127, loss sum: 67.8694, final loss: 0.00099850, weight distance: 0.0396
2025-08-23 12:49:29,106 - INFO - Example 1 completed: 127 steps, loss sum: 67.8694, final loss: 0.00099850, weight distance: 0.0396 (universal rank: 21745)
2025-08-23 12:49:29,106 - INFO - 
=== Training Example 2/200: /home/projects/bagon/shared/imagenet512/val/n07695742/ILSVRC2012_val_00025390.JPEG ===
2025-08-23 12:49:29,122 - INFO - Reset model to original weights
2025-08-23 12:49:34,371 - INFO - Step 100/10000, current loss: 0.00639725, loss sum: 13.1477
2025-08-23 12:49:39,222 - INFO - Step 200/10000, current loss: 0.00174809, loss sum: 13.4647
2025-08-23 12:49:44,223 - INFO - Example /home/projects/bagon/shared/imagenet512/val/n07695742/ILSVRC2012_val_00025390.JPEG reached epsilon at step 294, loss sum: 13.5870, final loss: 0.00099850, weight distance: 0.0698
2025-08-23 12:49:44,230 - INFO - Example 2 completed: 294 steps, loss sum: 13.5870, final loss: 0.00099850, weight distance: 0.0698 (universal rank: 24436)
2025-08-23 12:49:44,230 - INFO - 
=== Training Example 3/200: /home/projects/bagon/shared/imagenet512/val/n02095314/ILSVRC2012_val_00012471.JPEG ===
2025-08-23 12:49:44,245 - INFO - Reset model to original weights
2025-08-23 12:49:49,104 - INFO - Step 100/10000, current loss: 2.07421875, loss sum: 389.7422
2025-08-23 12:49:53,671 - INFO - Step 200/10000, current loss: 0.38012695, loss sum: 493.4961
2025-08-23 12:49:58,247 - INFO - Step 300/10000, current loss: 0.03945923, loss sum: 510.5999
2025-08-23 12:50:02,826 - INFO - Step 400/10000, current loss: 0.00635147, loss sum: 512.2284
2025-08-23 12:50:07,378 - INFO - Step 500/10000, current loss: 0.00238991, loss sum: 512.6040
2025-08-23 12:50:11,929 - INFO - Step 600/10000, current loss: 0.00150204, loss sum: 512.7933
2025-08-23 12:50:16,462 - INFO - Step 700/10000, current loss: 0.00108051, loss sum: 512.9198
2025-08-23 12:50:18,024 - INFO - Example /home/projects/bagon/shared/imagenet512/val/n02095314/ILSVRC2012_val_00012471.JPEG reached epsilon at step 728, loss sum: 512.9489, final loss: 0.00099945, weight distance: 0.1662
2025-08-23 12:50:18,034 - INFO - Example 3 completed: 728 steps, loss sum: 512.9489, final loss: 0.00099945, weight distance: 0.1662 (universal rank: 26001)
2025-08-23 12:50:18,034 - INFO - 
=== Training Example 4/200: /home/projects/bagon/shared/imagenet512/val/n04483307/ILSVRC2012_val_00040034.JPEG ===
2025-08-23 12:50:18,049 - INFO - Reset model to original weights
2025-08-23 12:50:22,830 - INFO - Step 100/10000, current loss: 0.00614929, loss sum: 30.6836
2025-08-23 12:50:27,382 - INFO - Step 200/10000, current loss: 0.00156498, loss sum: 30.9685
2025-08-23 12:50:31,222 - INFO - Example /home/projects/bagon/shared/imagenet512/val/n04483307/ILSVRC2012_val_00040034.JPEG reached epsilon at step 279, loss sum: 31.0662, final loss: 0.00099850, weight distance: 0.0894
2025-08-23 12:50:31,245 - INFO - Example 4 completed: 279 steps, loss sum: 31.0662, final loss: 0.00099850, weight distance: 0.0894 (universal rank: 28925)
2025-08-23 12:50:31,245 - INFO - 
=== Training Example 5/200: /home/projects/bagon/shared/imagenet512/val/n02093754/ILSVRC2012_val_00044399.JPEG ===
2025-08-23 12:50:31,261 - INFO - Reset model to original weights
2025-08-23 12:50:36,104 - INFO - Step 100/10000, current loss: 0.00754929, loss sum: 69.9996
2025-08-23 12:50:40,876 - INFO - Step 200/10000, current loss: 0.00169373, loss sum: 70.3219
2025-08-23 12:50:47,086 - INFO - Example /home/projects/bagon/shared/imagenet512/val/n02093754/ILSVRC2012_val_00044399.JPEG reached epsilon at step 291, loss sum: 70.4383, final loss: 0.00099754, weight distance: 0.0974
2025-08-23 12:50:47,092 - INFO - Example 5 completed: 291 steps, loss sum: 70.4383, final loss: 0.00099754, weight distance: 0.0974 (universal rank: 29123)
2025-08-23 12:50:47,092 - INFO - 
=== Training Example 6/200: /home/projects/bagon/shared/imagenet512/val/n02361337/ILSVRC2012_val_00015451.JPEG ===
2025-08-23 12:50:47,110 - INFO - Reset model to original weights
