2025-08-23 12:50:56,554 - INFO - Loaded 50000 examples in difficulty order
2025-08-23 12:50:57,695 - INFO - Loaded TIMM pretrained weights for efficientvit_m3.r224_in1k
2025-08-23 12:50:57,695 - INFO - pretrained_cfg.url= hf_hub_id=timm/efficientvit_m3.r224_in1k
2025-08-23 12:50:58,349 - INFO - Stored original model weights for reset
2025-08-23 12:50:58,357 - INFO - Resolved model_csv_name='efficientvit_medium_3_224_classification_imagenet_1k' to mask_row_index=959
2025-08-23 12:51:00,916 - INFO - Found 13307 wrong examples that exist and have difficulty rankings
2025-08-23 12:51:00,917 - INFO - Selected 500 random wrong examples for training (sorted by difficulty)
2025-08-23 12:51:00,921 - INFO - 
=== Training Example 1/500: /home/projects/bagon/shared/imagenet512/val/n02692877/ILSVRC2012_val_00039339.JPEG ===
2025-08-23 12:51:00,937 - INFO - Reset model to original weights
2025-08-23 12:51:07,419 - INFO - Step 100/10000, current loss: 0.04306030, loss sum: 26.4907
2025-08-23 12:51:12,540 - INFO - Step 200/10000, current loss: 0.01277924, loss sum: 28.9344
2025-08-23 12:51:17,196 - INFO - Step 300/10000, current loss: 0.00542831, loss sum: 29.8136
2025-08-23 12:51:21,763 - INFO - Step 400/10000, current loss: 0.00199509, loss sum: 30.1521
2025-08-23 12:51:25,429 - INFO - Example /home/projects/bagon/shared/imagenet512/val/n02692877/ILSVRC2012_val_00039339.JPEG reached epsilon at step 478, loss sum: 30.2686, final loss: 0.00096226, weight distance: 0.0694
2025-08-23 12:51:25,435 - INFO - Example 1 completed: 478 steps, loss sum: 30.2686, final loss: 0.00096226, weight distance: 0.0694 (universal rank: 17276)
2025-08-23 12:51:25,435 - INFO - 
=== Training Example 2/500: /home/projects/bagon/shared/imagenet512/val/n03584829/ILSVRC2012_val_00031726.JPEG ===
2025-08-23 12:51:25,451 - INFO - Reset model to original weights
2025-08-23 12:51:30,112 - INFO - Step 100/10000, current loss: 0.00616074, loss sum: 50.1434
2025-08-23 12:51:33,907 - INFO - Example /home/projects/bagon/shared/imagenet512/val/n03584829/ILSVRC2012_val_00031726.JPEG reached epsilon at step 182, loss sum: 50.3159, final loss: 0.00099373, weight distance: 0.0513
2025-08-23 12:51:33,912 - INFO - Example 2 completed: 182 steps, loss sum: 50.3159, final loss: 0.00099373, weight distance: 0.0513 (universal rank: 20508)
2025-08-23 12:51:33,912 - INFO - 
=== Training Example 3/500: /home/projects/bagon/shared/imagenet512/val/n03720891/ILSVRC2012_val_00030357.JPEG ===
2025-08-23 12:51:33,928 - INFO - Reset model to original weights
2025-08-23 12:51:40,157 - INFO - Example /home/projects/bagon/shared/imagenet512/val/n03720891/ILSVRC2012_val_00030357.JPEG reached epsilon at step 88, loss sum: 25.0199, final loss: 0.00098133, weight distance: 0.0349
2025-08-23 12:51:40,162 - INFO - Example 3 completed: 88 steps, loss sum: 25.0199, final loss: 0.00098133, weight distance: 0.0349 (universal rank: 21745)
2025-08-23 12:51:40,162 - INFO - 
=== Training Example 4/500: /home/projects/bagon/shared/imagenet512/val/n04204238/ILSVRC2012_val_00027294.JPEG ===
2025-08-23 12:51:40,181 - INFO - Reset model to original weights
2025-08-23 12:51:46,039 - INFO - Step 100/10000, current loss: 0.00422668, loss sum: 48.6594
2025-08-23 12:51:52,158 - INFO - Step 200/10000, current loss: 0.00134945, loss sum: 48.8840
2025-08-23 12:51:56,618 - INFO - Example /home/projects/bagon/shared/imagenet512/val/n04204238/ILSVRC2012_val_00027294.JPEG reached epsilon at step 252, loss sum: 48.9440, final loss: 0.00099945, weight distance: 0.0710
2025-08-23 12:51:56,625 - INFO - Example 4 completed: 252 steps, loss sum: 48.9440, final loss: 0.00099945, weight distance: 0.0710 (universal rank: 22035)
2025-08-23 12:51:56,625 - INFO - 
=== Training Example 5/500: /home/projects/bagon/shared/imagenet512/val/n07695742/ILSVRC2012_val_00025390.JPEG ===
2025-08-23 12:51:56,645 - INFO - Reset model to original weights
2025-08-23 12:52:02,673 - INFO - Step 100/10000, current loss: 0.00455093, loss sum: 25.1127
2025-08-23 12:52:08,189 - INFO - Step 200/10000, current loss: 0.00153255, loss sum: 25.3663
2025-08-23 12:52:12,744 - INFO - Example /home/projects/bagon/shared/imagenet512/val/n07695742/ILSVRC2012_val_00025390.JPEG reached epsilon at step 283, loss sum: 25.4675, final loss: 0.00099850, weight distance: 0.0718
2025-08-23 12:52:12,749 - INFO - Example 5 completed: 283 steps, loss sum: 25.4675, final loss: 0.00099850, weight distance: 0.0718 (universal rank: 24436)
2025-08-23 12:52:12,750 - INFO - 
=== Training Example 6/500: /home/projects/bagon/shared/imagenet512/val/n02099849/ILSVRC2012_val_00034849.JPEG ===
2025-08-23 12:52:12,777 - INFO - Reset model to original weights
2025-08-23 12:52:18,829 - INFO - Step 100/10000, current loss: 0.00563812, loss sum: 14.6752
2025-08-23 12:52:23,904 - INFO - Step 200/10000, current loss: 0.00122547, loss sum: 14.9144
2025-08-23 12:52:25,782 - INFO - Example /home/projects/bagon/shared/imagenet512/val/n02099849/ILSVRC2012_val_00034849.JPEG reached epsilon at step 231, loss sum: 14.9485, final loss: 0.00099754, weight distance: 0.0563
2025-08-23 12:52:25,787 - INFO - Example 6 completed: 231 steps, loss sum: 14.9485, final loss: 0.00099754, weight distance: 0.0563 (universal rank: 24646)
2025-08-23 12:52:25,787 - INFO - 
=== Training Example 7/500: /home/projects/bagon/shared/imagenet512/val/n01494475/ILSVRC2012_val_00009978.JPEG ===
2025-08-23 12:52:25,809 - INFO - Reset model to original weights
