2025-08-23 03:32:43,890 - INFO - Loaded 50000 examples in difficulty order
2025-08-23 03:32:44,541 - INFO - Loaded TIMM pretrained weights for efficientvit_b1.r224_in1k
2025-08-23 03:32:44,541 - INFO - pretrained_cfg.url= hf_hub_id=timm/efficientvit_b1.r224_in1k
2025-08-23 03:32:45,469 - INFO - Stored original model weights for reset
2025-08-23 03:32:45,478 - INFO - Resolved model_csv_name='efficientvit_base_1_224_classification_imagenet_1k' to mask_row_index=740
2025-08-23 03:32:48,214 - INFO - Found 10381 wrong examples that exist and have difficulty rankings
2025-08-23 03:32:48,215 - INFO - Selected 700 random wrong examples for training (sorted by difficulty)
2025-08-23 03:32:48,218 - INFO - 
=== Training Example 1/700: /home/projects/bagon/shared/imagenet512/val/n02951358/ILSVRC2012_val_00039572.JPEG ===
2025-08-23 03:32:48,226 - INFO - Reset model to original weights
2025-08-23 03:32:54,204 - INFO - Step 100/10000, current loss: 0.00155830
2025-08-23 03:32:56,077 - INFO - Example /home/projects/bagon/shared/imagenet512/val/n02951358/ILSVRC2012_val_00039572.JPEG reached epsilon at step 144, final loss: 0.00099373
2025-08-23 03:32:56,082 - INFO - Example 1 completed: 144 steps, final loss: 0.00099373 (universal rank: 21493)
2025-08-23 03:32:56,082 - INFO - 
=== Training Example 2/700: /home/projects/bagon/shared/imagenet512/val/n02107312/ILSVRC2012_val_00016499.JPEG ===
2025-08-23 03:32:56,090 - INFO - Reset model to original weights
2025-08-23 03:33:00,125 - INFO - Step 100/10000, current loss: 0.00371933
2025-08-23 03:33:04,372 - INFO - Step 200/10000, current loss: 0.00172901
2025-08-23 03:33:08,044 - INFO - Example /home/projects/bagon/shared/imagenet512/val/n02107312/ILSVRC2012_val_00016499.JPEG reached epsilon at step 291, final loss: 0.00097942
2025-08-23 03:33:08,049 - INFO - Example 2 completed: 291 steps, final loss: 0.00097942 (universal rank: 22165)
2025-08-23 03:33:08,049 - INFO - 
=== Training Example 3/700: /home/projects/bagon/shared/imagenet512/val/n03843555/ILSVRC2012_val_00019596.JPEG ===
2025-08-23 03:33:08,057 - INFO - Reset model to original weights
2025-08-23 03:33:12,211 - INFO - Step 100/10000, current loss: 0.00152874
2025-08-23 03:33:14,666 - INFO - Example /home/projects/bagon/shared/imagenet512/val/n03843555/ILSVRC2012_val_00019596.JPEG reached epsilon at step 161, final loss: 0.00098515
2025-08-23 03:33:14,671 - INFO - Example 3 completed: 161 steps, final loss: 0.00098515 (universal rank: 25993)
2025-08-23 03:33:14,671 - INFO - 
=== Training Example 4/700: /home/projects/bagon/shared/imagenet512/val/n02168699/ILSVRC2012_val_00006595.JPEG ===
2025-08-23 03:33:14,679 - INFO - Reset model to original weights
2025-08-23 03:33:18,811 - INFO - Step 100/10000, current loss: 0.00473404
2025-08-23 03:33:22,814 - INFO - Step 200/10000, current loss: 0.00207520
2025-08-23 03:33:26,839 - INFO - Step 300/10000, current loss: 0.00119877
2025-08-23 03:33:28,341 - INFO - Example /home/projects/bagon/shared/imagenet512/val/n02168699/ILSVRC2012_val_00006595.JPEG reached epsilon at step 337, final loss: 0.00098515
2025-08-23 03:33:28,345 - INFO - Example 4 completed: 337 steps, final loss: 0.00098515 (universal rank: 27136)
2025-08-23 03:33:28,345 - INFO - 
=== Training Example 5/700: /home/projects/bagon/shared/imagenet512/val/n04367480/ILSVRC2012_val_00049383.JPEG ===
2025-08-23 03:33:28,353 - INFO - Reset model to original weights
2025-08-23 03:33:30,395 - INFO - Example /home/projects/bagon/shared/imagenet512/val/n04367480/ILSVRC2012_val_00049383.JPEG reached epsilon at step 48, final loss: 0.00097036
2025-08-23 03:33:30,399 - INFO - Example 5 completed: 48 steps, final loss: 0.00097036 (universal rank: 28419)
2025-08-23 03:33:30,399 - INFO - 
=== Training Example 6/700: /home/projects/bagon/shared/imagenet512/val/n02085620/ILSVRC2012_val_00029450.JPEG ===
2025-08-23 03:33:30,407 - INFO - Reset model to original weights
2025-08-23 03:33:31,814 - INFO - Example /home/projects/bagon/shared/imagenet512/val/n02085620/ILSVRC2012_val_00029450.JPEG reached epsilon at step 35, final loss: 0.00096226
2025-08-23 03:33:31,818 - INFO - Example 6 completed: 35 steps, final loss: 0.00096226 (universal rank: 28706)
2025-08-23 03:33:31,819 - INFO - 
=== Training Example 7/700: /home/projects/bagon/shared/imagenet512/val/n02096585/ILSVRC2012_val_00022848.JPEG ===
2025-08-23 03:33:31,826 - INFO - Reset model to original weights
2025-08-23 03:33:34,720 - INFO - Example /home/projects/bagon/shared/imagenet512/val/n02096585/ILSVRC2012_val_00022848.JPEG reached epsilon at step 70, final loss: 0.00092506
2025-08-23 03:33:34,725 - INFO - Example 7 completed: 70 steps, final loss: 0.00092506 (universal rank: 29702)
2025-08-23 03:33:34,725 - INFO - 
=== Training Example 8/700: /home/projects/bagon/shared/imagenet512/val/n01644373/ILSVRC2012_val_00041279.JPEG ===
2025-08-23 03:33:34,732 - INFO - Reset model to original weights
2025-08-23 03:33:37,718 - INFO - Example /home/projects/bagon/shared/imagenet512/val/n01644373/ILSVRC2012_val_00041279.JPEG reached epsilon at step 75, final loss: 0.00099945
2025-08-23 03:33:37,722 - INFO - Example 8 completed: 75 steps, final loss: 0.00099945 (universal rank: 29914)
2025-08-23 03:33:37,722 - INFO - 
=== Training Example 9/700: /home/projects/bagon/shared/imagenet512/val/n04067472/ILSVRC2012_val_00040260.JPEG ===
2025-08-23 03:33:37,729 - INFO - Reset model to original weights
2025-08-23 03:33:41,833 - INFO - Step 100/10000, current loss: 0.00128460
2025-08-23 03:33:43,423 - INFO - Example /home/projects/bagon/shared/imagenet512/val/n04067472/ILSVRC2012_val_00040260.JPEG reached epsilon at step 140, final loss: 0.00096512
2025-08-23 03:33:43,427 - INFO - Example 9 completed: 140 steps, final loss: 0.00096512 (universal rank: 30183)
2025-08-23 03:33:43,427 - INFO - 
=== Training Example 10/700: /home/projects/bagon/shared/imagenet512/val/n04264628/ILSVRC2012_val_00031182.JPEG ===
2025-08-23 03:33:43,435 - INFO - Reset model to original weights
2025-08-23 03:33:46,198 - INFO - Example /home/projects/bagon/shared/imagenet512/val/n04264628/ILSVRC2012_val_00031182.JPEG reached epsilon at step 66, final loss: 0.00098133
2025-08-23 03:33:46,203 - INFO - Example 10 completed: 66 steps, final loss: 0.00098133 (universal rank: 30559)
2025-08-23 03:33:46,203 - INFO - 
=== Training Example 11/700: /home/projects/bagon/shared/imagenet512/val/n02894605/ILSVRC2012_val_00012548.JPEG ===
2025-08-23 03:33:46,210 - INFO - Reset model to original weights
2025-08-23 03:33:50,176 - INFO - Step 100/10000, current loss: 0.00158882
2025-08-23 03:33:52,580 - INFO - Example /home/projects/bagon/shared/imagenet512/val/n02894605/ILSVRC2012_val_00012548.JPEG reached epsilon at step 158, final loss: 0.00097036
2025-08-23 03:33:52,584 - INFO - Example 11 completed: 158 steps, final loss: 0.00097036 (universal rank: 30952)
2025-08-23 03:33:52,584 - INFO - 
=== Training Example 12/700: /home/projects/bagon/shared/imagenet512/val/n02669723/ILSVRC2012_val_00012083.JPEG ===
2025-08-23 03:33:52,592 - INFO - Reset model to original weights
2025-08-23 03:33:56,617 - INFO - Step 100/10000, current loss: 0.00284958
2025-08-23 03:34:00,749 - INFO - Step 200/10000, current loss: 0.00131416
2025-08-23 03:34:02,607 - INFO - Example /home/projects/bagon/shared/imagenet512/val/n02669723/ILSVRC2012_val_00012083.JPEG reached epsilon at step 246, final loss: 0.00098991
2025-08-23 03:34:02,611 - INFO - Example 12 completed: 246 steps, final loss: 0.00098991 (universal rank: 31343)
2025-08-23 03:34:02,611 - INFO - 
=== Training Example 13/700: /home/projects/bagon/shared/imagenet512/val/n03690938/ILSVRC2012_val_00029256.JPEG ===
2025-08-23 03:34:02,619 - INFO - Reset model to original weights
2025-08-23 03:34:04,100 - INFO - Example /home/projects/bagon/shared/imagenet512/val/n03690938/ILSVRC2012_val_00029256.JPEG reached epsilon at step 34, final loss: 0.00089407
2025-08-23 03:34:04,104 - INFO - Example 13 completed: 34 steps, final loss: 0.00089407 (universal rank: 31468)
2025-08-23 03:34:04,104 - INFO - 
=== Training Example 14/700: /home/projects/bagon/shared/imagenet512/val/n02655020/ILSVRC2012_val_00001193.JPEG ===
2025-08-23 03:34:04,112 - INFO - Reset model to original weights
2025-08-23 03:34:08,123 - INFO - Step 100/10000, current loss: 0.00486755
2025-08-23 03:34:12,209 - INFO - Step 200/10000, current loss: 0.00230980
2025-08-23 03:34:16,323 - INFO - Step 300/10000, current loss: 0.00129128
2025-08-23 03:34:18,835 - INFO - Example /home/projects/bagon/shared/imagenet512/val/n02655020/ILSVRC2012_val_00001193.JPEG reached epsilon at step 359, final loss: 0.00098515
2025-08-23 03:34:18,839 - INFO - Example 14 completed: 359 steps, final loss: 0.00098515 (universal rank: 32043)
2025-08-23 03:34:18,840 - INFO - 
=== Training Example 15/700: /home/projects/bagon/shared/imagenet512/val/n04548362/ILSVRC2012_val_00021967.JPEG ===
2025-08-23 03:34:18,847 - INFO - Reset model to original weights
2025-08-23 03:34:20,317 - INFO - Example /home/projects/bagon/shared/imagenet512/val/n04548362/ILSVRC2012_val_00021967.JPEG reached epsilon at step 37, final loss: 0.00085735
2025-08-23 03:34:20,322 - INFO - Example 15 completed: 37 steps, final loss: 0.00085735 (universal rank: 32327)
2025-08-23 03:34:20,322 - INFO - 
=== Training Example 16/700: /home/projects/bagon/shared/imagenet512/val/n04254120/ILSVRC2012_val_00025227.JPEG ===
2025-08-23 03:34:20,329 - INFO - Reset model to original weights
2025-08-23 03:34:22,048 - INFO - Example /home/projects/bagon/shared/imagenet512/val/n04254120/ILSVRC2012_val_00025227.JPEG reached epsilon at step 43, final loss: 0.00089693
2025-08-23 03:34:22,052 - INFO - Example 16 completed: 43 steps, final loss: 0.00089693 (universal rank: 32761)
2025-08-23 03:34:22,052 - INFO - 
=== Training Example 17/700: /home/projects/bagon/shared/imagenet512/val/n04127249/ILSVRC2012_val_00012896.JPEG ===
2025-08-23 03:34:22,060 - INFO - Reset model to original weights
2025-08-23 03:34:23,944 - INFO - Example /home/projects/bagon/shared/imagenet512/val/n04127249/ILSVRC2012_val_00012896.JPEG reached epsilon at step 44, final loss: 0.00099373
2025-08-23 03:34:23,949 - INFO - Example 17 completed: 44 steps, final loss: 0.00099373 (universal rank: 33554)
2025-08-23 03:34:23,949 - INFO - 
=== Training Example 18/700: /home/projects/bagon/shared/imagenet512/val/n03902125/ILSVRC2012_val_00031979.JPEG ===
2025-08-23 03:34:23,956 - INFO - Reset model to original weights
2025-08-23 03:34:26,084 - INFO - Example /home/projects/bagon/shared/imagenet512/val/n03902125/ILSVRC2012_val_00031979.JPEG reached epsilon at step 53, final loss: 0.00090981
2025-08-23 03:34:26,087 - INFO - Example 18 completed: 53 steps, final loss: 0.00090981 (universal rank: 33561)
2025-08-23 03:34:26,087 - INFO - 
=== Training Example 19/700: /home/projects/bagon/shared/imagenet512/val/n02483362/ILSVRC2012_val_00023595.JPEG ===
2025-08-23 03:34:26,095 - INFO - Reset model to original weights
2025-08-23 03:34:30,098 - INFO - Step 100/10000, current loss: 0.00207520
2025-08-23 03:34:33,931 - INFO - Example /home/projects/bagon/shared/imagenet512/val/n02483362/ILSVRC2012_val_00023595.JPEG reached epsilon at step 193, final loss: 0.00097656
2025-08-23 03:34:33,935 - INFO - Example 19 completed: 193 steps, final loss: 0.00097656 (universal rank: 33562)
2025-08-23 03:34:33,935 - INFO - 
=== Training Example 20/700: /home/projects/bagon/shared/imagenet512/val/n03045698/ILSVRC2012_val_00003717.JPEG ===
2025-08-23 03:34:33,942 - INFO - Reset model to original weights
2025-08-23 03:34:36,719 - INFO - Example /home/projects/bagon/shared/imagenet512/val/n03045698/ILSVRC2012_val_00003717.JPEG reached epsilon at step 69, final loss: 0.00092554
2025-08-23 03:34:36,723 - INFO - Example 20 completed: 69 steps, final loss: 0.00092554 (universal rank: 33692)
2025-08-23 03:34:36,724 - INFO - 
=== Training Example 21/700: /home/projects/bagon/shared/imagenet512/val/n02442845/ILSVRC2012_val_00035243.JPEG ===
2025-08-23 03:34:36,731 - INFO - Reset model to original weights
2025-08-23 03:34:40,854 - INFO - Step 100/10000, current loss: 0.00530243
2025-08-23 03:34:44,896 - INFO - Step 200/10000, current loss: 0.00221825
2025-08-23 03:34:48,911 - INFO - Step 300/10000, current loss: 0.00125694
2025-08-23 03:34:51,010 - INFO - Example /home/projects/bagon/shared/imagenet512/val/n02442845/ILSVRC2012_val_00035243.JPEG reached epsilon at step 352, final loss: 0.00099564
2025-08-23 03:34:51,015 - INFO - Example 21 completed: 352 steps, final loss: 0.00099564 (universal rank: 33789)
2025-08-23 03:34:51,015 - INFO - 
=== Training Example 22/700: /home/projects/bagon/shared/imagenet512/val/n02097130/ILSVRC2012_val_00037583.JPEG ===
2025-08-23 03:34:51,023 - INFO - Reset model to original weights
2025-08-23 03:34:54,473 - INFO - Example /home/projects/bagon/shared/imagenet512/val/n02097130/ILSVRC2012_val_00037583.JPEG reached epsilon at step 82, final loss: 0.00099945
2025-08-23 03:34:54,478 - INFO - Example 22 completed: 82 steps, final loss: 0.00099945 (universal rank: 34176)
2025-08-23 03:34:54,478 - INFO - 
=== Training Example 23/700: /home/projects/bagon/shared/imagenet512/val/n03538406/ILSVRC2012_val_00011604.JPEG ===
2025-08-23 03:34:54,485 - INFO - Reset model to original weights
2025-08-23 03:34:56,940 - INFO - Example /home/projects/bagon/shared/imagenet512/val/n03538406/ILSVRC2012_val_00011604.JPEG reached epsilon at step 61, final loss: 0.00096703
2025-08-23 03:34:56,944 - INFO - Example 23 completed: 61 steps, final loss: 0.00096703 (universal rank: 34280)
2025-08-23 03:34:56,944 - INFO - 
=== Training Example 24/700: /home/projects/bagon/shared/imagenet512/val/n03494278/ILSVRC2012_val_00027607.JPEG ===
2025-08-23 03:34:56,952 - INFO - Reset model to original weights
2025-08-23 03:35:01,094 - INFO - Step 100/10000, current loss: 0.00170040
2025-08-23 03:35:04,584 - INFO - Example /home/projects/bagon/shared/imagenet512/val/n03494278/ILSVRC2012_val_00027607.JPEG reached epsilon at step 184, final loss: 0.00097370
2025-08-23 03:35:04,588 - INFO - Example 24 completed: 184 steps, final loss: 0.00097370 (universal rank: 34308)
2025-08-23 03:35:04,589 - INFO - 
=== Training Example 25/700: /home/projects/bagon/shared/imagenet512/val/n04485082/ILSVRC2012_val_00018704.JPEG ===
2025-08-23 03:35:04,596 - INFO - Reset model to original weights
2025-08-23 03:35:08,737 - INFO - Step 100/10000, current loss: 0.00116062
2025-08-23 03:35:09,497 - INFO - Example /home/projects/bagon/shared/imagenet512/val/n04485082/ILSVRC2012_val_00018704.JPEG reached epsilon at step 119, final loss: 0.00099182
2025-08-23 03:35:09,501 - INFO - Example 25 completed: 119 steps, final loss: 0.00099182 (universal rank: 34340)
2025-08-23 03:35:09,501 - INFO - 
=== Training Example 26/700: /home/projects/bagon/shared/imagenet512/val/n03384352/ILSVRC2012_val_00009723.JPEG ===
2025-08-23 03:35:09,508 - INFO - Reset model to original weights
2025-08-23 03:35:13,646 - INFO - Step 100/10000, current loss: 0.00153446
2025-08-23 03:35:16,253 - INFO - Example /home/projects/bagon/shared/imagenet512/val/n03384352/ILSVRC2012_val_00009723.JPEG reached epsilon at step 165, final loss: 0.00098324
2025-08-23 03:35:16,257 - INFO - Example 26 completed: 165 steps, final loss: 0.00098324 (universal rank: 34410)
2025-08-23 03:35:16,257 - INFO - 
=== Training Example 27/700: /home/projects/bagon/shared/imagenet512/val/n07695742/ILSVRC2012_val_00029962.JPEG ===
2025-08-23 03:35:16,265 - INFO - Reset model to original weights
2025-08-23 03:35:17,879 - INFO - Example /home/projects/bagon/shared/imagenet512/val/n07695742/ILSVRC2012_val_00029962.JPEG reached epsilon at step 40, final loss: 0.00098705
2025-08-23 03:35:17,883 - INFO - Example 27 completed: 40 steps, final loss: 0.00098705 (universal rank: 34510)
2025-08-23 03:35:17,883 - INFO - 
=== Training Example 28/700: /home/projects/bagon/shared/imagenet512/val/n03773504/ILSVRC2012_val_00022433.JPEG ===
2025-08-23 03:35:17,891 - INFO - Reset model to original weights
2025-08-23 03:35:21,993 - INFO - Step 100/10000, current loss: 0.00435638
2025-08-23 03:35:26,130 - INFO - Step 200/10000, current loss: 0.00192165
2025-08-23 03:35:30,113 - INFO - Step 300/10000, current loss: 0.00105190
2025-08-23 03:35:30,192 - INFO - Example /home/projects/bagon/shared/imagenet512/val/n03773504/ILSVRC2012_val_00022433.JPEG reached epsilon at step 302, final loss: 0.00099754
2025-08-23 03:35:30,196 - INFO - Example 28 completed: 302 steps, final loss: 0.00099754 (universal rank: 34550)
2025-08-23 03:35:30,196 - INFO - 
=== Training Example 29/700: /home/projects/bagon/shared/imagenet512/val/n02114855/ILSVRC2012_val_00016911.JPEG ===
2025-08-23 03:35:30,204 - INFO - Reset model to original weights
2025-08-23 03:35:34,315 - INFO - Step 100/10000, current loss: 0.00345612
2025-08-23 03:35:38,291 - INFO - Step 200/10000, current loss: 0.00167942
2025-08-23 03:35:42,283 - INFO - Step 300/10000, current loss: 0.00102997
2025-08-23 03:35:42,363 - INFO - Example /home/projects/bagon/shared/imagenet512/val/n02114855/ILSVRC2012_val_00016911.JPEG reached epsilon at step 302, final loss: 0.00098705
2025-08-23 03:35:42,367 - INFO - Example 29 completed: 302 steps, final loss: 0.00098705 (universal rank: 34561)
2025-08-23 03:35:42,367 - INFO - 
=== Training Example 30/700: /home/projects/bagon/shared/imagenet512/val/n02090721/ILSVRC2012_val_00022022.JPEG ===
2025-08-23 03:35:42,375 - INFO - Reset model to original weights
2025-08-23 03:35:46,497 - INFO - Step 100/10000, current loss: 0.00138283
2025-08-23 03:35:47,501 - INFO - Example /home/projects/bagon/shared/imagenet512/val/n02090721/ILSVRC2012_val_00022022.JPEG reached epsilon at step 125, final loss: 0.00097227
2025-08-23 03:35:47,505 - INFO - Example 30 completed: 125 steps, final loss: 0.00097227 (universal rank: 34586)
2025-08-23 03:35:47,506 - INFO - 
=== Training Example 31/700: /home/projects/bagon/shared/imagenet512/val/n02109047/ILSVRC2012_val_00038938.JPEG ===
2025-08-23 03:35:47,513 - INFO - Reset model to original weights
2025-08-23 03:35:51,586 - INFO - Step 100/10000, current loss: 0.00210381
2025-08-23 03:35:55,574 - INFO - Step 200/10000, current loss: 0.00109482
2025-08-23 03:35:56,165 - INFO - Example /home/projects/bagon/shared/imagenet512/val/n02109047/ILSVRC2012_val_00038938.JPEG reached epsilon at step 215, final loss: 0.00095510
2025-08-23 03:35:56,174 - INFO - Example 31 completed: 215 steps, final loss: 0.00095510 (universal rank: 34716)
2025-08-23 03:35:56,174 - INFO - 
=== Training Example 32/700: /home/projects/bagon/shared/imagenet512/val/n02168699/ILSVRC2012_val_00017552.JPEG ===
2025-08-23 03:35:56,182 - INFO - Reset model to original weights
2025-08-23 03:36:00,329 - INFO - Step 100/10000, current loss: 0.00443649
2025-08-23 03:36:04,353 - INFO - Step 200/10000, current loss: 0.00215530
2025-08-23 03:36:08,341 - INFO - Step 300/10000, current loss: 0.00118351
2025-08-23 03:36:09,768 - INFO - Example /home/projects/bagon/shared/imagenet512/val/n02168699/ILSVRC2012_val_00017552.JPEG reached epsilon at step 336, final loss: 0.00099850
2025-08-23 03:36:09,772 - INFO - Example 32 completed: 336 steps, final loss: 0.00099850 (universal rank: 34823)
2025-08-23 03:36:09,772 - INFO - 
=== Training Example 33/700: /home/projects/bagon/shared/imagenet512/val/n02804610/ILSVRC2012_val_00031218.JPEG ===
2025-08-23 03:36:09,780 - INFO - Reset model to original weights
2025-08-23 03:36:13,910 - INFO - Step 100/10000, current loss: 0.00187683
2025-08-23 03:36:15,804 - INFO - Example /home/projects/bagon/shared/imagenet512/val/n02804610/ILSVRC2012_val_00031218.JPEG reached epsilon at step 147, final loss: 0.00094223
2025-08-23 03:36:15,808 - INFO - Example 33 completed: 147 steps, final loss: 0.00094223 (universal rank: 34939)
2025-08-23 03:36:15,808 - INFO - 
=== Training Example 34/700: /home/projects/bagon/shared/imagenet512/val/n04270147/ILSVRC2012_val_00013089.JPEG ===
2025-08-23 03:36:15,816 - INFO - Reset model to original weights
2025-08-23 03:36:17,232 - INFO - Example /home/projects/bagon/shared/imagenet512/val/n04270147/ILSVRC2012_val_00013089.JPEG reached epsilon at step 35, final loss: 0.00095987
2025-08-23 03:36:17,237 - INFO - Example 34 completed: 35 steps, final loss: 0.00095987 (universal rank: 34973)
2025-08-23 03:36:17,237 - INFO - 
=== Training Example 35/700: /home/projects/bagon/shared/imagenet512/val/n04067472/ILSVRC2012_val_00010440.JPEG ===
2025-08-23 03:36:17,244 - INFO - Reset model to original weights
2025-08-23 03:36:18,613 - INFO - Example /home/projects/bagon/shared/imagenet512/val/n04067472/ILSVRC2012_val_00010440.JPEG reached epsilon at step 34, final loss: 0.00092506
2025-08-23 03:36:18,617 - INFO - Example 35 completed: 34 steps, final loss: 0.00092506 (universal rank: 35002)
2025-08-23 03:36:18,617 - INFO - 
=== Training Example 36/700: /home/projects/bagon/shared/imagenet512/val/n02974003/ILSVRC2012_val_00020289.JPEG ===
2025-08-23 03:36:18,624 - INFO - Reset model to original weights
2025-08-23 03:36:22,753 - INFO - Step 100/10000, current loss: 0.00231552
2025-08-23 03:36:26,894 - INFO - Step 200/10000, current loss: 0.00126362
2025-08-23 03:36:28,443 - INFO - Example /home/projects/bagon/shared/imagenet512/val/n02974003/ILSVRC2012_val_00020289.JPEG reached epsilon at step 236, final loss: 0.00098228
2025-08-23 03:36:28,448 - INFO - Example 36 completed: 236 steps, final loss: 0.00098228 (universal rank: 35023)
2025-08-23 03:36:28,448 - INFO - 
=== Training Example 37/700: /home/projects/bagon/shared/imagenet512/val/n03063689/ILSVRC2012_val_00028811.JPEG ===
2025-08-23 03:36:28,455 - INFO - Reset model to original weights
2025-08-23 03:36:31,643 - INFO - Example /home/projects/bagon/shared/imagenet512/val/n03063689/ILSVRC2012_val_00028811.JPEG reached epsilon at step 80, final loss: 0.00095940
2025-08-23 03:36:31,647 - INFO - Example 37 completed: 80 steps, final loss: 0.00095940 (universal rank: 35353)
2025-08-23 03:36:31,647 - INFO - 
=== Training Example 38/700: /home/projects/bagon/shared/imagenet512/val/n02992529/ILSVRC2012_val_00004117.JPEG ===
2025-08-23 03:36:31,655 - INFO - Reset model to original weights
2025-08-23 03:36:33,093 - INFO - Example /home/projects/bagon/shared/imagenet512/val/n02992529/ILSVRC2012_val_00004117.JPEG reached epsilon at step 33, final loss: 0.00081968
2025-08-23 03:36:33,098 - INFO - Example 38 completed: 33 steps, final loss: 0.00081968 (universal rank: 35567)
2025-08-23 03:36:33,098 - INFO - 
=== Training Example 39/700: /home/projects/bagon/shared/imagenet512/val/n02871525/ILSVRC2012_val_00034868.JPEG ===
2025-08-23 03:36:33,105 - INFO - Reset model to original weights
2025-08-23 03:36:37,189 - INFO - Step 100/10000, current loss: 0.00197983
2025-08-23 03:36:41,276 - INFO - Step 200/10000, current loss: 0.00101185
2025-08-23 03:36:41,474 - INFO - Example /home/projects/bagon/shared/imagenet512/val/n02871525/ILSVRC2012_val_00034868.JPEG reached epsilon at step 205, final loss: 0.00099754
2025-08-23 03:36:41,478 - INFO - Example 39 completed: 205 steps, final loss: 0.00099754 (universal rank: 35607)
2025-08-23 03:36:41,478 - INFO - 
=== Training Example 40/700: /home/projects/bagon/shared/imagenet512/val/n03447721/ILSVRC2012_val_00010239.JPEG ===
2025-08-23 03:36:41,486 - INFO - Reset model to original weights
2025-08-23 03:36:43,162 - INFO - Example /home/projects/bagon/shared/imagenet512/val/n03447721/ILSVRC2012_val_00010239.JPEG reached epsilon at step 42, final loss: 0.00097847
2025-08-23 03:36:43,166 - INFO - Example 40 completed: 42 steps, final loss: 0.00097847 (universal rank: 35698)
2025-08-23 03:36:43,166 - INFO - 
=== Training Example 41/700: /home/projects/bagon/shared/imagenet512/val/n02877765/ILSVRC2012_val_00016826.JPEG ===
2025-08-23 03:36:43,173 - INFO - Reset model to original weights
2025-08-23 03:36:45,660 - INFO - Example /home/projects/bagon/shared/imagenet512/val/n02877765/ILSVRC2012_val_00016826.JPEG reached epsilon at step 60, final loss: 0.00099659
2025-08-23 03:36:45,665 - INFO - Example 41 completed: 60 steps, final loss: 0.00099659 (universal rank: 35712)
2025-08-23 03:36:45,665 - INFO - 
=== Training Example 42/700: /home/projects/bagon/shared/imagenet512/val/n04152593/ILSVRC2012_val_00042871.JPEG ===
2025-08-23 03:36:45,672 - INFO - Reset model to original weights
2025-08-23 03:36:49,722 - INFO - Step 100/10000, current loss: 0.00167561
2025-08-23 03:36:51,949 - INFO - Example /home/projects/bagon/shared/imagenet512/val/n04152593/ILSVRC2012_val_00042871.JPEG reached epsilon at step 151, final loss: 0.00099087
2025-08-23 03:36:51,952 - INFO - Example 42 completed: 151 steps, final loss: 0.00099087 (universal rank: 35736)
2025-08-23 03:36:51,952 - INFO - 
=== Training Example 43/700: /home/projects/bagon/shared/imagenet512/val/n02783161/ILSVRC2012_val_00020272.JPEG ===
2025-08-23 03:36:51,960 - INFO - Reset model to original weights
2025-08-23 03:36:56,241 - INFO - Step 100/10000, current loss: 0.00285339
2025-08-23 03:37:00,968 - INFO - Step 200/10000, current loss: 0.00143719
2025-08-23 03:37:03,322 - INFO - Example /home/projects/bagon/shared/imagenet512/val/n02783161/ILSVRC2012_val_00020272.JPEG reached epsilon at step 258, final loss: 0.00099945
2025-08-23 03:37:03,327 - INFO - Example 43 completed: 258 steps, final loss: 0.00099945 (universal rank: 35819)
2025-08-23 03:37:03,327 - INFO - 
=== Training Example 44/700: /home/projects/bagon/shared/imagenet512/val/n02089973/ILSVRC2012_val_00043391.JPEG ===
2025-08-23 03:37:03,334 - INFO - Reset model to original weights
2025-08-23 03:37:07,437 - INFO - Step 100/10000, current loss: 0.00153732
2025-08-23 03:37:09,853 - INFO - Example /home/projects/bagon/shared/imagenet512/val/n02089973/ILSVRC2012_val_00043391.JPEG reached epsilon at step 161, final loss: 0.00096655
2025-08-23 03:37:09,858 - INFO - Example 44 completed: 161 steps, final loss: 0.00096655 (universal rank: 35891)
2025-08-23 03:37:09,858 - INFO - 
=== Training Example 45/700: /home/projects/bagon/shared/imagenet512/val/n03832673/ILSVRC2012_val_00038350.JPEG ===
2025-08-23 03:37:09,866 - INFO - Reset model to original weights
2025-08-23 03:37:13,955 - INFO - Step 100/10000, current loss: 0.00278854
2025-08-23 03:37:17,944 - INFO - Step 200/10000, current loss: 0.00125980
2025-08-23 03:37:19,492 - INFO - Example /home/projects/bagon/shared/imagenet512/val/n03832673/ILSVRC2012_val_00038350.JPEG reached epsilon at step 239, final loss: 0.00099182
2025-08-23 03:37:19,496 - INFO - Example 45 completed: 239 steps, final loss: 0.00099182 (universal rank: 36002)
2025-08-23 03:37:19,496 - INFO - 
=== Training Example 46/700: /home/projects/bagon/shared/imagenet512/val/n04118538/ILSVRC2012_val_00037138.JPEG ===
2025-08-23 03:37:19,504 - INFO - Reset model to original weights
2025-08-23 03:37:23,599 - INFO - Step 100/10000, current loss: 0.00342369
2025-08-23 03:37:27,639 - INFO - Step 200/10000, current loss: 0.00165081
2025-08-23 03:37:31,404 - INFO - Example /home/projects/bagon/shared/imagenet512/val/n04118538/ILSVRC2012_val_00037138.JPEG reached epsilon at step 293, final loss: 0.00098991
2025-08-23 03:37:31,409 - INFO - Example 46 completed: 293 steps, final loss: 0.00098991 (universal rank: 36045)
2025-08-23 03:37:31,409 - INFO - 
=== Training Example 47/700: /home/projects/bagon/shared/imagenet512/val/n02089078/ILSVRC2012_val_00006401.JPEG ===
2025-08-23 03:37:31,416 - INFO - Reset model to original weights
2025-08-23 03:37:33,600 - INFO - Example /home/projects/bagon/shared/imagenet512/val/n02089078/ILSVRC2012_val_00006401.JPEG reached epsilon at step 51, final loss: 0.00099373
2025-08-23 03:37:33,604 - INFO - Example 47 completed: 51 steps, final loss: 0.00099373 (universal rank: 36067)
2025-08-23 03:37:33,604 - INFO - 
=== Training Example 48/700: /home/projects/bagon/shared/imagenet512/val/n01773157/ILSVRC2012_val_00028445.JPEG ===
2025-08-23 03:37:33,611 - INFO - Reset model to original weights
2025-08-23 03:37:37,704 - INFO - Step 100/10000, current loss: 0.00316429
2025-08-23 03:37:41,681 - INFO - Step 200/10000, current loss: 0.00146484
2025-08-23 03:37:44,000 - INFO - Example /home/projects/bagon/shared/imagenet512/val/n01773157/ILSVRC2012_val_00028445.JPEG reached epsilon at step 258, final loss: 0.00098038
2025-08-23 03:37:44,006 - INFO - Example 48 completed: 258 steps, final loss: 0.00098038 (universal rank: 36170)
2025-08-23 03:37:44,006 - INFO - 
=== Training Example 49/700: /home/projects/bagon/shared/imagenet512/val/n04525038/ILSVRC2012_val_00044419.JPEG ===
2025-08-23 03:37:44,014 - INFO - Reset model to original weights
2025-08-23 03:37:46,709 - INFO - Example /home/projects/bagon/shared/imagenet512/val/n04525038/ILSVRC2012_val_00044419.JPEG reached epsilon at step 65, final loss: 0.00097561
2025-08-23 03:37:46,713 - INFO - Example 49 completed: 65 steps, final loss: 0.00097561 (universal rank: 36197)
2025-08-23 03:37:46,713 - INFO - 
=== Training Example 50/700: /home/projects/bagon/shared/imagenet512/val/n01978455/ILSVRC2012_val_00011071.JPEG ===
2025-08-23 03:37:46,721 - INFO - Reset model to original weights
2025-08-23 03:37:50,824 - INFO - Step 100/10000, current loss: 0.00598907
2025-08-23 03:37:54,821 - INFO - Step 200/10000, current loss: 0.00239372
2025-08-23 03:37:58,810 - INFO - Step 300/10000, current loss: 0.00138474
2025-08-23 03:38:01,197 - INFO - Example /home/projects/bagon/shared/imagenet512/val/n01978455/ILSVRC2012_val_00011071.JPEG reached epsilon at step 360, final loss: 0.00098228
2025-08-23 03:38:01,202 - INFO - Example 50 completed: 360 steps, final loss: 0.00098228 (universal rank: 36260)
2025-08-23 03:38:01,202 - INFO - 
=== Training Example 51/700: /home/projects/bagon/shared/imagenet512/val/n04465501/ILSVRC2012_val_00041382.JPEG ===
2025-08-23 03:38:01,209 - INFO - Reset model to original weights
2025-08-23 03:38:03,868 - INFO - Example /home/projects/bagon/shared/imagenet512/val/n04465501/ILSVRC2012_val_00041382.JPEG reached epsilon at step 64, final loss: 0.00097466
2025-08-23 03:38:03,873 - INFO - Example 51 completed: 64 steps, final loss: 0.00097466 (universal rank: 36474)
2025-08-23 03:38:03,873 - INFO - 
=== Training Example 52/700: /home/projects/bagon/shared/imagenet512/val/n02909870/ILSVRC2012_val_00013122.JPEG ===
2025-08-23 03:38:03,880 - INFO - Reset model to original weights
2025-08-23 03:38:05,761 - INFO - Example /home/projects/bagon/shared/imagenet512/val/n02909870/ILSVRC2012_val_00013122.JPEG reached epsilon at step 47, final loss: 0.00098133
2025-08-23 03:38:05,765 - INFO - Example 52 completed: 47 steps, final loss: 0.00098133 (universal rank: 36487)
2025-08-23 03:38:05,765 - INFO - 
=== Training Example 53/700: /home/projects/bagon/shared/imagenet512/val/n02091831/ILSVRC2012_val_00043901.JPEG ===
2025-08-23 03:38:05,773 - INFO - Reset model to original weights
2025-08-23 03:38:09,829 - INFO - Step 100/10000, current loss: 0.00132465
2025-08-23 03:38:12,038 - INFO - Example /home/projects/bagon/shared/imagenet512/val/n02091831/ILSVRC2012_val_00043901.JPEG reached epsilon at step 153, final loss: 0.00095654
2025-08-23 03:38:12,042 - INFO - Example 53 completed: 153 steps, final loss: 0.00095654 (universal rank: 36495)
2025-08-23 03:38:12,042 - INFO - 
=== Training Example 54/700: /home/projects/bagon/shared/imagenet512/val/n02105251/ILSVRC2012_val_00035781.JPEG ===
2025-08-23 03:38:12,049 - INFO - Reset model to original weights
2025-08-23 03:38:16,129 - INFO - Step 100/10000, current loss: 0.00259399
2025-08-23 03:38:20,104 - INFO - Step 200/10000, current loss: 0.00115395
2025-08-23 03:38:21,010 - INFO - Example /home/projects/bagon/shared/imagenet512/val/n02105251/ILSVRC2012_val_00035781.JPEG reached epsilon at step 223, final loss: 0.00097847
2025-08-23 03:38:21,014 - INFO - Example 54 completed: 223 steps, final loss: 0.00097847 (universal rank: 36516)
2025-08-23 03:38:21,014 - INFO - 
=== Training Example 55/700: /home/projects/bagon/shared/imagenet512/val/n03794056/ILSVRC2012_val_00035572.JPEG ===
2025-08-23 03:38:21,022 - INFO - Reset model to original weights
2025-08-23 03:38:25,136 - INFO - Step 100/10000, current loss: 0.00259209
2025-08-23 03:38:29,112 - INFO - Step 200/10000, current loss: 0.00136852
2025-08-23 03:38:31,223 - INFO - Example /home/projects/bagon/shared/imagenet512/val/n03794056/ILSVRC2012_val_00035572.JPEG reached epsilon at step 253, final loss: 0.00093937
2025-08-23 03:38:31,227 - INFO - Example 55 completed: 253 steps, final loss: 0.00093937 (universal rank: 36545)
2025-08-23 03:38:31,227 - INFO - 
=== Training Example 56/700: /home/projects/bagon/shared/imagenet512/val/n02835271/ILSVRC2012_val_00025534.JPEG ===
2025-08-23 03:38:31,235 - INFO - Reset model to original weights
2025-08-23 03:38:35,542 - INFO - Step 100/10000, current loss: 0.00176430
2025-08-23 03:38:39,115 - INFO - Example /home/projects/bagon/shared/imagenet512/val/n02835271/ILSVRC2012_val_00025534.JPEG reached epsilon at step 186, final loss: 0.00099850
2025-08-23 03:38:39,119 - INFO - Example 56 completed: 186 steps, final loss: 0.00099850 (universal rank: 36621)
2025-08-23 03:38:39,119 - INFO - 
=== Training Example 57/700: /home/projects/bagon/shared/imagenet512/val/n03028079/ILSVRC2012_val_00005598.JPEG ===
2025-08-23 03:38:39,127 - INFO - Reset model to original weights
