2025-08-23 03:29:48,295 - INFO - Loaded 50000 examples in difficulty order
2025-08-23 03:29:55,421 - INFO - Loaded TIMM pretrained weights for efficientvit_b1.r224_in1k
2025-08-23 03:29:55,421 - INFO - pretrained_cfg.url= hf_hub_id=timm/efficientvit_b1.r224_in1k
2025-08-23 03:29:56,391 - INFO - Stored original model weights for reset
2025-08-23 03:29:56,399 - INFO - Resolved model_csv_name='efficientvit_base_1_224_classification_imagenet_1k' to mask_row_index=740
2025-08-23 03:30:03,204 - INFO - Found 10381 wrong examples that exist and have difficulty rankings
2025-08-23 03:30:03,205 - INFO - Selected 700 random wrong examples for training (sorted by difficulty)
2025-08-23 03:30:03,211 - INFO - 
=== Training Example 1/700: /home/projects/bagon/shared/imagenet512/val/n02951358/ILSVRC2012_val_00039572.JPEG ===
2025-08-23 03:30:03,219 - INFO - Reset model to original weights
2025-08-23 03:30:09,236 - INFO - Step 100/1000, current loss: 0.00055313
2025-08-23 03:30:13,271 - INFO - Step 200/1000, current loss: 0.00039554
2025-08-23 03:30:17,435 - INFO - Step 300/1000, current loss: 0.00028586
2025-08-23 03:30:21,551 - INFO - Step 400/1000, current loss: 0.00021756
2025-08-23 03:30:25,690 - INFO - Step 500/1000, current loss: 0.00017095
2025-08-23 03:30:29,706 - INFO - Step 600/1000, current loss: 0.00013936
2025-08-23 03:30:33,732 - INFO - Step 700/1000, current loss: 0.00011528
2025-08-23 03:30:37,868 - INFO - Step 800/1000, current loss: 0.00008917
2025-08-23 03:30:41,893 - INFO - Step 900/1000, current loss: 0.00007582
2025-08-23 03:30:46,031 - INFO - Step 1000/1000, current loss: 0.00006700
2025-08-23 03:30:46,031 - INFO - Example /home/projects/bagon/shared/imagenet512/val/n02951358/ILSVRC2012_val_00039572.JPEG never reached epsilon after 1000 steps, final loss: 0.00006700
2025-08-23 03:30:46,037 - INFO - Example 1 completed: -1 steps, final loss: 0.00006700 (universal rank: 21493)
2025-08-23 03:30:46,037 - INFO - 
=== Training Example 2/700: /home/projects/bagon/shared/imagenet512/val/n02107312/ILSVRC2012_val_00016499.JPEG ===
2025-08-23 03:30:46,045 - INFO - Reset model to original weights
2025-08-23 03:30:50,178 - INFO - Step 100/1000, current loss: 0.00302315
2025-08-23 03:30:54,314 - INFO - Step 200/1000, current loss: 0.00141335
2025-08-23 03:30:58,494 - INFO - Step 300/1000, current loss: 0.00080538
2025-08-23 03:31:02,510 - INFO - Step 400/1000, current loss: 0.00050163
2025-08-23 03:31:06,509 - INFO - Step 500/1000, current loss: 0.00034928
2025-08-23 03:31:10,457 - INFO - Step 600/1000, current loss: 0.00025749
2025-08-23 03:31:14,560 - INFO - Step 700/1000, current loss: 0.00018966
2025-08-23 03:31:18,518 - INFO - Step 800/1000, current loss: 0.00015473
2025-08-23 03:31:22,566 - INFO - Step 900/1000, current loss: 0.00012672
2025-08-23 03:31:26,664 - INFO - Step 1000/1000, current loss: 0.00010133
2025-08-23 03:31:26,664 - INFO - Example /home/projects/bagon/shared/imagenet512/val/n02107312/ILSVRC2012_val_00016499.JPEG never reached epsilon after 1000 steps, final loss: 0.00010133
2025-08-23 03:31:26,670 - INFO - Example 2 completed: -1 steps, final loss: 0.00010133 (universal rank: 22165)
2025-08-23 03:31:26,670 - INFO - 
=== Training Example 3/700: /home/projects/bagon/shared/imagenet512/val/n03843555/ILSVRC2012_val_00019596.JPEG ===
2025-08-23 03:31:26,678 - INFO - Reset model to original weights
2025-08-23 03:31:30,791 - INFO - Step 100/1000, current loss: 0.00074530
2025-08-23 03:31:34,905 - INFO - Step 200/1000, current loss: 0.00042009
2025-08-23 03:31:38,902 - INFO - Step 300/1000, current loss: 0.00027990
2025-08-23 03:31:42,915 - INFO - Step 400/1000, current loss: 0.00019264
2025-08-23 03:31:47,013 - INFO - Step 500/1000, current loss: 0.00014150
2025-08-23 03:31:50,982 - INFO - Step 600/1000, current loss: 0.00009763
2025-08-23 03:31:55,234 - INFO - Step 700/1000, current loss: 0.00008214
2025-08-23 03:31:59,460 - INFO - Step 800/1000, current loss: 0.00006557
2025-08-23 03:32:03,695 - INFO - Step 900/1000, current loss: 0.00005591
2025-08-23 03:32:07,846 - INFO - Step 1000/1000, current loss: 0.00004864
2025-08-23 03:32:07,847 - INFO - Example /home/projects/bagon/shared/imagenet512/val/n03843555/ILSVRC2012_val_00019596.JPEG never reached epsilon after 1000 steps, final loss: 0.00004864
2025-08-23 03:32:07,851 - INFO - Example 3 completed: -1 steps, final loss: 0.00004864 (universal rank: 25993)
2025-08-23 03:32:07,851 - INFO - 
=== Training Example 4/700: /home/projects/bagon/shared/imagenet512/val/n02168699/ILSVRC2012_val_00006595.JPEG ===
2025-08-23 03:32:07,858 - INFO - Reset model to original weights
2025-08-23 03:32:12,132 - INFO - Step 100/1000, current loss: 0.00402451
2025-08-23 03:32:16,266 - INFO - Step 200/1000, current loss: 0.00179005
2025-08-23 03:32:20,894 - INFO - Step 300/1000, current loss: 0.00101566
2025-08-23 03:32:25,159 - INFO - Step 400/1000, current loss: 0.00064850
2025-08-23 03:32:29,303 - INFO - Step 500/1000, current loss: 0.00046444
2025-08-23 03:32:33,709 - INFO - Step 600/1000, current loss: 0.00033069
