2025-08-23 05:16:00,043 - INFO - Loaded 50000 examples in difficulty order
2025-08-23 05:16:00,714 - INFO - Loaded TIMM pretrained weights for efficientvit_m1.r224_in1k
2025-08-23 05:16:00,714 - INFO - pretrained_cfg.url= hf_hub_id=timm/efficientvit_m1.r224_in1k
2025-08-23 05:16:03,778 - INFO - Stored original model weights for reset
2025-08-23 05:16:03,787 - INFO - Resolved model_csv_name='efficientvit_medium_1_224_classification_imagenet_1k' to mask_row_index=1004
2025-08-23 05:16:07,508 - INFO - Found 15840 wrong examples that exist and have difficulty rankings
2025-08-23 05:16:07,509 - INFO - Selected 100 random wrong examples for training (sorted by difficulty)
2025-08-23 05:16:07,514 - INFO - 
=== Training Example 1/100: /home/projects/bagon/shared/imagenet512/val/n01871265/ILSVRC2012_val_00036826.JPEG ===
2025-08-23 05:16:07,528 - INFO - Reset model to original weights
2025-08-23 05:16:12,426 - INFO - Step 100/10000, current loss: 0.21850586, loss sum: 69.4714
2025-08-23 05:16:16,380 - INFO - Step 200/10000, current loss: 0.03677368, loss sum: 79.7786
2025-08-23 05:16:20,343 - INFO - Step 300/10000, current loss: 0.00481033, loss sum: 81.3385
2025-08-23 05:16:24,310 - INFO - Step 400/10000, current loss: 0.00176048, loss sum: 81.6200
2025-08-23 05:16:28,274 - INFO - Step 500/10000, current loss: 0.00103474, loss sum: 81.7539
2025-08-23 05:16:28,597 - INFO - Example /home/projects/bagon/shared/imagenet512/val/n01871265/ILSVRC2012_val_00036826.JPEG reached epsilon at step 508, loss sum: 81.7620, final loss: 0.00099850
2025-08-23 05:16:28,602 - INFO - Example 1 completed: 508 steps, loss sum: 81.7620, final loss: 0.00099850 (universal rank: 20575)
2025-08-23 05:16:28,603 - INFO - 
=== Training Example 2/100: /home/projects/bagon/shared/imagenet512/val/n03201208/ILSVRC2012_val_00026442.JPEG ===
2025-08-23 05:16:28,616 - INFO - Reset model to original weights
2025-08-23 05:16:32,602 - INFO - Step 100/10000, current loss: 0.01586914, loss sum: 27.8170
2025-08-23 05:16:36,569 - INFO - Step 200/10000, current loss: 0.00238609, loss sum: 28.4086
2025-08-23 05:16:40,535 - INFO - Step 300/10000, current loss: 0.00127125, loss sum: 28.5788
2025-08-23 05:16:43,077 - INFO - Example /home/projects/bagon/shared/imagenet512/val/n03201208/ILSVRC2012_val_00026442.JPEG reached epsilon at step 363, loss sum: 28.6497, final loss: 0.00099945
2025-08-23 05:16:43,082 - INFO - Example 2 completed: 363 steps, loss sum: 28.6497, final loss: 0.00099945 (universal rank: 24577)
2025-08-23 05:16:43,082 - INFO - 
=== Training Example 3/100: /home/projects/bagon/shared/imagenet512/val/n02977058/ILSVRC2012_val_00018770.JPEG ===
2025-08-23 05:16:43,096 - INFO - Reset model to original weights
2025-08-23 05:16:47,080 - INFO - Step 100/10000, current loss: 0.01647949, loss sum: 55.2157
2025-08-23 05:16:51,056 - INFO - Step 200/10000, current loss: 0.00231743, loss sum: 55.7716
2025-08-23 05:16:55,040 - INFO - Step 300/10000, current loss: 0.00128460, loss sum: 55.9418
2025-08-23 05:16:57,339 - INFO - Example /home/projects/bagon/shared/imagenet512/val/n02977058/ILSVRC2012_val_00018770.JPEG reached epsilon at step 358, loss sum: 56.0072, final loss: 0.00099659
2025-08-23 05:16:57,343 - INFO - Example 3 completed: 358 steps, loss sum: 56.0072, final loss: 0.00099659 (universal rank: 24681)
2025-08-23 05:16:57,343 - INFO - 
=== Training Example 4/100: /home/projects/bagon/shared/imagenet512/val/n01608432/ILSVRC2012_val_00047637.JPEG ===
2025-08-23 05:16:57,357 - INFO - Reset model to original weights
2025-08-23 05:17:01,325 - INFO - Step 100/10000, current loss: 0.00499344, loss sum: 26.7769
2025-08-23 05:17:05,309 - INFO - Step 200/10000, current loss: 0.00151825, loss sum: 27.0373
2025-08-23 05:17:08,198 - INFO - Example /home/projects/bagon/shared/imagenet512/val/n01608432/ILSVRC2012_val_00047637.JPEG reached epsilon at step 273, loss sum: 27.1270, final loss: 0.00099087
2025-08-23 05:17:08,203 - INFO - Example 4 completed: 273 steps, loss sum: 27.1270, final loss: 0.00099087 (universal rank: 25158)
2025-08-23 05:17:08,203 - INFO - 
=== Training Example 5/100: /home/projects/bagon/shared/imagenet512/val/n02730930/ILSVRC2012_val_00040461.JPEG ===
2025-08-23 05:17:08,217 - INFO - Reset model to original weights
2025-08-23 05:17:12,181 - INFO - Step 100/10000, current loss: 0.02207947, loss sum: 48.6073
2025-08-23 05:17:16,128 - INFO - Step 200/10000, current loss: 0.00211525, loss sum: 49.3870
2025-08-23 05:17:19,938 - INFO - Example /home/projects/bagon/shared/imagenet512/val/n02730930/ILSVRC2012_val_00040461.JPEG reached epsilon at step 296, loss sum: 49.5224, final loss: 0.00099945
2025-08-23 05:17:19,942 - INFO - Example 5 completed: 296 steps, loss sum: 49.5224, final loss: 0.00099945 (universal rank: 25404)
2025-08-23 05:17:19,942 - INFO - 
=== Training Example 6/100: /home/projects/bagon/shared/imagenet512/val/n04532106/ILSVRC2012_val_00032900.JPEG ===
2025-08-23 05:17:19,956 - INFO - Reset model to original weights
2025-08-23 05:17:23,952 - INFO - Step 100/10000, current loss: 0.00646210, loss sum: 60.0085
2025-08-23 05:17:27,918 - INFO - Step 200/10000, current loss: 0.00171185, loss sum: 60.3113
2025-08-23 05:17:31,703 - INFO - Example /home/projects/bagon/shared/imagenet512/val/n04532106/ILSVRC2012_val_00032900.JPEG reached epsilon at step 295, loss sum: 60.4343, final loss: 0.00099754
2025-08-23 05:17:31,708 - INFO - Example 6 completed: 295 steps, loss sum: 60.4343, final loss: 0.00099754 (universal rank: 26598)
2025-08-23 05:17:31,708 - INFO - 
=== Training Example 7/100: /home/projects/bagon/shared/imagenet512/val/n03100240/ILSVRC2012_val_00026398.JPEG ===
2025-08-23 05:17:31,722 - INFO - Reset model to original weights
2025-08-23 05:17:35,717 - INFO - Step 100/10000, current loss: 0.10803223, loss sum: 38.6664
2025-08-23 05:17:39,673 - INFO - Step 200/10000, current loss: 0.01109314, loss sum: 42.9335
2025-08-23 05:17:43,648 - INFO - Step 300/10000, current loss: 0.00304222, loss sum: 43.4717
2025-08-23 05:17:47,636 - INFO - Step 400/10000, current loss: 0.00171757, loss sum: 43.6980
2025-08-23 05:17:51,614 - INFO - Step 500/10000, current loss: 0.00118160, loss sum: 43.8397
2025-08-23 05:17:53,822 - INFO - Example /home/projects/bagon/shared/imagenet512/val/n03100240/ILSVRC2012_val_00026398.JPEG reached epsilon at step 555, loss sum: 43.8993, final loss: 0.00099468
2025-08-23 05:17:53,826 - INFO - Example 7 completed: 555 steps, loss sum: 43.8993, final loss: 0.00099468 (universal rank: 26833)
2025-08-23 05:17:53,826 - INFO - 
=== Training Example 8/100: /home/projects/bagon/shared/imagenet512/val/n02099429/ILSVRC2012_val_00006836.JPEG ===
2025-08-23 05:17:53,840 - INFO - Reset model to original weights
2025-08-23 05:17:57,841 - INFO - Step 100/10000, current loss: 0.03457642, loss sum: 34.7222
2025-08-23 05:18:01,809 - INFO - Step 200/10000, current loss: 0.00362587, loss sum: 35.7581
2025-08-23 05:18:05,788 - INFO - Step 300/10000, current loss: 0.00175858, loss sum: 36.0046
2025-08-23 05:18:09,741 - INFO - Step 400/10000, current loss: 0.00116920, loss sum: 36.1468
2025-08-23 05:18:11,652 - INFO - Example /home/projects/bagon/shared/imagenet512/val/n02099429/ILSVRC2012_val_00006836.JPEG reached epsilon at step 448, loss sum: 36.1987, final loss: 0.00099468
2025-08-23 05:18:11,658 - INFO - Example 8 completed: 448 steps, loss sum: 36.1987, final loss: 0.00099468 (universal rank: 28510)
2025-08-23 05:18:11,658 - INFO - 
=== Training Example 9/100: /home/projects/bagon/shared/imagenet512/val/n02106662/ILSVRC2012_val_00026629.JPEG ===
2025-08-23 05:18:11,671 - INFO - Reset model to original weights
2025-08-23 05:18:15,668 - INFO - Step 100/10000, current loss: 0.02316284, loss sum: 47.6908
2025-08-23 05:18:19,639 - INFO - Step 200/10000, current loss: 0.00279045, loss sum: 48.4521
2025-08-23 05:18:23,618 - INFO - Step 300/10000, current loss: 0.00143242, loss sum: 48.6476
2025-08-23 05:18:27,342 - INFO - Example /home/projects/bagon/shared/imagenet512/val/n02106662/ILSVRC2012_val_00026629.JPEG reached epsilon at step 394, loss sum: 48.7596, final loss: 0.00099087
2025-08-23 05:18:27,346 - INFO - Example 9 completed: 394 steps, loss sum: 48.7596, final loss: 0.00099087 (universal rank: 29069)
2025-08-23 05:18:27,346 - INFO - 
=== Training Example 10/100: /home/projects/bagon/shared/imagenet512/val/n03599486/ILSVRC2012_val_00002462.JPEG ===
2025-08-23 05:18:27,360 - INFO - Reset model to original weights
2025-08-23 05:18:31,344 - INFO - Step 100/10000, current loss: 0.00434494, loss sum: 38.2688
2025-08-23 05:18:35,316 - INFO - Step 200/10000, current loss: 0.00110149, loss sum: 38.4715
2025-08-23 05:18:35,707 - INFO - Example /home/projects/bagon/shared/imagenet512/val/n03599486/ILSVRC2012_val_00002462.JPEG reached epsilon at step 210, loss sum: 38.4819, final loss: 0.00099754
2025-08-23 05:18:35,711 - INFO - Example 10 completed: 210 steps, loss sum: 38.4819, final loss: 0.00099754 (universal rank: 29133)
2025-08-23 05:18:35,711 - INFO - 
=== Training Example 11/100: /home/projects/bagon/shared/imagenet512/val/n02687172/ILSVRC2012_val_00012386.JPEG ===
2025-08-23 05:18:35,725 - INFO - Reset model to original weights
2025-08-23 05:18:39,658 - INFO - Step 100/10000, current loss: 0.01893616, loss sum: 31.7208
2025-08-23 05:18:43,611 - INFO - Step 200/10000, current loss: 0.00191975, loss sum: 32.3668
2025-08-23 05:18:46,738 - INFO - Example /home/projects/bagon/shared/imagenet512/val/n02687172/ILSVRC2012_val_00012386.JPEG reached epsilon at step 279, loss sum: 32.4739, final loss: 0.00099373
2025-08-23 05:18:46,743 - INFO - Example 11 completed: 279 steps, loss sum: 32.4739, final loss: 0.00099373 (universal rank: 29492)
2025-08-23 05:18:46,743 - INFO - 
=== Training Example 12/100: /home/projects/bagon/shared/imagenet512/val/n03691459/ILSVRC2012_val_00025111.JPEG ===
2025-08-23 05:18:46,757 - INFO - Reset model to original weights
2025-08-23 05:18:50,732 - INFO - Step 100/10000, current loss: 0.03067017, loss sum: 78.0739
2025-08-23 05:18:54,707 - INFO - Step 200/10000, current loss: 0.00330162, loss sum: 78.9023
2025-08-23 05:18:58,669 - INFO - Step 300/10000, current loss: 0.00163841, loss sum: 79.1294
2025-08-23 05:19:02,620 - INFO - Step 400/10000, current loss: 0.00101852, loss sum: 79.2565
2025-08-23 05:19:02,776 - INFO - Example /home/projects/bagon/shared/imagenet512/val/n03691459/ILSVRC2012_val_00025111.JPEG reached epsilon at step 404, loss sum: 79.2605, final loss: 0.00099754
2025-08-23 05:19:02,781 - INFO - Example 12 completed: 404 steps, loss sum: 79.2605, final loss: 0.00099754 (universal rank: 29787)
2025-08-23 05:19:02,781 - INFO - 
=== Training Example 13/100: /home/projects/bagon/shared/imagenet512/val/n01756291/ILSVRC2012_val_00024609.JPEG ===
2025-08-23 05:19:02,795 - INFO - Reset model to original weights
2025-08-23 05:19:06,769 - INFO - Step 100/10000, current loss: 0.16430664, loss sum: 46.3568
2025-08-23 05:19:10,685 - INFO - Step 200/10000, current loss: 0.02149963, loss sum: 53.4989
2025-08-23 05:19:14,602 - INFO - Step 300/10000, current loss: 0.00683594, loss sum: 54.6636
2025-08-23 05:19:18,566 - INFO - Step 400/10000, current loss: 0.00368690, loss sum: 55.1576
2025-08-23 05:19:22,475 - INFO - Step 500/10000, current loss: 0.00243759, loss sum: 55.4550
2025-08-23 05:19:26,398 - INFO - Step 600/10000, current loss: 0.00180435, loss sum: 55.6646
2025-08-23 05:19:30,297 - INFO - Step 700/10000, current loss: 0.00142097, loss sum: 55.8243
2025-08-23 05:19:34,217 - INFO - Step 800/10000, current loss: 0.00116062, loss sum: 55.9529
2025-08-23 05:19:37,620 - INFO - Example /home/projects/bagon/shared/imagenet512/val/n01756291/ILSVRC2012_val_00024609.JPEG reached epsilon at step 886, loss sum: 56.0455, final loss: 0.00099468
2025-08-23 05:19:37,625 - INFO - Example 13 completed: 886 steps, loss sum: 56.0455, final loss: 0.00099468 (universal rank: 29824)
2025-08-23 05:19:37,625 - INFO - 
=== Training Example 14/100: /home/projects/bagon/shared/imagenet512/val/n03498962/ILSVRC2012_val_00011994.JPEG ===
2025-08-23 05:19:37,639 - INFO - Reset model to original weights
2025-08-23 05:19:41,586 - INFO - Step 100/10000, current loss: 0.13305664, loss sum: 73.9207
2025-08-23 05:19:45,536 - INFO - Step 200/10000, current loss: 0.03454590, loss sum: 80.9409
2025-08-23 05:19:49,477 - INFO - Step 300/10000, current loss: 0.01081848, loss sum: 82.9626
2025-08-23 05:19:53,420 - INFO - Step 400/10000, current loss: 0.00409317, loss sum: 83.6468
2025-08-23 05:19:57,390 - INFO - Step 500/10000, current loss: 0.00215340, loss sum: 83.9378
2025-08-23 05:20:01,368 - INFO - Step 600/10000, current loss: 0.00149822, loss sum: 84.1163
2025-08-23 05:20:05,347 - INFO - Step 700/10000, current loss: 0.00112915, loss sum: 84.2456
2025-08-23 05:20:07,402 - INFO - Example /home/projects/bagon/shared/imagenet512/val/n03498962/ILSVRC2012_val_00011994.JPEG reached epsilon at step 752, loss sum: 84.3005, final loss: 0.00099182
2025-08-23 05:20:07,407 - INFO - Example 14 completed: 752 steps, loss sum: 84.3005, final loss: 0.00099182 (universal rank: 29980)
2025-08-23 05:20:07,407 - INFO - 
=== Training Example 15/100: /home/projects/bagon/shared/imagenet512/val/n03146219/ILSVRC2012_val_00048085.JPEG ===
2025-08-23 05:20:07,421 - INFO - Reset model to original weights
2025-08-23 05:20:11,372 - INFO - Step 100/10000, current loss: 0.27758789, loss sum: 63.4021
2025-08-23 05:20:15,325 - INFO - Step 200/10000, current loss: 0.16296387, loss sum: 84.5815
2025-08-23 05:20:19,290 - INFO - Step 300/10000, current loss: 0.09820557, loss sum: 97.4921
2025-08-23 05:20:23,272 - INFO - Step 400/10000, current loss: 0.06228638, loss sum: 105.2985
2025-08-23 05:20:27,221 - INFO - Step 500/10000, current loss: 0.04235840, loss sum: 110.3107
2025-08-23 05:20:31,179 - INFO - Step 600/10000, current loss: 0.02793884, loss sum: 113.6934
2025-08-23 05:20:35,125 - INFO - Step 700/10000, current loss: 0.01808167, loss sum: 115.9260
2025-08-23 05:20:39,050 - INFO - Step 800/10000, current loss: 0.01101685, loss sum: 117.3375
2025-08-23 05:20:43,006 - INFO - Step 900/10000, current loss: 0.00637436, loss sum: 118.1622
2025-08-23 05:20:46,943 - INFO - Step 1000/10000, current loss: 0.00384712, loss sum: 118.6580
2025-08-23 05:20:50,877 - INFO - Step 1100/10000, current loss: 0.00222397, loss sum: 118.9470
2025-08-23 05:20:54,846 - INFO - Step 1200/10000, current loss: 0.00151920, loss sum: 119.1306
2025-08-23 05:20:58,826 - INFO - Step 1300/10000, current loss: 0.00114822, loss sum: 119.2623
2025-08-23 05:21:01,005 - INFO - Example /home/projects/bagon/shared/imagenet512/val/n03146219/ILSVRC2012_val_00048085.JPEG reached epsilon at step 1355, loss sum: 119.3210, final loss: 0.00099277
2025-08-23 05:21:01,011 - INFO - Example 15 completed: 1355 steps, loss sum: 119.3210, final loss: 0.00099277 (universal rank: 30197)
2025-08-23 05:21:01,011 - INFO - 
=== Training Example 16/100: /home/projects/bagon/shared/imagenet512/val/n09256479/ILSVRC2012_val_00002973.JPEG ===
2025-08-23 05:21:01,025 - INFO - Reset model to original weights
2025-08-23 05:21:05,011 - INFO - Step 100/10000, current loss: 0.02667236, loss sum: 35.7408
2025-08-23 05:21:08,957 - INFO - Step 200/10000, current loss: 0.00257111, loss sum: 36.4503
2025-08-23 05:21:12,911 - INFO - Step 300/10000, current loss: 0.00138092, loss sum: 36.6355
2025-08-23 05:21:16,181 - INFO - Example /home/projects/bagon/shared/imagenet512/val/n09256479/ILSVRC2012_val_00002973.JPEG reached epsilon at step 383, loss sum: 36.7322, final loss: 0.00098801
2025-08-23 05:21:16,185 - INFO - Example 16 completed: 383 steps, loss sum: 36.7322, final loss: 0.00098801 (universal rank: 30264)
2025-08-23 05:21:16,186 - INFO - 
=== Training Example 17/100: /home/projects/bagon/shared/imagenet512/val/n07892512/ILSVRC2012_val_00024439.JPEG ===
2025-08-23 05:21:16,199 - INFO - Reset model to original weights
2025-08-23 05:21:20,132 - INFO - Step 100/10000, current loss: 0.04205322, loss sum: 102.3767
2025-08-23 05:21:24,082 - INFO - Step 200/10000, current loss: 0.00267410, loss sum: 103.5149
2025-08-23 05:21:28,027 - INFO - Step 300/10000, current loss: 0.00117683, loss sum: 103.6884
2025-08-23 05:21:29,015 - INFO - Example /home/projects/bagon/shared/imagenet512/val/n07892512/ILSVRC2012_val_00024439.JPEG reached epsilon at step 325, loss sum: 103.7154, final loss: 0.00099754
2025-08-23 05:21:29,020 - INFO - Example 17 completed: 325 steps, loss sum: 103.7154, final loss: 0.00099754 (universal rank: 30283)
2025-08-23 05:21:29,020 - INFO - 
=== Training Example 18/100: /home/projects/bagon/shared/imagenet512/val/n02641379/ILSVRC2012_val_00045405.JPEG ===
2025-08-23 05:21:29,033 - INFO - Reset model to original weights
2025-08-23 05:21:32,993 - INFO - Step 100/10000, current loss: 0.61572266, loss sum: 341.9624
2025-08-23 05:21:36,940 - INFO - Step 200/10000, current loss: 0.02954102, loss sum: 359.1337
2025-08-23 05:21:40,878 - INFO - Step 300/10000, current loss: 0.00712967, loss sum: 360.6373
2025-08-23 05:21:44,824 - INFO - Step 400/10000, current loss: 0.00238037, loss sum: 361.0726
2025-08-23 05:21:48,758 - INFO - Step 500/10000, current loss: 0.00139523, loss sum: 361.2520
2025-08-23 05:21:52,644 - INFO - Example /home/projects/bagon/shared/imagenet512/val/n02641379/ILSVRC2012_val_00045405.JPEG reached epsilon at step 599, loss sum: 361.3685, final loss: 0.00099945
2025-08-23 05:21:52,648 - INFO - Example 18 completed: 599 steps, loss sum: 361.3685, final loss: 0.00099945 (universal rank: 30746)
2025-08-23 05:21:52,648 - INFO - 
=== Training Example 19/100: /home/projects/bagon/shared/imagenet512/val/n02447366/ILSVRC2012_val_00004409.JPEG ===
2025-08-23 05:21:52,662 - INFO - Reset model to original weights
2025-08-23 05:21:56,654 - INFO - Step 100/10000, current loss: 0.01024628, loss sum: 14.2488
2025-08-23 05:22:00,606 - INFO - Step 200/10000, current loss: 0.00232124, loss sum: 14.7614
2025-08-23 05:22:04,524 - INFO - Example /home/projects/bagon/shared/imagenet512/val/n02447366/ILSVRC2012_val_00004409.JPEG reached epsilon at step 300, loss sum: 14.9035, final loss: 0.00099468
2025-08-23 05:22:04,528 - INFO - Example 19 completed: 300 steps, loss sum: 14.9035, final loss: 0.00099468 (universal rank: 31370)
2025-08-23 05:22:04,528 - INFO - 
=== Training Example 20/100: /home/projects/bagon/shared/imagenet512/val/n02777292/ILSVRC2012_val_00003803.JPEG ===
2025-08-23 05:22:04,543 - INFO - Reset model to original weights
2025-08-23 05:22:08,476 - INFO - Step 100/10000, current loss: 0.13378906, loss sum: 46.6738
2025-08-23 05:22:12,395 - INFO - Step 200/10000, current loss: 0.02290344, loss sum: 53.0965
2025-08-23 05:22:16,300 - INFO - Step 300/10000, current loss: 0.00629044, loss sum: 54.4683
2025-08-23 05:22:20,237 - INFO - Step 400/10000, current loss: 0.00214767, loss sum: 54.8656
2025-08-23 05:22:24,191 - INFO - Step 500/10000, current loss: 0.00113964, loss sum: 55.0159
2025-08-23 05:22:25,420 - INFO - Example /home/projects/bagon/shared/imagenet512/val/n02777292/ILSVRC2012_val_00003803.JPEG reached epsilon at step 531, loss sum: 55.0487, final loss: 0.00099468
2025-08-23 05:22:25,425 - INFO - Example 20 completed: 531 steps, loss sum: 55.0487, final loss: 0.00099468 (universal rank: 31972)
2025-08-23 05:22:25,425 - INFO - 
=== Training Example 21/100: /home/projects/bagon/shared/imagenet512/val/n02093754/ILSVRC2012_val_00027805.JPEG ===
2025-08-23 05:22:25,439 - INFO - Reset model to original weights
2025-08-23 05:22:29,416 - INFO - Step 100/10000, current loss: 0.03430176, loss sum: 126.6741
2025-08-23 05:22:33,372 - INFO - Step 200/10000, current loss: 0.00331116, loss sum: 127.8398
2025-08-23 05:22:37,334 - INFO - Step 300/10000, current loss: 0.00153160, loss sum: 128.0574
2025-08-23 05:22:41,255 - INFO - Example /home/projects/bagon/shared/imagenet512/val/n02093754/ILSVRC2012_val_00027805.JPEG reached epsilon at step 399, loss sum: 128.1789, final loss: 0.00099850
2025-08-23 05:22:41,259 - INFO - Example 21 completed: 399 steps, loss sum: 128.1789, final loss: 0.00099850 (universal rank: 32500)
2025-08-23 05:22:41,259 - INFO - 
=== Training Example 22/100: /home/projects/bagon/shared/imagenet512/val/n04591157/ILSVRC2012_val_00021972.JPEG ===
2025-08-23 05:22:41,273 - INFO - Reset model to original weights
2025-08-23 05:22:45,184 - INFO - Step 100/10000, current loss: 0.00343895, loss sum: 30.5195
2025-08-23 05:22:49,097 - INFO - Step 200/10000, current loss: 0.00117493, loss sum: 30.7069
2025-08-23 05:22:50,146 - INFO - Example /home/projects/bagon/shared/imagenet512/val/n04591157/ILSVRC2012_val_00021972.JPEG reached epsilon at step 227, loss sum: 30.7358, final loss: 0.00099754
2025-08-23 05:22:50,150 - INFO - Example 22 completed: 227 steps, loss sum: 30.7358, final loss: 0.00099754 (universal rank: 32664)
2025-08-23 05:22:50,150 - INFO - 
=== Training Example 23/100: /home/projects/bagon/shared/imagenet512/val/n07749582/ILSVRC2012_val_00002363.JPEG ===
2025-08-23 05:22:50,164 - INFO - Reset model to original weights
2025-08-23 05:22:54,081 - INFO - Step 100/10000, current loss: 0.01454926, loss sum: 14.8762
2025-08-23 05:22:57,992 - INFO - Step 200/10000, current loss: 0.00312042, loss sum: 15.5020
2025-08-23 05:23:01,896 - INFO - Step 300/10000, current loss: 0.00165272, loss sum: 15.7256
2025-08-23 05:23:05,815 - INFO - Step 400/10000, current loss: 0.00114632, loss sum: 15.8616
2025-08-23 05:23:07,647 - INFO - Example /home/projects/bagon/shared/imagenet512/val/n07749582/ILSVRC2012_val_00002363.JPEG reached epsilon at step 447, loss sum: 15.9116, final loss: 0.00099754
2025-08-23 05:23:07,653 - INFO - Example 23 completed: 447 steps, loss sum: 15.9116, final loss: 0.00099754 (universal rank: 32771)
2025-08-23 05:23:07,653 - INFO - 
=== Training Example 24/100: /home/projects/bagon/shared/imagenet512/val/n01582220/ILSVRC2012_val_00009981.JPEG ===
2025-08-23 05:23:07,666 - INFO - Reset model to original weights
2025-08-23 05:23:11,565 - INFO - Step 100/10000, current loss: 0.02581787, loss sum: 56.6507
2025-08-23 05:23:15,450 - INFO - Step 200/10000, current loss: 0.00380516, loss sum: 57.6298
2025-08-23 05:23:19,340 - INFO - Step 300/10000, current loss: 0.00193977, loss sum: 57.8953
2025-08-23 05:23:23,235 - INFO - Step 400/10000, current loss: 0.00129795, loss sum: 58.0531
2025-08-23 05:23:26,756 - INFO - Example /home/projects/bagon/shared/imagenet512/val/n01582220/ILSVRC2012_val_00009981.JPEG reached epsilon at step 490, loss sum: 58.1551, final loss: 0.00099468
2025-08-23 05:23:26,761 - INFO - Example 24 completed: 490 steps, loss sum: 58.1551, final loss: 0.00099468 (universal rank: 33733)
2025-08-23 05:23:26,761 - INFO - 
=== Training Example 25/100: /home/projects/bagon/shared/imagenet512/val/n04371430/ILSVRC2012_val_00036018.JPEG ===
2025-08-23 05:23:26,774 - INFO - Reset model to original weights
2025-08-23 05:23:30,690 - INFO - Step 100/10000, current loss: 0.55615234, loss sum: 141.5171
2025-08-23 05:23:34,594 - INFO - Step 200/10000, current loss: 0.05941772, loss sum: 163.8517
2025-08-23 05:23:38,504 - INFO - Step 300/10000, current loss: 0.01099396, loss sum: 166.6171
2025-08-23 05:23:42,431 - INFO - Step 400/10000, current loss: 0.00261879, loss sum: 167.1642
2025-08-23 05:23:46,339 - INFO - Step 500/10000, current loss: 0.00139523, loss sum: 167.3502
2025-08-23 05:23:49,674 - INFO - Example /home/projects/bagon/shared/imagenet512/val/n04371430/ILSVRC2012_val_00036018.JPEG reached epsilon at step 585, loss sum: 167.4493, final loss: 0.00098515
2025-08-23 05:23:49,678 - INFO - Example 25 completed: 585 steps, loss sum: 167.4493, final loss: 0.00098515 (universal rank: 33937)
2025-08-23 05:23:49,679 - INFO - 
=== Training Example 26/100: /home/projects/bagon/shared/imagenet512/val/n15075141/ILSVRC2012_val_00021975.JPEG ===
2025-08-23 05:23:49,692 - INFO - Reset model to original weights
2025-08-23 05:23:53,622 - INFO - Step 100/10000, current loss: 0.08172607, loss sum: 166.3170
2025-08-23 05:23:57,540 - INFO - Step 200/10000, current loss: 0.00689316, loss sum: 168.8104
2025-08-23 05:24:01,461 - INFO - Step 300/10000, current loss: 0.00294495, loss sum: 169.2454
2025-08-23 05:24:05,399 - INFO - Step 400/10000, current loss: 0.00183201, loss sum: 169.4754
2025-08-23 05:24:09,310 - INFO - Step 500/10000, current loss: 0.00131702, loss sum: 169.6309
2025-08-23 05:24:13,233 - INFO - Step 600/10000, current loss: 0.00103188, loss sum: 169.7473
2025-08-23 05:24:13,630 - INFO - Example /home/projects/bagon/shared/imagenet512/val/n15075141/ILSVRC2012_val_00021975.JPEG reached epsilon at step 610, loss sum: 169.7574, final loss: 0.00098991
2025-08-23 05:24:13,635 - INFO - Example 26 completed: 610 steps, loss sum: 169.7574, final loss: 0.00098991 (universal rank: 34466)
2025-08-23 05:24:13,635 - INFO - 
=== Training Example 27/100: /home/projects/bagon/shared/imagenet512/val/n03124170/ILSVRC2012_val_00025254.JPEG ===
2025-08-23 05:24:13,649 - INFO - Reset model to original weights
2025-08-23 05:24:17,589 - INFO - Step 100/10000, current loss: 0.00463486, loss sum: 12.6382
2025-08-23 05:24:21,484 - INFO - Step 200/10000, current loss: 0.00181580, loss sum: 12.9177
2025-08-23 05:24:25,414 - INFO - Step 300/10000, current loss: 0.00111675, loss sum: 13.0583
2025-08-23 05:24:26,580 - INFO - Example /home/projects/bagon/shared/imagenet512/val/n03124170/ILSVRC2012_val_00025254.JPEG reached epsilon at step 330, loss sum: 13.0899, final loss: 0.00099945
2025-08-23 05:24:26,585 - INFO - Example 27 completed: 330 steps, loss sum: 13.0899, final loss: 0.00099945 (universal rank: 34577)
2025-08-23 05:24:26,585 - INFO - 
=== Training Example 28/100: /home/projects/bagon/shared/imagenet512/val/n02089973/ILSVRC2012_val_00043580.JPEG ===
2025-08-23 05:24:26,598 - INFO - Reset model to original weights
2025-08-23 05:24:30,518 - INFO - Step 100/10000, current loss: 0.30761719, loss sum: 80.2153
2025-08-23 05:24:34,414 - INFO - Step 200/10000, current loss: 0.14807129, loss sum: 101.6541
2025-08-23 05:24:38,321 - INFO - Step 300/10000, current loss: 0.06744385, loss sum: 111.7979
2025-08-23 05:24:42,244 - INFO - Step 400/10000, current loss: 0.03060913, loss sum: 116.5654
2025-08-23 05:24:46,182 - INFO - Step 500/10000, current loss: 0.01350403, loss sum: 118.7167
2025-08-23 05:24:50,114 - INFO - Step 600/10000, current loss: 0.00631714, loss sum: 119.6452
2025-08-23 05:24:54,062 - INFO - Step 700/10000, current loss: 0.00353050, loss sum: 120.1230
2025-08-23 05:24:57,986 - INFO - Step 800/10000, current loss: 0.00198174, loss sum: 120.3851
2025-08-23 05:25:01,903 - INFO - Step 900/10000, current loss: 0.00141525, loss sum: 120.5548
2025-08-23 05:25:05,851 - INFO - Step 1000/10000, current loss: 0.00113297, loss sum: 120.6809
2025-08-23 05:25:07,978 - INFO - Example /home/projects/bagon/shared/imagenet512/val/n02089973/ILSVRC2012_val_00043580.JPEG reached epsilon at step 1054, loss sum: 120.7382, final loss: 0.00099564
2025-08-23 05:25:07,983 - INFO - Example 28 completed: 1054 steps, loss sum: 120.7382, final loss: 0.00099564 (universal rank: 34646)
2025-08-23 05:25:07,983 - INFO - 
=== Training Example 29/100: /home/projects/bagon/shared/imagenet512/val/n02095889/ILSVRC2012_val_00030377.JPEG ===
2025-08-23 05:25:07,996 - INFO - Reset model to original weights
2025-08-23 05:25:11,944 - INFO - Step 100/10000, current loss: 0.02474976, loss sum: 62.0674
2025-08-23 05:25:15,889 - INFO - Step 200/10000, current loss: 0.00358391, loss sum: 62.9619
2025-08-23 05:25:19,817 - INFO - Step 300/10000, current loss: 0.00190830, loss sum: 63.2183
2025-08-23 05:25:23,754 - INFO - Step 400/10000, current loss: 0.00130939, loss sum: 63.3757
2025-08-23 05:25:27,184 - INFO - Example /home/projects/bagon/shared/imagenet512/val/n02095889/ILSVRC2012_val_00030377.JPEG reached epsilon at step 488, loss sum: 63.4760, final loss: 0.00099850
2025-08-23 05:25:27,193 - INFO - Example 29 completed: 488 steps, loss sum: 63.4760, final loss: 0.00099850 (universal rank: 34721)
2025-08-23 05:25:27,193 - INFO - 
=== Training Example 30/100: /home/projects/bagon/shared/imagenet512/val/n04264628/ILSVRC2012_val_00005029.JPEG ===
2025-08-23 05:25:27,207 - INFO - Reset model to original weights
2025-08-23 05:25:31,160 - INFO - Step 100/10000, current loss: 0.04080200, loss sum: 37.4951
2025-08-23 05:25:35,067 - INFO - Step 200/10000, current loss: 0.00410080, loss sum: 38.6833
2025-08-23 05:25:38,976 - INFO - Step 300/10000, current loss: 0.00190639, loss sum: 38.9583
2025-08-23 05:25:42,906 - INFO - Step 400/10000, current loss: 0.00121403, loss sum: 39.1103
2025-08-23 05:25:45,134 - INFO - Example /home/projects/bagon/shared/imagenet512/val/n04264628/ILSVRC2012_val_00005029.JPEG reached epsilon at step 457, loss sum: 39.1734, final loss: 0.00099850
2025-08-23 05:25:45,138 - INFO - Example 30 completed: 457 steps, loss sum: 39.1734, final loss: 0.00099850 (universal rank: 34865)
2025-08-23 05:25:45,138 - INFO - 
=== Training Example 31/100: /home/projects/bagon/shared/imagenet512/val/n04141327/ILSVRC2012_val_00029485.JPEG ===
2025-08-23 05:25:45,152 - INFO - Reset model to original weights
2025-08-23 05:25:49,104 - INFO - Step 100/10000, current loss: 0.11901855, loss sum: 44.3522
2025-08-23 05:25:53,020 - INFO - Step 200/10000, current loss: 0.02008057, loss sum: 50.0570
2025-08-23 05:25:56,988 - INFO - Step 300/10000, current loss: 0.00331116, loss sum: 50.9329
2025-08-23 05:26:00,959 - INFO - Step 400/10000, current loss: 0.00157642, loss sum: 51.1572
2025-08-23 05:26:04,930 - INFO - Step 500/10000, current loss: 0.00105381, loss sum: 51.2862
2025-08-23 05:26:05,772 - INFO - Example /home/projects/bagon/shared/imagenet512/val/n04141327/ILSVRC2012_val_00029485.JPEG reached epsilon at step 521, loss sum: 51.3077, final loss: 0.00099087
2025-08-23 05:26:05,776 - INFO - Example 31 completed: 521 steps, loss sum: 51.3077, final loss: 0.00099087 (universal rank: 35017)
2025-08-23 05:26:05,776 - INFO - 
=== Training Example 32/100: /home/projects/bagon/shared/imagenet512/val/n07742313/ILSVRC2012_val_00000727.JPEG ===
2025-08-23 05:26:05,790 - INFO - Reset model to original weights
2025-08-23 05:26:09,760 - INFO - Step 100/10000, current loss: 0.29418945, loss sum: 302.6382
2025-08-23 05:26:13,664 - INFO - Step 200/10000, current loss: 0.03356934, loss sum: 312.7575
2025-08-23 05:26:17,554 - INFO - Step 300/10000, current loss: 0.00810242, loss sum: 314.5470
2025-08-23 05:26:21,419 - INFO - Step 400/10000, current loss: 0.00200272, loss sum: 314.9616
2025-08-23 05:26:25,340 - INFO - Step 500/10000, current loss: 0.00108910, loss sum: 315.1073
2025-08-23 05:26:26,086 - INFO - Example /home/projects/bagon/shared/imagenet512/val/n07742313/ILSVRC2012_val_00000727.JPEG reached epsilon at step 519, loss sum: 315.1271, final loss: 0.00099564
2025-08-23 05:26:26,091 - INFO - Example 32 completed: 519 steps, loss sum: 315.1271, final loss: 0.00099564 (universal rank: 35024)
2025-08-23 05:26:26,091 - INFO - 
=== Training Example 33/100: /home/projects/bagon/shared/imagenet512/val/n03424325/ILSVRC2012_val_00043852.JPEG ===
2025-08-23 05:26:26,104 - INFO - Reset model to original weights
2025-08-23 05:26:30,052 - INFO - Step 100/10000, current loss: 0.43310547, loss sum: 134.9036
2025-08-23 05:26:33,985 - INFO - Step 200/10000, current loss: 0.09307861, loss sum: 156.3431
2025-08-23 05:26:37,912 - INFO - Step 300/10000, current loss: 0.02696228, loss sum: 161.4844
2025-08-23 05:26:41,842 - INFO - Step 400/10000, current loss: 0.00946045, loss sum: 163.1472
2025-08-23 05:26:45,771 - INFO - Step 500/10000, current loss: 0.00375366, loss sum: 163.7660
2025-08-23 05:26:49,714 - INFO - Step 600/10000, current loss: 0.00144196, loss sum: 164.0017
2025-08-23 05:26:52,423 - INFO - Example /home/projects/bagon/shared/imagenet512/val/n03424325/ILSVRC2012_val_00043852.JPEG reached epsilon at step 669, loss sum: 164.0835, final loss: 0.00099468
2025-08-23 05:26:52,428 - INFO - Example 33 completed: 669 steps, loss sum: 164.0835, final loss: 0.00099468 (universal rank: 35400)
2025-08-23 05:26:52,429 - INFO - 
=== Training Example 34/100: /home/projects/bagon/shared/imagenet512/val/n03188531/ILSVRC2012_val_00024495.JPEG ===
2025-08-23 05:26:52,442 - INFO - Reset model to original weights
2025-08-23 05:26:56,400 - INFO - Step 100/10000, current loss: 0.64013672, loss sum: 173.7734
2025-08-23 05:27:00,342 - INFO - Step 200/10000, current loss: 0.19604492, loss sum: 208.4392
2025-08-23 05:27:04,273 - INFO - Step 300/10000, current loss: 0.08111572, loss sum: 221.0063
2025-08-23 05:27:08,221 - INFO - Step 400/10000, current loss: 0.03564453, loss sum: 226.7467
2025-08-23 05:27:12,146 - INFO - Step 500/10000, current loss: 0.01570129, loss sum: 229.1731
2025-08-23 05:27:16,079 - INFO - Step 600/10000, current loss: 0.00499344, loss sum: 230.1605
2025-08-23 05:27:20,002 - INFO - Step 700/10000, current loss: 0.00172234, loss sum: 230.4644
2025-08-23 05:27:23,387 - INFO - Example /home/projects/bagon/shared/imagenet512/val/n03188531/ILSVRC2012_val_00024495.JPEG reached epsilon at step 786, loss sum: 230.5741, final loss: 0.00099659
2025-08-23 05:27:23,392 - INFO - Example 34 completed: 786 steps, loss sum: 230.5741, final loss: 0.00099659 (universal rank: 35971)
2025-08-23 05:27:23,392 - INFO - 
=== Training Example 35/100: /home/projects/bagon/shared/imagenet512/val/n03933933/ILSVRC2012_val_00014898.JPEG ===
2025-08-23 05:27:23,406 - INFO - Reset model to original weights
2025-08-23 05:27:27,336 - INFO - Step 100/10000, current loss: 0.06604004, loss sum: 112.0116
2025-08-23 05:27:31,267 - INFO - Step 200/10000, current loss: 0.00621414, loss sum: 114.0408
2025-08-23 05:27:35,199 - INFO - Step 300/10000, current loss: 0.00294876, loss sum: 114.4555
2025-08-23 05:27:39,151 - INFO - Step 400/10000, current loss: 0.00195312, loss sum: 114.6934
2025-08-23 05:27:43,127 - INFO - Step 500/10000, current loss: 0.00147533, loss sum: 114.8625
2025-08-23 05:27:47,098 - INFO - Step 600/10000, current loss: 0.00118160, loss sum: 114.9943
2025-08-23 05:27:50,588 - INFO - Example /home/projects/bagon/shared/imagenet512/val/n03933933/ILSVRC2012_val_00014898.JPEG reached epsilon at step 688, loss sum: 115.0899, final loss: 0.00099564
2025-08-23 05:27:50,593 - INFO - Example 35 completed: 688 steps, loss sum: 115.0899, final loss: 0.00099564 (universal rank: 36282)
2025-08-23 05:27:50,593 - INFO - 
=== Training Example 36/100: /home/projects/bagon/shared/imagenet512/val/n03891251/ILSVRC2012_val_00027250.JPEG ===
2025-08-23 05:27:50,607 - INFO - Reset model to original weights
2025-08-23 05:27:54,573 - INFO - Step 100/10000, current loss: 0.39428711, loss sum: 222.7544
2025-08-23 05:27:58,488 - INFO - Step 200/10000, current loss: 0.00785828, loss sum: 229.5208
2025-08-23 05:28:02,399 - INFO - Step 300/10000, current loss: 0.00167751, loss sum: 229.8630
2025-08-23 05:28:05,655 - INFO - Example /home/projects/bagon/shared/imagenet512/val/n03891251/ILSVRC2012_val_00027250.JPEG reached epsilon at step 382, loss sum: 229.9679, final loss: 0.00099373
2025-08-23 05:28:05,660 - INFO - Example 36 completed: 382 steps, loss sum: 229.9679, final loss: 0.00099373 (universal rank: 36358)
2025-08-23 05:28:05,660 - INFO - 
=== Training Example 37/100: /home/projects/bagon/shared/imagenet512/val/n03032252/ILSVRC2012_val_00034810.JPEG ===
2025-08-23 05:28:05,674 - INFO - Reset model to original weights
2025-08-23 05:28:09,622 - INFO - Step 100/10000, current loss: 0.00946045, loss sum: 38.3516
2025-08-23 05:28:13,579 - INFO - Step 200/10000, current loss: 0.00226974, loss sum: 38.7981
2025-08-23 05:28:17,546 - INFO - Step 300/10000, current loss: 0.00128460, loss sum: 38.9666
2025-08-23 05:28:20,019 - INFO - Example /home/projects/bagon/shared/imagenet512/val/n03032252/ILSVRC2012_val_00034810.JPEG reached epsilon at step 363, loss sum: 39.0376, final loss: 0.00099850
2025-08-23 05:28:20,023 - INFO - Example 37 completed: 363 steps, loss sum: 39.0376, final loss: 0.00099850 (universal rank: 36360)
2025-08-23 05:28:20,023 - INFO - 
=== Training Example 38/100: /home/projects/bagon/shared/imagenet512/val/n04209133/ILSVRC2012_val_00036943.JPEG ===
2025-08-23 05:28:20,037 - INFO - Reset model to original weights
2025-08-23 05:28:23,989 - INFO - Step 100/10000, current loss: 0.59326172, loss sum: 329.6128
2025-08-23 05:28:27,945 - INFO - Step 200/10000, current loss: 0.00309563, loss sum: 343.7276
2025-08-23 05:28:31,884 - INFO - Step 300/10000, current loss: 0.00120449, loss sum: 343.9096
2025-08-23 05:28:33,487 - INFO - Example /home/projects/bagon/shared/imagenet512/val/n04209133/ILSVRC2012_val_00036943.JPEG reached epsilon at step 341, loss sum: 343.9545, final loss: 0.00099850
2025-08-23 05:28:33,491 - INFO - Example 38 completed: 341 steps, loss sum: 343.9545, final loss: 0.00099850 (universal rank: 36364)
2025-08-23 05:28:33,491 - INFO - 
=== Training Example 39/100: /home/projects/bagon/shared/imagenet512/val/n03141823/ILSVRC2012_val_00044883.JPEG ===
2025-08-23 05:28:33,506 - INFO - Reset model to original weights
2025-08-23 05:28:37,408 - INFO - Step 100/10000, current loss: 0.13427734, loss sum: 118.5958
2025-08-23 05:28:41,317 - INFO - Step 200/10000, current loss: 0.00345993, loss sum: 121.8012
2025-08-23 05:28:45,233 - INFO - Step 300/10000, current loss: 0.00121498, loss sum: 121.9946
2025-08-23 05:28:46,529 - INFO - Example /home/projects/bagon/shared/imagenet512/val/n03141823/ILSVRC2012_val_00044883.JPEG reached epsilon at step 333, loss sum: 122.0307, final loss: 0.00099182
2025-08-23 05:28:46,533 - INFO - Example 39 completed: 333 steps, loss sum: 122.0307, final loss: 0.00099182 (universal rank: 36651)
2025-08-23 05:28:46,533 - INFO - 
=== Training Example 40/100: /home/projects/bagon/shared/imagenet512/val/n09472597/ILSVRC2012_val_00036278.JPEG ===
2025-08-23 05:28:46,547 - INFO - Reset model to original weights
2025-08-23 05:28:50,467 - INFO - Step 100/10000, current loss: 0.00600815, loss sum: 41.8788
2025-08-23 05:28:54,371 - INFO - Step 200/10000, current loss: 0.00113869, loss sum: 42.1184
2025-08-23 05:28:55,118 - INFO - Example /home/projects/bagon/shared/imagenet512/val/n09472597/ILSVRC2012_val_00036278.JPEG reached epsilon at step 219, loss sum: 42.1387, final loss: 0.00099659
2025-08-23 05:28:55,123 - INFO - Example 40 completed: 219 steps, loss sum: 42.1387, final loss: 0.00099659 (universal rank: 36743)
2025-08-23 05:28:55,123 - INFO - 
=== Training Example 41/100: /home/projects/bagon/shared/imagenet512/val/n03929855/ILSVRC2012_val_00001723.JPEG ===
2025-08-23 05:28:55,137 - INFO - Reset model to original weights
2025-08-23 05:28:59,039 - INFO - Step 100/10000, current loss: 0.00740433, loss sum: 31.9961
2025-08-23 05:29:02,957 - INFO - Step 200/10000, current loss: 0.00137043, loss sum: 32.2702
2025-08-23 05:29:04,955 - INFO - Example /home/projects/bagon/shared/imagenet512/val/n03929855/ILSVRC2012_val_00001723.JPEG reached epsilon at step 251, loss sum: 32.3294, final loss: 0.00099659
2025-08-23 05:29:04,960 - INFO - Example 41 completed: 251 steps, loss sum: 32.3294, final loss: 0.00099659 (universal rank: 37868)
2025-08-23 05:29:04,960 - INFO - 
=== Training Example 42/100: /home/projects/bagon/shared/imagenet512/val/n01632458/ILSVRC2012_val_00049103.JPEG ===
2025-08-23 05:29:04,974 - INFO - Reset model to original weights
2025-08-23 05:29:08,887 - INFO - Step 100/10000, current loss: 0.03793335, loss sum: 137.0420
2025-08-23 05:29:12,804 - INFO - Step 200/10000, current loss: 0.00722504, loss sum: 138.6905
2025-08-23 05:29:16,745 - INFO - Step 300/10000, current loss: 0.00271606, loss sum: 139.1236
2025-08-23 05:29:20,670 - INFO - Step 400/10000, current loss: 0.00167656, loss sum: 139.3350
2025-08-23 05:29:24,627 - INFO - Step 500/10000, current loss: 0.00120926, loss sum: 139.4766
2025-08-23 05:29:27,363 - INFO - Example /home/projects/bagon/shared/imagenet512/val/n01632458/ILSVRC2012_val_00049103.JPEG reached epsilon at step 569, loss sum: 139.5527, final loss: 0.00099659
2025-08-23 05:29:27,369 - INFO - Example 42 completed: 569 steps, loss sum: 139.5527, final loss: 0.00099659 (universal rank: 37960)
2025-08-23 05:29:27,369 - INFO - 
=== Training Example 43/100: /home/projects/bagon/shared/imagenet512/val/n07932039/ILSVRC2012_val_00044539.JPEG ===
2025-08-23 05:29:27,383 - INFO - Reset model to original weights
2025-08-23 05:29:31,354 - INFO - Step 100/10000, current loss: 0.04663086, loss sum: 22.3268
2025-08-23 05:29:35,324 - INFO - Step 200/10000, current loss: 0.01069641, loss sum: 24.7609
2025-08-23 05:29:39,263 - INFO - Step 300/10000, current loss: 0.00283813, loss sum: 25.3194
2025-08-23 05:29:43,208 - INFO - Step 400/10000, current loss: 0.00156498, loss sum: 25.5264
2025-08-23 05:29:47,133 - INFO - Step 500/10000, current loss: 0.00108910, loss sum: 25.6564
2025-08-23 05:29:48,230 - INFO - Example /home/projects/bagon/shared/imagenet512/val/n07932039/ILSVRC2012_val_00044539.JPEG reached epsilon at step 528, loss sum: 25.6856, final loss: 0.00099945
2025-08-23 05:29:48,234 - INFO - Example 43 completed: 528 steps, loss sum: 25.6856, final loss: 0.00099945 (universal rank: 38045)
2025-08-23 05:29:48,234 - INFO - 
=== Training Example 44/100: /home/projects/bagon/shared/imagenet512/val/n02799071/ILSVRC2012_val_00017083.JPEG ===
2025-08-23 05:29:48,248 - INFO - Reset model to original weights
2025-08-23 05:29:52,122 - INFO - Step 100/10000, current loss: 0.09832764, loss sum: 138.2814
2025-08-23 05:29:56,036 - INFO - Step 200/10000, current loss: 0.00371170, loss sum: 140.1397
2025-08-23 05:29:59,942 - INFO - Step 300/10000, current loss: 0.00170135, loss sum: 140.3778
2025-08-23 05:30:03,860 - INFO - Step 400/10000, current loss: 0.00113678, loss sum: 140.5148
2025-08-23 05:30:05,604 - INFO - Example /home/projects/bagon/shared/imagenet512/val/n02799071/ILSVRC2012_val_00017083.JPEG reached epsilon at step 444, loss sum: 140.5620, final loss: 0.00099754
2025-08-23 05:30:05,609 - INFO - Example 44 completed: 444 steps, loss sum: 140.5620, final loss: 0.00099754 (universal rank: 38313)
2025-08-23 05:30:05,609 - INFO - 
=== Training Example 45/100: /home/projects/bagon/shared/imagenet512/val/n02074367/ILSVRC2012_val_00028337.JPEG ===
2025-08-23 05:30:05,623 - INFO - Reset model to original weights
2025-08-23 05:30:09,525 - INFO - Step 100/10000, current loss: 0.00852966, loss sum: 81.3841
2025-08-23 05:30:13,425 - INFO - Step 200/10000, current loss: 0.00179195, loss sum: 81.7343
2025-08-23 05:30:17,342 - INFO - Step 300/10000, current loss: 0.00101948, loss sum: 81.8684
2025-08-23 05:30:17,542 - INFO - Example /home/projects/bagon/shared/imagenet512/val/n02074367/ILSVRC2012_val_00028337.JPEG reached epsilon at step 305, loss sum: 81.8734, final loss: 0.00099373
2025-08-23 05:30:17,546 - INFO - Example 45 completed: 305 steps, loss sum: 81.8734, final loss: 0.00099373 (universal rank: 38416)
2025-08-23 05:30:17,546 - INFO - 
=== Training Example 46/100: /home/projects/bagon/shared/imagenet512/val/n03100240/ILSVRC2012_val_00027508.JPEG ===
2025-08-23 05:30:17,560 - INFO - Reset model to original weights
2025-08-23 05:30:21,447 - INFO - Step 100/10000, current loss: 0.18139648, loss sum: 63.6926
2025-08-23 05:30:25,373 - INFO - Step 200/10000, current loss: 0.03820801, loss sum: 72.1311
2025-08-23 05:30:29,289 - INFO - Step 300/10000, current loss: 0.01808167, loss sum: 74.6714
2025-08-23 05:30:33,211 - INFO - Step 400/10000, current loss: 0.00930023, loss sum: 75.9538
2025-08-23 05:30:37,119 - INFO - Step 500/10000, current loss: 0.00503922, loss sum: 76.6466
2025-08-23 05:30:41,026 - INFO - Step 600/10000, current loss: 0.00290108, loss sum: 77.0231
2025-08-23 05:30:44,948 - INFO - Step 700/10000, current loss: 0.00204086, loss sum: 77.2642
2025-08-23 05:30:48,864 - INFO - Step 800/10000, current loss: 0.00158310, loss sum: 77.4438
2025-08-23 05:30:52,765 - INFO - Step 900/10000, current loss: 0.00129986, loss sum: 77.5859
2025-08-23 05:30:56,739 - INFO - Step 1000/10000, current loss: 0.00106335, loss sum: 77.7018
2025-08-23 05:30:57,885 - INFO - Example /home/projects/bagon/shared/imagenet512/val/n03100240/ILSVRC2012_val_00027508.JPEG reached epsilon at step 1029, loss sum: 77.7317, final loss: 0.00099945
2025-08-23 05:30:57,890 - INFO - Example 46 completed: 1029 steps, loss sum: 77.7317, final loss: 0.00099945 (universal rank: 38481)
2025-08-23 05:30:57,891 - INFO - 
=== Training Example 47/100: /home/projects/bagon/shared/imagenet512/val/n01698640/ILSVRC2012_val_00048828.JPEG ===
2025-08-23 05:30:57,904 - INFO - Reset model to original weights
2025-08-23 05:31:01,852 - INFO - Step 100/10000, current loss: 0.00377655, loss sum: 19.1600
2025-08-23 05:31:05,816 - INFO - Step 200/10000, current loss: 0.00131893, loss sum: 19.3709
2025-08-23 05:31:07,740 - INFO - Example /home/projects/bagon/shared/imagenet512/val/n01698640/ILSVRC2012_val_00048828.JPEG reached epsilon at step 249, loss sum: 19.4268, final loss: 0.00099277
2025-08-23 05:31:07,744 - INFO - Example 47 completed: 249 steps, loss sum: 19.4268, final loss: 0.00099277 (universal rank: 38551)
2025-08-23 05:31:07,744 - INFO - 
=== Training Example 48/100: /home/projects/bagon/shared/imagenet512/val/n02841315/ILSVRC2012_val_00005526.JPEG ===
2025-08-23 05:31:07,758 - INFO - Reset model to original weights
2025-08-23 05:31:11,680 - INFO - Step 100/10000, current loss: 0.61328125, loss sum: 199.0186
2025-08-23 05:31:15,584 - INFO - Step 200/10000, current loss: 0.08978271, loss sum: 227.4923
2025-08-23 05:31:19,482 - INFO - Step 300/10000, current loss: 0.01609802, loss sum: 231.6245
2025-08-23 05:31:23,383 - INFO - Step 400/10000, current loss: 0.00397110, loss sum: 232.4635
2025-08-23 05:31:27,301 - INFO - Step 500/10000, current loss: 0.00147915, loss sum: 232.6926
2025-08-23 05:31:30,252 - INFO - Example /home/projects/bagon/shared/imagenet512/val/n02841315/ILSVRC2012_val_00005526.JPEG reached epsilon at step 575, loss sum: 232.7833, final loss: 0.00099850
2025-08-23 05:31:30,257 - INFO - Example 48 completed: 575 steps, loss sum: 232.7833, final loss: 0.00099850 (universal rank: 38673)
2025-08-23 05:31:30,258 - INFO - 
=== Training Example 49/100: /home/projects/bagon/shared/imagenet512/val/n01697457/ILSVRC2012_val_00043428.JPEG ===
2025-08-23 05:31:30,271 - INFO - Reset model to original weights
2025-08-23 05:31:34,199 - INFO - Step 100/10000, current loss: 0.03488159, loss sum: 92.6240
2025-08-23 05:31:38,140 - INFO - Step 200/10000, current loss: 0.00251198, loss sum: 93.5970
2025-08-23 05:31:42,090 - INFO - Step 300/10000, current loss: 0.00118446, loss sum: 93.7617
2025-08-23 05:31:43,700 - INFO - Example /home/projects/bagon/shared/imagenet512/val/n01697457/ILSVRC2012_val_00043428.JPEG reached epsilon at step 341, loss sum: 93.8061, final loss: 0.00099277
2025-08-23 05:31:43,704 - INFO - Example 49 completed: 341 steps, loss sum: 93.8061, final loss: 0.00099277 (universal rank: 38874)
2025-08-23 05:31:43,704 - INFO - 
=== Training Example 50/100: /home/projects/bagon/shared/imagenet512/val/n03000684/ILSVRC2012_val_00026061.JPEG ===
2025-08-23 05:31:43,718 - INFO - Reset model to original weights
2025-08-23 05:31:47,660 - INFO - Step 100/10000, current loss: 0.00382042, loss sum: 55.9664
2025-08-23 05:31:49,815 - INFO - Example /home/projects/bagon/shared/imagenet512/val/n03000684/ILSVRC2012_val_00026061.JPEG reached epsilon at step 155, loss sum: 56.0626, final loss: 0.00098801
2025-08-23 05:31:49,820 - INFO - Example 50 completed: 155 steps, loss sum: 56.0626, final loss: 0.00098801 (universal rank: 38913)
2025-08-23 05:31:49,820 - INFO - 
=== Training Example 51/100: /home/projects/bagon/shared/imagenet512/val/n04532106/ILSVRC2012_val_00031518.JPEG ===
2025-08-23 05:31:49,833 - INFO - Reset model to original weights
2025-08-23 05:31:53,765 - INFO - Step 100/10000, current loss: 0.07043457, loss sum: 106.5460
2025-08-23 05:31:57,690 - INFO - Step 200/10000, current loss: 0.00724792, loss sum: 108.9095
2025-08-23 05:32:01,616 - INFO - Step 300/10000, current loss: 0.00181103, loss sum: 109.2503
2025-08-23 05:32:05,555 - INFO - Step 400/10000, current loss: 0.00102234, loss sum: 109.3839
2025-08-23 05:32:05,750 - INFO - Example /home/projects/bagon/shared/imagenet512/val/n04532106/ILSVRC2012_val_00031518.JPEG reached epsilon at step 405, loss sum: 109.3889, final loss: 0.00099754
2025-08-23 05:32:05,756 - INFO - Example 51 completed: 405 steps, loss sum: 109.3889, final loss: 0.00099754 (universal rank: 38916)
2025-08-23 05:32:05,756 - INFO - 
=== Training Example 52/100: /home/projects/bagon/shared/imagenet512/val/n02747177/ILSVRC2012_val_00049367.JPEG ===
2025-08-23 05:32:05,770 - INFO - Reset model to original weights
2025-08-23 05:32:09,684 - INFO - Step 100/10000, current loss: 0.02253723, loss sum: 71.9578
2025-08-23 05:32:13,617 - INFO - Step 200/10000, current loss: 0.00285149, loss sum: 72.6789
2025-08-23 05:32:17,535 - INFO - Step 300/10000, current loss: 0.00143814, loss sum: 72.8769
2025-08-23 05:32:21,035 - INFO - Example /home/projects/bagon/shared/imagenet512/val/n02747177/ILSVRC2012_val_00049367.JPEG reached epsilon at step 390, loss sum: 72.9838, final loss: 0.00099468
2025-08-23 05:32:21,040 - INFO - Example 52 completed: 390 steps, loss sum: 72.9838, final loss: 0.00099468 (universal rank: 39837)
2025-08-23 05:32:21,040 - INFO - 
=== Training Example 53/100: /home/projects/bagon/shared/imagenet512/val/n02088094/ILSVRC2012_val_00032668.JPEG ===
2025-08-23 05:32:21,053 - INFO - Reset model to original weights
2025-08-23 05:32:24,972 - INFO - Step 100/10000, current loss: 0.01876831, loss sum: 178.4671
2025-08-23 05:32:28,877 - INFO - Step 200/10000, current loss: 0.00181866, loss sum: 178.9275
2025-08-23 05:32:32,398 - INFO - Example /home/projects/bagon/shared/imagenet512/val/n02088094/ILSVRC2012_val_00032668.JPEG reached epsilon at step 290, loss sum: 179.0465, final loss: 0.00099850
2025-08-23 05:32:32,403 - INFO - Example 53 completed: 290 steps, loss sum: 179.0465, final loss: 0.00099850 (universal rank: 39889)
2025-08-23 05:32:32,404 - INFO - 
=== Training Example 54/100: /home/projects/bagon/shared/imagenet512/val/n01798484/ILSVRC2012_val_00045043.JPEG ===
2025-08-23 05:32:32,418 - INFO - Reset model to original weights
2025-08-23 05:32:36,347 - INFO - Step 100/10000, current loss: 0.00700378, loss sum: 6.4895
2025-08-23 05:32:40,241 - INFO - Step 200/10000, current loss: 0.00240135, loss sum: 6.8785
2025-08-23 05:32:44,195 - INFO - Step 300/10000, current loss: 0.00144577, loss sum: 7.0619
2025-08-23 05:32:48,160 - INFO - Step 400/10000, current loss: 0.00103092, loss sum: 7.1824
2025-08-23 05:32:48,519 - INFO - Example /home/projects/bagon/shared/imagenet512/val/n01798484/ILSVRC2012_val_00045043.JPEG reached epsilon at step 409, loss sum: 7.1915, final loss: 0.00099945
2025-08-23 05:32:48,523 - INFO - Example 54 completed: 409 steps, loss sum: 7.1915, final loss: 0.00099945 (universal rank: 39904)
2025-08-23 05:32:48,524 - INFO - 
=== Training Example 55/100: /home/projects/bagon/shared/imagenet512/val/n02504013/ILSVRC2012_val_00048547.JPEG ===
2025-08-23 05:32:48,538 - INFO - Reset model to original weights
2025-08-23 05:32:52,485 - INFO - Step 100/10000, current loss: 0.06262207, loss sum: 44.0831
2025-08-23 05:32:56,463 - INFO - Step 200/10000, current loss: 0.00558090, loss sum: 46.5708
2025-08-23 05:33:00,494 - INFO - Step 300/10000, current loss: 0.00197220, loss sum: 46.8839
2025-08-23 05:33:04,448 - INFO - Step 400/10000, current loss: 0.00111961, loss sum: 47.0305
2025-08-23 05:33:05,527 - INFO - Example /home/projects/bagon/shared/imagenet512/val/n02504013/ILSVRC2012_val_00048547.JPEG reached epsilon at step 427, loss sum: 47.0591, final loss: 0.00099850
2025-08-23 05:33:05,533 - INFO - Example 55 completed: 427 steps, loss sum: 47.0591, final loss: 0.00099850 (universal rank: 40490)
2025-08-23 05:33:05,533 - INFO - 
=== Training Example 56/100: /home/projects/bagon/shared/imagenet512/val/n02791124/ILSVRC2012_val_00044898.JPEG ===
2025-08-23 05:33:05,546 - INFO - Reset model to original weights
2025-08-23 05:33:09,496 - INFO - Step 100/10000, current loss: 0.10821533, loss sum: 42.5758
2025-08-23 05:33:13,449 - INFO - Step 200/10000, current loss: 0.03137207, loss sum: 48.5432
2025-08-23 05:33:17,404 - INFO - Step 300/10000, current loss: 0.01060486, loss sum: 50.4099
2025-08-23 05:33:21,297 - INFO - Step 400/10000, current loss: 0.00384903, loss sum: 51.0603
2025-08-23 05:33:25,246 - INFO - Step 500/10000, current loss: 0.00155067, loss sum: 51.3079
2025-08-23 05:33:28,378 - INFO - Example /home/projects/bagon/shared/imagenet512/val/n02791124/ILSVRC2012_val_00044898.JPEG reached epsilon at step 580, loss sum: 51.4054, final loss: 0.00098038
2025-08-23 05:33:28,384 - INFO - Example 56 completed: 580 steps, loss sum: 51.4054, final loss: 0.00098038 (universal rank: 40576)
2025-08-23 05:33:28,384 - INFO - 
=== Training Example 57/100: /home/projects/bagon/shared/imagenet512/val/n01749939/ILSVRC2012_val_00049542.JPEG ===
2025-08-23 05:33:28,398 - INFO - Reset model to original weights
2025-08-23 05:33:32,337 - INFO - Step 100/10000, current loss: 0.00814819, loss sum: 24.8915
2025-08-23 05:33:36,246 - INFO - Step 200/10000, current loss: 0.00271416, loss sum: 25.3283
2025-08-23 05:33:40,164 - INFO - Step 300/10000, current loss: 0.00167370, loss sum: 25.5384
2025-08-23 05:33:44,077 - INFO - Step 400/10000, current loss: 0.00119114, loss sum: 25.6787
2025-08-23 05:33:46,672 - INFO - Example /home/projects/bagon/shared/imagenet512/val/n01749939/ILSVRC2012_val_00049542.JPEG reached epsilon at step 466, loss sum: 25.7503, final loss: 0.00099468
2025-08-23 05:33:46,676 - INFO - Example 57 completed: 466 steps, loss sum: 25.7503, final loss: 0.00099468 (universal rank: 40711)
2025-08-23 05:33:46,676 - INFO - 
=== Training Example 58/100: /home/projects/bagon/shared/imagenet512/val/n04356056/ILSVRC2012_val_00048182.JPEG ===
2025-08-23 05:33:46,689 - INFO - Reset model to original weights
2025-08-23 05:33:50,635 - INFO - Step 100/10000, current loss: 0.33789062, loss sum: 64.9604
2025-08-23 05:33:54,576 - INFO - Step 200/10000, current loss: 0.10046387, loss sum: 83.8676
2025-08-23 05:33:58,553 - INFO - Step 300/10000, current loss: 0.03909302, loss sum: 90.3464
2025-08-23 05:34:02,521 - INFO - Step 400/10000, current loss: 0.01280212, loss sum: 92.6884
2025-08-23 05:34:06,501 - INFO - Step 500/10000, current loss: 0.00605392, loss sum: 93.5548
2025-08-23 05:34:10,463 - INFO - Step 600/10000, current loss: 0.00392532, loss sum: 94.0392
2025-08-23 05:34:14,429 - INFO - Step 700/10000, current loss: 0.00283623, loss sum: 94.3722
2025-08-23 05:34:18,416 - INFO - Step 800/10000, current loss: 0.00219345, loss sum: 94.6223
2025-08-23 05:34:22,339 - INFO - Step 900/10000, current loss: 0.00181007, loss sum: 94.8213
2025-08-23 05:34:26,299 - INFO - Step 1000/10000, current loss: 0.00149727, loss sum: 94.9853
2025-08-23 05:34:30,233 - INFO - Step 1100/10000, current loss: 0.00129223, loss sum: 95.1240
2025-08-23 05:34:34,184 - INFO - Step 1200/10000, current loss: 0.00111771, loss sum: 95.2438
2025-08-23 05:34:37,558 - INFO - Example /home/projects/bagon/shared/imagenet512/val/n04356056/ILSVRC2012_val_00048182.JPEG reached epsilon at step 1285, loss sum: 95.3339, final loss: 0.00099945
2025-08-23 05:34:37,564 - INFO - Example 58 completed: 1285 steps, loss sum: 95.3339, final loss: 0.00099945 (universal rank: 41674)
2025-08-23 05:34:37,564 - INFO - 
=== Training Example 59/100: /home/projects/bagon/shared/imagenet512/val/n03404251/ILSVRC2012_val_00036931.JPEG ===
2025-08-23 05:34:37,578 - INFO - Reset model to original weights
2025-08-23 05:34:41,548 - INFO - Step 100/10000, current loss: 0.00709534, loss sum: 63.5503
2025-08-23 05:34:45,501 - INFO - Step 200/10000, current loss: 0.00197220, loss sum: 63.9032
2025-08-23 05:34:49,463 - INFO - Step 300/10000, current loss: 0.00113964, loss sum: 64.0514
2025-08-23 05:34:50,883 - INFO - Example /home/projects/bagon/shared/imagenet512/val/n03404251/ILSVRC2012_val_00036931.JPEG reached epsilon at step 336, loss sum: 64.0898, final loss: 0.00099087
2025-08-23 05:34:50,887 - INFO - Example 59 completed: 336 steps, loss sum: 64.0898, final loss: 0.00099087 (universal rank: 42303)
2025-08-23 05:34:50,887 - INFO - 
=== Training Example 60/100: /home/projects/bagon/shared/imagenet512/val/n02110185/ILSVRC2012_val_00024432.JPEG ===
2025-08-23 05:34:50,901 - INFO - Reset model to original weights
2025-08-23 05:34:54,890 - INFO - Step 100/10000, current loss: 0.18957520, loss sum: 62.7952
2025-08-23 05:34:58,828 - INFO - Step 200/10000, current loss: 0.02830505, loss sum: 71.4186
2025-08-23 05:35:02,752 - INFO - Step 300/10000, current loss: 0.00731659, loss sum: 72.8367
2025-08-23 05:35:06,691 - INFO - Step 400/10000, current loss: 0.00371170, loss sum: 73.3540
2025-08-23 05:35:10,594 - INFO - Step 500/10000, current loss: 0.00247955, loss sum: 73.6568
2025-08-23 05:35:14,528 - INFO - Step 600/10000, current loss: 0.00186729, loss sum: 73.8715
2025-08-23 05:35:18,465 - INFO - Step 700/10000, current loss: 0.00146675, loss sum: 74.0371
2025-08-23 05:35:22,370 - INFO - Step 800/10000, current loss: 0.00122452, loss sum: 74.1712
2025-08-23 05:35:26,295 - INFO - Step 900/10000, current loss: 0.00103283, loss sum: 74.2837
2025-08-23 05:35:27,348 - INFO - Example /home/projects/bagon/shared/imagenet512/val/n02110185/ILSVRC2012_val_00024432.JPEG reached epsilon at step 927, loss sum: 74.3112, final loss: 0.00099468
2025-08-23 05:35:27,353 - INFO - Example 60 completed: 927 steps, loss sum: 74.3112, final loss: 0.00099468 (universal rank: 42474)
2025-08-23 05:35:27,353 - INFO - 
=== Training Example 61/100: /home/projects/bagon/shared/imagenet512/val/n04479046/ILSVRC2012_val_00021687.JPEG ===
2025-08-23 05:35:27,367 - INFO - Reset model to original weights
2025-08-23 05:35:31,298 - INFO - Step 100/10000, current loss: 2.78125000, loss sum: 362.9902
2025-08-23 05:35:35,237 - INFO - Step 200/10000, current loss: 0.94140625, loss sum: 553.5732
2025-08-23 05:35:39,166 - INFO - Step 300/10000, current loss: 0.20312500, loss sum: 601.0061
2025-08-23 05:35:43,113 - INFO - Step 400/10000, current loss: 0.03811646, loss sum: 610.6349
2025-08-23 05:35:47,036 - INFO - Step 500/10000, current loss: 0.01064301, loss sum: 612.7523
2025-08-23 05:35:50,983 - INFO - Step 600/10000, current loss: 0.00395966, loss sum: 613.4200
2025-08-23 05:35:54,927 - INFO - Step 700/10000, current loss: 0.00164413, loss sum: 613.6729
2025-08-23 05:35:58,876 - INFO - Step 800/10000, current loss: 0.00105190, loss sum: 613.8024
2025-08-23 05:35:59,355 - INFO - Example /home/projects/bagon/shared/imagenet512/val/n04479046/ILSVRC2012_val_00021687.JPEG reached epsilon at step 812, loss sum: 613.8146, final loss: 0.00098801
2025-08-23 05:35:59,360 - INFO - Example 61 completed: 812 steps, loss sum: 613.8146, final loss: 0.00098801 (universal rank: 42481)
2025-08-23 05:35:59,360 - INFO - 
=== Training Example 62/100: /home/projects/bagon/shared/imagenet512/val/n02783161/ILSVRC2012_val_00025837.JPEG ===
2025-08-23 05:35:59,374 - INFO - Reset model to original weights
2025-08-23 05:36:03,339 - INFO - Step 100/10000, current loss: 0.20776367, loss sum: 131.3379
2025-08-23 05:36:07,284 - INFO - Step 200/10000, current loss: 0.03787231, loss sum: 140.0378
2025-08-23 05:36:11,230 - INFO - Step 300/10000, current loss: 0.01236725, loss sum: 142.3197
2025-08-23 05:36:15,171 - INFO - Step 400/10000, current loss: 0.00417328, loss sum: 143.0865
2025-08-23 05:36:19,106 - INFO - Step 500/10000, current loss: 0.00230980, loss sum: 143.3913
2025-08-23 05:36:23,023 - INFO - Step 600/10000, current loss: 0.00159645, loss sum: 143.5823
2025-08-23 05:36:26,974 - INFO - Step 700/10000, current loss: 0.00122070, loss sum: 143.7213
2025-08-23 05:36:30,335 - INFO - Example /home/projects/bagon/shared/imagenet512/val/n02783161/ILSVRC2012_val_00025837.JPEG reached epsilon at step 785, loss sum: 143.8152, final loss: 0.00099754
2025-08-23 05:36:30,341 - INFO - Example 62 completed: 785 steps, loss sum: 143.8152, final loss: 0.00099754 (universal rank: 42610)
2025-08-23 05:36:30,341 - INFO - 
=== Training Example 63/100: /home/projects/bagon/shared/imagenet512/val/n04479046/ILSVRC2012_val_00026753.JPEG ===
2025-08-23 05:36:30,354 - INFO - Reset model to original weights
2025-08-23 05:36:34,284 - INFO - Step 100/10000, current loss: 0.02301025, loss sum: 61.1905
2025-08-23 05:36:38,217 - INFO - Step 200/10000, current loss: 0.00432205, loss sum: 62.2150
2025-08-23 05:36:42,152 - INFO - Step 300/10000, current loss: 0.00218773, loss sum: 62.5161
2025-08-23 05:36:46,074 - INFO - Step 400/10000, current loss: 0.00147724, loss sum: 62.6945
2025-08-23 05:36:50,014 - INFO - Step 500/10000, current loss: 0.00111008, loss sum: 62.8220
2025-08-23 05:36:51,750 - INFO - Example /home/projects/bagon/shared/imagenet512/val/n04479046/ILSVRC2012_val_00026753.JPEG reached epsilon at step 544, loss sum: 62.8684, final loss: 0.00099754
2025-08-23 05:36:51,754 - INFO - Example 63 completed: 544 steps, loss sum: 62.8684, final loss: 0.00099754 (universal rank: 42790)
2025-08-23 05:36:51,755 - INFO - 
=== Training Example 64/100: /home/projects/bagon/shared/imagenet512/val/n04347754/ILSVRC2012_val_00024807.JPEG ===
2025-08-23 05:36:51,768 - INFO - Reset model to original weights
2025-08-23 05:36:55,720 - INFO - Step 100/10000, current loss: 1.01660156, loss sum: 237.5117
2025-08-23 05:36:59,663 - INFO - Step 200/10000, current loss: 0.04147339, loss sum: 263.9212
2025-08-23 05:37:03,591 - INFO - Step 300/10000, current loss: 0.00402451, loss sum: 265.5615
2025-08-23 05:37:07,558 - INFO - Step 400/10000, current loss: 0.00121784, loss sum: 265.7748
2025-08-23 05:37:08,739 - INFO - Example /home/projects/bagon/shared/imagenet512/val/n04347754/ILSVRC2012_val_00024807.JPEG reached epsilon at step 430, loss sum: 265.8077, final loss: 0.00099087
2025-08-23 05:37:08,744 - INFO - Example 64 completed: 430 steps, loss sum: 265.8077, final loss: 0.00099087 (universal rank: 43110)
2025-08-23 05:37:08,745 - INFO - 
=== Training Example 65/100: /home/projects/bagon/shared/imagenet512/val/n02091134/ILSVRC2012_val_00045708.JPEG ===
2025-08-23 05:37:08,758 - INFO - Reset model to original weights
2025-08-23 05:37:12,714 - INFO - Step 100/10000, current loss: 0.07476807, loss sum: 51.1946
2025-08-23 05:37:16,644 - INFO - Step 200/10000, current loss: 0.01340485, loss sum: 54.4668
2025-08-23 05:37:20,564 - INFO - Step 300/10000, current loss: 0.00450134, loss sum: 55.2445
2025-08-23 05:37:24,510 - INFO - Step 400/10000, current loss: 0.00197983, loss sum: 55.5412
2025-08-23 05:37:28,445 - INFO - Step 500/10000, current loss: 0.00130558, loss sum: 55.7009
2025-08-23 05:37:32,035 - INFO - Example /home/projects/bagon/shared/imagenet512/val/n02091134/ILSVRC2012_val_00045708.JPEG reached epsilon at step 591, loss sum: 55.8047, final loss: 0.00099850
2025-08-23 05:37:32,039 - INFO - Example 65 completed: 591 steps, loss sum: 55.8047, final loss: 0.00099850 (universal rank: 43348)
2025-08-23 05:37:32,040 - INFO - 
=== Training Example 66/100: /home/projects/bagon/shared/imagenet512/val/n02493509/ILSVRC2012_val_00019961.JPEG ===
2025-08-23 05:37:32,053 - INFO - Reset model to original weights
2025-08-23 05:37:35,994 - INFO - Step 100/10000, current loss: 0.01731873, loss sum: 65.3965
2025-08-23 05:37:39,917 - INFO - Step 200/10000, current loss: 0.00287056, loss sum: 65.9900
2025-08-23 05:37:43,843 - INFO - Step 300/10000, current loss: 0.00154018, loss sum: 66.1980
2025-08-23 05:37:47,791 - INFO - Step 400/10000, current loss: 0.00104809, loss sum: 66.3249
2025-08-23 05:37:48,462 - INFO - Example /home/projects/bagon/shared/imagenet512/val/n02493509/ILSVRC2012_val_00019961.JPEG reached epsilon at step 417, loss sum: 66.3423, final loss: 0.00098896
2025-08-23 05:37:48,466 - INFO - Example 66 completed: 417 steps, loss sum: 66.3423, final loss: 0.00098896 (universal rank: 43372)
2025-08-23 05:37:48,467 - INFO - 
=== Training Example 67/100: /home/projects/bagon/shared/imagenet512/val/n02974003/ILSVRC2012_val_00012517.JPEG ===
2025-08-23 05:37:48,481 - INFO - Reset model to original weights
2025-08-23 05:37:52,396 - INFO - Step 100/10000, current loss: 1.03906250, loss sum: 225.5127
2025-08-23 05:37:56,291 - INFO - Step 200/10000, current loss: 0.06384277, loss sum: 260.5975
2025-08-23 05:38:00,253 - INFO - Step 300/10000, current loss: 0.01096344, loss sum: 263.4213
2025-08-23 05:38:04,187 - INFO - Step 400/10000, current loss: 0.00291061, loss sum: 263.9906
2025-08-23 05:38:08,134 - INFO - Step 500/10000, current loss: 0.00154114, loss sum: 264.1986
2025-08-23 05:38:12,067 - INFO - Step 600/10000, current loss: 0.00104713, loss sum: 264.3238
2025-08-23 05:38:12,695 - INFO - Example /home/projects/bagon/shared/imagenet512/val/n02974003/ILSVRC2012_val_00012517.JPEG reached epsilon at step 616, loss sum: 264.3401, final loss: 0.00099182
2025-08-23 05:38:12,701 - INFO - Example 67 completed: 616 steps, loss sum: 264.3401, final loss: 0.00099182 (universal rank: 43600)
2025-08-23 05:38:12,701 - INFO - 
=== Training Example 68/100: /home/projects/bagon/shared/imagenet512/val/n03781244/ILSVRC2012_val_00010326.JPEG ===
2025-08-23 05:38:12,715 - INFO - Reset model to original weights
2025-08-23 05:38:16,598 - INFO - Step 100/10000, current loss: 0.19262695, loss sum: 76.2859
2025-08-23 05:38:20,525 - INFO - Step 200/10000, current loss: 0.04800415, loss sum: 86.1015
2025-08-23 05:38:24,468 - INFO - Step 300/10000, current loss: 0.01632690, loss sum: 88.8863
2025-08-23 05:38:28,414 - INFO - Step 400/10000, current loss: 0.00476837, loss sum: 89.8515
2025-08-23 05:38:32,364 - INFO - Step 500/10000, current loss: 0.00195312, loss sum: 90.1509
2025-08-23 05:38:36,288 - INFO - Step 600/10000, current loss: 0.00122452, loss sum: 90.3027
2025-08-23 05:38:38,624 - INFO - Example /home/projects/bagon/shared/imagenet512/val/n03781244/ILSVRC2012_val_00010326.JPEG reached epsilon at step 660, loss sum: 90.3688, final loss: 0.00099945
2025-08-23 05:38:38,628 - INFO - Example 68 completed: 660 steps, loss sum: 90.3688, final loss: 0.00099945 (universal rank: 43633)
2025-08-23 05:38:38,629 - INFO - 
=== Training Example 69/100: /home/projects/bagon/shared/imagenet512/val/n03916031/ILSVRC2012_val_00014175.JPEG ===
2025-08-23 05:38:38,642 - INFO - Reset model to original weights
2025-08-23 05:38:42,532 - INFO - Step 100/10000, current loss: 0.01303864, loss sum: 23.7647
2025-08-23 05:38:46,412 - INFO - Step 200/10000, current loss: 0.00271988, loss sum: 24.2930
2025-08-23 05:38:50,322 - INFO - Step 300/10000, current loss: 0.00156689, loss sum: 24.4966
2025-08-23 05:38:54,214 - INFO - Step 400/10000, current loss: 0.00112152, loss sum: 24.6287
2025-08-23 05:38:55,904 - INFO - Example /home/projects/bagon/shared/imagenet512/val/n03916031/ILSVRC2012_val_00014175.JPEG reached epsilon at step 443, loss sum: 24.6743, final loss: 0.00099945
2025-08-23 05:38:55,909 - INFO - Example 69 completed: 443 steps, loss sum: 24.6743, final loss: 0.00099945 (universal rank: 43917)
2025-08-23 05:38:55,909 - INFO - 
=== Training Example 70/100: /home/projects/bagon/shared/imagenet512/val/n06785654/ILSVRC2012_val_00026787.JPEG ===
2025-08-23 05:38:55,923 - INFO - Reset model to original weights
2025-08-23 05:38:59,891 - INFO - Step 100/10000, current loss: 2.45117188, loss sum: 349.6055
2025-08-23 05:39:03,823 - INFO - Step 200/10000, current loss: 0.75781250, loss sum: 497.4131
2025-08-23 05:39:07,769 - INFO - Step 300/10000, current loss: 0.17028809, loss sum: 536.7289
2025-08-23 05:39:11,696 - INFO - Step 400/10000, current loss: 0.02355957, loss sum: 544.3416
2025-08-23 05:39:15,593 - INFO - Step 500/10000, current loss: 0.00507355, loss sum: 545.5283
2025-08-23 05:39:19,509 - INFO - Step 600/10000, current loss: 0.00195885, loss sum: 545.8357
2025-08-23 05:39:23,400 - INFO - Step 700/10000, current loss: 0.00123310, loss sum: 545.9882
2025-08-23 05:39:25,865 - INFO - Example /home/projects/bagon/shared/imagenet512/val/n06785654/ILSVRC2012_val_00026787.JPEG reached epsilon at step 763, loss sum: 546.0578, final loss: 0.00099659
2025-08-23 05:39:25,870 - INFO - Example 70 completed: 763 steps, loss sum: 546.0578, final loss: 0.00099659 (universal rank: 44116)
2025-08-23 05:39:25,870 - INFO - 
=== Training Example 71/100: /home/projects/bagon/shared/imagenet512/val/n04026417/ILSVRC2012_val_00025944.JPEG ===
2025-08-23 05:39:25,884 - INFO - Reset model to original weights
2025-08-23 05:39:29,798 - INFO - Step 100/10000, current loss: 0.09832764, loss sum: 86.8681
2025-08-23 05:39:33,699 - INFO - Step 200/10000, current loss: 0.00458145, loss sum: 89.4394
2025-08-23 05:39:37,596 - INFO - Step 300/10000, current loss: 0.00190544, loss sum: 89.7265
2025-08-23 05:39:41,496 - INFO - Step 400/10000, current loss: 0.00118923, loss sum: 89.8758
2025-08-23 05:39:43,369 - INFO - Example /home/projects/bagon/shared/imagenet512/val/n04026417/ILSVRC2012_val_00025944.JPEG reached epsilon at step 448, loss sum: 89.9280, final loss: 0.00099945
2025-08-23 05:39:43,374 - INFO - Example 71 completed: 448 steps, loss sum: 89.9280, final loss: 0.00099945 (universal rank: 44249)
2025-08-23 05:39:43,374 - INFO - 
=== Training Example 72/100: /home/projects/bagon/shared/imagenet512/val/n02860847/ILSVRC2012_val_00018212.JPEG ===
2025-08-23 05:39:43,387 - INFO - Reset model to original weights
2025-08-23 05:39:47,297 - INFO - Step 100/10000, current loss: 1.00781250, loss sum: 255.2466
2025-08-23 05:39:51,185 - INFO - Step 200/10000, current loss: 0.06118774, loss sum: 292.0200
2025-08-23 05:39:55,099 - INFO - Step 300/10000, current loss: 0.00445557, loss sum: 294.0425
2025-08-23 05:39:58,994 - INFO - Step 400/10000, current loss: 0.00131226, loss sum: 294.2598
2025-08-23 05:40:00,904 - INFO - Example /home/projects/bagon/shared/imagenet512/val/n02860847/ILSVRC2012_val_00018212.JPEG reached epsilon at step 449, loss sum: 294.3155, final loss: 0.00099373
2025-08-23 05:40:00,908 - INFO - Example 72 completed: 449 steps, loss sum: 294.3155, final loss: 0.00099373 (universal rank: 44320)
2025-08-23 05:40:00,908 - INFO - 
=== Training Example 73/100: /home/projects/bagon/shared/imagenet512/val/n09835506/ILSVRC2012_val_00002109.JPEG ===
2025-08-23 05:40:00,922 - INFO - Reset model to original weights
2025-08-23 05:40:04,830 - INFO - Step 100/10000, current loss: 0.02380371, loss sum: 94.4288
2025-08-23 05:40:08,775 - INFO - Step 200/10000, current loss: 0.00262833, loss sum: 95.2013
2025-08-23 05:40:12,731 - INFO - Step 300/10000, current loss: 0.00117970, loss sum: 95.3764
2025-08-23 05:40:14,118 - INFO - Example /home/projects/bagon/shared/imagenet512/val/n09835506/ILSVRC2012_val_00002109.JPEG reached epsilon at step 336, loss sum: 95.4155, final loss: 0.00099468
2025-08-23 05:40:14,122 - INFO - Example 73 completed: 336 steps, loss sum: 95.4155, final loss: 0.00099468 (universal rank: 44518)
2025-08-23 05:40:14,123 - INFO - 
=== Training Example 74/100: /home/projects/bagon/shared/imagenet512/val/n02395406/ILSVRC2012_val_00032867.JPEG ===
2025-08-23 05:40:14,136 - INFO - Reset model to original weights
2025-08-23 05:40:18,049 - INFO - Step 100/10000, current loss: 0.01171875, loss sum: 70.8930
2025-08-23 05:40:21,901 - INFO - Step 200/10000, current loss: 0.00153923, loss sum: 71.2270
2025-08-23 05:40:24,458 - INFO - Example /home/projects/bagon/shared/imagenet512/val/n02395406/ILSVRC2012_val_00032867.JPEG reached epsilon at step 265, loss sum: 71.3072, final loss: 0.00099945
2025-08-23 05:40:24,463 - INFO - Example 74 completed: 265 steps, loss sum: 71.3072, final loss: 0.00099945 (universal rank: 44733)
2025-08-23 05:40:24,463 - INFO - 
=== Training Example 75/100: /home/projects/bagon/shared/imagenet512/val/n04154565/ILSVRC2012_val_00038927.JPEG ===
2025-08-23 05:40:24,476 - INFO - Reset model to original weights
2025-08-23 05:40:28,410 - INFO - Step 100/10000, current loss: 0.11218262, loss sum: 197.4016
2025-08-23 05:40:32,331 - INFO - Step 200/10000, current loss: 0.00282478, loss sum: 199.5862
2025-08-23 05:40:36,240 - INFO - Step 300/10000, current loss: 0.00117493, loss sum: 199.7609
2025-08-23 05:40:37,406 - INFO - Example /home/projects/bagon/shared/imagenet512/val/n04154565/ILSVRC2012_val_00038927.JPEG reached epsilon at step 330, loss sum: 199.7933, final loss: 0.00099850
2025-08-23 05:40:37,411 - INFO - Example 75 completed: 330 steps, loss sum: 199.7933, final loss: 0.00099850 (universal rank: 45021)
2025-08-23 05:40:37,411 - INFO - 
=== Training Example 76/100: /home/projects/bagon/shared/imagenet512/val/n02107574/ILSVRC2012_val_00034266.JPEG ===
2025-08-23 05:40:37,425 - INFO - Reset model to original weights
2025-08-23 05:40:41,340 - INFO - Step 100/10000, current loss: 0.19189453, loss sum: 70.1654
2025-08-23 05:40:45,242 - INFO - Step 200/10000, current loss: 0.04412842, loss sum: 79.5817
2025-08-23 05:40:49,158 - INFO - Step 300/10000, current loss: 0.01084900, loss sum: 81.8963
2025-08-23 05:40:53,053 - INFO - Step 400/10000, current loss: 0.00500870, loss sum: 82.6143
2025-08-23 05:40:57,030 - INFO - Step 500/10000, current loss: 0.00317001, loss sum: 83.0091
2025-08-23 05:41:01,058 - INFO - Step 600/10000, current loss: 0.00231552, loss sum: 83.2788
2025-08-23 05:41:05,051 - INFO - Step 700/10000, current loss: 0.00180626, loss sum: 83.4831
2025-08-23 05:41:09,034 - INFO - Step 800/10000, current loss: 0.00147343, loss sum: 83.6446
2025-08-23 05:41:12,999 - INFO - Step 900/10000, current loss: 0.00121880, loss sum: 83.7779
2025-08-23 05:41:16,931 - INFO - Step 1000/10000, current loss: 0.00104809, loss sum: 83.8911
2025-08-23 05:41:17,964 - INFO - Example /home/projects/bagon/shared/imagenet512/val/n02107574/ILSVRC2012_val_00034266.JPEG reached epsilon at step 1026, loss sum: 83.9177, final loss: 0.00099850
2025-08-23 05:41:17,969 - INFO - Example 76 completed: 1026 steps, loss sum: 83.9177, final loss: 0.00099850 (universal rank: 45406)
2025-08-23 05:41:17,969 - INFO - 
=== Training Example 77/100: /home/projects/bagon/shared/imagenet512/val/n12144580/ILSVRC2012_val_00040756.JPEG ===
2025-08-23 05:41:17,983 - INFO - Reset model to original weights
2025-08-23 05:41:21,900 - INFO - Step 100/10000, current loss: 0.12902832, loss sum: 114.3796
2025-08-23 05:41:25,863 - INFO - Step 200/10000, current loss: 0.02229309, loss sum: 120.2288
2025-08-23 05:41:29,817 - INFO - Step 300/10000, current loss: 0.00512314, loss sum: 121.3020
2025-08-23 05:41:33,755 - INFO - Step 400/10000, current loss: 0.00263405, loss sum: 121.6637
2025-08-23 05:41:37,659 - INFO - Step 500/10000, current loss: 0.00171566, loss sum: 121.8751
2025-08-23 05:41:41,564 - INFO - Step 600/10000, current loss: 0.00128269, loss sum: 122.0240
2025-08-23 05:41:45,453 - INFO - Step 700/10000, current loss: 0.00102520, loss sum: 122.1389
2025-08-23 05:41:45,881 - INFO - Example /home/projects/bagon/shared/imagenet512/val/n12144580/ILSVRC2012_val_00040756.JPEG reached epsilon at step 711, loss sum: 122.1500, final loss: 0.00099373
2025-08-23 05:41:45,886 - INFO - Example 77 completed: 711 steps, loss sum: 122.1500, final loss: 0.00099373 (universal rank: 45461)
2025-08-23 05:41:45,886 - INFO - 
=== Training Example 78/100: /home/projects/bagon/shared/imagenet512/val/n02105056/ILSVRC2012_val_00035640.JPEG ===
2025-08-23 05:41:45,900 - INFO - Reset model to original weights
2025-08-23 05:41:49,832 - INFO - Step 100/10000, current loss: 0.65478516, loss sum: 273.5884
2025-08-23 05:41:53,746 - INFO - Step 200/10000, current loss: 0.03713989, loss sum: 296.8095
2025-08-23 05:41:57,654 - INFO - Step 300/10000, current loss: 0.00333977, loss sum: 298.1108
2025-08-23 05:42:01,593 - INFO - Step 400/10000, current loss: 0.00132179, loss sum: 298.3120
2025-08-23 05:42:03,646 - INFO - Example /home/projects/bagon/shared/imagenet512/val/n02105056/ILSVRC2012_val_00035640.JPEG reached epsilon at step 452, loss sum: 298.3713, final loss: 0.00099754
2025-08-23 05:42:03,650 - INFO - Example 78 completed: 452 steps, loss sum: 298.3713, final loss: 0.00099754 (universal rank: 45518)
2025-08-23 05:42:03,651 - INFO - 
=== Training Example 79/100: /home/projects/bagon/shared/imagenet512/val/n07932039/ILSVRC2012_val_00032432.JPEG ===
2025-08-23 05:42:03,664 - INFO - Reset model to original weights
2025-08-23 05:42:07,613 - INFO - Step 100/10000, current loss: 0.03070068, loss sum: 84.7250
2025-08-23 05:42:11,561 - INFO - Step 200/10000, current loss: 0.00667953, loss sum: 86.2613
2025-08-23 05:42:15,515 - INFO - Step 300/10000, current loss: 0.00200272, loss sum: 86.6144
2025-08-23 05:42:19,448 - INFO - Step 400/10000, current loss: 0.00120926, loss sum: 86.7669
2025-08-23 05:42:21,604 - INFO - Example /home/projects/bagon/shared/imagenet512/val/n07932039/ILSVRC2012_val_00032432.JPEG reached epsilon at step 455, loss sum: 86.8269, final loss: 0.00099945
2025-08-23 05:42:21,608 - INFO - Example 79 completed: 455 steps, loss sum: 86.8269, final loss: 0.00099945 (universal rank: 45724)
2025-08-23 05:42:21,608 - INFO - 
=== Training Example 80/100: /home/projects/bagon/shared/imagenet512/val/n04192698/ILSVRC2012_val_00025337.JPEG ===
2025-08-23 05:42:21,621 - INFO - Reset model to original weights
2025-08-23 05:42:25,580 - INFO - Step 100/10000, current loss: 0.00388908, loss sum: 72.8272
2025-08-23 05:42:29,557 - INFO - Step 200/10000, current loss: 0.00119305, loss sum: 73.0294
2025-08-23 05:42:30,713 - INFO - Example /home/projects/bagon/shared/imagenet512/val/n04192698/ILSVRC2012_val_00025337.JPEG reached epsilon at step 229, loss sum: 73.0611, final loss: 0.00099468
2025-08-23 05:42:30,718 - INFO - Example 80 completed: 229 steps, loss sum: 73.0611, final loss: 0.00099468 (universal rank: 45972)
2025-08-23 05:42:30,718 - INFO - 
=== Training Example 81/100: /home/projects/bagon/shared/imagenet512/val/n04192698/ILSVRC2012_val_00019697.JPEG ===
2025-08-23 05:42:30,731 - INFO - Reset model to original weights
2025-08-23 05:42:34,699 - INFO - Step 100/10000, current loss: 0.01512909, loss sum: 135.9249
2025-08-23 05:42:38,674 - INFO - Step 200/10000, current loss: 0.00147152, loss sum: 136.3257
2025-08-23 05:42:40,541 - INFO - Example /home/projects/bagon/shared/imagenet512/val/n04192698/ILSVRC2012_val_00019697.JPEG reached epsilon at step 247, loss sum: 136.3821, final loss: 0.00099659
2025-08-23 05:42:40,545 - INFO - Example 81 completed: 247 steps, loss sum: 136.3821, final loss: 0.00099659 (universal rank: 46092)
2025-08-23 05:42:40,545 - INFO - 
=== Training Example 82/100: /home/projects/bagon/shared/imagenet512/val/n04525038/ILSVRC2012_val_00006115.JPEG ===
2025-08-23 05:42:40,558 - INFO - Reset model to original weights
2025-08-23 05:42:44,545 - INFO - Step 100/10000, current loss: 0.22106934, loss sum: 196.9368
2025-08-23 05:42:48,525 - INFO - Step 200/10000, current loss: 0.01545715, loss sum: 204.1952
2025-08-23 05:42:52,469 - INFO - Step 300/10000, current loss: 0.00258446, loss sum: 204.8322
2025-08-23 05:42:56,432 - INFO - Step 400/10000, current loss: 0.00132942, loss sum: 205.0137
2025-08-23 05:42:59,215 - INFO - Example /home/projects/bagon/shared/imagenet512/val/n04525038/ILSVRC2012_val_00006115.JPEG reached epsilon at step 470, loss sum: 205.0947, final loss: 0.00099850
2025-08-23 05:42:59,221 - INFO - Example 82 completed: 470 steps, loss sum: 205.0947, final loss: 0.00099850 (universal rank: 46169)
2025-08-23 05:42:59,221 - INFO - 
=== Training Example 83/100: /home/projects/bagon/shared/imagenet512/val/n04141076/ILSVRC2012_val_00026817.JPEG ===
2025-08-23 05:42:59,235 - INFO - Reset model to original weights
2025-08-23 05:43:03,170 - INFO - Step 100/10000, current loss: 0.03067017, loss sum: 66.4493
2025-08-23 05:43:07,117 - INFO - Step 200/10000, current loss: 0.00374413, loss sum: 67.7045
2025-08-23 05:43:11,032 - INFO - Step 300/10000, current loss: 0.00153828, loss sum: 67.9358
2025-08-23 05:43:14,726 - INFO - Example /home/projects/bagon/shared/imagenet512/val/n04141076/ILSVRC2012_val_00026817.JPEG reached epsilon at step 394, loss sum: 68.0522, final loss: 0.00099659
2025-08-23 05:43:14,731 - INFO - Example 83 completed: 394 steps, loss sum: 68.0522, final loss: 0.00099659 (universal rank: 46184)
2025-08-23 05:43:14,731 - INFO - 
=== Training Example 84/100: /home/projects/bagon/shared/imagenet512/val/n01749939/ILSVRC2012_val_00041931.JPEG ===
2025-08-23 05:43:14,745 - INFO - Reset model to original weights
2025-08-23 05:43:18,659 - INFO - Step 100/10000, current loss: 0.01893616, loss sum: 20.5314
2025-08-23 05:43:22,534 - INFO - Step 200/10000, current loss: 0.00521088, loss sum: 21.4474
2025-08-23 05:43:26,443 - INFO - Step 300/10000, current loss: 0.00308609, loss sum: 21.8442
2025-08-23 05:43:30,342 - INFO - Step 400/10000, current loss: 0.00216293, loss sum: 22.1020
2025-08-23 05:43:34,260 - INFO - Step 500/10000, current loss: 0.00164223, loss sum: 22.2901
2025-08-23 05:43:38,176 - INFO - Step 600/10000, current loss: 0.00127697, loss sum: 22.4343
2025-08-23 05:43:42,102 - INFO - Step 700/10000, current loss: 0.00104046, loss sum: 22.5497
2025-08-23 05:43:42,970 - INFO - Example /home/projects/bagon/shared/imagenet512/val/n01749939/ILSVRC2012_val_00041931.JPEG reached epsilon at step 722, loss sum: 22.5721, final loss: 0.00099945
2025-08-23 05:43:42,974 - INFO - Example 84 completed: 722 steps, loss sum: 22.5721, final loss: 0.00099945 (universal rank: 46486)
2025-08-23 05:43:42,975 - INFO - 
=== Training Example 85/100: /home/projects/bagon/shared/imagenet512/val/n02134418/ILSVRC2012_val_00003135.JPEG ===
2025-08-23 05:43:42,988 - INFO - Reset model to original weights
2025-08-23 05:43:46,939 - INFO - Step 100/10000, current loss: 0.02436829, loss sum: 58.9567
2025-08-23 05:43:50,876 - INFO - Step 200/10000, current loss: 0.00341225, loss sum: 59.9285
2025-08-23 05:43:54,843 - INFO - Step 300/10000, current loss: 0.00155067, loss sum: 60.1514
2025-08-23 05:43:58,795 - INFO - Step 400/10000, current loss: 0.00101185, loss sum: 60.2753
2025-08-23 05:43:58,912 - INFO - Example /home/projects/bagon/shared/imagenet512/val/n02134418/ILSVRC2012_val_00003135.JPEG reached epsilon at step 403, loss sum: 60.2783, final loss: 0.00099850
2025-08-23 05:43:58,917 - INFO - Example 85 completed: 403 steps, loss sum: 60.2783, final loss: 0.00099850 (universal rank: 46572)
2025-08-23 05:43:58,917 - INFO - 
=== Training Example 86/100: /home/projects/bagon/shared/imagenet512/val/n01873310/ILSVRC2012_val_00035112.JPEG ===
2025-08-23 05:43:58,931 - INFO - Reset model to original weights
2025-08-23 05:44:02,872 - INFO - Step 100/10000, current loss: 0.10186768, loss sum: 96.5982
2025-08-23 05:44:06,816 - INFO - Step 200/10000, current loss: 0.00483322, loss sum: 99.6694
2025-08-23 05:44:10,737 - INFO - Step 300/10000, current loss: 0.00174427, loss sum: 99.9426
2025-08-23 05:44:14,664 - INFO - Step 400/10000, current loss: 0.00109386, loss sum: 100.0792
2025-08-23 05:44:15,740 - INFO - Example /home/projects/bagon/shared/imagenet512/val/n01873310/ILSVRC2012_val_00035112.JPEG reached epsilon at step 427, loss sum: 100.1075, final loss: 0.00099659
2025-08-23 05:44:15,745 - INFO - Example 86 completed: 427 steps, loss sum: 100.1075, final loss: 0.00099659 (universal rank: 46739)
2025-08-23 05:44:15,745 - INFO - 
=== Training Example 87/100: /home/projects/bagon/shared/imagenet512/val/n06596364/ILSVRC2012_val_00001019.JPEG ===
2025-08-23 05:44:15,759 - INFO - Reset model to original weights
2025-08-23 05:44:19,762 - INFO - Step 100/10000, current loss: 0.58789062, loss sum: 373.2173
2025-08-23 05:44:23,716 - INFO - Step 200/10000, current loss: 0.00276375, loss sum: 379.9699
2025-08-23 05:44:27,634 - INFO - Step 300/10000, current loss: 0.00114059, loss sum: 380.1393
2025-08-23 05:44:28,734 - INFO - Example /home/projects/bagon/shared/imagenet512/val/n06596364/ILSVRC2012_val_00001019.JPEG reached epsilon at step 328, loss sum: 380.1692, final loss: 0.00099277
2025-08-23 05:44:28,739 - INFO - Example 87 completed: 328 steps, loss sum: 380.1692, final loss: 0.00099277 (universal rank: 47321)
2025-08-23 05:44:28,739 - INFO - 
=== Training Example 88/100: /home/projects/bagon/shared/imagenet512/val/n02167151/ILSVRC2012_val_00030459.JPEG ===
2025-08-23 05:44:28,752 - INFO - Reset model to original weights
2025-08-23 05:44:32,686 - INFO - Step 100/10000, current loss: 0.03414917, loss sum: 64.4843
2025-08-23 05:44:36,625 - INFO - Step 200/10000, current loss: 0.00441360, loss sum: 65.6804
2025-08-23 05:44:40,569 - INFO - Step 300/10000, current loss: 0.00228119, loss sum: 65.9916
2025-08-23 05:44:44,529 - INFO - Step 400/10000, current loss: 0.00152302, loss sum: 66.1773
2025-08-23 05:44:48,490 - INFO - Step 500/10000, current loss: 0.00115395, loss sum: 66.3098
2025-08-23 05:44:50,906 - INFO - Example /home/projects/bagon/shared/imagenet512/val/n02167151/ILSVRC2012_val_00030459.JPEG reached epsilon at step 561, loss sum: 66.3754, final loss: 0.00099945
2025-08-23 05:44:50,911 - INFO - Example 88 completed: 561 steps, loss sum: 66.3754, final loss: 0.00099945 (universal rank: 47343)
2025-08-23 05:44:50,911 - INFO - 
=== Training Example 89/100: /home/projects/bagon/shared/imagenet512/val/n03124043/ILSVRC2012_val_00040276.JPEG ===
2025-08-23 05:44:50,924 - INFO - Reset model to original weights
2025-08-23 05:44:54,912 - INFO - Step 100/10000, current loss: 0.00399017, loss sum: 106.7296
2025-08-23 05:44:58,881 - INFO - Step 200/10000, current loss: 0.00141430, loss sum: 106.9525
2025-08-23 05:45:01,455 - INFO - Example /home/projects/bagon/shared/imagenet512/val/n03124043/ILSVRC2012_val_00040276.JPEG reached epsilon at step 265, loss sum: 107.0289, final loss: 0.00099659
2025-08-23 05:45:01,459 - INFO - Example 89 completed: 265 steps, loss sum: 107.0289, final loss: 0.00099659 (universal rank: 47381)
2025-08-23 05:45:01,459 - INFO - 
=== Training Example 90/100: /home/projects/bagon/shared/imagenet512/val/n09428293/ILSVRC2012_val_00003056.JPEG ===
2025-08-23 05:45:01,473 - INFO - Reset model to original weights
2025-08-23 05:45:05,429 - INFO - Step 100/10000, current loss: 0.03967285, loss sum: 94.6563
2025-08-23 05:45:09,375 - INFO - Step 200/10000, current loss: 0.00485611, loss sum: 96.0973
2025-08-23 05:45:13,335 - INFO - Step 300/10000, current loss: 0.00243378, loss sum: 96.4325
2025-08-23 05:45:17,289 - INFO - Step 400/10000, current loss: 0.00160503, loss sum: 96.6284
2025-08-23 05:45:21,207 - INFO - Step 500/10000, current loss: 0.00119972, loss sum: 96.7667
2025-08-23 05:45:24,207 - INFO - Example /home/projects/bagon/shared/imagenet512/val/n09428293/ILSVRC2012_val_00003056.JPEG reached epsilon at step 576, loss sum: 96.8499, final loss: 0.00099468
2025-08-23 05:45:24,213 - INFO - Example 90 completed: 576 steps, loss sum: 96.8499, final loss: 0.00099468 (universal rank: 47724)
2025-08-23 05:45:24,213 - INFO - 
=== Training Example 91/100: /home/projects/bagon/shared/imagenet512/val/n02123159/ILSVRC2012_val_00025396.JPEG ===
2025-08-23 05:45:24,226 - INFO - Reset model to original weights
2025-08-23 05:45:28,163 - INFO - Step 100/10000, current loss: 0.16406250, loss sum: 62.0345
2025-08-23 05:45:32,122 - INFO - Step 200/10000, current loss: 0.01710510, loss sum: 68.1637
2025-08-23 05:45:36,056 - INFO - Step 300/10000, current loss: 0.00373840, loss sum: 68.9422
2025-08-23 05:45:39,967 - INFO - Step 400/10000, current loss: 0.00194550, loss sum: 69.2086
2025-08-23 05:45:43,901 - INFO - Step 500/10000, current loss: 0.00130272, loss sum: 69.3667
2025-08-23 05:45:47,447 - INFO - Example /home/projects/bagon/shared/imagenet512/val/n02123159/ILSVRC2012_val_00025396.JPEG reached epsilon at step 590, loss sum: 69.4689, final loss: 0.00099468
2025-08-23 05:45:47,452 - INFO - Example 91 completed: 590 steps, loss sum: 69.4689, final loss: 0.00099468 (universal rank: 47808)
2025-08-23 05:45:47,452 - INFO - 
=== Training Example 92/100: /home/projects/bagon/shared/imagenet512/val/n04264628/ILSVRC2012_val_00043429.JPEG ===
2025-08-23 05:45:47,466 - INFO - Reset model to original weights
2025-08-23 05:45:51,385 - INFO - Step 100/10000, current loss: 0.30883789, loss sum: 75.2280
2025-08-23 05:45:55,339 - INFO - Step 200/10000, current loss: 0.09283447, loss sum: 93.1210
2025-08-23 05:45:59,341 - INFO - Step 300/10000, current loss: 0.02432251, loss sum: 98.3542
2025-08-23 05:46:03,309 - INFO - Step 400/10000, current loss: 0.00651169, loss sum: 99.6024
2025-08-23 05:46:07,269 - INFO - Step 500/10000, current loss: 0.00322533, loss sum: 100.0461
2025-08-23 05:46:11,194 - INFO - Step 600/10000, current loss: 0.00216103, loss sum: 100.3084
2025-08-23 05:46:15,116 - INFO - Step 700/10000, current loss: 0.00159836, loss sum: 100.4930
2025-08-23 05:46:19,017 - INFO - Step 800/10000, current loss: 0.00125790, loss sum: 100.6339
2025-08-23 05:46:22,903 - INFO - Step 900/10000, current loss: 0.00102520, loss sum: 100.7467
2025-08-23 05:46:23,385 - INFO - Example /home/projects/bagon/shared/imagenet512/val/n04264628/ILSVRC2012_val_00043429.JPEG reached epsilon at step 912, loss sum: 100.7588, final loss: 0.00099182
2025-08-23 05:46:23,390 - INFO - Example 92 completed: 912 steps, loss sum: 100.7588, final loss: 0.00099182 (universal rank: 48035)
2025-08-23 05:46:23,390 - INFO - 
=== Training Example 93/100: /home/projects/bagon/shared/imagenet512/val/n02093991/ILSVRC2012_val_00032239.JPEG ===
2025-08-23 05:46:23,404 - INFO - Reset model to original weights
2025-08-23 05:46:27,349 - INFO - Step 100/10000, current loss: 4.66015625, loss sum: 597.4805
2025-08-23 05:46:31,304 - INFO - Step 200/10000, current loss: 2.95312500, loss sum: 976.3848
2025-08-23 05:46:35,267 - INFO - Step 300/10000, current loss: 0.22021484, loss sum: 1147.4061
2025-08-23 05:46:39,209 - INFO - Step 400/10000, current loss: 0.00281334, loss sum: 1150.6951
2025-08-23 05:46:43,165 - INFO - Step 500/10000, current loss: 0.00125694, loss sum: 1150.8759
2025-08-23 05:46:45,099 - INFO - Example /home/projects/bagon/shared/imagenet512/val/n02093991/ILSVRC2012_val_00032239.JPEG reached epsilon at step 549, loss sum: 1150.9305, final loss: 0.00099182
2025-08-23 05:46:45,105 - INFO - Example 93 completed: 549 steps, loss sum: 1150.9305, final loss: 0.00099182 (universal rank: 48168)
2025-08-23 05:46:45,105 - INFO - 
=== Training Example 94/100: /home/projects/bagon/shared/imagenet512/val/n04328186/ILSVRC2012_val_00049993.JPEG ===
2025-08-23 05:46:45,119 - INFO - Reset model to original weights
2025-08-23 05:46:49,084 - INFO - Step 100/10000, current loss: 0.03028870, loss sum: 45.3139
2025-08-23 05:46:53,022 - INFO - Step 200/10000, current loss: 0.00307655, loss sum: 46.2491
2025-08-23 05:46:56,949 - INFO - Step 300/10000, current loss: 0.00154400, loss sum: 46.4624
2025-08-23 05:47:00,863 - INFO - Step 400/10000, current loss: 0.00103951, loss sum: 46.5881
2025-08-23 05:47:01,335 - INFO - Example /home/projects/bagon/shared/imagenet512/val/n04328186/ILSVRC2012_val_00049993.JPEG reached epsilon at step 412, loss sum: 46.6002, final loss: 0.00099087
2025-08-23 05:47:01,340 - INFO - Example 94 completed: 412 steps, loss sum: 46.6002, final loss: 0.00099087 (universal rank: 48273)
2025-08-23 05:47:01,341 - INFO - 
=== Training Example 95/100: /home/projects/bagon/shared/imagenet512/val/n15075141/ILSVRC2012_val_00021201.JPEG ===
2025-08-23 05:47:01,355 - INFO - Reset model to original weights
2025-08-23 05:47:05,281 - INFO - Step 100/10000, current loss: 0.05236816, loss sum: 52.2484
2025-08-23 05:47:09,202 - INFO - Step 200/10000, current loss: 0.02424622, loss sum: 55.8334
2025-08-23 05:47:13,138 - INFO - Step 300/10000, current loss: 0.01103210, loss sum: 57.5170
2025-08-23 05:47:17,044 - INFO - Step 400/10000, current loss: 0.00538635, loss sum: 58.3034
2025-08-23 05:47:20,953 - INFO - Step 500/10000, current loss: 0.00252914, loss sum: 58.6858
2025-08-23 05:47:24,889 - INFO - Step 600/10000, current loss: 0.00157738, loss sum: 58.8851
2025-08-23 05:47:28,782 - INFO - Step 700/10000, current loss: 0.00115585, loss sum: 59.0196
2025-08-23 05:47:31,035 - INFO - Example /home/projects/bagon/shared/imagenet512/val/n15075141/ILSVRC2012_val_00021201.JPEG reached epsilon at step 757, loss sum: 59.0805, final loss: 0.00099468
2025-08-23 05:47:31,040 - INFO - Example 95 completed: 757 steps, loss sum: 59.0805, final loss: 0.00099468 (universal rank: 48352)
2025-08-23 05:47:31,040 - INFO - 
=== Training Example 96/100: /home/projects/bagon/shared/imagenet512/val/n04070727/ILSVRC2012_val_00004133.JPEG ===
2025-08-23 05:47:31,053 - INFO - Reset model to original weights
2025-08-23 05:47:34,989 - INFO - Step 100/10000, current loss: 0.62548828, loss sum: 244.7236
2025-08-23 05:47:38,880 - INFO - Step 200/10000, current loss: 0.00568008, loss sum: 262.5719
2025-08-23 05:47:42,786 - INFO - Step 300/10000, current loss: 0.00127602, loss sum: 262.8082
2025-08-23 05:47:44,262 - INFO - Example /home/projects/bagon/shared/imagenet512/val/n04070727/ILSVRC2012_val_00004133.JPEG reached epsilon at step 338, loss sum: 262.8511, final loss: 0.00099850
2025-08-23 05:47:44,266 - INFO - Example 96 completed: 338 steps, loss sum: 262.8511, final loss: 0.00099850 (universal rank: 48401)
2025-08-23 05:47:44,266 - INFO - 
=== Training Example 97/100: /home/projects/bagon/shared/imagenet512/val/n04235860/ILSVRC2012_val_00020019.JPEG ===
2025-08-23 05:47:44,280 - INFO - Reset model to original weights
2025-08-23 05:47:48,206 - INFO - Step 100/10000, current loss: 0.00399017, loss sum: 160.7434
2025-08-23 05:47:50,841 - INFO - Example /home/projects/bagon/shared/imagenet512/val/n04235860/ILSVRC2012_val_00020019.JPEG reached epsilon at step 167, loss sum: 160.8658, final loss: 0.00099850
2025-08-23 05:47:50,847 - INFO - Example 97 completed: 167 steps, loss sum: 160.8658, final loss: 0.00099850 (universal rank: 48666)
2025-08-23 05:47:50,848 - INFO - 
=== Training Example 98/100: /home/projects/bagon/shared/imagenet512/val/n04026417/ILSVRC2012_val_00042987.JPEG ===
2025-08-23 05:47:50,861 - INFO - Reset model to original weights
2025-08-23 05:47:54,801 - INFO - Step 100/10000, current loss: 0.59375000, loss sum: 119.3784
2025-08-23 05:47:58,740 - INFO - Step 200/10000, current loss: 0.32592773, loss sum: 162.9011
2025-08-23 05:48:02,683 - INFO - Step 300/10000, current loss: 0.17346191, loss sum: 186.8816
2025-08-23 05:48:06,615 - INFO - Step 400/10000, current loss: 0.09643555, loss sum: 199.8431
2025-08-23 05:48:10,513 - INFO - Step 500/10000, current loss: 0.05224609, loss sum: 207.0839
2025-08-23 05:48:14,438 - INFO - Step 600/10000, current loss: 0.02926636, loss sum: 211.0963
2025-08-23 05:48:18,370 - INFO - Step 700/10000, current loss: 0.01562500, loss sum: 213.2700
2025-08-23 05:48:22,278 - INFO - Step 800/10000, current loss: 0.00769806, loss sum: 214.3834
2025-08-23 05:48:26,222 - INFO - Step 900/10000, current loss: 0.00391388, loss sum: 214.9442
2025-08-23 05:48:30,131 - INFO - Step 1000/10000, current loss: 0.00199509, loss sum: 215.2435
2025-08-23 05:48:34,039 - INFO - Step 1100/10000, current loss: 0.00114346, loss sum: 215.4018
2025-08-23 05:48:35,340 - INFO - Example /home/projects/bagon/shared/imagenet512/val/n04026417/ILSVRC2012_val_00042987.JPEG reached epsilon at step 1133, loss sum: 215.4376, final loss: 0.00099087
2025-08-23 05:48:35,346 - INFO - Example 98 completed: 1133 steps, loss sum: 215.4376, final loss: 0.00099087 (universal rank: 48776)
2025-08-23 05:48:35,346 - INFO - 
=== Training Example 99/100: /home/projects/bagon/shared/imagenet512/val/n02167151/ILSVRC2012_val_00039157.JPEG ===
2025-08-23 05:48:35,359 - INFO - Reset model to original weights
2025-08-23 05:48:39,278 - INFO - Step 100/10000, current loss: 0.04214478, loss sum: 100.9654
2025-08-23 05:48:43,211 - INFO - Step 200/10000, current loss: 0.00609207, loss sum: 102.4616
2025-08-23 05:48:47,137 - INFO - Step 300/10000, current loss: 0.00292015, loss sum: 102.8854
2025-08-23 05:48:51,051 - INFO - Step 400/10000, current loss: 0.00180340, loss sum: 103.1119
2025-08-23 05:48:54,983 - INFO - Step 500/10000, current loss: 0.00129128, loss sum: 103.2635
2025-08-23 05:48:58,459 - INFO - Example /home/projects/bagon/shared/imagenet512/val/n02167151/ILSVRC2012_val_00039157.JPEG reached epsilon at step 588, loss sum: 103.3629, final loss: 0.00099945
2025-08-23 05:48:58,464 - INFO - Example 99 completed: 588 steps, loss sum: 103.3629, final loss: 0.00099945 (universal rank: 49271)
2025-08-23 05:48:58,465 - INFO - 
=== Training Example 100/100: /home/projects/bagon/shared/imagenet512/val/n02790996/ILSVRC2012_val_00015734.JPEG ===
2025-08-23 05:48:58,478 - INFO - Reset model to original weights
2025-08-23 05:49:02,411 - INFO - Step 100/10000, current loss: 0.07495117, loss sum: 49.2480
2025-08-23 05:49:06,351 - INFO - Step 200/10000, current loss: 0.01154327, loss sum: 52.4699
2025-08-23 05:49:10,285 - INFO - Step 300/10000, current loss: 0.00290108, loss sum: 53.0159
2025-08-23 05:49:14,234 - INFO - Step 400/10000, current loss: 0.00172901, loss sum: 53.2363
2025-08-23 05:49:18,225 - INFO - Step 500/10000, current loss: 0.00125122, loss sum: 53.3825
2025-08-23 05:49:21,311 - INFO - Example /home/projects/bagon/shared/imagenet512/val/n02790996/ILSVRC2012_val_00015734.JPEG reached epsilon at step 579, loss sum: 53.4710, final loss: 0.00099659
2025-08-23 05:49:21,316 - INFO - Example 100 completed: 579 steps, loss sum: 53.4710, final loss: 0.00099659 (universal rank: 49843)
2025-08-23 05:49:21,316 - INFO - Creating final plots...
2025-08-23 05:49:22,012 - INFO - Saved steps plot to training_gradient_evaluator_single_loss/outputs/efficientvit_m1.r224_in1k/steps_vs_difficulty.png
2025-08-23 05:49:22,320 - INFO - Saved loss sum plot to training_gradient_evaluator_single_loss/outputs/efficientvit_m1.r224_in1k/loss_sum_vs_difficulty.png
2025-08-23 05:49:22,326 - INFO - Training complete. Summary saved to training_gradient_evaluator_single_loss/outputs/efficientvit_m1.r224_in1k/training_summary.json
2025-08-23 05:49:22,327 - INFO - Results CSV: training_gradient_evaluator_single_loss/outputs/efficientvit_m1.r224_in1k/single_example_results.csv
