2025-08-23 07:13:42,617 - INFO - Loaded 50000 examples in difficulty order
2025-08-23 07:13:44,489 - INFO - Loaded TIMM pretrained weights for efficientvit_m2.r224_in1k
2025-08-23 07:13:44,489 - INFO - pretrained_cfg.url= hf_hub_id=timm/efficientvit_m2.r224_in1k
2025-08-23 07:13:45,372 - INFO - Stored original model weights for reset
2025-08-23 07:13:45,380 - INFO - Resolved model_csv_name='efficientvit_medium_2_224_classification_imagenet_1k' to mask_row_index=989
2025-08-23 07:13:54,284 - INFO - Found 14609 wrong examples that exist and have difficulty rankings
2025-08-23 07:13:54,284 - INFO - Selected 100 random wrong examples for training (sorted by difficulty)
2025-08-23 07:13:54,290 - INFO - 
=== Training Example 1/100: /home/projects/bagon/shared/imagenet512/val/n03942813/ILSVRC2012_val_00015731.JPEG ===
2025-08-23 07:13:54,304 - INFO - Reset model to original weights
2025-08-23 07:13:59,261 - INFO - Step 100/10000, current loss: 0.00187778, loss sum: 12.8508
2025-08-23 07:14:01,242 - INFO - Example /home/projects/bagon/shared/imagenet512/val/n03942813/ILSVRC2012_val_00015731.JPEG reached epsilon at step 151, loss sum: 12.9186, final loss: 0.00099564, weight distance: 0.0491
2025-08-23 07:14:01,247 - INFO - Example 1 completed: 151 steps, loss sum: 12.9186, final loss: 0.00099564, weight distance: 0.0491 (universal rank: 22019)
2025-08-23 07:14:01,247 - INFO - 
=== Training Example 2/100: /home/projects/bagon/shared/imagenet512/val/n04367480/ILSVRC2012_val_00049863.JPEG ===
2025-08-23 07:14:01,261 - INFO - Reset model to original weights
2025-08-23 07:14:05,104 - INFO - Step 100/10000, current loss: 0.00202560, loss sum: 16.8007
2025-08-23 07:14:07,176 - INFO - Example /home/projects/bagon/shared/imagenet512/val/n04367480/ILSVRC2012_val_00049863.JPEG reached epsilon at step 153, loss sum: 16.8737, final loss: 0.00098801, weight distance: 0.0476
2025-08-23 07:14:07,180 - INFO - Example 2 completed: 153 steps, loss sum: 16.8737, final loss: 0.00098801, weight distance: 0.0476 (universal rank: 26386)
2025-08-23 07:14:07,180 - INFO - 
=== Training Example 3/100: /home/projects/bagon/shared/imagenet512/val/n02027492/ILSVRC2012_val_00037752.JPEG ===
2025-08-23 07:14:07,194 - INFO - Reset model to original weights
2025-08-23 07:14:11,040 - INFO - Step 100/10000, current loss: 0.00286293, loss sum: 10.6669
2025-08-23 07:14:14,421 - INFO - Example /home/projects/bagon/shared/imagenet512/val/n02027492/ILSVRC2012_val_00037752.JPEG reached epsilon at step 187, loss sum: 10.8065, final loss: 0.00099850, weight distance: 0.0664
2025-08-23 07:14:14,426 - INFO - Example 3 completed: 187 steps, loss sum: 10.8065, final loss: 0.00099850, weight distance: 0.0664 (universal rank: 26614)
2025-08-23 07:14:14,426 - INFO - 
=== Training Example 4/100: /home/projects/bagon/shared/imagenet512/val/n01986214/ILSVRC2012_val_00033105.JPEG ===
2025-08-23 07:14:14,440 - INFO - Reset model to original weights
2025-08-23 07:14:18,337 - INFO - Step 100/10000, current loss: 0.02044678, loss sum: 69.0305
2025-08-23 07:14:22,137 - INFO - Step 200/10000, current loss: 0.00188255, loss sum: 69.7058
2025-08-23 07:14:25,025 - INFO - Example /home/projects/bagon/shared/imagenet512/val/n01986214/ILSVRC2012_val_00033105.JPEG reached epsilon at step 274, loss sum: 69.8050, final loss: 0.00099182, weight distance: 0.0647
2025-08-23 07:14:25,030 - INFO - Example 4 completed: 274 steps, loss sum: 69.8050, final loss: 0.00099182, weight distance: 0.0647 (universal rank: 26991)
2025-08-23 07:14:25,030 - INFO - 
=== Training Example 5/100: /home/projects/bagon/shared/imagenet512/val/n01985128/ILSVRC2012_val_00022720.JPEG ===
2025-08-23 07:14:25,044 - INFO - Reset model to original weights
2025-08-23 07:14:28,905 - INFO - Step 100/10000, current loss: 0.00546646, loss sum: 15.2862
2025-08-23 07:14:32,768 - INFO - Step 200/10000, current loss: 0.00166035, loss sum: 15.5767
2025-08-23 07:14:36,277 - INFO - Example /home/projects/bagon/shared/imagenet512/val/n01985128/ILSVRC2012_val_00022720.JPEG reached epsilon at step 291, loss sum: 15.6926, final loss: 0.00099468, weight distance: 0.0794
2025-08-23 07:14:36,282 - INFO - Example 5 completed: 291 steps, loss sum: 15.6926, final loss: 0.00099468, weight distance: 0.0794 (universal rank: 27202)
2025-08-23 07:14:36,282 - INFO - 
=== Training Example 6/100: /home/projects/bagon/shared/imagenet512/val/n03938244/ILSVRC2012_val_00010921.JPEG ===
2025-08-23 07:14:36,296 - INFO - Reset model to original weights
2025-08-23 07:14:40,130 - INFO - Step 100/10000, current loss: 0.00306702, loss sum: 52.5945
2025-08-23 07:14:43,979 - INFO - Step 200/10000, current loss: 0.00105953, loss sum: 52.7634
2025-08-23 07:14:44,427 - INFO - Example /home/projects/bagon/shared/imagenet512/val/n03938244/ILSVRC2012_val_00010921.JPEG reached epsilon at step 211, loss sum: 52.7747, final loss: 0.00099373, weight distance: 0.0687
2025-08-23 07:14:44,433 - INFO - Example 6 completed: 211 steps, loss sum: 52.7747, final loss: 0.00099373, weight distance: 0.0687 (universal rank: 28398)
2025-08-23 07:14:44,433 - INFO - 
=== Training Example 7/100: /home/projects/bagon/shared/imagenet512/val/n02093428/ILSVRC2012_val_00030915.JPEG ===
2025-08-23 07:14:44,446 - INFO - Reset model to original weights
2025-08-23 07:14:48,318 - INFO - Step 100/10000, current loss: 0.03323364, loss sum: 31.7394
2025-08-23 07:14:52,163 - INFO - Step 200/10000, current loss: 0.00295258, loss sum: 32.7409
2025-08-23 07:14:56,005 - INFO - Step 300/10000, current loss: 0.00147247, loss sum: 32.9442
2025-08-23 07:14:59,726 - INFO - Example /home/projects/bagon/shared/imagenet512/val/n02093428/ILSVRC2012_val_00030915.JPEG reached epsilon at step 395, loss sum: 33.0586, final loss: 0.00099564, weight distance: 0.1135
2025-08-23 07:14:59,731 - INFO - Example 7 completed: 395 steps, loss sum: 33.0586, final loss: 0.00099564, weight distance: 0.1135 (universal rank: 28608)
2025-08-23 07:14:59,731 - INFO - 
=== Training Example 8/100: /home/projects/bagon/shared/imagenet512/val/n04557648/ILSVRC2012_val_00030227.JPEG ===
2025-08-23 07:14:59,745 - INFO - Reset model to original weights
2025-08-23 07:15:03,642 - INFO - Step 100/10000, current loss: 0.04199219, loss sum: 69.7436
2025-08-23 07:15:07,531 - INFO - Step 200/10000, current loss: 0.00300407, loss sum: 71.1412
2025-08-23 07:15:11,380 - INFO - Step 300/10000, current loss: 0.00102425, loss sum: 71.3065
2025-08-23 07:15:11,517 - INFO - Example /home/projects/bagon/shared/imagenet512/val/n04557648/ILSVRC2012_val_00030227.JPEG reached epsilon at step 303, loss sum: 71.3095, final loss: 0.00098896, weight distance: 0.0909
2025-08-23 07:15:11,522 - INFO - Example 8 completed: 303 steps, loss sum: 71.3095, final loss: 0.00098896, weight distance: 0.0909 (universal rank: 30249)
2025-08-23 07:15:11,522 - INFO - 
=== Training Example 9/100: /home/projects/bagon/shared/imagenet512/val/n04026417/ILSVRC2012_val_00047620.JPEG ===
2025-08-23 07:15:11,536 - INFO - Reset model to original weights
2025-08-23 07:15:15,394 - INFO - Step 100/10000, current loss: 0.01525116, loss sum: 67.9045
2025-08-23 07:15:19,265 - INFO - Step 200/10000, current loss: 0.00177670, loss sum: 68.3650
2025-08-23 07:15:22,418 - INFO - Example /home/projects/bagon/shared/imagenet512/val/n04026417/ILSVRC2012_val_00047620.JPEG reached epsilon at step 282, loss sum: 68.4724, final loss: 0.00099945, weight distance: 0.0996
2025-08-23 07:15:22,424 - INFO - Example 9 completed: 282 steps, loss sum: 68.4724, final loss: 0.00099945, weight distance: 0.0996 (universal rank: 30911)
2025-08-23 07:15:22,424 - INFO - 
=== Training Example 10/100: /home/projects/bagon/shared/imagenet512/val/n02256656/ILSVRC2012_val_00012124.JPEG ===
2025-08-23 07:15:22,438 - INFO - Reset model to original weights
2025-08-23 07:15:26,300 - INFO - Step 100/10000, current loss: 0.00414276, loss sum: 62.5025
2025-08-23 07:15:28,955 - INFO - Example /home/projects/bagon/shared/imagenet512/val/n02256656/ILSVRC2012_val_00012124.JPEG reached epsilon at step 169, loss sum: 62.6321, final loss: 0.00098896, weight distance: 0.0725
2025-08-23 07:15:28,959 - INFO - Example 10 completed: 169 steps, loss sum: 62.6321, final loss: 0.00098896, weight distance: 0.0725 (universal rank: 30973)
2025-08-23 07:15:28,959 - INFO - 
=== Training Example 11/100: /home/projects/bagon/shared/imagenet512/val/n02105251/ILSVRC2012_val_00022548.JPEG ===
2025-08-23 07:15:28,973 - INFO - Reset model to original weights
2025-08-23 07:15:32,856 - INFO - Step 100/10000, current loss: 0.00401688, loss sum: 46.8645
2025-08-23 07:15:35,772 - INFO - Example /home/projects/bagon/shared/imagenet512/val/n02105251/ILSVRC2012_val_00022548.JPEG reached epsilon at step 175, loss sum: 47.0034, final loss: 0.00099373, weight distance: 0.0700
2025-08-23 07:15:35,776 - INFO - Example 11 completed: 175 steps, loss sum: 47.0034, final loss: 0.00099373, weight distance: 0.0700 (universal rank: 31408)
2025-08-23 07:15:35,776 - INFO - 
=== Training Example 12/100: /home/projects/bagon/shared/imagenet512/val/n03532672/ILSVRC2012_val_00018267.JPEG ===
2025-08-23 07:15:35,790 - INFO - Reset model to original weights
2025-08-23 07:15:39,660 - INFO - Step 100/10000, current loss: 0.31396484, loss sum: 128.3628
2025-08-23 07:15:43,572 - INFO - Step 200/10000, current loss: 0.04467773, loss sum: 141.7389
2025-08-23 07:15:47,445 - INFO - Step 300/10000, current loss: 0.00631714, loss sum: 143.6092
2025-08-23 07:15:51,208 - INFO - Example /home/projects/bagon/shared/imagenet512/val/n03532672/ILSVRC2012_val_00018267.JPEG reached epsilon at step 397, loss sum: 143.8815, final loss: 0.00098324, weight distance: 0.0838
2025-08-23 07:15:51,214 - INFO - Example 12 completed: 397 steps, loss sum: 143.8815, final loss: 0.00098324, weight distance: 0.0838 (universal rank: 31728)
2025-08-23 07:15:51,214 - INFO - 
=== Training Example 13/100: /home/projects/bagon/shared/imagenet512/val/n02279972/ILSVRC2012_val_00023084.JPEG ===
2025-08-23 07:15:51,228 - INFO - Reset model to original weights
2025-08-23 07:15:55,136 - INFO - Step 100/10000, current loss: 0.00202179, loss sum: 7.0640
2025-08-23 07:15:56,693 - INFO - Example /home/projects/bagon/shared/imagenet512/val/n02279972/ILSVRC2012_val_00023084.JPEG reached epsilon at step 139, loss sum: 7.1174, final loss: 0.00098324, weight distance: 0.0480
2025-08-23 07:15:56,698 - INFO - Example 13 completed: 139 steps, loss sum: 7.1174, final loss: 0.00098324, weight distance: 0.0480 (universal rank: 31780)
2025-08-23 07:15:56,698 - INFO - 
=== Training Example 14/100: /home/projects/bagon/shared/imagenet512/val/n02281406/ILSVRC2012_val_00000581.JPEG ===
2025-08-23 07:15:56,711 - INFO - Reset model to original weights
2025-08-23 07:16:00,633 - INFO - Step 100/10000, current loss: 0.01751709, loss sum: 66.5874
2025-08-23 07:16:04,024 - INFO - Example /home/projects/bagon/shared/imagenet512/val/n02281406/ILSVRC2012_val_00000581.JPEG reached epsilon at step 187, loss sum: 66.9259, final loss: 0.00098991, weight distance: 0.0981
2025-08-23 07:16:04,028 - INFO - Example 14 completed: 187 steps, loss sum: 66.9259, final loss: 0.00098991, weight distance: 0.0981 (universal rank: 31915)
2025-08-23 07:16:04,028 - INFO - 
=== Training Example 15/100: /home/projects/bagon/shared/imagenet512/val/n03100240/ILSVRC2012_val_00014208.JPEG ===
2025-08-23 07:16:04,042 - INFO - Reset model to original weights
2025-08-23 07:16:07,933 - INFO - Step 100/10000, current loss: 0.19384766, loss sum: 111.6763
2025-08-23 07:16:11,802 - INFO - Step 200/10000, current loss: 0.00710678, loss sum: 116.8512
2025-08-23 07:16:15,665 - INFO - Step 300/10000, current loss: 0.00198936, loss sum: 117.2044
2025-08-23 07:16:19,531 - INFO - Step 400/10000, current loss: 0.00113869, loss sum: 117.3522
2025-08-23 07:16:20,657 - INFO - Example /home/projects/bagon/shared/imagenet512/val/n03100240/ILSVRC2012_val_00014208.JPEG reached epsilon at step 429, loss sum: 117.3830, final loss: 0.00099659, weight distance: 0.1320
2025-08-23 07:16:20,661 - INFO - Example 15 completed: 429 steps, loss sum: 117.3830, final loss: 0.00099659, weight distance: 0.1320 (universal rank: 32078)
2025-08-23 07:16:20,661 - INFO - 
=== Training Example 16/100: /home/projects/bagon/shared/imagenet512/val/n07590611/ILSVRC2012_val_00038847.JPEG ===
2025-08-23 07:16:20,675 - INFO - Reset model to original weights
2025-08-23 07:16:24,537 - INFO - Step 100/10000, current loss: 0.23828125, loss sum: 139.2559
2025-08-23 07:16:28,394 - INFO - Step 200/10000, current loss: 0.03329468, loss sum: 149.2501
2025-08-23 07:16:32,255 - INFO - Step 300/10000, current loss: 0.00528336, loss sum: 150.8120
2025-08-23 07:16:36,116 - INFO - Step 400/10000, current loss: 0.00116253, loss sum: 151.0630
2025-08-23 07:16:36,983 - INFO - Example /home/projects/bagon/shared/imagenet512/val/n07590611/ILSVRC2012_val_00038847.JPEG reached epsilon at step 422, loss sum: 151.0866, final loss: 0.00098896, weight distance: 0.0846
2025-08-23 07:16:36,988 - INFO - Example 16 completed: 422 steps, loss sum: 151.0866, final loss: 0.00098896, weight distance: 0.0846 (universal rank: 32138)
2025-08-23 07:16:36,989 - INFO - 
=== Training Example 17/100: /home/projects/bagon/shared/imagenet512/val/n01667778/ILSVRC2012_val_00042664.JPEG ===
2025-08-23 07:16:37,002 - INFO - Reset model to original weights
2025-08-23 07:16:40,903 - INFO - Step 100/10000, current loss: 0.03102112, loss sum: 29.7666
2025-08-23 07:16:44,768 - INFO - Step 200/10000, current loss: 0.00330162, loss sum: 30.8125
2025-08-23 07:16:48,652 - INFO - Step 300/10000, current loss: 0.00142097, loss sum: 31.0241
2025-08-23 07:16:51,630 - INFO - Example /home/projects/bagon/shared/imagenet512/val/n01667778/ILSVRC2012_val_00042664.JPEG reached epsilon at step 376, loss sum: 31.1143, final loss: 0.00098896, weight distance: 0.1048
2025-08-23 07:16:51,635 - INFO - Example 17 completed: 376 steps, loss sum: 31.1143, final loss: 0.00098896, weight distance: 0.1048 (universal rank: 32168)
2025-08-23 07:16:51,635 - INFO - 
=== Training Example 18/100: /home/projects/bagon/shared/imagenet512/val/n02100877/ILSVRC2012_val_00016589.JPEG ===
2025-08-23 07:16:51,648 - INFO - Reset model to original weights
2025-08-23 07:16:55,551 - INFO - Step 100/10000, current loss: 0.01445770, loss sum: 39.0434
2025-08-23 07:16:59,423 - INFO - Step 200/10000, current loss: 0.00232697, loss sum: 39.5567
2025-08-23 07:17:03,299 - INFO - Step 300/10000, current loss: 0.00122643, loss sum: 39.7235
2025-08-23 07:17:05,070 - INFO - Example /home/projects/bagon/shared/imagenet512/val/n02100877/ILSVRC2012_val_00016589.JPEG reached epsilon at step 345, loss sum: 39.7732, final loss: 0.00099850, weight distance: 0.0935
2025-08-23 07:17:05,077 - INFO - Example 18 completed: 345 steps, loss sum: 39.7732, final loss: 0.00099850, weight distance: 0.0935 (universal rank: 32542)
2025-08-23 07:17:05,077 - INFO - 
=== Training Example 19/100: /home/projects/bagon/shared/imagenet512/val/n02096177/ILSVRC2012_val_00000379.JPEG ===
2025-08-23 07:17:05,091 - INFO - Reset model to original weights
2025-08-23 07:17:09,019 - INFO - Step 100/10000, current loss: 0.00533295, loss sum: 59.7705
2025-08-23 07:17:12,932 - INFO - Step 200/10000, current loss: 0.00121403, loss sum: 59.9997
2025-08-23 07:17:14,083 - INFO - Example /home/projects/bagon/shared/imagenet512/val/n02096177/ILSVRC2012_val_00000379.JPEG reached epsilon at step 228, loss sum: 60.0302, final loss: 0.00098991, weight distance: 0.0885
2025-08-23 07:17:14,087 - INFO - Example 19 completed: 228 steps, loss sum: 60.0302, final loss: 0.00098991, weight distance: 0.0885 (universal rank: 33057)
2025-08-23 07:17:14,087 - INFO - 
=== Training Example 20/100: /home/projects/bagon/shared/imagenet512/val/n01770081/ILSVRC2012_val_00012828.JPEG ===
2025-08-23 07:17:14,100 - INFO - Reset model to original weights
2025-08-23 07:17:18,029 - INFO - Step 100/10000, current loss: 0.00836945, loss sum: 17.4050
2025-08-23 07:17:21,890 - INFO - Step 200/10000, current loss: 0.00214958, loss sum: 17.7930
2025-08-23 07:17:25,807 - INFO - Step 300/10000, current loss: 0.00118542, loss sum: 17.9506
2025-08-23 07:17:27,536 - INFO - Example /home/projects/bagon/shared/imagenet512/val/n01770081/ILSVRC2012_val_00012828.JPEG reached epsilon at step 344, loss sum: 17.9982, final loss: 0.00099373, weight distance: 0.0965
2025-08-23 07:17:27,541 - INFO - Example 20 completed: 344 steps, loss sum: 17.9982, final loss: 0.00099373, weight distance: 0.0965 (universal rank: 33701)
2025-08-23 07:17:27,541 - INFO - 
=== Training Example 21/100: /home/projects/bagon/shared/imagenet512/val/n04485082/ILSVRC2012_val_00018704.JPEG ===
2025-08-23 07:17:27,554 - INFO - Reset model to original weights
2025-08-23 07:17:31,486 - INFO - Step 100/10000, current loss: 0.00396347, loss sum: 18.0396
2025-08-23 07:17:35,392 - INFO - Step 200/10000, current loss: 0.00140667, loss sum: 18.2656
2025-08-23 07:17:37,547 - INFO - Example /home/projects/bagon/shared/imagenet512/val/n04485082/ILSVRC2012_val_00018704.JPEG reached epsilon at step 255, loss sum: 18.3302, final loss: 0.00099754, weight distance: 0.0825
2025-08-23 07:17:37,551 - INFO - Example 21 completed: 255 steps, loss sum: 18.3302, final loss: 0.00099754, weight distance: 0.0825 (universal rank: 34340)
2025-08-23 07:17:37,552 - INFO - 
=== Training Example 22/100: /home/projects/bagon/shared/imagenet512/val/n01675722/ILSVRC2012_val_00039378.JPEG ===
2025-08-23 07:17:37,565 - INFO - Reset model to original weights
2025-08-23 07:17:41,495 - INFO - Step 100/10000, current loss: 0.00310898, loss sum: 16.6118
2025-08-23 07:17:44,805 - INFO - Example /home/projects/bagon/shared/imagenet512/val/n01675722/ILSVRC2012_val_00039378.JPEG reached epsilon at step 184, loss sum: 16.7515, final loss: 0.00098705, weight distance: 0.0605
2025-08-23 07:17:44,810 - INFO - Example 22 completed: 184 steps, loss sum: 16.7515, final loss: 0.00098705, weight distance: 0.0605 (universal rank: 34489)
2025-08-23 07:17:44,810 - INFO - 
=== Training Example 23/100: /home/projects/bagon/shared/imagenet512/val/n02099849/ILSVRC2012_val_00029742.JPEG ===
2025-08-23 07:17:44,824 - INFO - Reset model to original weights
2025-08-23 07:17:48,702 - INFO - Example /home/projects/bagon/shared/imagenet512/val/n02099849/ILSVRC2012_val_00029742.JPEG reached epsilon at step 98, loss sum: 10.5111, final loss: 0.00098419, weight distance: 0.0386
2025-08-23 07:17:48,707 - INFO - Example 23 completed: 98 steps, loss sum: 10.5111, final loss: 0.00098419, weight distance: 0.0386 (universal rank: 34578)
2025-08-23 07:17:48,707 - INFO - 
=== Training Example 24/100: /home/projects/bagon/shared/imagenet512/val/n02326432/ILSVRC2012_val_00035418.JPEG ===
2025-08-23 07:17:48,721 - INFO - Reset model to original weights
2025-08-23 07:17:52,620 - INFO - Step 100/10000, current loss: 0.00216103, loss sum: 14.9829
2025-08-23 07:17:55,160 - INFO - Example /home/projects/bagon/shared/imagenet512/val/n02326432/ILSVRC2012_val_00035418.JPEG reached epsilon at step 164, loss sum: 15.0748, final loss: 0.00099850, weight distance: 0.0516
2025-08-23 07:17:55,165 - INFO - Example 24 completed: 164 steps, loss sum: 15.0748, final loss: 0.00099850, weight distance: 0.0516 (universal rank: 35599)
2025-08-23 07:17:55,165 - INFO - 
=== Training Example 25/100: /home/projects/bagon/shared/imagenet512/val/n03666591/ILSVRC2012_val_00007981.JPEG ===
2025-08-23 07:17:55,178 - INFO - Reset model to original weights
2025-08-23 07:17:59,077 - INFO - Step 100/10000, current loss: 0.00369263, loss sum: 62.7501
2025-08-23 07:18:01,574 - INFO - Example /home/projects/bagon/shared/imagenet512/val/n03666591/ILSVRC2012_val_00007981.JPEG reached epsilon at step 164, loss sum: 62.8594, final loss: 0.00099468, weight distance: 0.0577
2025-08-23 07:18:01,579 - INFO - Example 25 completed: 164 steps, loss sum: 62.8594, final loss: 0.00099468, weight distance: 0.0577 (universal rank: 35840)
2025-08-23 07:18:01,579 - INFO - 
=== Training Example 26/100: /home/projects/bagon/shared/imagenet512/val/n02510455/ILSVRC2012_val_00017598.JPEG ===
2025-08-23 07:18:01,593 - INFO - Reset model to original weights
2025-08-23 07:18:05,471 - INFO - Step 100/10000, current loss: 0.05233765, loss sum: 109.3136
2025-08-23 07:18:09,307 - INFO - Step 200/10000, current loss: 0.00263214, loss sum: 110.7295
2025-08-23 07:18:12,681 - INFO - Example /home/projects/bagon/shared/imagenet512/val/n02510455/ILSVRC2012_val_00017598.JPEG reached epsilon at step 286, loss sum: 110.8590, final loss: 0.00099468, weight distance: 0.0712
2025-08-23 07:18:12,686 - INFO - Example 26 completed: 286 steps, loss sum: 110.8590, final loss: 0.00099468, weight distance: 0.0712 (universal rank: 36186)
2025-08-23 07:18:12,686 - INFO - 
=== Training Example 27/100: /home/projects/bagon/shared/imagenet512/val/n02916936/ILSVRC2012_val_00019479.JPEG ===
2025-08-23 07:18:12,700 - INFO - Reset model to original weights
2025-08-23 07:18:16,572 - INFO - Step 100/10000, current loss: 0.00342751, loss sum: 23.4393
2025-08-23 07:18:20,420 - INFO - Step 200/10000, current loss: 0.00129414, loss sum: 23.6423
2025-08-23 07:18:22,202 - INFO - Example /home/projects/bagon/shared/imagenet512/val/n02916936/ILSVRC2012_val_00019479.JPEG reached epsilon at step 246, loss sum: 23.6945, final loss: 0.00099373, weight distance: 0.0701
2025-08-23 07:18:22,207 - INFO - Example 27 completed: 246 steps, loss sum: 23.6945, final loss: 0.00099373, weight distance: 0.0701 (universal rank: 36354)
2025-08-23 07:18:22,207 - INFO - 
=== Training Example 28/100: /home/projects/bagon/shared/imagenet512/val/n02092002/ILSVRC2012_val_00010006.JPEG ===
2025-08-23 07:18:22,220 - INFO - Reset model to original weights
2025-08-23 07:18:26,103 - INFO - Step 100/10000, current loss: 0.07269287, loss sum: 42.0866
2025-08-23 07:18:29,968 - INFO - Step 200/10000, current loss: 0.01036835, loss sum: 45.4458
2025-08-23 07:18:33,828 - INFO - Step 300/10000, current loss: 0.00239372, loss sum: 45.9190
2025-08-23 07:18:37,691 - INFO - Step 400/10000, current loss: 0.00114918, loss sum: 46.0817
2025-08-23 07:18:38,711 - INFO - Example /home/projects/bagon/shared/imagenet512/val/n02092002/ILSVRC2012_val_00010006.JPEG reached epsilon at step 426, loss sum: 46.1095, final loss: 0.00099754, weight distance: 0.1092
2025-08-23 07:18:38,716 - INFO - Example 28 completed: 426 steps, loss sum: 46.1095, final loss: 0.00099754, weight distance: 0.1092 (universal rank: 36455)
2025-08-23 07:18:38,716 - INFO - 
=== Training Example 29/100: /home/projects/bagon/shared/imagenet512/val/n03933933/ILSVRC2012_val_00018996.JPEG ===
2025-08-23 07:18:38,730 - INFO - Reset model to original weights
2025-08-23 07:18:42,620 - INFO - Step 100/10000, current loss: 0.00762177, loss sum: 76.2237
2025-08-23 07:18:46,493 - INFO - Step 200/10000, current loss: 0.00120258, loss sum: 76.4865
2025-08-23 07:18:47,538 - INFO - Example /home/projects/bagon/shared/imagenet512/val/n03933933/ILSVRC2012_val_00018996.JPEG reached epsilon at step 226, loss sum: 76.5148, final loss: 0.00099277, weight distance: 0.0738
2025-08-23 07:18:47,542 - INFO - Example 29 completed: 226 steps, loss sum: 76.5148, final loss: 0.00099277, weight distance: 0.0738 (universal rank: 36511)
2025-08-23 07:18:47,542 - INFO - 
=== Training Example 30/100: /home/projects/bagon/shared/imagenet512/val/n03291819/ILSVRC2012_val_00033132.JPEG ===
2025-08-23 07:18:47,556 - INFO - Reset model to original weights
2025-08-23 07:18:51,448 - INFO - Step 100/10000, current loss: 0.08068848, loss sum: 115.2990
2025-08-23 07:18:55,329 - INFO - Step 200/10000, current loss: 0.00172710, loss sum: 116.6776
2025-08-23 07:18:57,512 - INFO - Example /home/projects/bagon/shared/imagenet512/val/n03291819/ILSVRC2012_val_00033132.JPEG reached epsilon at step 256, loss sum: 116.7491, final loss: 0.00099182, weight distance: 0.0932
2025-08-23 07:18:57,517 - INFO - Example 30 completed: 256 steps, loss sum: 116.7491, final loss: 0.00099182, weight distance: 0.0932 (universal rank: 36581)
2025-08-23 07:18:57,517 - INFO - 
=== Training Example 31/100: /home/projects/bagon/shared/imagenet512/val/n04540053/ILSVRC2012_val_00014565.JPEG ===
2025-08-23 07:18:57,530 - INFO - Reset model to original weights
2025-08-23 07:19:01,476 - INFO - Step 100/10000, current loss: 0.00134277, loss sum: 7.7696
2025-08-23 07:19:02,276 - INFO - Example /home/projects/bagon/shared/imagenet512/val/n04540053/ILSVRC2012_val_00014565.JPEG reached epsilon at step 120, loss sum: 7.7926, final loss: 0.00099754, weight distance: 0.0512
2025-08-23 07:19:02,279 - INFO - Example 31 completed: 120 steps, loss sum: 7.7926, final loss: 0.00099754, weight distance: 0.0512 (universal rank: 36719)
2025-08-23 07:19:02,280 - INFO - 
=== Training Example 32/100: /home/projects/bagon/shared/imagenet512/val/n03787032/ILSVRC2012_val_00031632.JPEG ===
2025-08-23 07:19:02,293 - INFO - Reset model to original weights
2025-08-23 07:19:06,237 - INFO - Step 100/10000, current loss: 4.92578125, loss sum: 562.6328
2025-08-23 07:19:10,134 - INFO - Step 200/10000, current loss: 3.78320312, loss sum: 999.3340
2025-08-23 07:19:14,036 - INFO - Step 300/10000, current loss: 1.76855469, loss sum: 1286.2900
2025-08-23 07:19:17,958 - INFO - Step 400/10000, current loss: 1.06250000, loss sum: 1431.8848
2025-08-23 07:19:21,830 - INFO - Step 500/10000, current loss: 0.58398438, loss sum: 1507.7783
2025-08-23 07:19:25,738 - INFO - Step 600/10000, current loss: 0.17456055, loss sum: 1542.4255
2025-08-23 07:19:29,645 - INFO - Step 700/10000, current loss: 0.03836060, loss sum: 1551.7813
2025-08-23 07:19:33,546 - INFO - Step 800/10000, current loss: 0.00541306, loss sum: 1553.3937
2025-08-23 07:19:37,416 - INFO - Step 900/10000, current loss: 0.00111580, loss sum: 1553.6396
2025-08-23 07:19:37,982 - INFO - Example /home/projects/bagon/shared/imagenet512/val/n03787032/ILSVRC2012_val_00031632.JPEG reached epsilon at step 914, loss sum: 1553.6543, final loss: 0.00099945, weight distance: 0.1254
2025-08-23 07:19:37,987 - INFO - Example 32 completed: 914 steps, loss sum: 1553.6543, final loss: 0.00099945, weight distance: 0.1254 (universal rank: 36880)
2025-08-23 07:19:37,987 - INFO - 
=== Training Example 33/100: /home/projects/bagon/shared/imagenet512/val/n02669723/ILSVRC2012_val_00002220.JPEG ===
2025-08-23 07:19:38,001 - INFO - Reset model to original weights
2025-08-23 07:19:41,945 - INFO - Step 100/10000, current loss: 0.01255798, loss sum: 26.7225
2025-08-23 07:19:45,843 - INFO - Step 200/10000, current loss: 0.00216293, loss sum: 27.1870
2025-08-23 07:19:49,763 - INFO - Step 300/10000, current loss: 0.00114918, loss sum: 27.3420
2025-08-23 07:19:50,960 - INFO - Example /home/projects/bagon/shared/imagenet512/val/n02669723/ILSVRC2012_val_00002220.JPEG reached epsilon at step 330, loss sum: 27.3739, final loss: 0.00099564, weight distance: 0.0932
2025-08-23 07:19:50,964 - INFO - Example 33 completed: 330 steps, loss sum: 27.3739, final loss: 0.00099564, weight distance: 0.0932 (universal rank: 36887)
2025-08-23 07:19:50,964 - INFO - 
=== Training Example 34/100: /home/projects/bagon/shared/imagenet512/val/n02606052/ILSVRC2012_val_00049577.JPEG ===
2025-08-23 07:19:50,978 - INFO - Reset model to original weights
2025-08-23 07:19:54,922 - INFO - Step 100/10000, current loss: 0.00107288, loss sum: 26.1246
2025-08-23 07:19:55,136 - INFO - Example /home/projects/bagon/shared/imagenet512/val/n02606052/ILSVRC2012_val_00049577.JPEG reached epsilon at step 105, loss sum: 26.1297, final loss: 0.00099468, weight distance: 0.0503
2025-08-23 07:19:55,140 - INFO - Example 34 completed: 105 steps, loss sum: 26.1297, final loss: 0.00099468, weight distance: 0.0503 (universal rank: 37221)
2025-08-23 07:19:55,140 - INFO - 
=== Training Example 35/100: /home/projects/bagon/shared/imagenet512/val/n02114367/ILSVRC2012_val_00031414.JPEG ===
2025-08-23 07:19:55,154 - INFO - Reset model to original weights
2025-08-23 07:19:59,093 - INFO - Step 100/10000, current loss: 1.59863281, loss sum: 355.8906
2025-08-23 07:20:03,022 - INFO - Step 200/10000, current loss: 0.28247070, loss sum: 430.3518
2025-08-23 07:20:06,959 - INFO - Step 300/10000, current loss: 0.07476807, loss sum: 446.3403
2025-08-23 07:20:10,846 - INFO - Step 400/10000, current loss: 0.01609802, loss sum: 450.3951
2025-08-23 07:20:14,761 - INFO - Step 500/10000, current loss: 0.00218201, loss sum: 451.0964
2025-08-23 07:20:18,184 - INFO - Example /home/projects/bagon/shared/imagenet512/val/n02114367/ILSVRC2012_val_00031414.JPEG reached epsilon at step 587, loss sum: 451.2209, final loss: 0.00099468, weight distance: 0.1252
2025-08-23 07:20:18,190 - INFO - Example 35 completed: 587 steps, loss sum: 451.2209, final loss: 0.00099468, weight distance: 0.1252 (universal rank: 37757)
2025-08-23 07:20:18,190 - INFO - 
=== Training Example 36/100: /home/projects/bagon/shared/imagenet512/val/n02231487/ILSVRC2012_val_00030101.JPEG ===
2025-08-23 07:20:18,204 - INFO - Reset model to original weights
2025-08-23 07:20:22,116 - INFO - Step 100/10000, current loss: 0.05380249, loss sum: 124.5428
2025-08-23 07:20:26,034 - INFO - Step 200/10000, current loss: 0.00119877, loss sum: 125.6250
2025-08-23 07:20:26,638 - INFO - Example /home/projects/bagon/shared/imagenet512/val/n02231487/ILSVRC2012_val_00030101.JPEG reached epsilon at step 215, loss sum: 125.6414, final loss: 0.00099850, weight distance: 0.0870
2025-08-23 07:20:26,643 - INFO - Example 36 completed: 215 steps, loss sum: 125.6414, final loss: 0.00099850, weight distance: 0.0870 (universal rank: 37820)
2025-08-23 07:20:26,643 - INFO - 
=== Training Example 37/100: /home/projects/bagon/shared/imagenet512/val/n03775546/ILSVRC2012_val_00035190.JPEG ===
2025-08-23 07:20:26,656 - INFO - Reset model to original weights
2025-08-23 07:20:30,574 - INFO - Step 100/10000, current loss: 0.03854370, loss sum: 72.8115
2025-08-23 07:20:34,463 - INFO - Step 200/10000, current loss: 0.00170040, loss sum: 73.7244
2025-08-23 07:20:36,322 - INFO - Example /home/projects/bagon/shared/imagenet512/val/n03775546/ILSVRC2012_val_00035190.JPEG reached epsilon at step 247, loss sum: 73.7842, final loss: 0.00099754, weight distance: 0.0853
2025-08-23 07:20:36,327 - INFO - Example 37 completed: 247 steps, loss sum: 73.7842, final loss: 0.00099754, weight distance: 0.0853 (universal rank: 38034)
2025-08-23 07:20:36,327 - INFO - 
=== Training Example 38/100: /home/projects/bagon/shared/imagenet512/val/n04350905/ILSVRC2012_val_00040799.JPEG ===
2025-08-23 07:20:36,341 - INFO - Reset model to original weights
2025-08-23 07:20:40,240 - INFO - Step 100/10000, current loss: 0.01076508, loss sum: 92.6107
2025-08-23 07:20:44,154 - INFO - Step 200/10000, current loss: 0.00146866, loss sum: 92.9286
2025-08-23 07:20:46,396 - INFO - Example /home/projects/bagon/shared/imagenet512/val/n04350905/ILSVRC2012_val_00040799.JPEG reached epsilon at step 257, loss sum: 92.9975, final loss: 0.00099945, weight distance: 0.0819
2025-08-23 07:20:46,400 - INFO - Example 38 completed: 257 steps, loss sum: 92.9975, final loss: 0.00099945, weight distance: 0.0819 (universal rank: 38107)
2025-08-23 07:20:46,400 - INFO - 
=== Training Example 39/100: /home/projects/bagon/shared/imagenet512/val/n03141823/ILSVRC2012_val_00008874.JPEG ===
2025-08-23 07:20:46,414 - INFO - Reset model to original weights
2025-08-23 07:20:50,341 - INFO - Step 100/10000, current loss: 3.07031250, loss sum: 474.6875
2025-08-23 07:20:54,235 - INFO - Step 200/10000, current loss: 0.02960205, loss sum: 604.2245
2025-08-23 07:20:57,470 - INFO - Example /home/projects/bagon/shared/imagenet512/val/n03141823/ILSVRC2012_val_00008874.JPEG reached epsilon at step 281, loss sum: 604.5964, final loss: 0.00098991, weight distance: 0.1555
2025-08-23 07:20:57,474 - INFO - Example 39 completed: 281 steps, loss sum: 604.5964, final loss: 0.00098991, weight distance: 0.1555 (universal rank: 38110)
2025-08-23 07:20:57,474 - INFO - 
=== Training Example 40/100: /home/projects/bagon/shared/imagenet512/val/n01950731/ILSVRC2012_val_00022671.JPEG ===
2025-08-23 07:20:57,488 - INFO - Reset model to original weights
2025-08-23 07:21:01,426 - INFO - Step 100/10000, current loss: 0.00230980, loss sum: 42.4224
2025-08-23 07:21:03,699 - INFO - Example /home/projects/bagon/shared/imagenet512/val/n01950731/ILSVRC2012_val_00022671.JPEG reached epsilon at step 157, loss sum: 42.5050, final loss: 0.00099754, weight distance: 0.0657
2025-08-23 07:21:03,703 - INFO - Example 40 completed: 157 steps, loss sum: 42.5050, final loss: 0.00099754, weight distance: 0.0657 (universal rank: 38114)
2025-08-23 07:21:03,703 - INFO - 
=== Training Example 41/100: /home/projects/bagon/shared/imagenet512/val/n02074367/ILSVRC2012_val_00028337.JPEG ===
2025-08-23 07:21:03,717 - INFO - Reset model to original weights
2025-08-23 07:21:07,637 - INFO - Step 100/10000, current loss: 0.01393890, loss sum: 41.4494
2025-08-23 07:21:10,810 - INFO - Example /home/projects/bagon/shared/imagenet512/val/n02074367/ILSVRC2012_val_00028337.JPEG reached epsilon at step 181, loss sum: 41.7938, final loss: 0.00099659, weight distance: 0.0494
2025-08-23 07:21:10,814 - INFO - Example 41 completed: 181 steps, loss sum: 41.7938, final loss: 0.00099659, weight distance: 0.0494 (universal rank: 38416)
2025-08-23 07:21:10,814 - INFO - 
=== Training Example 42/100: /home/projects/bagon/shared/imagenet512/val/n04330267/ILSVRC2012_val_00033864.JPEG ===
2025-08-23 07:21:10,828 - INFO - Reset model to original weights
2025-08-23 07:21:14,750 - INFO - Step 100/10000, current loss: 0.27001953, loss sum: 183.8633
2025-08-23 07:21:18,651 - INFO - Step 200/10000, current loss: 0.00172138, loss sum: 188.7633
2025-08-23 07:21:20,136 - INFO - Example /home/projects/bagon/shared/imagenet512/val/n04330267/ILSVRC2012_val_00033864.JPEG reached epsilon at step 238, loss sum: 188.8122, final loss: 0.00098896, weight distance: 0.0992
2025-08-23 07:21:20,141 - INFO - Example 42 completed: 238 steps, loss sum: 188.8122, final loss: 0.00098896, weight distance: 0.0992 (universal rank: 38511)
2025-08-23 07:21:20,141 - INFO - 
=== Training Example 43/100: /home/projects/bagon/shared/imagenet512/val/n01983481/ILSVRC2012_val_00046526.JPEG ===
2025-08-23 07:21:20,155 - INFO - Reset model to original weights
2025-08-23 07:21:24,077 - INFO - Step 100/10000, current loss: 0.00186348, loss sum: 29.4989
2025-08-23 07:21:26,012 - INFO - Example /home/projects/bagon/shared/imagenet512/val/n01983481/ILSVRC2012_val_00046526.JPEG reached epsilon at step 149, loss sum: 29.5640, final loss: 0.00098801, weight distance: 0.0625
2025-08-23 07:21:26,016 - INFO - Example 43 completed: 149 steps, loss sum: 29.5640, final loss: 0.00098801, weight distance: 0.0625 (universal rank: 39560)
2025-08-23 07:21:26,016 - INFO - 
=== Training Example 44/100: /home/projects/bagon/shared/imagenet512/val/n02823428/ILSVRC2012_val_00025387.JPEG ===
2025-08-23 07:21:26,030 - INFO - Reset model to original weights
2025-08-23 07:21:29,950 - INFO - Step 100/10000, current loss: 0.03991699, loss sum: 51.0382
2025-08-23 07:21:33,840 - INFO - Step 200/10000, current loss: 0.00205612, loss sum: 52.0599
2025-08-23 07:21:36,855 - INFO - Example /home/projects/bagon/shared/imagenet512/val/n02823428/ILSVRC2012_val_00025387.JPEG reached epsilon at step 277, loss sum: 52.1679, final loss: 0.00099754, weight distance: 0.0973
2025-08-23 07:21:36,859 - INFO - Example 44 completed: 277 steps, loss sum: 52.1679, final loss: 0.00099754, weight distance: 0.0973 (universal rank: 39644)
2025-08-23 07:21:36,859 - INFO - 
=== Training Example 45/100: /home/projects/bagon/shared/imagenet512/val/n04270147/ILSVRC2012_val_00039871.JPEG ===
2025-08-23 07:21:36,873 - INFO - Reset model to original weights
2025-08-23 07:21:40,780 - INFO - Step 100/10000, current loss: 0.03015137, loss sum: 107.3203
2025-08-23 07:21:44,682 - INFO - Step 200/10000, current loss: 0.00128746, loss sum: 107.8303
2025-08-23 07:21:45,755 - INFO - Example /home/projects/bagon/shared/imagenet512/val/n04270147/ILSVRC2012_val_00039871.JPEG reached epsilon at step 227, loss sum: 107.8606, final loss: 0.00099945, weight distance: 0.0836
2025-08-23 07:21:45,759 - INFO - Example 45 completed: 227 steps, loss sum: 107.8606, final loss: 0.00099945, weight distance: 0.0836 (universal rank: 39735)
2025-08-23 07:21:45,759 - INFO - 
=== Training Example 46/100: /home/projects/bagon/shared/imagenet512/val/n03995372/ILSVRC2012_val_00000589.JPEG ===
2025-08-23 07:21:45,772 - INFO - Reset model to original weights
2025-08-23 07:21:49,770 - INFO - Step 100/10000, current loss: 0.01172638, loss sum: 206.4190
2025-08-23 07:21:53,317 - INFO - Example /home/projects/bagon/shared/imagenet512/val/n03995372/ILSVRC2012_val_00000589.JPEG reached epsilon at step 184, loss sum: 206.6468, final loss: 0.00099659, weight distance: 0.0743
2025-08-23 07:21:53,321 - INFO - Example 46 completed: 184 steps, loss sum: 206.6468, final loss: 0.00099659, weight distance: 0.0743 (universal rank: 40009)
2025-08-23 07:21:53,321 - INFO - 
=== Training Example 47/100: /home/projects/bagon/shared/imagenet512/val/n04604644/ILSVRC2012_val_00033877.JPEG ===
2025-08-23 07:21:53,335 - INFO - Reset model to original weights
2025-08-23 07:21:57,253 - INFO - Step 100/10000, current loss: 0.05529785, loss sum: 77.6671
2025-08-23 07:22:01,166 - INFO - Step 200/10000, current loss: 0.00466537, loss sum: 79.4352
2025-08-23 07:22:05,085 - INFO - Step 300/10000, current loss: 0.00124168, loss sum: 79.6654
2025-08-23 07:22:06,284 - INFO - Example /home/projects/bagon/shared/imagenet512/val/n04604644/ILSVRC2012_val_00033877.JPEG reached epsilon at step 330, loss sum: 79.6988, final loss: 0.00099754, weight distance: 0.0984
2025-08-23 07:22:06,288 - INFO - Example 47 completed: 330 steps, loss sum: 79.6988, final loss: 0.00099754, weight distance: 0.0984 (universal rank: 40104)
2025-08-23 07:22:06,289 - INFO - 
=== Training Example 48/100: /home/projects/bagon/shared/imagenet512/val/n01914609/ILSVRC2012_val_00011035.JPEG ===
2025-08-23 07:22:06,302 - INFO - Reset model to original weights
2025-08-23 07:22:10,218 - INFO - Step 100/10000, current loss: 0.03451538, loss sum: 41.4377
2025-08-23 07:22:14,139 - INFO - Step 200/10000, current loss: 0.00334167, loss sum: 42.7864
2025-08-23 07:22:17,611 - INFO - Example /home/projects/bagon/shared/imagenet512/val/n01914609/ILSVRC2012_val_00011035.JPEG reached epsilon at step 288, loss sum: 42.9401, final loss: 0.00099182, weight distance: 0.0617
2025-08-23 07:22:17,616 - INFO - Example 48 completed: 288 steps, loss sum: 42.9401, final loss: 0.00099182, weight distance: 0.0617 (universal rank: 40163)
2025-08-23 07:22:17,616 - INFO - 
=== Training Example 49/100: /home/projects/bagon/shared/imagenet512/val/n02123045/ILSVRC2012_val_00022080.JPEG ===
2025-08-23 07:22:17,630 - INFO - Reset model to original weights
2025-08-23 07:22:21,527 - INFO - Step 100/10000, current loss: 0.06701660, loss sum: 138.6288
2025-08-23 07:22:25,452 - INFO - Step 200/10000, current loss: 0.00646591, loss sum: 141.1426
2025-08-23 07:22:29,356 - INFO - Step 300/10000, current loss: 0.00200272, loss sum: 141.4846
2025-08-23 07:22:33,327 - INFO - Step 400/10000, current loss: 0.00117207, loss sum: 141.6366
2025-08-23 07:22:34,888 - INFO - Example /home/projects/bagon/shared/imagenet512/val/n02123045/ILSVRC2012_val_00022080.JPEG reached epsilon at step 439, loss sum: 141.6788, final loss: 0.00099564, weight distance: 0.1041
2025-08-23 07:22:34,893 - INFO - Example 49 completed: 439 steps, loss sum: 141.6788, final loss: 0.00099564, weight distance: 0.1041 (universal rank: 40241)
2025-08-23 07:22:34,893 - INFO - 
=== Training Example 50/100: /home/projects/bagon/shared/imagenet512/val/n02226429/ILSVRC2012_val_00023570.JPEG ===
2025-08-23 07:22:34,907 - INFO - Reset model to original weights
2025-08-23 07:22:38,808 - INFO - Step 100/10000, current loss: 0.24584961, loss sum: 73.3076
2025-08-23 07:22:42,704 - INFO - Step 200/10000, current loss: 0.01470947, loss sum: 82.4107
2025-08-23 07:22:46,591 - INFO - Step 300/10000, current loss: 0.00317192, loss sum: 83.0415
2025-08-23 07:22:50,507 - INFO - Step 400/10000, current loss: 0.00168514, loss sum: 83.2695
2025-08-23 07:22:54,434 - INFO - Step 500/10000, current loss: 0.00113869, loss sum: 83.4074
2025-08-23 07:22:55,946 - INFO - Example /home/projects/bagon/shared/imagenet512/val/n02226429/ILSVRC2012_val_00023570.JPEG reached epsilon at step 538, loss sum: 83.4477, final loss: 0.00099850, weight distance: 0.1570
2025-08-23 07:22:55,951 - INFO - Example 50 completed: 538 steps, loss sum: 83.4477, final loss: 0.00099850, weight distance: 0.1570 (universal rank: 40348)
2025-08-23 07:22:55,951 - INFO - 
=== Training Example 51/100: /home/projects/bagon/shared/imagenet512/val/n03075370/ILSVRC2012_val_00032920.JPEG ===
2025-08-23 07:22:55,965 - INFO - Reset model to original weights
2025-08-23 07:22:59,921 - INFO - Step 100/10000, current loss: 0.01335907, loss sum: 27.5309
2025-08-23 07:23:03,838 - INFO - Step 200/10000, current loss: 0.00143051, loss sum: 27.9529
2025-08-23 07:23:05,396 - INFO - Example /home/projects/bagon/shared/imagenet512/val/n03075370/ILSVRC2012_val_00032920.JPEG reached epsilon at step 239, loss sum: 27.9989, final loss: 0.00097942, weight distance: 0.0693
2025-08-23 07:23:05,399 - INFO - Example 51 completed: 239 steps, loss sum: 27.9989, final loss: 0.00097942, weight distance: 0.0693 (universal rank: 40522)
2025-08-23 07:23:05,399 - INFO - 
=== Training Example 52/100: /home/projects/bagon/shared/imagenet512/val/n02865351/ILSVRC2012_val_00049236.JPEG ===
2025-08-23 07:23:05,413 - INFO - Reset model to original weights
2025-08-23 07:23:09,328 - INFO - Step 100/10000, current loss: 0.00352859, loss sum: 47.3147
2025-08-23 07:23:13,239 - INFO - Step 200/10000, current loss: 0.00110722, loss sum: 47.5044
2025-08-23 07:23:13,887 - INFO - Example /home/projects/bagon/shared/imagenet512/val/n02865351/ILSVRC2012_val_00049236.JPEG reached epsilon at step 216, loss sum: 47.5211, final loss: 0.00099182, weight distance: 0.0736
2025-08-23 07:23:13,892 - INFO - Example 52 completed: 216 steps, loss sum: 47.5211, final loss: 0.00099182, weight distance: 0.0736 (universal rank: 40559)
2025-08-23 07:23:13,892 - INFO - 
=== Training Example 53/100: /home/projects/bagon/shared/imagenet512/val/n02328150/ILSVRC2012_val_00000010.JPEG ===
2025-08-23 07:23:13,906 - INFO - Reset model to original weights
2025-08-23 07:23:17,821 - INFO - Step 100/10000, current loss: 0.00263214, loss sum: 54.3796
2025-08-23 07:23:19,887 - INFO - Example /home/projects/bagon/shared/imagenet512/val/n02328150/ILSVRC2012_val_00000010.JPEG reached epsilon at step 153, loss sum: 54.4614, final loss: 0.00099564, weight distance: 0.0677
2025-08-23 07:23:19,891 - INFO - Example 53 completed: 153 steps, loss sum: 54.4614, final loss: 0.00099564, weight distance: 0.0677 (universal rank: 40562)
2025-08-23 07:23:19,891 - INFO - 
=== Training Example 54/100: /home/projects/bagon/shared/imagenet512/val/n03347037/ILSVRC2012_val_00002272.JPEG ===
2025-08-23 07:23:19,905 - INFO - Reset model to original weights
2025-08-23 07:23:23,835 - INFO - Step 100/10000, current loss: 0.00149345, loss sum: 13.6229
2025-08-23 07:23:24,946 - INFO - Example /home/projects/bagon/shared/imagenet512/val/n03347037/ILSVRC2012_val_00002272.JPEG reached epsilon at step 128, loss sum: 13.6561, final loss: 0.00097656, weight distance: 0.0539
2025-08-23 07:23:24,949 - INFO - Example 54 completed: 128 steps, loss sum: 13.6561, final loss: 0.00097656, weight distance: 0.0539 (universal rank: 41428)
2025-08-23 07:23:24,950 - INFO - 
=== Training Example 55/100: /home/projects/bagon/shared/imagenet512/val/n03770679/ILSVRC2012_val_00027151.JPEG ===
2025-08-23 07:23:24,963 - INFO - Reset model to original weights
2025-08-23 07:23:28,868 - INFO - Step 100/10000, current loss: 0.85546875, loss sum: 285.2046
2025-08-23 07:23:32,777 - INFO - Step 200/10000, current loss: 0.07171631, loss sum: 314.6714
2025-08-23 07:23:36,657 - INFO - Step 300/10000, current loss: 0.00254822, loss sum: 316.7555
2025-08-23 07:23:40,179 - INFO - Example /home/projects/bagon/shared/imagenet512/val/n03770679/ILSVRC2012_val_00027151.JPEG reached epsilon at step 390, loss sum: 316.8926, final loss: 0.00098801, weight distance: 0.1352
2025-08-23 07:23:40,185 - INFO - Example 55 completed: 390 steps, loss sum: 316.8926, final loss: 0.00098801, weight distance: 0.1352 (universal rank: 41478)
2025-08-23 07:23:40,185 - INFO - 
=== Training Example 56/100: /home/projects/bagon/shared/imagenet512/val/n02321529/ILSVRC2012_val_00000301.JPEG ===
2025-08-23 07:23:40,199 - INFO - Reset model to original weights
2025-08-23 07:23:44,120 - INFO - Step 100/10000, current loss: 0.01808167, loss sum: 56.5374
2025-08-23 07:23:48,048 - INFO - Step 200/10000, current loss: 0.00151348, loss sum: 57.0526
2025-08-23 07:23:50,052 - INFO - Example /home/projects/bagon/shared/imagenet512/val/n02321529/ILSVRC2012_val_00000301.JPEG reached epsilon at step 251, loss sum: 57.1143, final loss: 0.00099945, weight distance: 0.0685
2025-08-23 07:23:50,056 - INFO - Example 56 completed: 251 steps, loss sum: 57.1143, final loss: 0.00099945, weight distance: 0.0685 (universal rank: 41492)
2025-08-23 07:23:50,056 - INFO - 
=== Training Example 57/100: /home/projects/bagon/shared/imagenet512/val/n02823428/ILSVRC2012_val_00014412.JPEG ===
2025-08-23 07:23:50,069 - INFO - Reset model to original weights
2025-08-23 07:23:54,008 - INFO - Step 100/10000, current loss: 0.03604126, loss sum: 110.3737
2025-08-23 07:23:57,947 - INFO - Step 200/10000, current loss: 0.00187874, loss sum: 111.1519
2025-08-23 07:24:01,172 - INFO - Example /home/projects/bagon/shared/imagenet512/val/n02823428/ILSVRC2012_val_00014412.JPEG reached epsilon at step 282, loss sum: 111.2620, final loss: 0.00098801, weight distance: 0.0953
2025-08-23 07:24:01,177 - INFO - Example 57 completed: 282 steps, loss sum: 111.2620, final loss: 0.00098801, weight distance: 0.0953 (universal rank: 42049)
2025-08-23 07:24:01,177 - INFO - 
=== Training Example 58/100: /home/projects/bagon/shared/imagenet512/val/n04099969/ILSVRC2012_val_00038617.JPEG ===
2025-08-23 07:24:01,191 - INFO - Reset model to original weights
2025-08-23 07:24:05,141 - INFO - Step 100/10000, current loss: 0.00290489, loss sum: 35.6300
2025-08-23 07:24:08,658 - INFO - Example /home/projects/bagon/shared/imagenet512/val/n04099969/ILSVRC2012_val_00038617.JPEG reached epsilon at step 189, loss sum: 35.7746, final loss: 0.00099659, weight distance: 0.0689
2025-08-23 07:24:08,663 - INFO - Example 58 completed: 189 steps, loss sum: 35.7746, final loss: 0.00099659, weight distance: 0.0689 (universal rank: 42135)
2025-08-23 07:24:08,663 - INFO - 
=== Training Example 59/100: /home/projects/bagon/shared/imagenet512/val/n03657121/ILSVRC2012_val_00027626.JPEG ===
2025-08-23 07:24:08,677 - INFO - Reset model to original weights
2025-08-23 07:24:12,618 - INFO - Step 100/10000, current loss: 0.79345703, loss sum: 219.7676
2025-08-23 07:24:16,547 - INFO - Step 200/10000, current loss: 0.11975098, loss sum: 253.9009
2025-08-23 07:24:20,467 - INFO - Step 300/10000, current loss: 0.01303101, loss sum: 258.5271
2025-08-23 07:24:24,373 - INFO - Step 400/10000, current loss: 0.00215149, loss sum: 259.0970
2025-08-23 07:24:27,965 - INFO - Example /home/projects/bagon/shared/imagenet512/val/n03657121/ILSVRC2012_val_00027626.JPEG reached epsilon at step 492, loss sum: 259.2285, final loss: 0.00099277, weight distance: 0.1195
2025-08-23 07:24:27,970 - INFO - Example 59 completed: 492 steps, loss sum: 259.2285, final loss: 0.00099277, weight distance: 0.1195 (universal rank: 42262)
2025-08-23 07:24:27,971 - INFO - 
=== Training Example 60/100: /home/projects/bagon/shared/imagenet512/val/n02105056/ILSVRC2012_val_00043154.JPEG ===
2025-08-23 07:24:27,984 - INFO - Reset model to original weights
2025-08-23 07:24:31,891 - INFO - Step 100/10000, current loss: 0.30029297, loss sum: 192.9519
2025-08-23 07:24:35,777 - INFO - Step 200/10000, current loss: 0.00628662, loss sum: 200.6355
2025-08-23 07:24:39,643 - INFO - Step 300/10000, current loss: 0.00135040, loss sum: 200.9067
2025-08-23 07:24:41,412 - INFO - Example /home/projects/bagon/shared/imagenet512/val/n02105056/ILSVRC2012_val_00043154.JPEG reached epsilon at step 345, loss sum: 200.9589, final loss: 0.00099373, weight distance: 0.1312
2025-08-23 07:24:41,417 - INFO - Example 60 completed: 345 steps, loss sum: 200.9589, final loss: 0.00099373, weight distance: 0.1312 (universal rank: 43184)
2025-08-23 07:24:41,417 - INFO - 
=== Training Example 61/100: /home/projects/bagon/shared/imagenet512/val/n02999410/ILSVRC2012_val_00009078.JPEG ===
2025-08-23 07:24:41,430 - INFO - Reset model to original weights
2025-08-23 07:24:45,358 - INFO - Step 100/10000, current loss: 0.00254631, loss sum: 15.3574
2025-08-23 07:24:49,080 - INFO - Example /home/projects/bagon/shared/imagenet512/val/n02999410/ILSVRC2012_val_00009078.JPEG reached epsilon at step 194, loss sum: 15.5025, final loss: 0.00099087, weight distance: 0.0617
2025-08-23 07:24:49,084 - INFO - Example 61 completed: 194 steps, loss sum: 15.5025, final loss: 0.00099087, weight distance: 0.0617 (universal rank: 43801)
2025-08-23 07:24:49,084 - INFO - 
=== Training Example 62/100: /home/projects/bagon/shared/imagenet512/val/n03729826/ILSVRC2012_val_00032696.JPEG ===
2025-08-23 07:24:49,099 - INFO - Reset model to original weights
2025-08-23 07:24:53,060 - INFO - Step 100/10000, current loss: 0.13513184, loss sum: 241.6378
2025-08-23 07:24:56,986 - INFO - Step 200/10000, current loss: 0.00305367, loss sum: 245.0247
2025-08-23 07:24:59,076 - INFO - Example /home/projects/bagon/shared/imagenet512/val/n03729826/ILSVRC2012_val_00032696.JPEG reached epsilon at step 253, loss sum: 245.1096, final loss: 0.00098991, weight distance: 0.0822
2025-08-23 07:24:59,081 - INFO - Example 62 completed: 253 steps, loss sum: 245.1096, final loss: 0.00098991, weight distance: 0.0822 (universal rank: 43957)
2025-08-23 07:24:59,081 - INFO - 
=== Training Example 63/100: /home/projects/bagon/shared/imagenet512/val/n04525038/ILSVRC2012_val_00029578.JPEG ===
2025-08-23 07:24:59,095 - INFO - Reset model to original weights
2025-08-23 07:25:03,029 - INFO - Step 100/10000, current loss: 0.02270508, loss sum: 209.5594
2025-08-23 07:25:06,670 - INFO - Example /home/projects/bagon/shared/imagenet512/val/n04525038/ILSVRC2012_val_00029578.JPEG reached epsilon at step 192, loss sum: 209.9440, final loss: 0.00098324, weight distance: 0.0735
2025-08-23 07:25:06,676 - INFO - Example 63 completed: 192 steps, loss sum: 209.9440, final loss: 0.00098324, weight distance: 0.0735 (universal rank: 43964)
2025-08-23 07:25:06,676 - INFO - 
=== Training Example 64/100: /home/projects/bagon/shared/imagenet512/val/n03995372/ILSVRC2012_val_00021148.JPEG ===
2025-08-23 07:25:06,690 - INFO - Reset model to original weights
2025-08-23 07:25:10,610 - INFO - Step 100/10000, current loss: 2.09960938, loss sum: 419.9297
2025-08-23 07:25:14,531 - INFO - Step 200/10000, current loss: 0.06063843, loss sum: 500.1590
2025-08-23 07:25:18,442 - INFO - Step 300/10000, current loss: 0.00158405, loss sum: 501.5108
2025-08-23 07:25:19,860 - INFO - Example /home/projects/bagon/shared/imagenet512/val/n03995372/ILSVRC2012_val_00021148.JPEG reached epsilon at step 336, loss sum: 501.5555, final loss: 0.00099182, weight distance: 0.1106
2025-08-23 07:25:19,864 - INFO - Example 64 completed: 336 steps, loss sum: 501.5555, final loss: 0.00099182, weight distance: 0.1106 (universal rank: 44095)
2025-08-23 07:25:19,864 - INFO - 
=== Training Example 65/100: /home/projects/bagon/shared/imagenet512/val/n03125729/ILSVRC2012_val_00048318.JPEG ===
2025-08-23 07:25:19,877 - INFO - Reset model to original weights
2025-08-23 07:25:23,776 - INFO - Step 100/10000, current loss: 0.31958008, loss sum: 224.6660
2025-08-23 07:25:27,661 - INFO - Step 200/10000, current loss: 0.01333618, loss sum: 233.7427
2025-08-23 07:25:31,561 - INFO - Step 300/10000, current loss: 0.00264549, loss sum: 234.2915
2025-08-23 07:25:35,457 - INFO - Step 400/10000, current loss: 0.00126171, loss sum: 234.4713
2025-08-23 07:25:37,487 - INFO - Example /home/projects/bagon/shared/imagenet512/val/n03125729/ILSVRC2012_val_00048318.JPEG reached epsilon at step 452, loss sum: 234.5295, final loss: 0.00099468, weight distance: 0.1366
2025-08-23 07:25:37,493 - INFO - Example 65 completed: 452 steps, loss sum: 234.5295, final loss: 0.00099468, weight distance: 0.1366 (universal rank: 44265)
2025-08-23 07:25:37,493 - INFO - 
=== Training Example 66/100: /home/projects/bagon/shared/imagenet512/val/n02099267/ILSVRC2012_val_00039543.JPEG ===
2025-08-23 07:25:37,506 - INFO - Reset model to original weights
2025-08-23 07:25:41,422 - INFO - Step 100/10000, current loss: 0.03628540, loss sum: 71.8811
2025-08-23 07:25:45,302 - INFO - Step 200/10000, current loss: 0.01079559, loss sum: 73.8058
2025-08-23 07:25:49,206 - INFO - Step 300/10000, current loss: 0.00400162, loss sum: 74.5071
2025-08-23 07:25:53,091 - INFO - Step 400/10000, current loss: 0.00168610, loss sum: 74.7684
2025-08-23 07:25:57,069 - INFO - Step 500/10000, current loss: 0.00105667, loss sum: 74.9013
2025-08-23 07:25:57,601 - INFO - Example /home/projects/bagon/shared/imagenet512/val/n02099267/ILSVRC2012_val_00039543.JPEG reached epsilon at step 513, loss sum: 74.9146, final loss: 0.00099659, weight distance: 0.0937
2025-08-23 07:25:57,606 - INFO - Example 66 completed: 513 steps, loss sum: 74.9146, final loss: 0.00099659, weight distance: 0.0937 (universal rank: 44576)
2025-08-23 07:25:57,607 - INFO - 
=== Training Example 67/100: /home/projects/bagon/shared/imagenet512/val/n02814860/ILSVRC2012_val_00026607.JPEG ===
2025-08-23 07:25:57,621 - INFO - Reset model to original weights
2025-08-23 07:26:01,593 - INFO - Step 100/10000, current loss: 0.00465012, loss sum: 4.5905
2025-08-23 07:26:05,545 - INFO - Step 200/10000, current loss: 0.00152016, loss sum: 4.8366
2025-08-23 07:26:08,712 - INFO - Example /home/projects/bagon/shared/imagenet512/val/n02814860/ILSVRC2012_val_00026607.JPEG reached epsilon at step 280, loss sum: 4.9345, final loss: 0.00099659, weight distance: 0.0615
2025-08-23 07:26:08,717 - INFO - Example 67 completed: 280 steps, loss sum: 4.9345, final loss: 0.00099659, weight distance: 0.0615 (universal rank: 44803)
2025-08-23 07:26:08,717 - INFO - 
=== Training Example 68/100: /home/projects/bagon/shared/imagenet512/val/n02097298/ILSVRC2012_val_00024756.JPEG ===
2025-08-23 07:26:08,730 - INFO - Reset model to original weights
2025-08-23 07:26:12,695 - INFO - Step 100/10000, current loss: 3.63476562, loss sum: 592.7734
2025-08-23 07:26:16,616 - INFO - Step 200/10000, current loss: 0.96777344, loss sum: 811.9258
2025-08-23 07:26:20,548 - INFO - Step 300/10000, current loss: 0.01209259, loss sum: 840.8015
2025-08-23 07:26:24,418 - INFO - Example /home/projects/bagon/shared/imagenet512/val/n02097298/ILSVRC2012_val_00024756.JPEG reached epsilon at step 398, loss sum: 841.0804, final loss: 0.00099754, weight distance: 0.1258
2025-08-23 07:26:24,423 - INFO - Example 68 completed: 398 steps, loss sum: 841.0804, final loss: 0.00099754, weight distance: 0.1258 (universal rank: 44828)
2025-08-23 07:26:24,423 - INFO - 
=== Training Example 69/100: /home/projects/bagon/shared/imagenet512/val/n01667778/ILSVRC2012_val_00031815.JPEG ===
2025-08-23 07:26:24,436 - INFO - Reset model to original weights
2025-08-23 07:26:28,375 - INFO - Step 100/10000, current loss: 0.02723694, loss sum: 47.5487
2025-08-23 07:26:32,284 - INFO - Step 200/10000, current loss: 0.00181770, loss sum: 48.2314
2025-08-23 07:26:34,898 - INFO - Example /home/projects/bagon/shared/imagenet512/val/n01667778/ILSVRC2012_val_00031815.JPEG reached epsilon at step 266, loss sum: 48.3173, final loss: 0.00099564, weight distance: 0.1123
2025-08-23 07:26:34,902 - INFO - Example 69 completed: 266 steps, loss sum: 48.3173, final loss: 0.00099564, weight distance: 0.1123 (universal rank: 45041)
2025-08-23 07:26:34,903 - INFO - 
=== Training Example 70/100: /home/projects/bagon/shared/imagenet512/val/n02233338/ILSVRC2012_val_00039550.JPEG ===
2025-08-23 07:26:34,916 - INFO - Reset model to original weights
2025-08-23 07:26:38,789 - INFO - Step 100/10000, current loss: 0.01386261, loss sum: 121.6565
2025-08-23 07:26:42,675 - INFO - Step 200/10000, current loss: 0.00134659, loss sum: 122.0924
2025-08-23 07:26:43,963 - INFO - Example /home/projects/bagon/shared/imagenet512/val/n02233338/ILSVRC2012_val_00039550.JPEG reached epsilon at step 233, loss sum: 122.1301, final loss: 0.00099277, weight distance: 0.0626
2025-08-23 07:26:43,968 - INFO - Example 70 completed: 233 steps, loss sum: 122.1301, final loss: 0.00099277, weight distance: 0.0626 (universal rank: 45073)
2025-08-23 07:26:43,968 - INFO - 
=== Training Example 71/100: /home/projects/bagon/shared/imagenet512/val/n02085620/ILSVRC2012_val_00016688.JPEG ===
2025-08-23 07:26:43,982 - INFO - Reset model to original weights
2025-08-23 07:26:47,914 - INFO - Step 100/10000, current loss: 0.15222168, loss sum: 141.0635
2025-08-23 07:26:51,820 - INFO - Step 200/10000, current loss: 0.00226021, loss sum: 144.1243
2025-08-23 07:26:54,578 - INFO - Example /home/projects/bagon/shared/imagenet512/val/n02085620/ILSVRC2012_val_00016688.JPEG reached epsilon at step 270, loss sum: 144.2261, final loss: 0.00099564, weight distance: 0.1132
2025-08-23 07:26:54,582 - INFO - Example 71 completed: 270 steps, loss sum: 144.2261, final loss: 0.00099564, weight distance: 0.1132 (universal rank: 45349)
2025-08-23 07:26:54,582 - INFO - 
=== Training Example 72/100: /home/projects/bagon/shared/imagenet512/val/n02504458/ILSVRC2012_val_00018263.JPEG ===
2025-08-23 07:26:54,596 - INFO - Reset model to original weights
2025-08-23 07:26:58,565 - INFO - Step 100/10000, current loss: 0.07629395, loss sum: 45.5464
2025-08-23 07:27:02,474 - INFO - Step 200/10000, current loss: 0.01455688, loss sum: 49.1467
2025-08-23 07:27:06,356 - INFO - Step 300/10000, current loss: 0.00267220, loss sum: 49.8985
2025-08-23 07:27:09,509 - INFO - Example /home/projects/bagon/shared/imagenet512/val/n02504458/ILSVRC2012_val_00018263.JPEG reached epsilon at step 381, loss sum: 50.0210, final loss: 0.00099945, weight distance: 0.0887
2025-08-23 07:27:09,515 - INFO - Example 72 completed: 381 steps, loss sum: 50.0210, final loss: 0.00099945, weight distance: 0.0887 (universal rank: 45533)
2025-08-23 07:27:09,515 - INFO - 
=== Training Example 73/100: /home/projects/bagon/shared/imagenet512/val/n04536866/ILSVRC2012_val_00036501.JPEG ===
2025-08-23 07:27:09,529 - INFO - Reset model to original weights
2025-08-23 07:27:13,402 - INFO - Step 100/10000, current loss: 1.52246094, loss sum: 317.2793
2025-08-23 07:27:17,263 - INFO - Step 200/10000, current loss: 0.22229004, loss sum: 391.1694
2025-08-23 07:27:21,094 - INFO - Step 300/10000, current loss: 0.02769470, loss sum: 400.2222
2025-08-23 07:27:24,986 - INFO - Step 400/10000, current loss: 0.00514984, loss sum: 401.4912
2025-08-23 07:27:28,840 - INFO - Step 500/10000, current loss: 0.00126839, loss sum: 401.7347
2025-08-23 07:27:30,257 - INFO - Example /home/projects/bagon/shared/imagenet512/val/n04536866/ILSVRC2012_val_00036501.JPEG reached epsilon at step 536, loss sum: 401.7751, final loss: 0.00099468, weight distance: 0.1166
2025-08-23 07:27:30,262 - INFO - Example 73 completed: 536 steps, loss sum: 401.7751, final loss: 0.00099468, weight distance: 0.1166 (universal rank: 45661)
2025-08-23 07:27:30,262 - INFO - 
=== Training Example 74/100: /home/projects/bagon/shared/imagenet512/val/n02939185/ILSVRC2012_val_00043061.JPEG ===
2025-08-23 07:27:30,275 - INFO - Reset model to original weights
2025-08-23 07:27:34,163 - INFO - Step 100/10000, current loss: 0.00361633, loss sum: 76.6099
2025-08-23 07:27:35,667 - INFO - Example /home/projects/bagon/shared/imagenet512/val/n02939185/ILSVRC2012_val_00043061.JPEG reached epsilon at step 138, loss sum: 76.6739, final loss: 0.00098801, weight distance: 0.0484
2025-08-23 07:27:35,672 - INFO - Example 74 completed: 138 steps, loss sum: 76.6739, final loss: 0.00098801, weight distance: 0.0484 (universal rank: 45725)
2025-08-23 07:27:35,672 - INFO - 
=== Training Example 75/100: /home/projects/bagon/shared/imagenet512/val/n04005630/ILSVRC2012_val_00031106.JPEG ===
2025-08-23 07:27:35,686 - INFO - Reset model to original weights
2025-08-23 07:27:39,569 - INFO - Step 100/10000, current loss: 0.05587769, loss sum: 114.8748
2025-08-23 07:27:43,451 - INFO - Step 200/10000, current loss: 0.00106335, loss sum: 115.6577
2025-08-23 07:27:43,664 - INFO - Example /home/projects/bagon/shared/imagenet512/val/n04005630/ILSVRC2012_val_00031106.JPEG reached epsilon at step 205, loss sum: 115.6629, final loss: 0.00099182, weight distance: 0.0780
2025-08-23 07:27:43,668 - INFO - Example 75 completed: 205 steps, loss sum: 115.6629, final loss: 0.00099182, weight distance: 0.0780 (universal rank: 45908)
2025-08-23 07:27:43,668 - INFO - 
=== Training Example 76/100: /home/projects/bagon/shared/imagenet512/val/n04069434/ILSVRC2012_val_00026322.JPEG ===
2025-08-23 07:27:43,682 - INFO - Reset model to original weights
2025-08-23 07:27:47,567 - INFO - Step 100/10000, current loss: 0.01762390, loss sum: 101.3887
2025-08-23 07:27:51,436 - INFO - Step 200/10000, current loss: 0.00211906, loss sum: 101.9356
2025-08-23 07:27:55,329 - INFO - Step 300/10000, current loss: 0.00108624, loss sum: 102.0845
2025-08-23 07:27:56,003 - INFO - Example /home/projects/bagon/shared/imagenet512/val/n04069434/ILSVRC2012_val_00026322.JPEG reached epsilon at step 317, loss sum: 102.1021, final loss: 0.00099373, weight distance: 0.0943
2025-08-23 07:27:56,008 - INFO - Example 76 completed: 317 steps, loss sum: 102.1021, final loss: 0.00099373, weight distance: 0.0943 (universal rank: 46117)
2025-08-23 07:27:56,008 - INFO - 
=== Training Example 77/100: /home/projects/bagon/shared/imagenet512/val/n02123159/ILSVRC2012_val_00023267.JPEG ===
2025-08-23 07:27:56,021 - INFO - Reset model to original weights
2025-08-23 07:27:59,968 - INFO - Step 100/10000, current loss: 0.02398682, loss sum: 60.2362
2025-08-23 07:28:03,836 - INFO - Step 200/10000, current loss: 0.00256348, loss sum: 60.9024
2025-08-23 07:28:07,727 - INFO - Step 300/10000, current loss: 0.00126266, loss sum: 61.0795
2025-08-23 07:28:09,714 - INFO - Example /home/projects/bagon/shared/imagenet512/val/n02123159/ILSVRC2012_val_00023267.JPEG reached epsilon at step 351, loss sum: 61.1368, final loss: 0.00099087, weight distance: 0.1214
2025-08-23 07:28:09,718 - INFO - Example 77 completed: 351 steps, loss sum: 61.1368, final loss: 0.00099087, weight distance: 0.1214 (universal rank: 46272)
2025-08-23 07:28:09,718 - INFO - 
=== Training Example 78/100: /home/projects/bagon/shared/imagenet512/val/n02113712/ILSVRC2012_val_00046822.JPEG ===
2025-08-23 07:28:09,732 - INFO - Reset model to original weights
2025-08-23 07:28:13,618 - INFO - Step 100/10000, current loss: 0.34521484, loss sum: 135.8755
2025-08-23 07:28:17,482 - INFO - Step 200/10000, current loss: 0.11865234, loss sum: 157.9290
2025-08-23 07:28:21,326 - INFO - Step 300/10000, current loss: 0.04077148, loss sum: 165.1668
2025-08-23 07:28:25,190 - INFO - Step 400/10000, current loss: 0.01589966, loss sum: 167.7582
2025-08-23 07:28:29,013 - INFO - Step 500/10000, current loss: 0.00588608, loss sum: 168.7764
2025-08-23 07:28:32,866 - INFO - Step 600/10000, current loss: 0.00270462, loss sum: 169.1677
2025-08-23 07:28:36,702 - INFO - Step 700/10000, current loss: 0.00167656, loss sum: 169.3788
2025-08-23 07:28:40,524 - INFO - Step 800/10000, current loss: 0.00119591, loss sum: 169.5193
2025-08-23 07:28:42,745 - INFO - Example /home/projects/bagon/shared/imagenet512/val/n02113712/ILSVRC2012_val_00046822.JPEG reached epsilon at step 857, loss sum: 169.5815, final loss: 0.00099373, weight distance: 0.1715
2025-08-23 07:28:42,749 - INFO - Example 78 completed: 857 steps, loss sum: 169.5815, final loss: 0.00099373, weight distance: 0.1715 (universal rank: 46389)
2025-08-23 07:28:42,750 - INFO - 
=== Training Example 79/100: /home/projects/bagon/shared/imagenet512/val/n03950228/ILSVRC2012_val_00004522.JPEG ===
2025-08-23 07:28:42,764 - INFO - Reset model to original weights
2025-08-23 07:28:46,617 - INFO - Step 100/10000, current loss: 1.05957031, loss sum: 207.7891
2025-08-23 07:28:50,497 - INFO - Step 200/10000, current loss: 0.27929688, loss sum: 272.7764
2025-08-23 07:28:54,380 - INFO - Step 300/10000, current loss: 0.06750488, loss sum: 286.7706
2025-08-23 07:28:58,242 - INFO - Step 400/10000, current loss: 0.02197266, loss sum: 290.7614
2025-08-23 07:29:02,102 - INFO - Step 500/10000, current loss: 0.00696564, loss sum: 292.0243
2025-08-23 07:29:05,979 - INFO - Step 600/10000, current loss: 0.00214386, loss sum: 292.4345
2025-08-23 07:29:09,837 - INFO - Step 700/10000, current loss: 0.00102520, loss sum: 292.5795
2025-08-23 07:29:09,973 - INFO - Example /home/projects/bagon/shared/imagenet512/val/n03950228/ILSVRC2012_val_00004522.JPEG reached epsilon at step 703, loss sum: 292.5825, final loss: 0.00099659, weight distance: 0.1060
2025-08-23 07:29:09,978 - INFO - Example 79 completed: 703 steps, loss sum: 292.5825, final loss: 0.00099659, weight distance: 0.1060 (universal rank: 46771)
2025-08-23 07:29:09,978 - INFO - 
=== Training Example 80/100: /home/projects/bagon/shared/imagenet512/val/n04462240/ILSVRC2012_val_00016686.JPEG ===
2025-08-23 07:29:09,992 - INFO - Reset model to original weights
2025-08-23 07:29:13,934 - INFO - Step 100/10000, current loss: 0.00361633, loss sum: 41.3447
2025-08-23 07:29:17,596 - INFO - Example /home/projects/bagon/shared/imagenet512/val/n04462240/ILSVRC2012_val_00016686.JPEG reached epsilon at step 192, loss sum: 41.5046, final loss: 0.00099564, weight distance: 0.0659
2025-08-23 07:29:17,600 - INFO - Example 80 completed: 192 steps, loss sum: 41.5046, final loss: 0.00099564, weight distance: 0.0659 (universal rank: 46827)
2025-08-23 07:29:17,600 - INFO - 
=== Training Example 81/100: /home/projects/bagon/shared/imagenet512/val/n02909870/ILSVRC2012_val_00007724.JPEG ===
2025-08-23 07:29:17,614 - INFO - Reset model to original weights
2025-08-23 07:29:21,503 - INFO - Step 100/10000, current loss: 0.00658417, loss sum: 39.2757
2025-08-23 07:29:25,417 - INFO - Step 200/10000, current loss: 0.00133610, loss sum: 39.5457
2025-08-23 07:29:27,104 - INFO - Example /home/projects/bagon/shared/imagenet512/val/n02909870/ILSVRC2012_val_00007724.JPEG reached epsilon at step 243, loss sum: 39.5950, final loss: 0.00099277, weight distance: 0.0863
2025-08-23 07:29:27,108 - INFO - Example 81 completed: 243 steps, loss sum: 39.5950, final loss: 0.00099277, weight distance: 0.0863 (universal rank: 46884)
2025-08-23 07:29:27,109 - INFO - 
=== Training Example 82/100: /home/projects/bagon/shared/imagenet512/val/n02105412/ILSVRC2012_val_00002940.JPEG ===
2025-08-23 07:29:27,122 - INFO - Reset model to original weights
2025-08-23 07:29:31,052 - INFO - Step 100/10000, current loss: 0.00305367, loss sum: 116.2100
2025-08-23 07:29:33,334 - INFO - Example /home/projects/bagon/shared/imagenet512/val/n02105412/ILSVRC2012_val_00002940.JPEG reached epsilon at step 158, loss sum: 116.3048, final loss: 0.00099277, weight distance: 0.0792
2025-08-23 07:29:33,339 - INFO - Example 82 completed: 158 steps, loss sum: 116.3048, final loss: 0.00099277, weight distance: 0.0792 (universal rank: 47080)
2025-08-23 07:29:33,339 - INFO - 
=== Training Example 83/100: /home/projects/bagon/shared/imagenet512/val/n15075141/ILSVRC2012_val_00041219.JPEG ===
2025-08-23 07:29:33,352 - INFO - Reset model to original weights
2025-08-23 07:29:37,278 - INFO - Step 100/10000, current loss: 0.27734375, loss sum: 183.7122
2025-08-23 07:29:41,188 - INFO - Step 200/10000, current loss: 0.05889893, loss sum: 198.2947
2025-08-23 07:29:45,085 - INFO - Step 300/10000, current loss: 0.01271820, loss sum: 201.2006
2025-08-23 07:29:48,998 - INFO - Step 400/10000, current loss: 0.00395203, loss sum: 201.9511
2025-08-23 07:29:52,896 - INFO - Step 500/10000, current loss: 0.00128555, loss sum: 202.1944
2025-08-23 07:29:54,136 - INFO - Example /home/projects/bagon/shared/imagenet512/val/n15075141/ILSVRC2012_val_00041219.JPEG reached epsilon at step 531, loss sum: 202.2302, final loss: 0.00099373, weight distance: 0.0902
2025-08-23 07:29:54,140 - INFO - Example 83 completed: 531 steps, loss sum: 202.2302, final loss: 0.00099373, weight distance: 0.0902 (universal rank: 47316)
2025-08-23 07:29:54,140 - INFO - 
=== Training Example 84/100: /home/projects/bagon/shared/imagenet512/val/n03658185/ILSVRC2012_val_00034022.JPEG ===
2025-08-23 07:29:54,153 - INFO - Reset model to original weights
2025-08-23 07:29:58,078 - INFO - Step 100/10000, current loss: 0.27758789, loss sum: 110.7598
2025-08-23 07:30:01,981 - INFO - Step 200/10000, current loss: 0.04321289, loss sum: 123.6292
2025-08-23 07:30:05,883 - INFO - Step 300/10000, current loss: 0.00501633, loss sum: 125.4013
2025-08-23 07:30:09,768 - INFO - Step 400/10000, current loss: 0.00114346, loss sum: 125.6248
2025-08-23 07:30:10,522 - INFO - Example /home/projects/bagon/shared/imagenet512/val/n03658185/ILSVRC2012_val_00034022.JPEG reached epsilon at step 419, loss sum: 125.6450, final loss: 0.00099850, weight distance: 0.0941
2025-08-23 07:30:10,527 - INFO - Example 84 completed: 419 steps, loss sum: 125.6450, final loss: 0.00099850, weight distance: 0.0941 (universal rank: 47428)
2025-08-23 07:30:10,527 - INFO - 
=== Training Example 85/100: /home/projects/bagon/shared/imagenet512/val/n03450230/ILSVRC2012_val_00001627.JPEG ===
2025-08-23 07:30:10,541 - INFO - Reset model to original weights
2025-08-23 07:30:14,458 - INFO - Step 100/10000, current loss: 0.07122803, loss sum: 74.9182
2025-08-23 07:30:18,367 - INFO - Step 200/10000, current loss: 0.00560760, loss sum: 77.2557
2025-08-23 07:30:22,242 - INFO - Step 300/10000, current loss: 0.00220871, loss sum: 77.5949
2025-08-23 07:30:26,154 - INFO - Step 400/10000, current loss: 0.00136852, loss sum: 77.7672
2025-08-23 07:30:29,880 - INFO - Example /home/projects/bagon/shared/imagenet512/val/n03450230/ILSVRC2012_val_00001627.JPEG reached epsilon at step 495, loss sum: 77.8783, final loss: 0.00099850, weight distance: 0.1376
2025-08-23 07:30:29,885 - INFO - Example 85 completed: 495 steps, loss sum: 77.8783, final loss: 0.00099850, weight distance: 0.1376 (universal rank: 47499)
2025-08-23 07:30:29,885 - INFO - 
=== Training Example 86/100: /home/projects/bagon/shared/imagenet512/val/n02930766/ILSVRC2012_val_00038811.JPEG ===
2025-08-23 07:30:29,898 - INFO - Reset model to original weights
2025-08-23 07:30:33,812 - INFO - Step 100/10000, current loss: 0.00694275, loss sum: 171.6668
2025-08-23 07:30:37,709 - INFO - Step 200/10000, current loss: 0.00100708, loss sum: 171.8900
2025-08-23 07:30:37,806 - INFO - Example /home/projects/bagon/shared/imagenet512/val/n02930766/ILSVRC2012_val_00038811.JPEG reached epsilon at step 202, loss sum: 171.8920, final loss: 0.00099754, weight distance: 0.0669
2025-08-23 07:30:37,810 - INFO - Example 86 completed: 202 steps, loss sum: 171.8920, final loss: 0.00099754, weight distance: 0.0669 (universal rank: 47514)
2025-08-23 07:30:37,810 - INFO - 
=== Training Example 87/100: /home/projects/bagon/shared/imagenet512/val/n09421951/ILSVRC2012_val_00015740.JPEG ===
2025-08-23 07:30:37,824 - INFO - Reset model to original weights
2025-08-23 07:30:41,743 - INFO - Step 100/10000, current loss: 0.02983093, loss sum: 61.7555
2025-08-23 07:30:45,646 - INFO - Step 200/10000, current loss: 0.00180626, loss sum: 62.5076
2025-08-23 07:30:48,284 - INFO - Example /home/projects/bagon/shared/imagenet512/val/n09421951/ILSVRC2012_val_00015740.JPEG reached epsilon at step 267, loss sum: 62.5961, final loss: 0.00099850, weight distance: 0.1033
2025-08-23 07:30:48,288 - INFO - Example 87 completed: 267 steps, loss sum: 62.5961, final loss: 0.00099850, weight distance: 0.1033 (universal rank: 47810)
2025-08-23 07:30:48,288 - INFO - 
=== Training Example 88/100: /home/projects/bagon/shared/imagenet512/val/n04285008/ILSVRC2012_val_00013805.JPEG ===
2025-08-23 07:30:48,301 - INFO - Reset model to original weights
2025-08-23 07:30:52,204 - INFO - Step 100/10000, current loss: 0.66796875, loss sum: 345.4785
2025-08-23 07:30:56,135 - INFO - Step 200/10000, current loss: 0.02850342, loss sum: 363.6782
2025-08-23 07:31:00,118 - INFO - Step 300/10000, current loss: 0.00220680, loss sum: 364.5765
2025-08-23 07:31:03,800 - INFO - Example /home/projects/bagon/shared/imagenet512/val/n04285008/ILSVRC2012_val_00013805.JPEG reached epsilon at step 391, loss sum: 364.7081, final loss: 0.00099564, weight distance: 0.1001
2025-08-23 07:31:03,805 - INFO - Example 88 completed: 391 steps, loss sum: 364.7081, final loss: 0.00099564, weight distance: 0.1001 (universal rank: 47888)
2025-08-23 07:31:03,805 - INFO - 
=== Training Example 89/100: /home/projects/bagon/shared/imagenet512/val/n03709823/ILSVRC2012_val_00034177.JPEG ===
2025-08-23 07:31:03,818 - INFO - Reset model to original weights
2025-08-23 07:31:07,737 - INFO - Step 100/10000, current loss: 1.15332031, loss sum: 315.1299
2025-08-23 07:31:11,578 - INFO - Step 200/10000, current loss: 0.11456299, loss sum: 358.5887
2025-08-23 07:31:15,409 - INFO - Step 300/10000, current loss: 0.01072693, loss sum: 363.3331
2025-08-23 07:31:19,248 - INFO - Step 400/10000, current loss: 0.00137520, loss sum: 363.7175
2025-08-23 07:31:20,879 - INFO - Example /home/projects/bagon/shared/imagenet512/val/n03709823/ILSVRC2012_val_00034177.JPEG reached epsilon at step 442, loss sum: 363.7665, final loss: 0.00099468, weight distance: 0.1031
2025-08-23 07:31:20,884 - INFO - Example 89 completed: 442 steps, loss sum: 363.7665, final loss: 0.00099468, weight distance: 0.1031 (universal rank: 48049)
2025-08-23 07:31:20,884 - INFO - 
=== Training Example 90/100: /home/projects/bagon/shared/imagenet512/val/n03297495/ILSVRC2012_val_00014387.JPEG ===
2025-08-23 07:31:20,897 - INFO - Reset model to original weights
2025-08-23 07:31:24,771 - INFO - Step 100/10000, current loss: 0.04132080, loss sum: 100.2181
2025-08-23 07:31:26,406 - INFO - Example /home/projects/bagon/shared/imagenet512/val/n03297495/ILSVRC2012_val_00014387.JPEG reached epsilon at step 142, loss sum: 100.6246, final loss: 0.00098228, weight distance: 0.0796
2025-08-23 07:31:26,409 - INFO - Example 90 completed: 142 steps, loss sum: 100.6246, final loss: 0.00098228, weight distance: 0.0796 (universal rank: 48593)
2025-08-23 07:31:26,409 - INFO - 
=== Training Example 91/100: /home/projects/bagon/shared/imagenet512/val/n02704792/ILSVRC2012_val_00033286.JPEG ===
2025-08-23 07:31:26,423 - INFO - Reset model to original weights
2025-08-23 07:31:30,301 - INFO - Step 100/10000, current loss: 0.07733154, loss sum: 68.3029
2025-08-23 07:31:34,149 - INFO - Step 200/10000, current loss: 0.00786591, loss sum: 71.4041
2025-08-23 07:31:38,008 - INFO - Step 300/10000, current loss: 0.00113010, loss sum: 71.6842
2025-08-23 07:31:38,570 - INFO - Example /home/projects/bagon/shared/imagenet512/val/n02704792/ILSVRC2012_val_00033286.JPEG reached epsilon at step 314, loss sum: 71.6989, final loss: 0.00098515, weight distance: 0.0662
2025-08-23 07:31:38,575 - INFO - Example 91 completed: 314 steps, loss sum: 71.6989, final loss: 0.00098515, weight distance: 0.0662 (universal rank: 48614)
2025-08-23 07:31:38,575 - INFO - 
=== Training Example 92/100: /home/projects/bagon/shared/imagenet512/val/n02107312/ILSVRC2012_val_00027035.JPEG ===
2025-08-23 07:31:38,588 - INFO - Reset model to original weights
2025-08-23 07:31:42,471 - INFO - Step 100/10000, current loss: 0.02798462, loss sum: 53.2385
2025-08-23 07:31:46,325 - INFO - Step 200/10000, current loss: 0.00225830, loss sum: 53.9867
2025-08-23 07:31:50,200 - INFO - Step 300/10000, current loss: 0.00104809, loss sum: 54.1367
2025-08-23 07:31:50,574 - INFO - Example /home/projects/bagon/shared/imagenet512/val/n02107312/ILSVRC2012_val_00027035.JPEG reached epsilon at step 309, loss sum: 54.1459, final loss: 0.00099659, weight distance: 0.1137
2025-08-23 07:31:50,578 - INFO - Example 92 completed: 309 steps, loss sum: 54.1459, final loss: 0.00099659, weight distance: 0.1137 (universal rank: 48652)
2025-08-23 07:31:50,578 - INFO - 
=== Training Example 93/100: /home/projects/bagon/shared/imagenet512/val/n01687978/ILSVRC2012_val_00033596.JPEG ===
2025-08-23 07:31:50,591 - INFO - Reset model to original weights
2025-08-23 07:31:54,462 - INFO - Step 100/10000, current loss: 0.09155273, loss sum: 147.9448
2025-08-23 07:31:58,348 - INFO - Example /home/projects/bagon/shared/imagenet512/val/n01687978/ILSVRC2012_val_00033596.JPEG reached epsilon at step 200, loss sum: 149.4464, final loss: 0.00099373, weight distance: 0.0787
2025-08-23 07:31:58,352 - INFO - Example 93 completed: 200 steps, loss sum: 149.4464, final loss: 0.00099373, weight distance: 0.0787 (universal rank: 48980)
2025-08-23 07:31:58,352 - INFO - 
=== Training Example 94/100: /home/projects/bagon/shared/imagenet512/val/n01693334/ILSVRC2012_val_00012623.JPEG ===
2025-08-23 07:31:58,367 - INFO - Reset model to original weights
2025-08-23 07:32:02,234 - INFO - Step 100/10000, current loss: 0.13720703, loss sum: 60.2886
2025-08-23 07:32:06,102 - INFO - Step 200/10000, current loss: 0.00585938, loss sum: 64.2794
2025-08-23 07:32:09,951 - INFO - Step 300/10000, current loss: 0.00179195, loss sum: 64.5895
2025-08-23 07:32:13,804 - INFO - Step 400/10000, current loss: 0.00100613, loss sum: 64.7224
2025-08-23 07:32:13,862 - INFO - Example /home/projects/bagon/shared/imagenet512/val/n01693334/ILSVRC2012_val_00012623.JPEG reached epsilon at step 401, loss sum: 64.7234, final loss: 0.00099945, weight distance: 0.1396
2025-08-23 07:32:13,866 - INFO - Example 94 completed: 401 steps, loss sum: 64.7234, final loss: 0.00099945, weight distance: 0.1396 (universal rank: 49058)
2025-08-23 07:32:13,866 - INFO - 
=== Training Example 95/100: /home/projects/bagon/shared/imagenet512/val/n02114855/ILSVRC2012_val_00017231.JPEG ===
2025-08-23 07:32:13,879 - INFO - Reset model to original weights
2025-08-23 07:32:17,765 - INFO - Step 100/10000, current loss: 0.01861572, loss sum: 187.1598
2025-08-23 07:32:21,590 - INFO - Step 200/10000, current loss: 0.00140858, loss sum: 187.5584
2025-08-23 07:32:23,349 - INFO - Example /home/projects/bagon/shared/imagenet512/val/n02114855/ILSVRC2012_val_00017231.JPEG reached epsilon at step 245, loss sum: 187.6110, final loss: 0.00099277, weight distance: 0.1022
2025-08-23 07:32:23,354 - INFO - Example 95 completed: 245 steps, loss sum: 187.6110, final loss: 0.00099277, weight distance: 0.1022 (universal rank: 49277)
2025-08-23 07:32:23,354 - INFO - 
=== Training Example 96/100: /home/projects/bagon/shared/imagenet512/val/n02980441/ILSVRC2012_val_00017042.JPEG ===
2025-08-23 07:32:23,367 - INFO - Reset model to original weights
2025-08-23 07:32:27,241 - INFO - Step 100/10000, current loss: 0.00936890, loss sum: 157.8142
2025-08-23 07:32:30,670 - INFO - Example /home/projects/bagon/shared/imagenet512/val/n02980441/ILSVRC2012_val_00017042.JPEG reached epsilon at step 188, loss sum: 158.0336, final loss: 0.00099468, weight distance: 0.0916
2025-08-23 07:32:30,676 - INFO - Example 96 completed: 188 steps, loss sum: 158.0336, final loss: 0.00099468, weight distance: 0.0916 (universal rank: 49405)
2025-08-23 07:32:30,676 - INFO - 
=== Training Example 97/100: /home/projects/bagon/shared/imagenet512/val/n01689811/ILSVRC2012_val_00033036.JPEG ===
2025-08-23 07:32:30,689 - INFO - Reset model to original weights
2025-08-23 07:32:34,563 - INFO - Step 100/10000, current loss: 0.94970703, loss sum: 452.1294
2025-08-23 07:32:38,434 - INFO - Step 200/10000, current loss: 0.00707245, loss sum: 471.4501
2025-08-23 07:32:42,290 - INFO - Step 300/10000, current loss: 0.00199890, loss sum: 471.8032
2025-08-23 07:32:46,149 - INFO - Step 400/10000, current loss: 0.00117111, loss sum: 471.9545
2025-08-23 07:32:47,657 - INFO - Example /home/projects/bagon/shared/imagenet512/val/n01689811/ILSVRC2012_val_00033036.JPEG reached epsilon at step 438, loss sum: 471.9954, final loss: 0.00099850, weight distance: 0.1399
2025-08-23 07:32:47,661 - INFO - Example 97 completed: 438 steps, loss sum: 471.9954, final loss: 0.00099850, weight distance: 0.1399 (universal rank: 49510)
2025-08-23 07:32:47,662 - INFO - 
=== Training Example 98/100: /home/projects/bagon/shared/imagenet512/val/n03443371/ILSVRC2012_val_00022560.JPEG ===
2025-08-23 07:32:47,675 - INFO - Reset model to original weights
2025-08-23 07:32:51,545 - INFO - Step 100/10000, current loss: 0.01079559, loss sum: 76.8519
2025-08-23 07:32:55,324 - INFO - Example /home/projects/bagon/shared/imagenet512/val/n03443371/ILSVRC2012_val_00022560.JPEG reached epsilon at step 197, loss sum: 77.1137, final loss: 0.00099564, weight distance: 0.0753
2025-08-23 07:32:55,329 - INFO - Example 98 completed: 197 steps, loss sum: 77.1137, final loss: 0.00099564, weight distance: 0.0753 (universal rank: 49588)
2025-08-23 07:32:55,329 - INFO - 
=== Training Example 99/100: /home/projects/bagon/shared/imagenet512/val/n02981792/ILSVRC2012_val_00020935.JPEG ===
2025-08-23 07:32:55,342 - INFO - Reset model to original weights
2025-08-23 07:32:59,229 - INFO - Step 100/10000, current loss: 0.01892090, loss sum: 156.2649
2025-08-23 07:33:03,082 - INFO - Step 200/10000, current loss: 0.00135517, loss sum: 156.6771
2025-08-23 07:33:04,446 - INFO - Example /home/projects/bagon/shared/imagenet512/val/n02981792/ILSVRC2012_val_00020935.JPEG reached epsilon at step 235, loss sum: 156.7175, final loss: 0.00099087, weight distance: 0.1014
2025-08-23 07:33:04,450 - INFO - Example 99 completed: 235 steps, loss sum: 156.7175, final loss: 0.00099087, weight distance: 0.1014 (universal rank: 49634)
2025-08-23 07:33:04,450 - INFO - 
=== Training Example 100/100: /home/projects/bagon/shared/imagenet512/val/n02493793/ILSVRC2012_val_00028888.JPEG ===
2025-08-23 07:33:04,464 - INFO - Reset model to original weights
2025-08-23 07:33:08,362 - INFO - Step 100/10000, current loss: 0.01000977, loss sum: 84.3879
2025-08-23 07:33:12,212 - INFO - Step 200/10000, current loss: 0.00141144, loss sum: 84.7157
2025-08-23 07:33:14,080 - INFO - Example /home/projects/bagon/shared/imagenet512/val/n02493793/ILSVRC2012_val_00028888.JPEG reached epsilon at step 248, loss sum: 84.7722, final loss: 0.00099564, weight distance: 0.0883
2025-08-23 07:33:14,084 - INFO - Example 100 completed: 248 steps, loss sum: 84.7722, final loss: 0.00099564, weight distance: 0.0883 (universal rank: 49899)
2025-08-23 07:33:14,084 - INFO - Creating final plots...
2025-08-23 07:33:14,635 - INFO - Saved steps plot to training_gradient_evaluator_single_loss/outputs/efficientvit_m2.r224_in1k/steps_vs_difficulty.png
2025-08-23 07:33:15,084 - INFO - Saved loss sum plot to training_gradient_evaluator_single_loss/outputs/efficientvit_m2.r224_in1k/loss_sum_vs_difficulty.png
2025-08-23 07:33:15,381 - INFO - Saved weight distance plot to training_gradient_evaluator_single_loss/outputs/efficientvit_m2.r224_in1k/weight_distance_vs_difficulty.png
2025-08-23 07:33:15,387 - INFO - Training complete. Summary saved to training_gradient_evaluator_single_loss/outputs/efficientvit_m2.r224_in1k/training_summary.json
2025-08-23 07:33:15,387 - INFO - Results CSV: training_gradient_evaluator_single_loss/outputs/efficientvit_m2.r224_in1k/single_example_results.csv
