2025-08-23 00:57:10,027 - INFO - Loaded 50000 examples in difficulty order
2025-08-23 00:57:11,206 - INFO - Loaded TIMM pretrained weights for resnet34.a3_in1k
2025-08-23 00:57:11,206 - INFO - pretrained_cfg.url=https://github.com/huggingface/pytorch-image-models/releases/download/v0.1-rsb-weights/resnet34_a3_0-a20cabb6.pth hf_hub_id=timm/resnet34.a3_in1k
2025-08-23 00:57:11,960 - INFO - Stored original model weights for reset
2025-08-23 00:57:11,970 - INFO - Resolved model_csv_name='resnet_34_160_classification_imagenet_1k' to mask_row_index=992
2025-08-23 00:57:17,680 - INFO - Found 14707 wrong examples that exist and have difficulty rankings
2025-08-23 00:57:17,681 - INFO - Selected 100 random wrong examples for training (sorted by difficulty)
2025-08-23 00:57:17,684 - INFO - 
=== Training Example 1/100: /home/projects/bagon/shared/imagenet512/val/n04273569/ILSVRC2012_val_00034468.JPEG ===
2025-08-23 00:57:17,690 - INFO - Reset model to original weights
2025-08-23 00:57:19,306 - INFO - Example /home/projects/bagon/shared/imagenet512/val/n04273569/ILSVRC2012_val_00034468.JPEG got correct at step 8
2025-08-23 00:57:19,308 - INFO - Example 1 completed: 8 steps (universal rank: 21739)
2025-08-23 00:57:19,308 - INFO - 
=== Training Example 2/100: /home/projects/bagon/shared/imagenet512/val/n02906734/ILSVRC2012_val_00045118.JPEG ===
2025-08-23 00:57:19,313 - INFO - Reset model to original weights
2025-08-23 00:57:19,409 - INFO - Example /home/projects/bagon/shared/imagenet512/val/n02906734/ILSVRC2012_val_00045118.JPEG got correct at step 4
2025-08-23 00:57:19,411 - INFO - Example 2 completed: 4 steps (universal rank: 25948)
2025-08-23 00:57:19,411 - INFO - 
=== Training Example 3/100: /home/projects/bagon/shared/imagenet512/val/n04332243/ILSVRC2012_val_00008446.JPEG ===
2025-08-23 00:57:19,416 - INFO - Reset model to original weights
2025-08-23 00:57:19,557 - INFO - Example /home/projects/bagon/shared/imagenet512/val/n04332243/ILSVRC2012_val_00008446.JPEG got correct at step 6
2025-08-23 00:57:19,560 - INFO - Example 3 completed: 6 steps (universal rank: 26130)
2025-08-23 00:57:19,560 - INFO - 
=== Training Example 4/100: /home/projects/bagon/shared/imagenet512/val/n02486410/ILSVRC2012_val_00008877.JPEG ===
2025-08-23 00:57:19,564 - INFO - Reset model to original weights
2025-08-23 00:57:19,745 - INFO - Example /home/projects/bagon/shared/imagenet512/val/n02486410/ILSVRC2012_val_00008877.JPEG got correct at step 8
2025-08-23 00:57:19,747 - INFO - Example 4 completed: 8 steps (universal rank: 26543)
2025-08-23 00:57:19,747 - INFO - 
=== Training Example 5/100: /home/projects/bagon/shared/imagenet512/val/n02113978/ILSVRC2012_val_00046981.JPEG ===
2025-08-23 00:57:19,752 - INFO - Reset model to original weights
2025-08-23 00:57:19,874 - INFO - Example /home/projects/bagon/shared/imagenet512/val/n02113978/ILSVRC2012_val_00046981.JPEG got correct at step 5
2025-08-23 00:57:19,876 - INFO - Example 5 completed: 5 steps (universal rank: 26782)
2025-08-23 00:57:19,876 - INFO - 
=== Training Example 6/100: /home/projects/bagon/shared/imagenet512/val/n03255030/ILSVRC2012_val_00028417.JPEG ===
2025-08-23 00:57:19,881 - INFO - Reset model to original weights
2025-08-23 00:57:19,992 - INFO - Example /home/projects/bagon/shared/imagenet512/val/n03255030/ILSVRC2012_val_00028417.JPEG got correct at step 5
2025-08-23 00:57:19,994 - INFO - Example 6 completed: 5 steps (universal rank: 28090)
2025-08-23 00:57:19,994 - INFO - 
=== Training Example 7/100: /home/projects/bagon/shared/imagenet512/val/n01728572/ILSVRC2012_val_00032556.JPEG ===
2025-08-23 00:57:19,999 - INFO - Reset model to original weights
2025-08-23 00:57:20,139 - INFO - Example /home/projects/bagon/shared/imagenet512/val/n01728572/ILSVRC2012_val_00032556.JPEG got correct at step 6
2025-08-23 00:57:20,141 - INFO - Example 7 completed: 6 steps (universal rank: 28278)
2025-08-23 00:57:20,141 - INFO - 
=== Training Example 8/100: /home/projects/bagon/shared/imagenet512/val/n03935335/ILSVRC2012_val_00022426.JPEG ===
2025-08-23 00:57:20,146 - INFO - Reset model to original weights
2025-08-23 00:57:20,244 - INFO - Example /home/projects/bagon/shared/imagenet512/val/n03935335/ILSVRC2012_val_00022426.JPEG got correct at step 4
2025-08-23 00:57:20,246 - INFO - Example 8 completed: 4 steps (universal rank: 30113)
2025-08-23 00:57:20,246 - INFO - 
=== Training Example 9/100: /home/projects/bagon/shared/imagenet512/val/n03141823/ILSVRC2012_val_00048778.JPEG ===
2025-08-23 00:57:20,251 - INFO - Reset model to original weights
2025-08-23 00:57:20,424 - INFO - Example /home/projects/bagon/shared/imagenet512/val/n03141823/ILSVRC2012_val_00048778.JPEG got correct at step 8
2025-08-23 00:57:20,425 - INFO - Example 9 completed: 8 steps (universal rank: 30758)
2025-08-23 00:57:20,426 - INFO - 
=== Training Example 10/100: /home/projects/bagon/shared/imagenet512/val/n03759954/ILSVRC2012_val_00049557.JPEG ===
2025-08-23 00:57:20,431 - INFO - Reset model to original weights
2025-08-23 00:57:20,587 - INFO - Example /home/projects/bagon/shared/imagenet512/val/n03759954/ILSVRC2012_val_00049557.JPEG got correct at step 7
2025-08-23 00:57:20,589 - INFO - Example 10 completed: 7 steps (universal rank: 30843)
2025-08-23 00:57:20,589 - INFO - 
=== Training Example 11/100: /home/projects/bagon/shared/imagenet512/val/n02087394/ILSVRC2012_val_00018629.JPEG ===
2025-08-23 00:57:20,594 - INFO - Reset model to original weights
2025-08-23 00:57:20,751 - INFO - Example /home/projects/bagon/shared/imagenet512/val/n02087394/ILSVRC2012_val_00018629.JPEG got correct at step 7
2025-08-23 00:57:20,752 - INFO - Example 11 completed: 7 steps (universal rank: 31231)
2025-08-23 00:57:20,753 - INFO - 
=== Training Example 12/100: /home/projects/bagon/shared/imagenet512/val/n02843684/ILSVRC2012_val_00015956.JPEG ===
2025-08-23 00:57:20,757 - INFO - Reset model to original weights
2025-08-23 00:57:20,871 - INFO - Example /home/projects/bagon/shared/imagenet512/val/n02843684/ILSVRC2012_val_00015956.JPEG got correct at step 5
2025-08-23 00:57:20,873 - INFO - Example 12 completed: 5 steps (universal rank: 31536)
2025-08-23 00:57:20,873 - INFO - 
=== Training Example 13/100: /home/projects/bagon/shared/imagenet512/val/n03888605/ILSVRC2012_val_00035987.JPEG ===
2025-08-23 00:57:20,877 - INFO - Reset model to original weights
2025-08-23 00:57:21,030 - INFO - Example /home/projects/bagon/shared/imagenet512/val/n03888605/ILSVRC2012_val_00035987.JPEG got correct at step 7
2025-08-23 00:57:21,032 - INFO - Example 13 completed: 7 steps (universal rank: 31597)
2025-08-23 00:57:21,032 - INFO - 
=== Training Example 14/100: /home/projects/bagon/shared/imagenet512/val/n02279972/ILSVRC2012_val_00023084.JPEG ===
2025-08-23 00:57:21,037 - INFO - Reset model to original weights
2025-08-23 00:57:21,222 - INFO - Example /home/projects/bagon/shared/imagenet512/val/n02279972/ILSVRC2012_val_00023084.JPEG got correct at step 8
2025-08-23 00:57:21,224 - INFO - Example 14 completed: 8 steps (universal rank: 31780)
2025-08-23 00:57:21,224 - INFO - 
=== Training Example 15/100: /home/projects/bagon/shared/imagenet512/val/n03026506/ILSVRC2012_val_00025870.JPEG ===
2025-08-23 00:57:21,228 - INFO - Reset model to original weights
2025-08-23 00:57:21,395 - INFO - Example /home/projects/bagon/shared/imagenet512/val/n03026506/ILSVRC2012_val_00025870.JPEG got correct at step 5
2025-08-23 00:57:21,396 - INFO - Example 15 completed: 5 steps (universal rank: 32006)
2025-08-23 00:57:21,396 - INFO - 
=== Training Example 16/100: /home/projects/bagon/shared/imagenet512/val/n02086646/ILSVRC2012_val_00002150.JPEG ===
2025-08-23 00:57:21,401 - INFO - Reset model to original weights
2025-08-23 00:57:21,524 - INFO - Example /home/projects/bagon/shared/imagenet512/val/n02086646/ILSVRC2012_val_00002150.JPEG got correct at step 5
2025-08-23 00:57:21,526 - INFO - Example 16 completed: 5 steps (universal rank: 32063)
2025-08-23 00:57:21,526 - INFO - 
=== Training Example 17/100: /home/projects/bagon/shared/imagenet512/val/n04482393/ILSVRC2012_val_00030879.JPEG ===
2025-08-23 00:57:21,531 - INFO - Reset model to original weights
2025-08-23 00:57:21,657 - INFO - Example /home/projects/bagon/shared/imagenet512/val/n04482393/ILSVRC2012_val_00030879.JPEG got correct at step 4
2025-08-23 00:57:21,658 - INFO - Example 17 completed: 4 steps (universal rank: 32081)
2025-08-23 00:57:21,658 - INFO - 
=== Training Example 18/100: /home/projects/bagon/shared/imagenet512/val/n02037110/ILSVRC2012_val_00045300.JPEG ===
2025-08-23 00:57:21,663 - INFO - Reset model to original weights
2025-08-23 00:57:21,761 - INFO - Example /home/projects/bagon/shared/imagenet512/val/n02037110/ILSVRC2012_val_00045300.JPEG got correct at step 4
2025-08-23 00:57:21,763 - INFO - Example 18 completed: 4 steps (universal rank: 32484)
2025-08-23 00:57:21,763 - INFO - 
=== Training Example 19/100: /home/projects/bagon/shared/imagenet512/val/n02093754/ILSVRC2012_val_00044070.JPEG ===
2025-08-23 00:57:21,768 - INFO - Reset model to original weights
2025-08-23 00:57:21,905 - INFO - Example /home/projects/bagon/shared/imagenet512/val/n02093754/ILSVRC2012_val_00044070.JPEG got correct at step 6
2025-08-23 00:57:21,907 - INFO - Example 19 completed: 6 steps (universal rank: 33018)
2025-08-23 00:57:21,907 - INFO - 
=== Training Example 20/100: /home/projects/bagon/shared/imagenet512/val/n02859443/ILSVRC2012_val_00024036.JPEG ===
2025-08-23 00:57:21,912 - INFO - Reset model to original weights
2025-08-23 00:57:22,098 - INFO - Example /home/projects/bagon/shared/imagenet512/val/n02859443/ILSVRC2012_val_00024036.JPEG got correct at step 8
2025-08-23 00:57:22,100 - INFO - Example 20 completed: 8 steps (universal rank: 33614)
2025-08-23 00:57:22,100 - INFO - 
=== Training Example 21/100: /home/projects/bagon/shared/imagenet512/val/n02090721/ILSVRC2012_val_00009772.JPEG ===
2025-08-23 00:57:22,105 - INFO - Reset model to original weights
2025-08-23 00:57:22,205 - INFO - Example /home/projects/bagon/shared/imagenet512/val/n02090721/ILSVRC2012_val_00009772.JPEG got correct at step 4
2025-08-23 00:57:22,207 - INFO - Example 21 completed: 4 steps (universal rank: 34204)
2025-08-23 00:57:22,208 - INFO - 
=== Training Example 22/100: /home/projects/bagon/shared/imagenet512/val/n03126707/ILSVRC2012_val_00044019.JPEG ===
2025-08-23 00:57:22,212 - INFO - Reset model to original weights
2025-08-23 00:57:22,373 - INFO - Example /home/projects/bagon/shared/imagenet512/val/n03126707/ILSVRC2012_val_00044019.JPEG got correct at step 7
2025-08-23 00:57:22,375 - INFO - Example 22 completed: 7 steps (universal rank: 34338)
2025-08-23 00:57:22,375 - INFO - 
=== Training Example 23/100: /home/projects/bagon/shared/imagenet512/val/n03041632/ILSVRC2012_val_00009369.JPEG ===
2025-08-23 00:57:22,380 - INFO - Reset model to original weights
2025-08-23 00:57:22,498 - INFO - Example /home/projects/bagon/shared/imagenet512/val/n03041632/ILSVRC2012_val_00009369.JPEG got correct at step 5
2025-08-23 00:57:22,500 - INFO - Example 23 completed: 5 steps (universal rank: 34443)
2025-08-23 00:57:22,500 - INFO - 
=== Training Example 24/100: /home/projects/bagon/shared/imagenet512/val/n03483316/ILSVRC2012_val_00027635.JPEG ===
2025-08-23 00:57:22,505 - INFO - Reset model to original weights
2025-08-23 00:57:22,597 - INFO - Example /home/projects/bagon/shared/imagenet512/val/n03483316/ILSVRC2012_val_00027635.JPEG got correct at step 4
2025-08-23 00:57:22,599 - INFO - Example 24 completed: 4 steps (universal rank: 35493)
2025-08-23 00:57:22,599 - INFO - 
=== Training Example 25/100: /home/projects/bagon/shared/imagenet512/val/n03485407/ILSVRC2012_val_00009246.JPEG ===
2025-08-23 00:57:22,604 - INFO - Reset model to original weights
2025-08-23 00:57:22,813 - INFO - Example /home/projects/bagon/shared/imagenet512/val/n03485407/ILSVRC2012_val_00009246.JPEG got correct at step 9
2025-08-23 00:57:22,815 - INFO - Example 25 completed: 9 steps (universal rank: 35723)
2025-08-23 00:57:22,815 - INFO - 
=== Training Example 26/100: /home/projects/bagon/shared/imagenet512/val/n03063599/ILSVRC2012_val_00028344.JPEG ===
2025-08-23 00:57:22,820 - INFO - Reset model to original weights
2025-08-23 00:57:22,958 - INFO - Example /home/projects/bagon/shared/imagenet512/val/n03063599/ILSVRC2012_val_00028344.JPEG got correct at step 6
2025-08-23 00:57:22,960 - INFO - Example 26 completed: 6 steps (universal rank: 36058)
2025-08-23 00:57:22,960 - INFO - 
=== Training Example 27/100: /home/projects/bagon/shared/imagenet512/val/n03207941/ILSVRC2012_val_00026570.JPEG ===
2025-08-23 00:57:22,965 - INFO - Reset model to original weights
2025-08-23 00:57:23,079 - INFO - Example /home/projects/bagon/shared/imagenet512/val/n03207941/ILSVRC2012_val_00026570.JPEG got correct at step 5
2025-08-23 00:57:23,081 - INFO - Example 27 completed: 5 steps (universal rank: 36236)
2025-08-23 00:57:23,081 - INFO - 
=== Training Example 28/100: /home/projects/bagon/shared/imagenet512/val/n01807496/ILSVRC2012_val_00048846.JPEG ===
2025-08-23 00:57:23,085 - INFO - Reset model to original weights
2025-08-23 00:57:23,232 - INFO - Example /home/projects/bagon/shared/imagenet512/val/n01807496/ILSVRC2012_val_00048846.JPEG got correct at step 6
2025-08-23 00:57:23,234 - INFO - Example 28 completed: 6 steps (universal rank: 36326)
2025-08-23 00:57:23,234 - INFO - 
=== Training Example 29/100: /home/projects/bagon/shared/imagenet512/val/n03535780/ILSVRC2012_val_00031836.JPEG ===
2025-08-23 00:57:23,238 - INFO - Reset model to original weights
2025-08-23 00:57:23,526 - INFO - Example /home/projects/bagon/shared/imagenet512/val/n03535780/ILSVRC2012_val_00031836.JPEG got correct at step 8
2025-08-23 00:57:23,528 - INFO - Example 29 completed: 8 steps (universal rank: 36385)
2025-08-23 00:57:23,528 - INFO - 
=== Training Example 30/100: /home/projects/bagon/shared/imagenet512/val/n03697007/ILSVRC2012_val_00005462.JPEG ===
2025-08-23 00:57:23,532 - INFO - Reset model to original weights
2025-08-23 00:57:23,648 - INFO - Example /home/projects/bagon/shared/imagenet512/val/n03697007/ILSVRC2012_val_00005462.JPEG got correct at step 5
2025-08-23 00:57:23,650 - INFO - Example 30 completed: 5 steps (universal rank: 36466)
2025-08-23 00:57:23,650 - INFO - 
=== Training Example 31/100: /home/projects/bagon/shared/imagenet512/val/n07753275/ILSVRC2012_val_00025281.JPEG ===
2025-08-23 00:57:23,654 - INFO - Reset model to original weights
2025-08-23 00:57:23,797 - INFO - Example /home/projects/bagon/shared/imagenet512/val/n07753275/ILSVRC2012_val_00025281.JPEG got correct at step 6
2025-08-23 00:57:23,798 - INFO - Example 31 completed: 6 steps (universal rank: 36590)
2025-08-23 00:57:23,799 - INFO - 
=== Training Example 32/100: /home/projects/bagon/shared/imagenet512/val/n04540053/ILSVRC2012_val_00014565.JPEG ===
2025-08-23 00:57:23,804 - INFO - Reset model to original weights
2025-08-23 00:57:23,950 - INFO - Example /home/projects/bagon/shared/imagenet512/val/n04540053/ILSVRC2012_val_00014565.JPEG got correct at step 6
2025-08-23 00:57:23,952 - INFO - Example 32 completed: 6 steps (universal rank: 36719)
2025-08-23 00:57:23,952 - INFO - 
=== Training Example 33/100: /home/projects/bagon/shared/imagenet512/val/n03393912/ILSVRC2012_val_00002595.JPEG ===
2025-08-23 00:57:23,957 - INFO - Reset model to original weights
2025-08-23 00:57:24,140 - INFO - Example /home/projects/bagon/shared/imagenet512/val/n03393912/ILSVRC2012_val_00002595.JPEG got correct at step 8
2025-08-23 00:57:24,142 - INFO - Example 33 completed: 8 steps (universal rank: 36722)
2025-08-23 00:57:24,142 - INFO - 
=== Training Example 34/100: /home/projects/bagon/shared/imagenet512/val/n02105412/ILSVRC2012_val_00023038.JPEG ===
2025-08-23 00:57:24,147 - INFO - Reset model to original weights
2025-08-23 00:57:24,253 - INFO - Example /home/projects/bagon/shared/imagenet512/val/n02105412/ILSVRC2012_val_00023038.JPEG got correct at step 3
2025-08-23 00:57:24,254 - INFO - Example 34 completed: 3 steps (universal rank: 37060)
2025-08-23 00:57:24,254 - INFO - 
=== Training Example 35/100: /home/projects/bagon/shared/imagenet512/val/n02536864/ILSVRC2012_val_00018581.JPEG ===
2025-08-23 00:57:24,259 - INFO - Reset model to original weights
2025-08-23 00:57:24,377 - INFO - Example /home/projects/bagon/shared/imagenet512/val/n02536864/ILSVRC2012_val_00018581.JPEG got correct at step 5
2025-08-23 00:57:24,378 - INFO - Example 35 completed: 5 steps (universal rank: 37624)
2025-08-23 00:57:24,379 - INFO - 
=== Training Example 36/100: /home/projects/bagon/shared/imagenet512/val/n02363005/ILSVRC2012_val_00040322.JPEG ===
2025-08-23 00:57:24,383 - INFO - Reset model to original weights
2025-08-23 00:57:24,500 - INFO - Example /home/projects/bagon/shared/imagenet512/val/n02363005/ILSVRC2012_val_00040322.JPEG got correct at step 5
2025-08-23 00:57:24,502 - INFO - Example 36 completed: 5 steps (universal rank: 37927)
2025-08-23 00:57:24,502 - INFO - 
=== Training Example 37/100: /home/projects/bagon/shared/imagenet512/val/n04251144/ILSVRC2012_val_00015061.JPEG ===
2025-08-23 00:57:24,507 - INFO - Reset model to original weights
2025-08-23 00:57:24,621 - INFO - Example /home/projects/bagon/shared/imagenet512/val/n04251144/ILSVRC2012_val_00015061.JPEG got correct at step 5
2025-08-23 00:57:24,623 - INFO - Example 37 completed: 5 steps (universal rank: 38001)
2025-08-23 00:57:24,623 - INFO - 
=== Training Example 38/100: /home/projects/bagon/shared/imagenet512/val/n02124075/ILSVRC2012_val_00026412.JPEG ===
2025-08-23 00:57:24,627 - INFO - Reset model to original weights
2025-08-23 00:57:24,783 - INFO - Example /home/projects/bagon/shared/imagenet512/val/n02124075/ILSVRC2012_val_00026412.JPEG got correct at step 7
2025-08-23 00:57:24,785 - INFO - Example 38 completed: 7 steps (universal rank: 38008)
2025-08-23 00:57:24,785 - INFO - 
=== Training Example 39/100: /home/projects/bagon/shared/imagenet512/val/n04476259/ILSVRC2012_val_00039255.JPEG ===
2025-08-23 00:57:24,790 - INFO - Reset model to original weights
2025-08-23 00:57:24,864 - INFO - Example /home/projects/bagon/shared/imagenet512/val/n04476259/ILSVRC2012_val_00039255.JPEG got correct at step 3
2025-08-23 00:57:24,866 - INFO - Example 39 completed: 3 steps (universal rank: 38013)
2025-08-23 00:57:24,866 - INFO - 
=== Training Example 40/100: /home/projects/bagon/shared/imagenet512/val/n01855032/ILSVRC2012_val_00035647.JPEG ===
2025-08-23 00:57:24,870 - INFO - Reset model to original weights
2025-08-23 00:57:25,050 - INFO - Example /home/projects/bagon/shared/imagenet512/val/n01855032/ILSVRC2012_val_00035647.JPEG got correct at step 8
2025-08-23 00:57:25,052 - INFO - Example 40 completed: 8 steps (universal rank: 38316)
2025-08-23 00:57:25,052 - INFO - 
=== Training Example 41/100: /home/projects/bagon/shared/imagenet512/val/n04209239/ILSVRC2012_val_00025112.JPEG ===
2025-08-23 00:57:25,057 - INFO - Reset model to original weights
2025-08-23 00:57:25,174 - INFO - Example /home/projects/bagon/shared/imagenet512/val/n04209239/ILSVRC2012_val_00025112.JPEG got correct at step 5
2025-08-23 00:57:25,176 - INFO - Example 41 completed: 5 steps (universal rank: 38415)
2025-08-23 00:57:25,176 - INFO - 
=== Training Example 42/100: /home/projects/bagon/shared/imagenet512/val/n03692522/ILSVRC2012_val_00012274.JPEG ===
2025-08-23 00:57:25,181 - INFO - Reset model to original weights
2025-08-23 00:57:25,274 - INFO - Example /home/projects/bagon/shared/imagenet512/val/n03692522/ILSVRC2012_val_00012274.JPEG got correct at step 4
2025-08-23 00:57:25,276 - INFO - Example 42 completed: 4 steps (universal rank: 39498)
2025-08-23 00:57:25,276 - INFO - 
=== Training Example 43/100: /home/projects/bagon/shared/imagenet512/val/n04254777/ILSVRC2012_val_00013608.JPEG ===
2025-08-23 00:57:25,281 - INFO - Reset model to original weights
2025-08-23 00:57:25,438 - INFO - Example /home/projects/bagon/shared/imagenet512/val/n04254777/ILSVRC2012_val_00013608.JPEG got correct at step 7
2025-08-23 00:57:25,440 - INFO - Example 43 completed: 7 steps (universal rank: 39597)
2025-08-23 00:57:25,440 - INFO - 
=== Training Example 44/100: /home/projects/bagon/shared/imagenet512/val/n03895866/ILSVRC2012_val_00017034.JPEG ===
2025-08-23 00:57:25,445 - INFO - Reset model to original weights
2025-08-23 00:57:25,628 - INFO - Example /home/projects/bagon/shared/imagenet512/val/n03895866/ILSVRC2012_val_00017034.JPEG got correct at step 8
2025-08-23 00:57:25,629 - INFO - Example 44 completed: 8 steps (universal rank: 39684)
2025-08-23 00:57:25,630 - INFO - 
=== Training Example 45/100: /home/projects/bagon/shared/imagenet512/val/n02906734/ILSVRC2012_val_00008097.JPEG ===
2025-08-23 00:57:25,635 - INFO - Reset model to original weights
2025-08-23 00:57:25,733 - INFO - Example /home/projects/bagon/shared/imagenet512/val/n02906734/ILSVRC2012_val_00008097.JPEG got correct at step 4
2025-08-23 00:57:25,734 - INFO - Example 45 completed: 4 steps (universal rank: 39932)
2025-08-23 00:57:25,735 - INFO - 
=== Training Example 46/100: /home/projects/bagon/shared/imagenet512/val/n02124075/ILSVRC2012_val_00046964.JPEG ===
2025-08-23 00:57:25,740 - INFO - Reset model to original weights
2025-08-23 00:57:25,855 - INFO - Example /home/projects/bagon/shared/imagenet512/val/n02124075/ILSVRC2012_val_00046964.JPEG got correct at step 5
2025-08-23 00:57:25,856 - INFO - Example 46 completed: 5 steps (universal rank: 40015)
2025-08-23 00:57:25,856 - INFO - 
=== Training Example 47/100: /home/projects/bagon/shared/imagenet512/val/n04019541/ILSVRC2012_val_00048262.JPEG ===
2025-08-23 00:57:25,861 - INFO - Reset model to original weights
2025-08-23 00:57:25,937 - INFO - Example /home/projects/bagon/shared/imagenet512/val/n04019541/ILSVRC2012_val_00048262.JPEG got correct at step 3
2025-08-23 00:57:25,939 - INFO - Example 47 completed: 3 steps (universal rank: 40078)
2025-08-23 00:57:25,939 - INFO - 
=== Training Example 48/100: /home/projects/bagon/shared/imagenet512/val/n03950228/ILSVRC2012_val_00008882.JPEG ===
2025-08-23 00:57:25,944 - INFO - Reset model to original weights
2025-08-23 00:57:26,038 - INFO - Example /home/projects/bagon/shared/imagenet512/val/n03950228/ILSVRC2012_val_00008882.JPEG got correct at step 4
2025-08-23 00:57:26,039 - INFO - Example 48 completed: 4 steps (universal rank: 40150)
2025-08-23 00:57:26,039 - INFO - 
=== Training Example 49/100: /home/projects/bagon/shared/imagenet512/val/n02999410/ILSVRC2012_val_00009591.JPEG ===
2025-08-23 00:57:26,044 - INFO - Reset model to original weights
2025-08-23 00:57:26,178 - INFO - Example /home/projects/bagon/shared/imagenet512/val/n02999410/ILSVRC2012_val_00009591.JPEG got correct at step 6
2025-08-23 00:57:26,180 - INFO - Example 49 completed: 6 steps (universal rank: 40264)
2025-08-23 00:57:26,180 - INFO - 
=== Training Example 50/100: /home/projects/bagon/shared/imagenet512/val/n03929660/ILSVRC2012_val_00018730.JPEG ===
2025-08-23 00:57:26,185 - INFO - Reset model to original weights
2025-08-23 00:57:26,386 - INFO - Example /home/projects/bagon/shared/imagenet512/val/n03929660/ILSVRC2012_val_00018730.JPEG got correct at step 9
2025-08-23 00:57:26,388 - INFO - Example 50 completed: 9 steps (universal rank: 40446)
2025-08-23 00:57:26,388 - INFO - 
=== Training Example 51/100: /home/projects/bagon/shared/imagenet512/val/n02794156/ILSVRC2012_val_00005441.JPEG ===
2025-08-23 00:57:26,393 - INFO - Reset model to original weights
2025-08-23 00:57:26,513 - INFO - Example /home/projects/bagon/shared/imagenet512/val/n02794156/ILSVRC2012_val_00005441.JPEG got correct at step 5
2025-08-23 00:57:26,515 - INFO - Example 51 completed: 5 steps (universal rank: 40485)
2025-08-23 00:57:26,515 - INFO - 
=== Training Example 52/100: /home/projects/bagon/shared/imagenet512/val/n04146614/ILSVRC2012_val_00022679.JPEG ===
2025-08-23 00:57:26,520 - INFO - Reset model to original weights
2025-08-23 00:57:26,683 - INFO - Example /home/projects/bagon/shared/imagenet512/val/n04146614/ILSVRC2012_val_00022679.JPEG got correct at step 7
2025-08-23 00:57:26,685 - INFO - Example 52 completed: 7 steps (universal rank: 40488)
2025-08-23 00:57:26,685 - INFO - 
=== Training Example 53/100: /home/projects/bagon/shared/imagenet512/val/n01693334/ILSVRC2012_val_00004102.JPEG ===
2025-08-23 00:57:26,689 - INFO - Reset model to original weights
2025-08-23 00:57:26,872 - INFO - Example /home/projects/bagon/shared/imagenet512/val/n01693334/ILSVRC2012_val_00004102.JPEG got correct at step 6
2025-08-23 00:57:26,874 - INFO - Example 53 completed: 6 steps (universal rank: 41362)
2025-08-23 00:57:26,874 - INFO - 
=== Training Example 54/100: /home/projects/bagon/shared/imagenet512/val/n04525038/ILSVRC2012_val_00047348.JPEG ===
2025-08-23 00:57:26,879 - INFO - Reset model to original weights
2025-08-23 00:57:27,058 - INFO - Example /home/projects/bagon/shared/imagenet512/val/n04525038/ILSVRC2012_val_00047348.JPEG got correct at step 8
2025-08-23 00:57:27,059 - INFO - Example 54 completed: 8 steps (universal rank: 41412)
2025-08-23 00:57:27,060 - INFO - 
=== Training Example 55/100: /home/projects/bagon/shared/imagenet512/val/n03347037/ILSVRC2012_val_00002272.JPEG ===
2025-08-23 00:57:27,064 - INFO - Reset model to original weights
2025-08-23 00:57:27,221 - INFO - Example /home/projects/bagon/shared/imagenet512/val/n03347037/ILSVRC2012_val_00002272.JPEG got correct at step 7
2025-08-23 00:57:27,223 - INFO - Example 55 completed: 7 steps (universal rank: 41428)
2025-08-23 00:57:27,223 - INFO - 
=== Training Example 56/100: /home/projects/bagon/shared/imagenet512/val/n02690373/ILSVRC2012_val_00040136.JPEG ===
2025-08-23 00:57:27,228 - INFO - Reset model to original weights
2025-08-23 00:57:27,410 - INFO - Example /home/projects/bagon/shared/imagenet512/val/n02690373/ILSVRC2012_val_00040136.JPEG got correct at step 8
2025-08-23 00:57:27,412 - INFO - Example 56 completed: 8 steps (universal rank: 41981)
2025-08-23 00:57:27,412 - INFO - 
=== Training Example 57/100: /home/projects/bagon/shared/imagenet512/val/n04485082/ILSVRC2012_val_00033425.JPEG ===
2025-08-23 00:57:27,416 - INFO - Reset model to original weights
2025-08-23 00:57:27,532 - INFO - Example /home/projects/bagon/shared/imagenet512/val/n04485082/ILSVRC2012_val_00033425.JPEG got correct at step 5
2025-08-23 00:57:27,533 - INFO - Example 57 completed: 5 steps (universal rank: 42071)
2025-08-23 00:57:27,534 - INFO - 
=== Training Example 58/100: /home/projects/bagon/shared/imagenet512/val/n03710721/ILSVRC2012_val_00043449.JPEG ===
2025-08-23 00:57:27,538 - INFO - Reset model to original weights
2025-08-23 00:57:27,705 - INFO - Example /home/projects/bagon/shared/imagenet512/val/n03710721/ILSVRC2012_val_00043449.JPEG got correct at step 7
2025-08-23 00:57:27,707 - INFO - Example 58 completed: 7 steps (universal rank: 42204)
2025-08-23 00:57:27,707 - INFO - 
=== Training Example 59/100: /home/projects/bagon/shared/imagenet512/val/n02730930/ILSVRC2012_val_00016687.JPEG ===
2025-08-23 00:57:27,713 - INFO - Reset model to original weights
2025-08-23 00:57:27,853 - INFO - Example /home/projects/bagon/shared/imagenet512/val/n02730930/ILSVRC2012_val_00016687.JPEG got correct at step 6
2025-08-23 00:57:27,854 - INFO - Example 59 completed: 6 steps (universal rank: 43100)
2025-08-23 00:57:27,854 - INFO - 
=== Training Example 60/100: /home/projects/bagon/shared/imagenet512/val/n02910353/ILSVRC2012_val_00010342.JPEG ===
2025-08-23 00:57:27,859 - INFO - Reset model to original weights
2025-08-23 00:57:27,976 - INFO - Example /home/projects/bagon/shared/imagenet512/val/n02910353/ILSVRC2012_val_00010342.JPEG got correct at step 5
2025-08-23 00:57:27,977 - INFO - Example 60 completed: 5 steps (universal rank: 43713)
2025-08-23 00:57:27,977 - INFO - 
=== Training Example 61/100: /home/projects/bagon/shared/imagenet512/val/n03782006/ILSVRC2012_val_00009529.JPEG ===
2025-08-23 00:57:27,982 - INFO - Reset model to original weights
2025-08-23 00:57:28,101 - INFO - Example /home/projects/bagon/shared/imagenet512/val/n03782006/ILSVRC2012_val_00009529.JPEG got correct at step 5
2025-08-23 00:57:28,103 - INFO - Example 61 completed: 5 steps (universal rank: 43885)
2025-08-23 00:57:28,103 - INFO - 
=== Training Example 62/100: /home/projects/bagon/shared/imagenet512/val/n03891251/ILSVRC2012_val_00009086.JPEG ===
2025-08-23 00:57:28,108 - INFO - Reset model to original weights
2025-08-23 00:57:28,263 - INFO - Example /home/projects/bagon/shared/imagenet512/val/n03891251/ILSVRC2012_val_00009086.JPEG got correct at step 7
2025-08-23 00:57:28,265 - INFO - Example 62 completed: 7 steps (universal rank: 43894)
2025-08-23 00:57:28,265 - INFO - 
=== Training Example 63/100: /home/projects/bagon/shared/imagenet512/val/n03180011/ILSVRC2012_val_00013776.JPEG ===
2025-08-23 00:57:28,270 - INFO - Reset model to original weights
2025-08-23 00:57:28,511 - INFO - Example /home/projects/bagon/shared/imagenet512/val/n03180011/ILSVRC2012_val_00013776.JPEG got correct at step 11
2025-08-23 00:57:28,513 - INFO - Example 63 completed: 11 steps (universal rank: 44013)
2025-08-23 00:57:28,513 - INFO - 
=== Training Example 64/100: /home/projects/bagon/shared/imagenet512/val/n02841315/ILSVRC2012_val_00012679.JPEG ===
2025-08-23 00:57:28,518 - INFO - Reset model to original weights
2025-08-23 00:57:28,616 - INFO - Example /home/projects/bagon/shared/imagenet512/val/n02841315/ILSVRC2012_val_00012679.JPEG got correct at step 4
2025-08-23 00:57:28,617 - INFO - Example 64 completed: 4 steps (universal rank: 44191)
2025-08-23 00:57:28,617 - INFO - 
=== Training Example 65/100: /home/projects/bagon/shared/imagenet512/val/n04404412/ILSVRC2012_val_00036205.JPEG ===
2025-08-23 00:57:28,622 - INFO - Reset model to original weights
2025-08-23 00:57:28,719 - INFO - Example /home/projects/bagon/shared/imagenet512/val/n04404412/ILSVRC2012_val_00036205.JPEG got correct at step 4
2025-08-23 00:57:28,721 - INFO - Example 65 completed: 4 steps (universal rank: 44498)
2025-08-23 00:57:28,721 - INFO - 
=== Training Example 66/100: /home/projects/bagon/shared/imagenet512/val/n01742172/ILSVRC2012_val_00036657.JPEG ===
2025-08-23 00:57:28,726 - INFO - Reset model to original weights
2025-08-23 00:57:28,825 - INFO - Example /home/projects/bagon/shared/imagenet512/val/n01742172/ILSVRC2012_val_00036657.JPEG got correct at step 4
2025-08-23 00:57:28,826 - INFO - Example 66 completed: 4 steps (universal rank: 44710)
2025-08-23 00:57:28,826 - INFO - 
=== Training Example 67/100: /home/projects/bagon/shared/imagenet512/val/n07579787/ILSVRC2012_val_00043088.JPEG ===
2025-08-23 00:57:28,831 - INFO - Reset model to original weights
2025-08-23 00:57:28,947 - INFO - Example /home/projects/bagon/shared/imagenet512/val/n07579787/ILSVRC2012_val_00043088.JPEG got correct at step 5
2025-08-23 00:57:28,948 - INFO - Example 67 completed: 5 steps (universal rank: 44734)
2025-08-23 00:57:28,948 - INFO - 
=== Training Example 68/100: /home/projects/bagon/shared/imagenet512/val/n03062245/ILSVRC2012_val_00017110.JPEG ===
2025-08-23 00:57:28,953 - INFO - Reset model to original weights
2025-08-23 00:57:29,097 - INFO - Example /home/projects/bagon/shared/imagenet512/val/n03062245/ILSVRC2012_val_00017110.JPEG got correct at step 6
2025-08-23 00:57:29,099 - INFO - Example 68 completed: 6 steps (universal rank: 44950)
2025-08-23 00:57:29,099 - INFO - 
=== Training Example 69/100: /home/projects/bagon/shared/imagenet512/val/n07932039/ILSVRC2012_val_00028866.JPEG ===
2025-08-23 00:57:29,103 - INFO - Reset model to original weights
2025-08-23 00:57:29,243 - INFO - Example /home/projects/bagon/shared/imagenet512/val/n07932039/ILSVRC2012_val_00028866.JPEG got correct at step 6
2025-08-23 00:57:29,245 - INFO - Example 69 completed: 6 steps (universal rank: 44981)
2025-08-23 00:57:29,245 - INFO - 
=== Training Example 70/100: /home/projects/bagon/shared/imagenet512/val/n02074367/ILSVRC2012_val_00002000.JPEG ===
2025-08-23 00:57:29,249 - INFO - Reset model to original weights
2025-08-23 00:57:29,371 - INFO - Example /home/projects/bagon/shared/imagenet512/val/n02074367/ILSVRC2012_val_00002000.JPEG got correct at step 5
2025-08-23 00:57:29,372 - INFO - Example 70 completed: 5 steps (universal rank: 45250)
2025-08-23 00:57:29,372 - INFO - 
=== Training Example 71/100: /home/projects/bagon/shared/imagenet512/val/n04326547/ILSVRC2012_val_00030823.JPEG ===
2025-08-23 00:57:29,377 - INFO - Reset model to original weights
2025-08-23 00:57:29,561 - INFO - Example /home/projects/bagon/shared/imagenet512/val/n04326547/ILSVRC2012_val_00030823.JPEG got correct at step 8
2025-08-23 00:57:29,563 - INFO - Example 71 completed: 8 steps (universal rank: 45439)
2025-08-23 00:57:29,563 - INFO - 
=== Training Example 72/100: /home/projects/bagon/shared/imagenet512/val/n02814533/ILSVRC2012_val_00029057.JPEG ===
2025-08-23 00:57:29,568 - INFO - Reset model to original weights
2025-08-23 00:57:29,704 - INFO - Example /home/projects/bagon/shared/imagenet512/val/n02814533/ILSVRC2012_val_00029057.JPEG got correct at step 6
2025-08-23 00:57:29,706 - INFO - Example 72 completed: 6 steps (universal rank: 45565)
2025-08-23 00:57:29,706 - INFO - 
=== Training Example 73/100: /home/projects/bagon/shared/imagenet512/val/n03188531/ILSVRC2012_val_00030302.JPEG ===
2025-08-23 00:57:29,711 - INFO - Reset model to original weights
2025-08-23 00:57:29,808 - INFO - Example /home/projects/bagon/shared/imagenet512/val/n03188531/ILSVRC2012_val_00030302.JPEG got correct at step 4
2025-08-23 00:57:29,810 - INFO - Example 73 completed: 4 steps (universal rank: 45633)
2025-08-23 00:57:29,810 - INFO - 
=== Training Example 74/100: /home/projects/bagon/shared/imagenet512/val/n04136333/ILSVRC2012_val_00033983.JPEG ===
2025-08-23 00:57:29,815 - INFO - Reset model to original weights
2025-08-23 00:57:29,955 - INFO - Example /home/projects/bagon/shared/imagenet512/val/n04136333/ILSVRC2012_val_00033983.JPEG got correct at step 6
2025-08-23 00:57:29,956 - INFO - Example 74 completed: 6 steps (universal rank: 45825)
2025-08-23 00:57:29,956 - INFO - 
=== Training Example 75/100: /home/projects/bagon/shared/imagenet512/val/n03775071/ILSVRC2012_val_00015151.JPEG ===
2025-08-23 00:57:29,960 - INFO - Reset model to original weights
2025-08-23 00:57:30,082 - INFO - Example /home/projects/bagon/shared/imagenet512/val/n03775071/ILSVRC2012_val_00015151.JPEG got correct at step 5
2025-08-23 00:57:30,084 - INFO - Example 75 completed: 5 steps (universal rank: 46031)
2025-08-23 00:57:30,084 - INFO - 
=== Training Example 76/100: /home/projects/bagon/shared/imagenet512/val/n02487347/ILSVRC2012_val_00048608.JPEG ===
2025-08-23 00:57:30,089 - INFO - Reset model to original weights
2025-08-23 00:57:30,245 - INFO - Example /home/projects/bagon/shared/imagenet512/val/n02487347/ILSVRC2012_val_00048608.JPEG got correct at step 6
2025-08-23 00:57:30,247 - INFO - Example 76 completed: 6 steps (universal rank: 46187)
2025-08-23 00:57:30,247 - INFO - 
=== Training Example 77/100: /home/projects/bagon/shared/imagenet512/val/n03623198/ILSVRC2012_val_00017853.JPEG ===
2025-08-23 00:57:30,251 - INFO - Reset model to original weights
2025-08-23 00:57:30,428 - INFO - Example /home/projects/bagon/shared/imagenet512/val/n03623198/ILSVRC2012_val_00017853.JPEG got correct at step 8
2025-08-23 00:57:30,430 - INFO - Example 77 completed: 8 steps (universal rank: 46302)
2025-08-23 00:57:30,430 - INFO - 
=== Training Example 78/100: /home/projects/bagon/shared/imagenet512/val/n04525038/ILSVRC2012_val_00046504.JPEG ===
2025-08-23 00:57:30,435 - INFO - Reset model to original weights
2025-08-23 00:57:30,554 - INFO - Example /home/projects/bagon/shared/imagenet512/val/n04525038/ILSVRC2012_val_00046504.JPEG got correct at step 5
2025-08-23 00:57:30,555 - INFO - Example 78 completed: 5 steps (universal rank: 46676)
2025-08-23 00:57:30,555 - INFO - 
=== Training Example 79/100: /home/projects/bagon/shared/imagenet512/val/n03804744/ILSVRC2012_val_00046728.JPEG ===
2025-08-23 00:57:30,559 - INFO - Reset model to original weights
2025-08-23 00:57:30,675 - INFO - Example /home/projects/bagon/shared/imagenet512/val/n03804744/ILSVRC2012_val_00046728.JPEG got correct at step 5
2025-08-23 00:57:30,676 - INFO - Example 79 completed: 5 steps (universal rank: 46729)
2025-08-23 00:57:30,677 - INFO - 
=== Training Example 80/100: /home/projects/bagon/shared/imagenet512/val/n03126707/ILSVRC2012_val_00027091.JPEG ===
2025-08-23 00:57:30,681 - INFO - Reset model to original weights
2025-08-23 00:57:30,843 - INFO - Example /home/projects/bagon/shared/imagenet512/val/n03126707/ILSVRC2012_val_00027091.JPEG got correct at step 7
2025-08-23 00:57:30,844 - INFO - Example 80 completed: 7 steps (universal rank: 46788)
2025-08-23 00:57:30,844 - INFO - 
=== Training Example 81/100: /home/projects/bagon/shared/imagenet512/val/n03908618/ILSVRC2012_val_00037720.JPEG ===
2025-08-23 00:57:30,849 - INFO - Reset model to original weights
2025-08-23 00:57:30,947 - INFO - Example /home/projects/bagon/shared/imagenet512/val/n03908618/ILSVRC2012_val_00037720.JPEG got correct at step 4
2025-08-23 00:57:30,949 - INFO - Example 81 completed: 4 steps (universal rank: 46989)
2025-08-23 00:57:30,949 - INFO - 
=== Training Example 82/100: /home/projects/bagon/shared/imagenet512/val/n03857828/ILSVRC2012_val_00033905.JPEG ===
2025-08-23 00:57:30,953 - INFO - Reset model to original weights
2025-08-23 00:57:31,132 - INFO - Example /home/projects/bagon/shared/imagenet512/val/n03857828/ILSVRC2012_val_00033905.JPEG got correct at step 8
2025-08-23 00:57:31,133 - INFO - Example 82 completed: 8 steps (universal rank: 47223)
2025-08-23 00:57:31,134 - INFO - 
=== Training Example 83/100: /home/projects/bagon/shared/imagenet512/val/n02808304/ILSVRC2012_val_00010120.JPEG ===
2025-08-23 00:57:31,138 - INFO - Reset model to original weights
2025-08-23 00:57:31,236 - INFO - Example /home/projects/bagon/shared/imagenet512/val/n02808304/ILSVRC2012_val_00010120.JPEG got correct at step 4
2025-08-23 00:57:31,238 - INFO - Example 83 completed: 4 steps (universal rank: 47337)
2025-08-23 00:57:31,238 - INFO - 
=== Training Example 84/100: /home/projects/bagon/shared/imagenet512/val/n02268443/ILSVRC2012_val_00043424.JPEG ===
2025-08-23 00:57:31,243 - INFO - Reset model to original weights
2025-08-23 00:57:31,365 - INFO - Example /home/projects/bagon/shared/imagenet512/val/n02268443/ILSVRC2012_val_00043424.JPEG got correct at step 5
2025-08-23 00:57:31,366 - INFO - Example 84 completed: 5 steps (universal rank: 47408)
2025-08-23 00:57:31,367 - INFO - 
=== Training Example 85/100: /home/projects/bagon/shared/imagenet512/val/n01773549/ILSVRC2012_val_00033819.JPEG ===
2025-08-23 00:57:31,371 - INFO - Reset model to original weights
2025-08-23 00:57:31,538 - INFO - Example /home/projects/bagon/shared/imagenet512/val/n01773549/ILSVRC2012_val_00033819.JPEG got correct at step 7
2025-08-23 00:57:31,540 - INFO - Example 85 completed: 7 steps (universal rank: 47422)
2025-08-23 00:57:31,540 - INFO - 
=== Training Example 86/100: /home/projects/bagon/shared/imagenet512/val/n04265275/ILSVRC2012_val_00015735.JPEG ===
2025-08-23 00:57:31,544 - INFO - Reset model to original weights
2025-08-23 00:57:31,701 - INFO - Example /home/projects/bagon/shared/imagenet512/val/n04265275/ILSVRC2012_val_00015735.JPEG got correct at step 7
2025-08-23 00:57:31,703 - INFO - Example 86 completed: 7 steps (universal rank: 47715)
2025-08-23 00:57:31,703 - INFO - 
=== Training Example 87/100: /home/projects/bagon/shared/imagenet512/val/n03594945/ILSVRC2012_val_00028405.JPEG ===
2025-08-23 00:57:31,708 - INFO - Reset model to original weights
2025-08-23 00:57:31,878 - INFO - Example /home/projects/bagon/shared/imagenet512/val/n03594945/ILSVRC2012_val_00028405.JPEG got correct at step 7
2025-08-23 00:57:31,880 - INFO - Example 87 completed: 7 steps (universal rank: 47794)
2025-08-23 00:57:31,880 - INFO - 
=== Training Example 88/100: /home/projects/bagon/shared/imagenet512/val/n02088466/ILSVRC2012_val_00015244.JPEG ===
2025-08-23 00:57:31,884 - INFO - Reset model to original weights
2025-08-23 00:57:32,061 - INFO - Example /home/projects/bagon/shared/imagenet512/val/n02088466/ILSVRC2012_val_00015244.JPEG got correct at step 8
2025-08-23 00:57:32,062 - INFO - Example 88 completed: 8 steps (universal rank: 47952)
2025-08-23 00:57:32,062 - INFO - 
=== Training Example 89/100: /home/projects/bagon/shared/imagenet512/val/n09428293/ILSVRC2012_val_00029704.JPEG ===
2025-08-23 00:57:32,067 - INFO - Reset model to original weights
2025-08-23 00:57:32,211 - INFO - Example /home/projects/bagon/shared/imagenet512/val/n09428293/ILSVRC2012_val_00029704.JPEG got correct at step 6
2025-08-23 00:57:32,212 - INFO - Example 89 completed: 6 steps (universal rank: 48494)
2025-08-23 00:57:32,213 - INFO - 
=== Training Example 90/100: /home/projects/bagon/shared/imagenet512/val/n03961711/ILSVRC2012_val_00005374.JPEG ===
2025-08-23 00:57:32,218 - INFO - Reset model to original weights
2025-08-23 00:57:32,334 - INFO - Example /home/projects/bagon/shared/imagenet512/val/n03961711/ILSVRC2012_val_00005374.JPEG got correct at step 5
2025-08-23 00:57:32,336 - INFO - Example 90 completed: 5 steps (universal rank: 48515)
2025-08-23 00:57:32,336 - INFO - 
=== Training Example 91/100: /home/projects/bagon/shared/imagenet512/val/n02484975/ILSVRC2012_val_00015380.JPEG ===
2025-08-23 00:57:32,340 - INFO - Reset model to original weights
2025-08-23 00:57:32,503 - INFO - Example /home/projects/bagon/shared/imagenet512/val/n02484975/ILSVRC2012_val_00015380.JPEG got correct at step 7
2025-08-23 00:57:32,505 - INFO - Example 91 completed: 7 steps (universal rank: 48553)
2025-08-23 00:57:32,505 - INFO - 
=== Training Example 92/100: /home/projects/bagon/shared/imagenet512/val/n02443484/ILSVRC2012_val_00048131.JPEG ===
2025-08-23 00:57:32,509 - INFO - Reset model to original weights
2025-08-23 00:57:32,605 - INFO - Example /home/projects/bagon/shared/imagenet512/val/n02443484/ILSVRC2012_val_00048131.JPEG got correct at step 4
2025-08-23 00:57:32,606 - INFO - Example 92 completed: 4 steps (universal rank: 48882)
2025-08-23 00:57:32,606 - INFO - 
=== Training Example 93/100: /home/projects/bagon/shared/imagenet512/val/n03016953/ILSVRC2012_val_00042954.JPEG ===
2025-08-23 00:57:32,611 - INFO - Reset model to original weights
2025-08-23 00:57:32,768 - INFO - Example /home/projects/bagon/shared/imagenet512/val/n03016953/ILSVRC2012_val_00042954.JPEG got correct at step 7
2025-08-23 00:57:32,770 - INFO - Example 93 completed: 7 steps (universal rank: 48960)
2025-08-23 00:57:32,770 - INFO - 
=== Training Example 94/100: /home/projects/bagon/shared/imagenet512/val/n15075141/ILSVRC2012_val_00024774.JPEG ===
2025-08-23 00:57:32,775 - INFO - Reset model to original weights
2025-08-23 00:57:32,890 - INFO - Example /home/projects/bagon/shared/imagenet512/val/n15075141/ILSVRC2012_val_00024774.JPEG got correct at step 5
2025-08-23 00:57:32,891 - INFO - Example 94 completed: 5 steps (universal rank: 49179)
2025-08-23 00:57:32,891 - INFO - 
=== Training Example 95/100: /home/projects/bagon/shared/imagenet512/val/n01914609/ILSVRC2012_val_00034484.JPEG ===
2025-08-23 00:57:32,895 - INFO - Reset model to original weights
2025-08-23 00:57:33,038 - INFO - Example /home/projects/bagon/shared/imagenet512/val/n01914609/ILSVRC2012_val_00034484.JPEG got correct at step 6
2025-08-23 00:57:33,039 - INFO - Example 95 completed: 6 steps (universal rank: 49307)
2025-08-23 00:57:33,040 - INFO - 
=== Training Example 96/100: /home/projects/bagon/shared/imagenet512/val/n02107142/ILSVRC2012_val_00008343.JPEG ===
2025-08-23 00:57:33,044 - INFO - Reset model to original weights
2025-08-23 00:57:33,141 - INFO - Example /home/projects/bagon/shared/imagenet512/val/n02107142/ILSVRC2012_val_00008343.JPEG got correct at step 4
2025-08-23 00:57:33,142 - INFO - Example 96 completed: 4 steps (universal rank: 49412)
2025-08-23 00:57:33,143 - INFO - 
=== Training Example 97/100: /home/projects/bagon/shared/imagenet512/val/n02441942/ILSVRC2012_val_00031073.JPEG ===
2025-08-23 00:57:33,147 - INFO - Reset model to original weights
2025-08-23 00:57:33,282 - INFO - Example /home/projects/bagon/shared/imagenet512/val/n02441942/ILSVRC2012_val_00031073.JPEG got correct at step 6
2025-08-23 00:57:33,283 - INFO - Example 97 completed: 6 steps (universal rank: 49490)
2025-08-23 00:57:33,283 - INFO - 
=== Training Example 98/100: /home/projects/bagon/shared/imagenet512/val/n02486261/ILSVRC2012_val_00028220.JPEG ===
2025-08-23 00:57:33,288 - INFO - Reset model to original weights
2025-08-23 00:57:33,515 - INFO - Example /home/projects/bagon/shared/imagenet512/val/n02486261/ILSVRC2012_val_00028220.JPEG got correct at step 10
2025-08-23 00:57:33,516 - INFO - Example 98 completed: 10 steps (universal rank: 49536)
2025-08-23 00:57:33,516 - INFO - 
=== Training Example 99/100: /home/projects/bagon/shared/imagenet512/val/n04037443/ILSVRC2012_val_00023273.JPEG ===
2025-08-23 00:57:33,521 - INFO - Reset model to original weights
2025-08-23 00:57:33,683 - INFO - Example /home/projects/bagon/shared/imagenet512/val/n04037443/ILSVRC2012_val_00023273.JPEG got correct at step 7
2025-08-23 00:57:33,685 - INFO - Example 99 completed: 7 steps (universal rank: 49801)
2025-08-23 00:57:33,685 - INFO - 
=== Training Example 100/100: /home/projects/bagon/shared/imagenet512/val/n02089973/ILSVRC2012_val_00048188.JPEG ===
2025-08-23 00:57:33,690 - INFO - Reset model to original weights
2025-08-23 00:57:33,887 - INFO - Example /home/projects/bagon/shared/imagenet512/val/n02089973/ILSVRC2012_val_00048188.JPEG got correct at step 9
2025-08-23 00:57:33,888 - INFO - Example 100 completed: 9 steps (universal rank: 49911)
2025-08-23 00:57:33,888 - INFO - Creating final plot...
2025-08-23 00:57:34,421 - INFO - Saved plot to training_gradient_evaluator_single/outputs/resnet34.a3_in1k/steps_vs_difficulty.png
2025-08-23 00:57:34,427 - INFO - Training complete. Summary saved to training_gradient_evaluator_single/outputs/resnet34.a3_in1k/training_summary.json
2025-08-23 00:57:34,427 - INFO - Results CSV: training_gradient_evaluator_single/outputs/resnet34.a3_in1k/single_example_results.csv
