2025-08-23 01:22:41,625 - INFO - Loaded 50000 examples in difficulty order
2025-08-23 01:22:42,505 - INFO - Loaded TIMM pretrained weights for resnet34.a3_in1k
2025-08-23 01:22:42,506 - INFO - pretrained_cfg.url=https://github.com/huggingface/pytorch-image-models/releases/download/v0.1-rsb-weights/resnet34_a3_0-a20cabb6.pth hf_hub_id=timm/resnet34.a3_in1k
2025-08-23 01:22:43,471 - INFO - Stored original model weights for reset
2025-08-23 01:22:43,480 - INFO - Resolved model_csv_name='resnet_34_160_classification_imagenet_1k' to mask_row_index=992
2025-08-23 01:22:47,527 - INFO - Found 14707 wrong examples that exist and have difficulty rankings
2025-08-23 01:22:47,528 - INFO - Selected 100 random wrong examples for training (sorted by difficulty)
2025-08-23 01:22:47,532 - INFO - 
=== Training Example 1/100: /home/projects/bagon/shared/imagenet512/val/n04273569/ILSVRC2012_val_00034468.JPEG ===
2025-08-23 01:22:47,537 - INFO - Reset model to original weights
2025-08-23 01:22:49,412 - INFO - Example /home/projects/bagon/shared/imagenet512/val/n04273569/ILSVRC2012_val_00034468.JPEG got correct at step 16, total loss: 93.8633
2025-08-23 01:22:49,414 - INFO - Example 1 completed: 93.8633 total loss (universal rank: 21739)
2025-08-23 01:22:49,414 - INFO - 
=== Training Example 2/100: /home/projects/bagon/shared/imagenet512/val/n02906734/ILSVRC2012_val_00045118.JPEG ===
2025-08-23 01:22:49,419 - INFO - Reset model to original weights
2025-08-23 01:22:49,644 - INFO - Example /home/projects/bagon/shared/imagenet512/val/n02906734/ILSVRC2012_val_00045118.JPEG got correct at step 10, total loss: 57.2266
2025-08-23 01:22:49,645 - INFO - Example 2 completed: 57.2266 total loss (universal rank: 25948)
2025-08-23 01:22:49,645 - INFO - 
=== Training Example 3/100: /home/projects/bagon/shared/imagenet512/val/n04332243/ILSVRC2012_val_00008446.JPEG ===
2025-08-23 01:22:49,650 - INFO - Reset model to original weights
2025-08-23 01:22:50,205 - INFO - Example /home/projects/bagon/shared/imagenet512/val/n04332243/ILSVRC2012_val_00008446.JPEG got correct at step 25, total loss: 147.7734
2025-08-23 01:22:50,207 - INFO - Example 3 completed: 147.7734 total loss (universal rank: 26130)
2025-08-23 01:22:50,207 - INFO - 
=== Training Example 4/100: /home/projects/bagon/shared/imagenet512/val/n02486410/ILSVRC2012_val_00008877.JPEG ===
2025-08-23 01:22:50,212 - INFO - Reset model to original weights
2025-08-23 01:22:50,946 - INFO - Example /home/projects/bagon/shared/imagenet512/val/n02486410/ILSVRC2012_val_00008877.JPEG got correct at step 34, total loss: 224.7070
2025-08-23 01:22:50,948 - INFO - Example 4 completed: 224.7070 total loss (universal rank: 26543)
2025-08-23 01:22:50,948 - INFO - 
=== Training Example 5/100: /home/projects/bagon/shared/imagenet512/val/n02113978/ILSVRC2012_val_00046981.JPEG ===
2025-08-23 01:22:50,954 - INFO - Reset model to original weights
2025-08-23 01:22:51,420 - INFO - Example /home/projects/bagon/shared/imagenet512/val/n02113978/ILSVRC2012_val_00046981.JPEG got correct at step 21, total loss: 131.3242
2025-08-23 01:22:51,423 - INFO - Example 5 completed: 131.3242 total loss (universal rank: 26782)
2025-08-23 01:22:51,423 - INFO - 
=== Training Example 6/100: /home/projects/bagon/shared/imagenet512/val/n03255030/ILSVRC2012_val_00028417.JPEG ===
2025-08-23 01:22:51,427 - INFO - Reset model to original weights
2025-08-23 01:22:51,648 - INFO - Example /home/projects/bagon/shared/imagenet512/val/n03255030/ILSVRC2012_val_00028417.JPEG got correct at step 10, total loss: 58.9844
2025-08-23 01:22:51,650 - INFO - Example 6 completed: 58.9844 total loss (universal rank: 28090)
2025-08-23 01:22:51,650 - INFO - 
=== Training Example 7/100: /home/projects/bagon/shared/imagenet512/val/n01728572/ILSVRC2012_val_00032556.JPEG ===
2025-08-23 01:22:51,655 - INFO - Reset model to original weights
2025-08-23 01:22:52,684 - INFO - Example /home/projects/bagon/shared/imagenet512/val/n01728572/ILSVRC2012_val_00032556.JPEG got correct at step 47, total loss: 272.6133
2025-08-23 01:22:52,686 - INFO - Example 7 completed: 272.6133 total loss (universal rank: 28278)
2025-08-23 01:22:52,686 - INFO - 
=== Training Example 8/100: /home/projects/bagon/shared/imagenet512/val/n03935335/ILSVRC2012_val_00022426.JPEG ===
2025-08-23 01:22:52,692 - INFO - Reset model to original weights
2025-08-23 01:22:53,247 - INFO - Example /home/projects/bagon/shared/imagenet512/val/n03935335/ILSVRC2012_val_00022426.JPEG got correct at step 20, total loss: 117.5781
2025-08-23 01:22:53,248 - INFO - Example 8 completed: 117.5781 total loss (universal rank: 30113)
2025-08-23 01:22:53,249 - INFO - 
=== Training Example 9/100: /home/projects/bagon/shared/imagenet512/val/n03141823/ILSVRC2012_val_00048778.JPEG ===
2025-08-23 01:22:53,253 - INFO - Reset model to original weights
2025-08-23 01:22:53,714 - INFO - Example /home/projects/bagon/shared/imagenet512/val/n03141823/ILSVRC2012_val_00048778.JPEG got correct at step 21, total loss: 129.3242
2025-08-23 01:22:53,716 - INFO - Example 9 completed: 129.3242 total loss (universal rank: 30758)
2025-08-23 01:22:53,716 - INFO - 
=== Training Example 10/100: /home/projects/bagon/shared/imagenet512/val/n03759954/ILSVRC2012_val_00049557.JPEG ===
2025-08-23 01:22:53,720 - INFO - Reset model to original weights
2025-08-23 01:22:54,133 - INFO - Example /home/projects/bagon/shared/imagenet512/val/n03759954/ILSVRC2012_val_00049557.JPEG got correct at step 19, total loss: 108.4609
2025-08-23 01:22:54,135 - INFO - Example 10 completed: 108.4609 total loss (universal rank: 30843)
2025-08-23 01:22:54,135 - INFO - 
=== Training Example 11/100: /home/projects/bagon/shared/imagenet512/val/n02087394/ILSVRC2012_val_00018629.JPEG ===
2025-08-23 01:22:54,139 - INFO - Reset model to original weights
2025-08-23 01:22:54,896 - INFO - Example /home/projects/bagon/shared/imagenet512/val/n02087394/ILSVRC2012_val_00018629.JPEG got correct at step 34, total loss: 215.3320
2025-08-23 01:22:54,899 - INFO - Example 11 completed: 215.3320 total loss (universal rank: 31231)
2025-08-23 01:22:54,899 - INFO - 
=== Training Example 12/100: /home/projects/bagon/shared/imagenet512/val/n02843684/ILSVRC2012_val_00015956.JPEG ===
2025-08-23 01:22:54,904 - INFO - Reset model to original weights
2025-08-23 01:22:55,258 - INFO - Example /home/projects/bagon/shared/imagenet512/val/n02843684/ILSVRC2012_val_00015956.JPEG got correct at step 16, total loss: 93.2031
2025-08-23 01:22:55,260 - INFO - Example 12 completed: 93.2031 total loss (universal rank: 31536)
2025-08-23 01:22:55,260 - INFO - 
=== Training Example 13/100: /home/projects/bagon/shared/imagenet512/val/n03888605/ILSVRC2012_val_00035987.JPEG ===
2025-08-23 01:22:55,265 - INFO - Reset model to original weights
2025-08-23 01:22:55,636 - INFO - Example /home/projects/bagon/shared/imagenet512/val/n03888605/ILSVRC2012_val_00035987.JPEG got correct at step 17, total loss: 106.5664
2025-08-23 01:22:55,638 - INFO - Example 13 completed: 106.5664 total loss (universal rank: 31597)
2025-08-23 01:22:55,639 - INFO - 
=== Training Example 14/100: /home/projects/bagon/shared/imagenet512/val/n02279972/ILSVRC2012_val_00023084.JPEG ===
2025-08-23 01:22:55,644 - INFO - Reset model to original weights
2025-08-23 01:22:56,616 - INFO - Example /home/projects/bagon/shared/imagenet512/val/n02279972/ILSVRC2012_val_00023084.JPEG got correct at step 44, total loss: 306.5586
2025-08-23 01:22:56,618 - INFO - Example 14 completed: 306.5586 total loss (universal rank: 31780)
2025-08-23 01:22:56,618 - INFO - 
=== Training Example 15/100: /home/projects/bagon/shared/imagenet512/val/n03026506/ILSVRC2012_val_00025870.JPEG ===
2025-08-23 01:22:56,623 - INFO - Reset model to original weights
2025-08-23 01:22:57,222 - INFO - Example /home/projects/bagon/shared/imagenet512/val/n03026506/ILSVRC2012_val_00025870.JPEG got correct at step 27, total loss: 168.5586
2025-08-23 01:22:57,223 - INFO - Example 15 completed: 168.5586 total loss (universal rank: 32006)
2025-08-23 01:22:57,224 - INFO - 
=== Training Example 16/100: /home/projects/bagon/shared/imagenet512/val/n02086646/ILSVRC2012_val_00002150.JPEG ===
2025-08-23 01:22:57,229 - INFO - Reset model to original weights
2025-08-23 01:22:57,880 - INFO - Example /home/projects/bagon/shared/imagenet512/val/n02086646/ILSVRC2012_val_00002150.JPEG got correct at step 29, total loss: 177.4609
2025-08-23 01:22:57,882 - INFO - Example 16 completed: 177.4609 total loss (universal rank: 32063)
2025-08-23 01:22:57,882 - INFO - 
=== Training Example 17/100: /home/projects/bagon/shared/imagenet512/val/n04482393/ILSVRC2012_val_00030879.JPEG ===
2025-08-23 01:22:57,887 - INFO - Reset model to original weights
2025-08-23 01:22:58,422 - INFO - Example /home/projects/bagon/shared/imagenet512/val/n04482393/ILSVRC2012_val_00030879.JPEG got correct at step 23, total loss: 124.8594
2025-08-23 01:22:58,424 - INFO - Example 17 completed: 124.8594 total loss (universal rank: 32081)
2025-08-23 01:22:58,425 - INFO - 
=== Training Example 18/100: /home/projects/bagon/shared/imagenet512/val/n02037110/ILSVRC2012_val_00045300.JPEG ===
2025-08-23 01:22:58,429 - INFO - Reset model to original weights
2025-08-23 01:22:58,656 - INFO - Example /home/projects/bagon/shared/imagenet512/val/n02037110/ILSVRC2012_val_00045300.JPEG got correct at step 10, total loss: 59.3164
2025-08-23 01:22:58,658 - INFO - Example 18 completed: 59.3164 total loss (universal rank: 32484)
2025-08-23 01:22:58,658 - INFO - 
=== Training Example 19/100: /home/projects/bagon/shared/imagenet512/val/n02093754/ILSVRC2012_val_00044070.JPEG ===
2025-08-23 01:22:58,663 - INFO - Reset model to original weights
2025-08-23 01:22:59,435 - INFO - Example /home/projects/bagon/shared/imagenet512/val/n02093754/ILSVRC2012_val_00044070.JPEG got correct at step 35, total loss: 212.3672
2025-08-23 01:22:59,437 - INFO - Example 19 completed: 212.3672 total loss (universal rank: 33018)
2025-08-23 01:22:59,437 - INFO - 
=== Training Example 20/100: /home/projects/bagon/shared/imagenet512/val/n02859443/ILSVRC2012_val_00024036.JPEG ===
2025-08-23 01:22:59,442 - INFO - Reset model to original weights
2025-08-23 01:22:59,945 - INFO - Example /home/projects/bagon/shared/imagenet512/val/n02859443/ILSVRC2012_val_00024036.JPEG got correct at step 23, total loss: 152.0312
2025-08-23 01:22:59,948 - INFO - Example 20 completed: 152.0312 total loss (universal rank: 33614)
2025-08-23 01:22:59,948 - INFO - 
=== Training Example 21/100: /home/projects/bagon/shared/imagenet512/val/n02090721/ILSVRC2012_val_00009772.JPEG ===
2025-08-23 01:22:59,953 - INFO - Reset model to original weights
2025-08-23 01:23:00,468 - INFO - Example /home/projects/bagon/shared/imagenet512/val/n02090721/ILSVRC2012_val_00009772.JPEG got correct at step 23, total loss: 142.7070
2025-08-23 01:23:00,470 - INFO - Example 21 completed: 142.7070 total loss (universal rank: 34204)
2025-08-23 01:23:00,470 - INFO - 
=== Training Example 22/100: /home/projects/bagon/shared/imagenet512/val/n03126707/ILSVRC2012_val_00044019.JPEG ===
2025-08-23 01:23:00,475 - INFO - Reset model to original weights
2025-08-23 01:23:01,190 - INFO - Example /home/projects/bagon/shared/imagenet512/val/n03126707/ILSVRC2012_val_00044019.JPEG got correct at step 33, total loss: 207.0547
2025-08-23 01:23:01,191 - INFO - Example 22 completed: 207.0547 total loss (universal rank: 34338)
2025-08-23 01:23:01,192 - INFO - 
=== Training Example 23/100: /home/projects/bagon/shared/imagenet512/val/n03041632/ILSVRC2012_val_00009369.JPEG ===
2025-08-23 01:23:01,197 - INFO - Reset model to original weights
2025-08-23 01:23:01,622 - INFO - Example /home/projects/bagon/shared/imagenet512/val/n03041632/ILSVRC2012_val_00009369.JPEG got correct at step 19, total loss: 114.0000
2025-08-23 01:23:01,624 - INFO - Example 23 completed: 114.0000 total loss (universal rank: 34443)
2025-08-23 01:23:01,624 - INFO - 
=== Training Example 24/100: /home/projects/bagon/shared/imagenet512/val/n03483316/ILSVRC2012_val_00027635.JPEG ===
2025-08-23 01:23:01,629 - INFO - Reset model to original weights
2025-08-23 01:23:01,938 - INFO - Example /home/projects/bagon/shared/imagenet512/val/n03483316/ILSVRC2012_val_00027635.JPEG got correct at step 14, total loss: 82.6406
2025-08-23 01:23:01,940 - INFO - Example 24 completed: 82.6406 total loss (universal rank: 35493)
2025-08-23 01:23:01,940 - INFO - 
=== Training Example 25/100: /home/projects/bagon/shared/imagenet512/val/n03485407/ILSVRC2012_val_00009246.JPEG ===
2025-08-23 01:23:01,945 - INFO - Reset model to original weights
2025-08-23 01:23:02,652 - INFO - Example /home/projects/bagon/shared/imagenet512/val/n03485407/ILSVRC2012_val_00009246.JPEG got correct at step 32, total loss: 205.9023
2025-08-23 01:23:02,654 - INFO - Example 25 completed: 205.9023 total loss (universal rank: 35723)
2025-08-23 01:23:02,654 - INFO - 
=== Training Example 26/100: /home/projects/bagon/shared/imagenet512/val/n03063599/ILSVRC2012_val_00028344.JPEG ===
2025-08-23 01:23:02,658 - INFO - Reset model to original weights
2025-08-23 01:23:03,163 - INFO - Example /home/projects/bagon/shared/imagenet512/val/n03063599/ILSVRC2012_val_00028344.JPEG got correct at step 23, total loss: 131.8867
2025-08-23 01:23:03,165 - INFO - Example 26 completed: 131.8867 total loss (universal rank: 36058)
2025-08-23 01:23:03,165 - INFO - 
=== Training Example 27/100: /home/projects/bagon/shared/imagenet512/val/n03207941/ILSVRC2012_val_00026570.JPEG ===
2025-08-23 01:23:03,170 - INFO - Reset model to original weights
2025-08-23 01:23:03,391 - INFO - Example /home/projects/bagon/shared/imagenet512/val/n03207941/ILSVRC2012_val_00026570.JPEG got correct at step 10, total loss: 60.0977
2025-08-23 01:23:03,392 - INFO - Example 27 completed: 60.0977 total loss (universal rank: 36236)
2025-08-23 01:23:03,392 - INFO - 
=== Training Example 28/100: /home/projects/bagon/shared/imagenet512/val/n01807496/ILSVRC2012_val_00048846.JPEG ===
2025-08-23 01:23:03,397 - INFO - Reset model to original weights
2025-08-23 01:23:03,955 - INFO - Example /home/projects/bagon/shared/imagenet512/val/n01807496/ILSVRC2012_val_00048846.JPEG got correct at step 25, total loss: 156.4453
2025-08-23 01:23:03,956 - INFO - Example 28 completed: 156.4453 total loss (universal rank: 36326)
2025-08-23 01:23:03,957 - INFO - 
=== Training Example 29/100: /home/projects/bagon/shared/imagenet512/val/n03535780/ILSVRC2012_val_00031836.JPEG ===
2025-08-23 01:23:03,961 - INFO - Reset model to original weights
2025-08-23 01:23:04,297 - INFO - Example /home/projects/bagon/shared/imagenet512/val/n03535780/ILSVRC2012_val_00031836.JPEG got correct at step 15, total loss: 92.5938
2025-08-23 01:23:04,299 - INFO - Example 29 completed: 92.5938 total loss (universal rank: 36385)
2025-08-23 01:23:04,299 - INFO - 
=== Training Example 30/100: /home/projects/bagon/shared/imagenet512/val/n03697007/ILSVRC2012_val_00005462.JPEG ===
2025-08-23 01:23:04,304 - INFO - Reset model to original weights
2025-08-23 01:23:04,706 - INFO - Example /home/projects/bagon/shared/imagenet512/val/n03697007/ILSVRC2012_val_00005462.JPEG got correct at step 18, total loss: 108.1484
2025-08-23 01:23:04,708 - INFO - Example 30 completed: 108.1484 total loss (universal rank: 36466)
2025-08-23 01:23:04,708 - INFO - 
=== Training Example 31/100: /home/projects/bagon/shared/imagenet512/val/n07753275/ILSVRC2012_val_00025281.JPEG ===
2025-08-23 01:23:04,712 - INFO - Reset model to original weights
2025-08-23 01:23:05,398 - INFO - Example /home/projects/bagon/shared/imagenet512/val/n07753275/ILSVRC2012_val_00025281.JPEG got correct at step 31, total loss: 206.1914
2025-08-23 01:23:05,400 - INFO - Example 31 completed: 206.1914 total loss (universal rank: 36590)
2025-08-23 01:23:05,400 - INFO - 
=== Training Example 32/100: /home/projects/bagon/shared/imagenet512/val/n04540053/ILSVRC2012_val_00014565.JPEG ===
2025-08-23 01:23:05,405 - INFO - Reset model to original weights
2025-08-23 01:23:06,066 - INFO - Example /home/projects/bagon/shared/imagenet512/val/n04540053/ILSVRC2012_val_00014565.JPEG got correct at step 30, total loss: 188.5195
2025-08-23 01:23:06,067 - INFO - Example 32 completed: 188.5195 total loss (universal rank: 36719)
2025-08-23 01:23:06,068 - INFO - 
=== Training Example 33/100: /home/projects/bagon/shared/imagenet512/val/n03393912/ILSVRC2012_val_00002595.JPEG ===
2025-08-23 01:23:06,072 - INFO - Reset model to original weights
2025-08-23 01:23:06,911 - INFO - Example /home/projects/bagon/shared/imagenet512/val/n03393912/ILSVRC2012_val_00002595.JPEG got correct at step 38, total loss: 245.1797
2025-08-23 01:23:06,913 - INFO - Example 33 completed: 245.1797 total loss (universal rank: 36722)
2025-08-23 01:23:06,913 - INFO - 
=== Training Example 34/100: /home/projects/bagon/shared/imagenet512/val/n02105412/ILSVRC2012_val_00023038.JPEG ===
2025-08-23 01:23:06,918 - INFO - Reset model to original weights
2025-08-23 01:23:07,278 - INFO - Example /home/projects/bagon/shared/imagenet512/val/n02105412/ILSVRC2012_val_00023038.JPEG got correct at step 16, total loss: 89.8711
2025-08-23 01:23:07,279 - INFO - Example 34 completed: 89.8711 total loss (universal rank: 37060)
2025-08-23 01:23:07,280 - INFO - 
=== Training Example 35/100: /home/projects/bagon/shared/imagenet512/val/n02536864/ILSVRC2012_val_00018581.JPEG ===
2025-08-23 01:23:07,284 - INFO - Reset model to original weights
2025-08-23 01:23:07,602 - INFO - Example /home/projects/bagon/shared/imagenet512/val/n02536864/ILSVRC2012_val_00018581.JPEG got correct at step 14, total loss: 84.7109
2025-08-23 01:23:07,604 - INFO - Example 35 completed: 84.7109 total loss (universal rank: 37624)
2025-08-23 01:23:07,604 - INFO - 
=== Training Example 36/100: /home/projects/bagon/shared/imagenet512/val/n02363005/ILSVRC2012_val_00040322.JPEG ===
2025-08-23 01:23:07,608 - INFO - Reset model to original weights
2025-08-23 01:23:07,783 - INFO - Example /home/projects/bagon/shared/imagenet512/val/n02363005/ILSVRC2012_val_00040322.JPEG got correct at step 8, total loss: 46.4258
2025-08-23 01:23:07,784 - INFO - Example 36 completed: 46.4258 total loss (universal rank: 37927)
2025-08-23 01:23:07,784 - INFO - 
=== Training Example 37/100: /home/projects/bagon/shared/imagenet512/val/n04251144/ILSVRC2012_val_00015061.JPEG ===
2025-08-23 01:23:07,789 - INFO - Reset model to original weights
2025-08-23 01:23:08,299 - INFO - Example /home/projects/bagon/shared/imagenet512/val/n04251144/ILSVRC2012_val_00015061.JPEG got correct at step 23, total loss: 140.2969
2025-08-23 01:23:08,301 - INFO - Example 37 completed: 140.2969 total loss (universal rank: 38001)
2025-08-23 01:23:08,301 - INFO - 
=== Training Example 38/100: /home/projects/bagon/shared/imagenet512/val/n02124075/ILSVRC2012_val_00026412.JPEG ===
2025-08-23 01:23:08,306 - INFO - Reset model to original weights
2025-08-23 01:23:08,765 - INFO - Example /home/projects/bagon/shared/imagenet512/val/n02124075/ILSVRC2012_val_00026412.JPEG got correct at step 21, total loss: 131.1836
2025-08-23 01:23:08,767 - INFO - Example 38 completed: 131.1836 total loss (universal rank: 38008)
2025-08-23 01:23:08,767 - INFO - 
=== Training Example 39/100: /home/projects/bagon/shared/imagenet512/val/n04476259/ILSVRC2012_val_00039255.JPEG ===
2025-08-23 01:23:08,772 - INFO - Reset model to original weights
2025-08-23 01:23:09,127 - INFO - Example /home/projects/bagon/shared/imagenet512/val/n04476259/ILSVRC2012_val_00039255.JPEG got correct at step 16, total loss: 94.2500
2025-08-23 01:23:09,129 - INFO - Example 39 completed: 94.2500 total loss (universal rank: 38013)
2025-08-23 01:23:09,129 - INFO - 
=== Training Example 40/100: /home/projects/bagon/shared/imagenet512/val/n01855032/ILSVRC2012_val_00035647.JPEG ===
2025-08-23 01:23:09,133 - INFO - Reset model to original weights
2025-08-23 01:23:09,664 - INFO - Example /home/projects/bagon/shared/imagenet512/val/n01855032/ILSVRC2012_val_00035647.JPEG got correct at step 24, total loss: 153.7305
2025-08-23 01:23:09,666 - INFO - Example 40 completed: 153.7305 total loss (universal rank: 38316)
2025-08-23 01:23:09,666 - INFO - 
=== Training Example 41/100: /home/projects/bagon/shared/imagenet512/val/n04209239/ILSVRC2012_val_00025112.JPEG ===
2025-08-23 01:23:09,671 - INFO - Reset model to original weights
2025-08-23 01:23:10,113 - INFO - Example /home/projects/bagon/shared/imagenet512/val/n04209239/ILSVRC2012_val_00025112.JPEG got correct at step 20, total loss: 120.9375
2025-08-23 01:23:10,114 - INFO - Example 41 completed: 120.9375 total loss (universal rank: 38415)
2025-08-23 01:23:10,114 - INFO - 
=== Training Example 42/100: /home/projects/bagon/shared/imagenet512/val/n03692522/ILSVRC2012_val_00012274.JPEG ===
2025-08-23 01:23:10,119 - INFO - Reset model to original weights
2025-08-23 01:23:10,387 - INFO - Example /home/projects/bagon/shared/imagenet512/val/n03692522/ILSVRC2012_val_00012274.JPEG got correct at step 12, total loss: 72.2109
2025-08-23 01:23:10,389 - INFO - Example 42 completed: 72.2109 total loss (universal rank: 39498)
2025-08-23 01:23:10,389 - INFO - 
=== Training Example 43/100: /home/projects/bagon/shared/imagenet512/val/n04254777/ILSVRC2012_val_00013608.JPEG ===
2025-08-23 01:23:10,393 - INFO - Reset model to original weights
2025-08-23 01:23:11,003 - INFO - Example /home/projects/bagon/shared/imagenet512/val/n04254777/ILSVRC2012_val_00013608.JPEG got correct at step 28, total loss: 169.0391
2025-08-23 01:23:11,005 - INFO - Example 43 completed: 169.0391 total loss (universal rank: 39597)
2025-08-23 01:23:11,005 - INFO - 
=== Training Example 44/100: /home/projects/bagon/shared/imagenet512/val/n03895866/ILSVRC2012_val_00017034.JPEG ===
2025-08-23 01:23:11,010 - INFO - Reset model to original weights
2025-08-23 01:23:11,733 - INFO - Example /home/projects/bagon/shared/imagenet512/val/n03895866/ILSVRC2012_val_00017034.JPEG got correct at step 33, total loss: 229.4453
2025-08-23 01:23:11,735 - INFO - Example 44 completed: 229.4453 total loss (universal rank: 39684)
2025-08-23 01:23:11,735 - INFO - 
=== Training Example 45/100: /home/projects/bagon/shared/imagenet512/val/n02906734/ILSVRC2012_val_00008097.JPEG ===
2025-08-23 01:23:11,740 - INFO - Reset model to original weights
2025-08-23 01:23:12,057 - INFO - Example /home/projects/bagon/shared/imagenet512/val/n02906734/ILSVRC2012_val_00008097.JPEG got correct at step 14, total loss: 82.4453
2025-08-23 01:23:12,058 - INFO - Example 45 completed: 82.4453 total loss (universal rank: 39932)
2025-08-23 01:23:12,058 - INFO - 
=== Training Example 46/100: /home/projects/bagon/shared/imagenet512/val/n02124075/ILSVRC2012_val_00046964.JPEG ===
2025-08-23 01:23:12,063 - INFO - Reset model to original weights
2025-08-23 01:23:12,496 - INFO - Example /home/projects/bagon/shared/imagenet512/val/n02124075/ILSVRC2012_val_00046964.JPEG got correct at step 19, total loss: 115.6016
2025-08-23 01:23:12,499 - INFO - Example 46 completed: 115.6016 total loss (universal rank: 40015)
2025-08-23 01:23:12,499 - INFO - 
=== Training Example 47/100: /home/projects/bagon/shared/imagenet512/val/n04019541/ILSVRC2012_val_00048262.JPEG ===
2025-08-23 01:23:12,503 - INFO - Reset model to original weights
2025-08-23 01:23:12,923 - INFO - Example /home/projects/bagon/shared/imagenet512/val/n04019541/ILSVRC2012_val_00048262.JPEG got correct at step 19, total loss: 119.1641
2025-08-23 01:23:12,925 - INFO - Example 47 completed: 119.1641 total loss (universal rank: 40078)
2025-08-23 01:23:12,925 - INFO - 
=== Training Example 48/100: /home/projects/bagon/shared/imagenet512/val/n03950228/ILSVRC2012_val_00008882.JPEG ===
2025-08-23 01:23:12,930 - INFO - Reset model to original weights
2025-08-23 01:23:13,193 - INFO - Example /home/projects/bagon/shared/imagenet512/val/n03950228/ILSVRC2012_val_00008882.JPEG got correct at step 12, total loss: 70.9844
2025-08-23 01:23:13,195 - INFO - Example 48 completed: 70.9844 total loss (universal rank: 40150)
2025-08-23 01:23:13,195 - INFO - 
=== Training Example 49/100: /home/projects/bagon/shared/imagenet512/val/n02999410/ILSVRC2012_val_00009591.JPEG ===
2025-08-23 01:23:13,200 - INFO - Reset model to original weights
2025-08-23 01:23:13,857 - INFO - Example /home/projects/bagon/shared/imagenet512/val/n02999410/ILSVRC2012_val_00009591.JPEG got correct at step 30, total loss: 180.7500
2025-08-23 01:23:13,859 - INFO - Example 49 completed: 180.7500 total loss (universal rank: 40264)
2025-08-23 01:23:13,860 - INFO - 
=== Training Example 50/100: /home/projects/bagon/shared/imagenet512/val/n03929660/ILSVRC2012_val_00018730.JPEG ===
2025-08-23 01:23:13,864 - INFO - Reset model to original weights
2025-08-23 01:23:14,364 - INFO - Example /home/projects/bagon/shared/imagenet512/val/n03929660/ILSVRC2012_val_00018730.JPEG got correct at step 23, total loss: 139.4023
2025-08-23 01:23:14,365 - INFO - Example 50 completed: 139.4023 total loss (universal rank: 40446)
2025-08-23 01:23:14,366 - INFO - 
=== Training Example 51/100: /home/projects/bagon/shared/imagenet512/val/n02794156/ILSVRC2012_val_00005441.JPEG ===
2025-08-23 01:23:14,370 - INFO - Reset model to original weights
2025-08-23 01:23:15,326 - INFO - Example /home/projects/bagon/shared/imagenet512/val/n02794156/ILSVRC2012_val_00005441.JPEG got correct at step 43, total loss: 269.4883
2025-08-23 01:23:15,328 - INFO - Example 51 completed: 269.4883 total loss (universal rank: 40485)
2025-08-23 01:23:15,328 - INFO - 
=== Training Example 52/100: /home/projects/bagon/shared/imagenet512/val/n04146614/ILSVRC2012_val_00022679.JPEG ===
2025-08-23 01:23:15,333 - INFO - Reset model to original weights
2025-08-23 01:23:16,192 - INFO - Example /home/projects/bagon/shared/imagenet512/val/n04146614/ILSVRC2012_val_00022679.JPEG got correct at step 33, total loss: 214.8359
2025-08-23 01:23:16,194 - INFO - Example 52 completed: 214.8359 total loss (universal rank: 40488)
2025-08-23 01:23:16,194 - INFO - 
=== Training Example 53/100: /home/projects/bagon/shared/imagenet512/val/n01693334/ILSVRC2012_val_00004102.JPEG ===
2025-08-23 01:23:16,198 - INFO - Reset model to original weights
2025-08-23 01:23:16,838 - INFO - Example /home/projects/bagon/shared/imagenet512/val/n01693334/ILSVRC2012_val_00004102.JPEG got correct at step 29, total loss: 184.0547
2025-08-23 01:23:16,839 - INFO - Example 53 completed: 184.0547 total loss (universal rank: 41362)
2025-08-23 01:23:16,839 - INFO - 
=== Training Example 54/100: /home/projects/bagon/shared/imagenet512/val/n04525038/ILSVRC2012_val_00047348.JPEG ===
2025-08-23 01:23:16,843 - INFO - Reset model to original weights
2025-08-23 01:23:17,484 - INFO - Example /home/projects/bagon/shared/imagenet512/val/n04525038/ILSVRC2012_val_00047348.JPEG got correct at step 29, total loss: 176.1133
2025-08-23 01:23:17,486 - INFO - Example 54 completed: 176.1133 total loss (universal rank: 41412)
2025-08-23 01:23:17,487 - INFO - 
=== Training Example 55/100: /home/projects/bagon/shared/imagenet512/val/n03347037/ILSVRC2012_val_00002272.JPEG ===
2025-08-23 01:23:17,491 - INFO - Reset model to original weights
2025-08-23 01:23:17,841 - INFO - Example /home/projects/bagon/shared/imagenet512/val/n03347037/ILSVRC2012_val_00002272.JPEG got correct at step 16, total loss: 99.3320
2025-08-23 01:23:17,843 - INFO - Example 55 completed: 99.3320 total loss (universal rank: 41428)
2025-08-23 01:23:17,844 - INFO - 
=== Training Example 56/100: /home/projects/bagon/shared/imagenet512/val/n02690373/ILSVRC2012_val_00040136.JPEG ===
2025-08-23 01:23:17,848 - INFO - Reset model to original weights
2025-08-23 01:23:18,668 - INFO - Example /home/projects/bagon/shared/imagenet512/val/n02690373/ILSVRC2012_val_00040136.JPEG got correct at step 37, total loss: 242.1445
2025-08-23 01:23:18,670 - INFO - Example 56 completed: 242.1445 total loss (universal rank: 41981)
2025-08-23 01:23:18,670 - INFO - 
=== Training Example 57/100: /home/projects/bagon/shared/imagenet512/val/n04485082/ILSVRC2012_val_00033425.JPEG ===
2025-08-23 01:23:18,675 - INFO - Reset model to original weights
2025-08-23 01:23:19,115 - INFO - Example /home/projects/bagon/shared/imagenet512/val/n04485082/ILSVRC2012_val_00033425.JPEG got correct at step 20, total loss: 113.6328
2025-08-23 01:23:19,117 - INFO - Example 57 completed: 113.6328 total loss (universal rank: 42071)
2025-08-23 01:23:19,117 - INFO - 
=== Training Example 58/100: /home/projects/bagon/shared/imagenet512/val/n03710721/ILSVRC2012_val_00043449.JPEG ===
2025-08-23 01:23:19,122 - INFO - Reset model to original weights
2025-08-23 01:23:19,499 - INFO - Example /home/projects/bagon/shared/imagenet512/val/n03710721/ILSVRC2012_val_00043449.JPEG got correct at step 17, total loss: 104.8203
2025-08-23 01:23:19,501 - INFO - Example 58 completed: 104.8203 total loss (universal rank: 42204)
2025-08-23 01:23:19,501 - INFO - 
=== Training Example 59/100: /home/projects/bagon/shared/imagenet512/val/n02730930/ILSVRC2012_val_00016687.JPEG ===
2025-08-23 01:23:19,505 - INFO - Reset model to original weights
2025-08-23 01:23:19,964 - INFO - Example /home/projects/bagon/shared/imagenet512/val/n02730930/ILSVRC2012_val_00016687.JPEG got correct at step 21, total loss: 132.2617
2025-08-23 01:23:19,966 - INFO - Example 59 completed: 132.2617 total loss (universal rank: 43100)
2025-08-23 01:23:19,966 - INFO - 
=== Training Example 60/100: /home/projects/bagon/shared/imagenet512/val/n02910353/ILSVRC2012_val_00010342.JPEG ===
2025-08-23 01:23:19,970 - INFO - Reset model to original weights
2025-08-23 01:23:20,353 - INFO - Example /home/projects/bagon/shared/imagenet512/val/n02910353/ILSVRC2012_val_00010342.JPEG got correct at step 17, total loss: 98.9492
2025-08-23 01:23:20,354 - INFO - Example 60 completed: 98.9492 total loss (universal rank: 43713)
2025-08-23 01:23:20,354 - INFO - 
=== Training Example 61/100: /home/projects/bagon/shared/imagenet512/val/n03782006/ILSVRC2012_val_00009529.JPEG ===
2025-08-23 01:23:20,359 - INFO - Reset model to original weights
2025-08-23 01:23:20,869 - INFO - Example /home/projects/bagon/shared/imagenet512/val/n03782006/ILSVRC2012_val_00009529.JPEG got correct at step 23, total loss: 139.2852
2025-08-23 01:23:20,871 - INFO - Example 61 completed: 139.2852 total loss (universal rank: 43885)
2025-08-23 01:23:20,871 - INFO - 
=== Training Example 62/100: /home/projects/bagon/shared/imagenet512/val/n03891251/ILSVRC2012_val_00009086.JPEG ===
2025-08-23 01:23:20,875 - INFO - Reset model to original weights
2025-08-23 01:23:21,292 - INFO - Example /home/projects/bagon/shared/imagenet512/val/n03891251/ILSVRC2012_val_00009086.JPEG got correct at step 19, total loss: 113.1406
2025-08-23 01:23:21,295 - INFO - Example 62 completed: 113.1406 total loss (universal rank: 43894)
2025-08-23 01:23:21,295 - INFO - 
=== Training Example 63/100: /home/projects/bagon/shared/imagenet512/val/n03180011/ILSVRC2012_val_00013776.JPEG ===
2025-08-23 01:23:21,299 - INFO - Reset model to original weights
2025-08-23 01:23:22,148 - INFO - Example /home/projects/bagon/shared/imagenet512/val/n03180011/ILSVRC2012_val_00013776.JPEG got correct at step 39, total loss: 250.1055
2025-08-23 01:23:22,150 - INFO - Example 63 completed: 250.1055 total loss (universal rank: 44013)
2025-08-23 01:23:22,150 - INFO - 
=== Training Example 64/100: /home/projects/bagon/shared/imagenet512/val/n02841315/ILSVRC2012_val_00012679.JPEG ===
2025-08-23 01:23:22,154 - INFO - Reset model to original weights
2025-08-23 01:23:22,557 - INFO - Example /home/projects/bagon/shared/imagenet512/val/n02841315/ILSVRC2012_val_00012679.JPEG got correct at step 18, total loss: 104.6953
2025-08-23 01:23:22,558 - INFO - Example 64 completed: 104.6953 total loss (universal rank: 44191)
2025-08-23 01:23:22,558 - INFO - 
=== Training Example 65/100: /home/projects/bagon/shared/imagenet512/val/n04404412/ILSVRC2012_val_00036205.JPEG ===
2025-08-23 01:23:22,563 - INFO - Reset model to original weights
2025-08-23 01:23:22,921 - INFO - Example /home/projects/bagon/shared/imagenet512/val/n04404412/ILSVRC2012_val_00036205.JPEG got correct at step 16, total loss: 94.5508
2025-08-23 01:23:22,922 - INFO - Example 65 completed: 94.5508 total loss (universal rank: 44498)
2025-08-23 01:23:22,923 - INFO - 
=== Training Example 66/100: /home/projects/bagon/shared/imagenet512/val/n01742172/ILSVRC2012_val_00036657.JPEG ===
2025-08-23 01:23:22,927 - INFO - Reset model to original weights
2025-08-23 01:23:23,441 - INFO - Example /home/projects/bagon/shared/imagenet512/val/n01742172/ILSVRC2012_val_00036657.JPEG got correct at step 23, total loss: 146.7344
2025-08-23 01:23:23,443 - INFO - Example 66 completed: 146.7344 total loss (universal rank: 44710)
2025-08-23 01:23:23,443 - INFO - 
=== Training Example 67/100: /home/projects/bagon/shared/imagenet512/val/n07579787/ILSVRC2012_val_00043088.JPEG ===
2025-08-23 01:23:23,448 - INFO - Reset model to original weights
2025-08-23 01:23:23,890 - INFO - Example /home/projects/bagon/shared/imagenet512/val/n07579787/ILSVRC2012_val_00043088.JPEG got correct at step 20, total loss: 117.8516
2025-08-23 01:23:23,892 - INFO - Example 67 completed: 117.8516 total loss (universal rank: 44734)
2025-08-23 01:23:23,892 - INFO - 
=== Training Example 68/100: /home/projects/bagon/shared/imagenet512/val/n03062245/ILSVRC2012_val_00017110.JPEG ===
2025-08-23 01:23:23,896 - INFO - Reset model to original weights
2025-08-23 01:23:24,556 - INFO - Example /home/projects/bagon/shared/imagenet512/val/n03062245/ILSVRC2012_val_00017110.JPEG got correct at step 29, total loss: 170.0273
2025-08-23 01:23:24,558 - INFO - Example 68 completed: 170.0273 total loss (universal rank: 44950)
2025-08-23 01:23:24,558 - INFO - 
=== Training Example 69/100: /home/projects/bagon/shared/imagenet512/val/n07932039/ILSVRC2012_val_00028866.JPEG ===
2025-08-23 01:23:24,562 - INFO - Reset model to original weights
2025-08-23 01:23:25,130 - INFO - Example /home/projects/bagon/shared/imagenet512/val/n07932039/ILSVRC2012_val_00028866.JPEG got correct at step 26, total loss: 165.7266
2025-08-23 01:23:25,132 - INFO - Example 69 completed: 165.7266 total loss (universal rank: 44981)
2025-08-23 01:23:25,132 - INFO - 
=== Training Example 70/100: /home/projects/bagon/shared/imagenet512/val/n02074367/ILSVRC2012_val_00002000.JPEG ===
2025-08-23 01:23:25,137 - INFO - Reset model to original weights
2025-08-23 01:23:25,918 - INFO - Example /home/projects/bagon/shared/imagenet512/val/n02074367/ILSVRC2012_val_00002000.JPEG got correct at step 35, total loss: 223.1680
2025-08-23 01:23:25,920 - INFO - Example 70 completed: 223.1680 total loss (universal rank: 45250)
2025-08-23 01:23:25,920 - INFO - 
=== Training Example 71/100: /home/projects/bagon/shared/imagenet512/val/n04326547/ILSVRC2012_val_00030823.JPEG ===
2025-08-23 01:23:25,925 - INFO - Reset model to original weights
2025-08-23 01:23:26,622 - INFO - Example /home/projects/bagon/shared/imagenet512/val/n04326547/ILSVRC2012_val_00030823.JPEG got correct at step 32, total loss: 207.8047
2025-08-23 01:23:26,624 - INFO - Example 71 completed: 207.8047 total loss (universal rank: 45439)
2025-08-23 01:23:26,625 - INFO - 
=== Training Example 72/100: /home/projects/bagon/shared/imagenet512/val/n02814533/ILSVRC2012_val_00029057.JPEG ===
2025-08-23 01:23:26,630 - INFO - Reset model to original weights
2025-08-23 01:23:27,262 - INFO - Example /home/projects/bagon/shared/imagenet512/val/n02814533/ILSVRC2012_val_00029057.JPEG got correct at step 29, total loss: 185.6328
2025-08-23 01:23:27,264 - INFO - Example 72 completed: 185.6328 total loss (universal rank: 45565)
2025-08-23 01:23:27,264 - INFO - 
=== Training Example 73/100: /home/projects/bagon/shared/imagenet512/val/n03188531/ILSVRC2012_val_00030302.JPEG ===
2025-08-23 01:23:27,269 - INFO - Reset model to original weights
2025-08-23 01:23:27,518 - INFO - Example /home/projects/bagon/shared/imagenet512/val/n03188531/ILSVRC2012_val_00030302.JPEG got correct at step 11, total loss: 63.8555
2025-08-23 01:23:27,519 - INFO - Example 73 completed: 63.8555 total loss (universal rank: 45633)
2025-08-23 01:23:27,519 - INFO - 
=== Training Example 74/100: /home/projects/bagon/shared/imagenet512/val/n04136333/ILSVRC2012_val_00033983.JPEG ===
2025-08-23 01:23:27,524 - INFO - Reset model to original weights
2025-08-23 01:23:28,032 - INFO - Example /home/projects/bagon/shared/imagenet512/val/n04136333/ILSVRC2012_val_00033983.JPEG got correct at step 23, total loss: 140.9766
2025-08-23 01:23:28,034 - INFO - Example 74 completed: 140.9766 total loss (universal rank: 45825)
2025-08-23 01:23:28,034 - INFO - 
=== Training Example 75/100: /home/projects/bagon/shared/imagenet512/val/n03775071/ILSVRC2012_val_00015151.JPEG ===
2025-08-23 01:23:28,039 - INFO - Reset model to original weights
2025-08-23 01:23:28,486 - INFO - Example /home/projects/bagon/shared/imagenet512/val/n03775071/ILSVRC2012_val_00015151.JPEG got correct at step 20, total loss: 124.8906
2025-08-23 01:23:28,488 - INFO - Example 75 completed: 124.8906 total loss (universal rank: 46031)
2025-08-23 01:23:28,488 - INFO - 
=== Training Example 76/100: /home/projects/bagon/shared/imagenet512/val/n02487347/ILSVRC2012_val_00048608.JPEG ===
2025-08-23 01:23:28,492 - INFO - Reset model to original weights
2025-08-23 01:23:29,020 - INFO - Example /home/projects/bagon/shared/imagenet512/val/n02487347/ILSVRC2012_val_00048608.JPEG got correct at step 24, total loss: 148.2305
2025-08-23 01:23:29,022 - INFO - Example 76 completed: 148.2305 total loss (universal rank: 46187)
2025-08-23 01:23:29,022 - INFO - 
=== Training Example 77/100: /home/projects/bagon/shared/imagenet512/val/n03623198/ILSVRC2012_val_00017853.JPEG ===
2025-08-23 01:23:29,027 - INFO - Reset model to original weights
2025-08-23 01:23:29,572 - INFO - Example /home/projects/bagon/shared/imagenet512/val/n03623198/ILSVRC2012_val_00017853.JPEG got correct at step 25, total loss: 159.3320
2025-08-23 01:23:29,574 - INFO - Example 77 completed: 159.3320 total loss (universal rank: 46302)
2025-08-23 01:23:29,574 - INFO - 
=== Training Example 78/100: /home/projects/bagon/shared/imagenet512/val/n04525038/ILSVRC2012_val_00046504.JPEG ===
2025-08-23 01:23:29,578 - INFO - Reset model to original weights
2025-08-23 01:23:30,272 - INFO - Example /home/projects/bagon/shared/imagenet512/val/n04525038/ILSVRC2012_val_00046504.JPEG got correct at step 31, total loss: 189.7773
2025-08-23 01:23:30,273 - INFO - Example 78 completed: 189.7773 total loss (universal rank: 46676)
2025-08-23 01:23:30,273 - INFO - 
=== Training Example 79/100: /home/projects/bagon/shared/imagenet512/val/n03804744/ILSVRC2012_val_00046728.JPEG ===
2025-08-23 01:23:30,278 - INFO - Reset model to original weights
2025-08-23 01:23:30,707 - INFO - Example /home/projects/bagon/shared/imagenet512/val/n03804744/ILSVRC2012_val_00046728.JPEG got correct at step 19, total loss: 108.6016
2025-08-23 01:23:30,709 - INFO - Example 79 completed: 108.6016 total loss (universal rank: 46729)
2025-08-23 01:23:30,709 - INFO - 
=== Training Example 80/100: /home/projects/bagon/shared/imagenet512/val/n03126707/ILSVRC2012_val_00027091.JPEG ===
2025-08-23 01:23:30,714 - INFO - Reset model to original weights
2025-08-23 01:23:31,098 - INFO - Example /home/projects/bagon/shared/imagenet512/val/n03126707/ILSVRC2012_val_00027091.JPEG got correct at step 17, total loss: 103.2812
2025-08-23 01:23:31,100 - INFO - Example 80 completed: 103.2812 total loss (universal rank: 46788)
2025-08-23 01:23:31,100 - INFO - 
=== Training Example 81/100: /home/projects/bagon/shared/imagenet512/val/n03908618/ILSVRC2012_val_00037720.JPEG ===
2025-08-23 01:23:31,105 - INFO - Reset model to original weights
2025-08-23 01:23:31,711 - INFO - Example /home/projects/bagon/shared/imagenet512/val/n03908618/ILSVRC2012_val_00037720.JPEG got correct at step 27, total loss: 162.3672
2025-08-23 01:23:31,713 - INFO - Example 81 completed: 162.3672 total loss (universal rank: 46989)
2025-08-23 01:23:31,714 - INFO - 
=== Training Example 82/100: /home/projects/bagon/shared/imagenet512/val/n03857828/ILSVRC2012_val_00033905.JPEG ===
2025-08-23 01:23:31,718 - INFO - Reset model to original weights
2025-08-23 01:23:32,412 - INFO - Example /home/projects/bagon/shared/imagenet512/val/n03857828/ILSVRC2012_val_00033905.JPEG got correct at step 31, total loss: 199.9141
2025-08-23 01:23:32,414 - INFO - Example 82 completed: 199.9141 total loss (universal rank: 47223)
2025-08-23 01:23:32,414 - INFO - 
=== Training Example 83/100: /home/projects/bagon/shared/imagenet512/val/n02808304/ILSVRC2012_val_00010120.JPEG ===
2025-08-23 01:23:32,418 - INFO - Reset model to original weights
2025-08-23 01:23:33,000 - INFO - Example /home/projects/bagon/shared/imagenet512/val/n02808304/ILSVRC2012_val_00010120.JPEG got correct at step 26, total loss: 158.5938
2025-08-23 01:23:33,002 - INFO - Example 83 completed: 158.5938 total loss (universal rank: 47337)
2025-08-23 01:23:33,002 - INFO - 
=== Training Example 84/100: /home/projects/bagon/shared/imagenet512/val/n02268443/ILSVRC2012_val_00043424.JPEG ===
2025-08-23 01:23:33,007 - INFO - Reset model to original weights
2025-08-23 01:23:33,682 - INFO - Example /home/projects/bagon/shared/imagenet512/val/n02268443/ILSVRC2012_val_00043424.JPEG got correct at step 30, total loss: 187.5977
2025-08-23 01:23:33,683 - INFO - Example 84 completed: 187.5977 total loss (universal rank: 47408)
2025-08-23 01:23:33,683 - INFO - 
=== Training Example 85/100: /home/projects/bagon/shared/imagenet512/val/n01773549/ILSVRC2012_val_00033819.JPEG ===
2025-08-23 01:23:33,688 - INFO - Reset model to original weights
2025-08-23 01:23:34,403 - INFO - Example /home/projects/bagon/shared/imagenet512/val/n01773549/ILSVRC2012_val_00033819.JPEG got correct at step 32, total loss: 195.1523
2025-08-23 01:23:34,404 - INFO - Example 85 completed: 195.1523 total loss (universal rank: 47422)
2025-08-23 01:23:34,404 - INFO - 
=== Training Example 86/100: /home/projects/bagon/shared/imagenet512/val/n04265275/ILSVRC2012_val_00015735.JPEG ===
2025-08-23 01:23:34,409 - INFO - Reset model to original weights
2025-08-23 01:23:35,140 - INFO - Example /home/projects/bagon/shared/imagenet512/val/n04265275/ILSVRC2012_val_00015735.JPEG got correct at step 33, total loss: 210.4844
2025-08-23 01:23:35,142 - INFO - Example 86 completed: 210.4844 total loss (universal rank: 47715)
2025-08-23 01:23:35,142 - INFO - 
=== Training Example 87/100: /home/projects/bagon/shared/imagenet512/val/n03594945/ILSVRC2012_val_00028405.JPEG ===
2025-08-23 01:23:35,147 - INFO - Reset model to original weights
2025-08-23 01:23:36,062 - INFO - Example /home/projects/bagon/shared/imagenet512/val/n03594945/ILSVRC2012_val_00028405.JPEG got correct at step 41, total loss: 266.6172
2025-08-23 01:23:36,064 - INFO - Example 87 completed: 266.6172 total loss (universal rank: 47794)
2025-08-23 01:23:36,064 - INFO - 
=== Training Example 88/100: /home/projects/bagon/shared/imagenet512/val/n02088466/ILSVRC2012_val_00015244.JPEG ===
2025-08-23 01:23:36,069 - INFO - Reset model to original weights
2025-08-23 01:23:36,464 - INFO - Example /home/projects/bagon/shared/imagenet512/val/n02088466/ILSVRC2012_val_00015244.JPEG got correct at step 18, total loss: 109.6445
2025-08-23 01:23:36,466 - INFO - Example 88 completed: 109.6445 total loss (universal rank: 47952)
2025-08-23 01:23:36,466 - INFO - 
=== Training Example 89/100: /home/projects/bagon/shared/imagenet512/val/n09428293/ILSVRC2012_val_00029704.JPEG ===
2025-08-23 01:23:36,471 - INFO - Reset model to original weights
2025-08-23 01:23:37,269 - INFO - Example /home/projects/bagon/shared/imagenet512/val/n09428293/ILSVRC2012_val_00029704.JPEG got correct at step 36, total loss: 223.2070
2025-08-23 01:23:37,270 - INFO - Example 89 completed: 223.2070 total loss (universal rank: 48494)
2025-08-23 01:23:37,271 - INFO - 
=== Training Example 90/100: /home/projects/bagon/shared/imagenet512/val/n03961711/ILSVRC2012_val_00005374.JPEG ===
2025-08-23 01:23:37,275 - INFO - Reset model to original weights
2025-08-23 01:23:37,902 - INFO - Example /home/projects/bagon/shared/imagenet512/val/n03961711/ILSVRC2012_val_00005374.JPEG got correct at step 28, total loss: 177.5508
2025-08-23 01:23:37,904 - INFO - Example 90 completed: 177.5508 total loss (universal rank: 48515)
2025-08-23 01:23:37,904 - INFO - 
=== Training Example 91/100: /home/projects/bagon/shared/imagenet512/val/n02484975/ILSVRC2012_val_00015380.JPEG ===
2025-08-23 01:23:37,909 - INFO - Reset model to original weights
2025-08-23 01:23:38,624 - INFO - Example /home/projects/bagon/shared/imagenet512/val/n02484975/ILSVRC2012_val_00015380.JPEG got correct at step 26, total loss: 165.9688
2025-08-23 01:23:38,626 - INFO - Example 91 completed: 165.9688 total loss (universal rank: 48553)
2025-08-23 01:23:38,626 - INFO - 
=== Training Example 92/100: /home/projects/bagon/shared/imagenet512/val/n02443484/ILSVRC2012_val_00048131.JPEG ===
2025-08-23 01:23:38,630 - INFO - Reset model to original weights
2025-08-23 01:23:38,923 - INFO - Example /home/projects/bagon/shared/imagenet512/val/n02443484/ILSVRC2012_val_00048131.JPEG got correct at step 13, total loss: 75.4023
2025-08-23 01:23:38,925 - INFO - Example 92 completed: 75.4023 total loss (universal rank: 48882)
2025-08-23 01:23:38,925 - INFO - 
=== Training Example 93/100: /home/projects/bagon/shared/imagenet512/val/n03016953/ILSVRC2012_val_00042954.JPEG ===
2025-08-23 01:23:38,930 - INFO - Reset model to original weights
2025-08-23 01:23:39,703 - INFO - Example /home/projects/bagon/shared/imagenet512/val/n03016953/ILSVRC2012_val_00042954.JPEG got correct at step 35, total loss: 237.9609
2025-08-23 01:23:39,705 - INFO - Example 93 completed: 237.9609 total loss (universal rank: 48960)
2025-08-23 01:23:39,705 - INFO - 
=== Training Example 94/100: /home/projects/bagon/shared/imagenet512/val/n15075141/ILSVRC2012_val_00024774.JPEG ===
2025-08-23 01:23:39,709 - INFO - Reset model to original weights
2025-08-23 01:23:39,980 - INFO - Example /home/projects/bagon/shared/imagenet512/val/n15075141/ILSVRC2012_val_00024774.JPEG got correct at step 12, total loss: 72.3086
2025-08-23 01:23:39,981 - INFO - Example 94 completed: 72.3086 total loss (universal rank: 49179)
2025-08-23 01:23:39,981 - INFO - 
=== Training Example 95/100: /home/projects/bagon/shared/imagenet512/val/n01914609/ILSVRC2012_val_00034484.JPEG ===
2025-08-23 01:23:39,986 - INFO - Reset model to original weights
2025-08-23 01:23:40,716 - INFO - Example /home/projects/bagon/shared/imagenet512/val/n01914609/ILSVRC2012_val_00034484.JPEG got correct at step 33, total loss: 228.6719
2025-08-23 01:23:40,717 - INFO - Example 95 completed: 228.6719 total loss (universal rank: 49307)
2025-08-23 01:23:40,717 - INFO - 
=== Training Example 96/100: /home/projects/bagon/shared/imagenet512/val/n02107142/ILSVRC2012_val_00008343.JPEG ===
2025-08-23 01:23:40,722 - INFO - Reset model to original weights
2025-08-23 01:23:41,477 - INFO - Example /home/projects/bagon/shared/imagenet512/val/n02107142/ILSVRC2012_val_00008343.JPEG got correct at step 32, total loss: 193.8906
2025-08-23 01:23:41,479 - INFO - Example 96 completed: 193.8906 total loss (universal rank: 49412)
2025-08-23 01:23:41,479 - INFO - 
=== Training Example 97/100: /home/projects/bagon/shared/imagenet512/val/n02441942/ILSVRC2012_val_00031073.JPEG ===
2025-08-23 01:23:41,484 - INFO - Reset model to original weights
2025-08-23 01:23:41,757 - INFO - Example /home/projects/bagon/shared/imagenet512/val/n02441942/ILSVRC2012_val_00031073.JPEG got correct at step 12, total loss: 72.3320
2025-08-23 01:23:41,759 - INFO - Example 97 completed: 72.3320 total loss (universal rank: 49490)
2025-08-23 01:23:41,759 - INFO - 
=== Training Example 98/100: /home/projects/bagon/shared/imagenet512/val/n02486261/ILSVRC2012_val_00028220.JPEG ===
2025-08-23 01:23:41,764 - INFO - Reset model to original weights
2025-08-23 01:23:42,612 - INFO - Example /home/projects/bagon/shared/imagenet512/val/n02486261/ILSVRC2012_val_00028220.JPEG got correct at step 37, total loss: 237.5508
2025-08-23 01:23:42,613 - INFO - Example 98 completed: 237.5508 total loss (universal rank: 49536)
2025-08-23 01:23:42,613 - INFO - 
=== Training Example 99/100: /home/projects/bagon/shared/imagenet512/val/n04037443/ILSVRC2012_val_00023273.JPEG ===
2025-08-23 01:23:42,618 - INFO - Reset model to original weights
2025-08-23 01:23:43,621 - INFO - Example /home/projects/bagon/shared/imagenet512/val/n04037443/ILSVRC2012_val_00023273.JPEG got correct at step 44, total loss: 285.6406
2025-08-23 01:23:43,622 - INFO - Example 99 completed: 285.6406 total loss (universal rank: 49801)
2025-08-23 01:23:43,622 - INFO - 
=== Training Example 100/100: /home/projects/bagon/shared/imagenet512/val/n02089973/ILSVRC2012_val_00048188.JPEG ===
2025-08-23 01:23:43,627 - INFO - Reset model to original weights
2025-08-23 01:23:44,584 - INFO - Example /home/projects/bagon/shared/imagenet512/val/n02089973/ILSVRC2012_val_00048188.JPEG got correct at step 42, total loss: 274.7969
2025-08-23 01:23:44,585 - INFO - Example 100 completed: 274.7969 total loss (universal rank: 49911)
2025-08-23 01:23:44,586 - INFO - Creating final plot...
2025-08-23 01:23:45,133 - INFO - Saved plot to training_gradient_evaluator_single_loss/outputs/resnet34.a3_in1k/loss_vs_difficulty.png
2025-08-23 01:23:45,139 - INFO - Training complete. Summary saved to training_gradient_evaluator_single_loss/outputs/resnet34.a3_in1k/training_summary.json
2025-08-23 01:23:45,139 - INFO - Results CSV: training_gradient_evaluator_single_loss/outputs/resnet34.a3_in1k/single_example_results.csv
